=============================================
Server Log - 2025-06-20T15:53:56.665Z
Version: 1.0.0
Node: v18.20.3
Platform: linux
=============================================

INFO [20-06-2025 15:53:57]: Server listening at https://127.0.0.1:3001
INFO [20-06-2025 15:53:57]: Server listening at https://172.26.0.3:3001
INFO [20-06-2025 15:54:20]: incoming request
    reqId: "req-1"
    req: {
      "method": "POST",
      "url": "/auth/login",
      "ip": "172.26.0.5",
      "headers": {
        "connection": "upgrade",
        "host": "c1r6p9.42lehavre.fr",
        "x-real-ip": "172.26.0.1",
        "x-forwarded-for": "172.26.0.1",
        "x-forwarded-proto": "https",
        "content-length": "59",
        "sec-ch-ua": "\"Google Chrome\";v=\"125\", \"Chromium\";v=\"125\", \"Not.A/Brand\";v=\"24\"",
        "sec-ch-ua-platform": "\"Linux\"",
        "sec-ch-ua-mobile": "?0",
        "user-agent": "Mozilla/5.0 (X11; Linux x86_64) AppleWebKit/537.36 (KHTML, like Gecko) Chrome/125.0.0.0 Safari/537.36",
        "content-type": "application/json",
        "accept": "*/*",
        "origin": "https://c1r6p9.42lehavre.fr:8443",
        "sec-fetch-site": "same-origin",
        "sec-fetch-mode": "cors",
        "sec-fetch-dest": "empty",
        "referer": "https://c1r6p9.42lehavre.fr:8443/en/auth",
        "accept-encoding": "gzip, deflate, br, zstd",
        "accept-language": "en-US,en;q=0.9",
        "cookie": "Next-Locale=en; token=eyJhbGciOiJIUzI1NiIsInR5cCI6IkpXVCJ9.eyJpZCI6MiwidXNlcm5hbWUiOiJyb2JpbiIsImJpbyI6IvCfkZAgSGVsbG8gaSdtIG5ldyBoZXJlIiwiaWF0IjoxNzUwNDMyOTE3fQ.zwG91iYBCkwi8GHoUBbYMZx6JNhX6nwOPtbO43ElwLQ"
      }
    }
INFO [20-06-2025 15:54:21]: request completed
    reqId: "req-1"
    res: {
      "statusCode": 200
    }
    responseTime: 1098.4120170008391
INFO [20-06-2025 15:54:28]: incoming request
    reqId: "req-2"
    req: {
      "method": "POST",
      "url": "/auth/login/2fa/verify",
      "ip": "172.26.0.5",
      "headers": {
        "connection": "upgrade",
        "host": "c1r6p9.42lehavre.fr",
        "x-real-ip": "172.26.0.1",
        "x-forwarded-for": "172.26.0.1",
        "x-forwarded-proto": "https",
        "content-length": "49",
        "sec-ch-ua": "\"Google Chrome\";v=\"125\", \"Chromium\";v=\"125\", \"Not.A/Brand\";v=\"24\"",
        "sec-ch-ua-platform": "\"Linux\"",
        "sec-ch-ua-mobile": "?0",
        "user-agent": "Mozilla/5.0 (X11; Linux x86_64) AppleWebKit/537.36 (KHTML, like Gecko) Chrome/125.0.0.0 Safari/537.36",
        "content-type": "application/json",
        "accept": "*/*",
        "origin": "https://c1r6p9.42lehavre.fr:8443",
        "sec-fetch-site": "same-origin",
        "sec-fetch-mode": "cors",
        "sec-fetch-dest": "empty",
        "referer": "https://c1r6p9.42lehavre.fr:8443/en/auth",
        "accept-encoding": "gzip, deflate, br, zstd",
        "accept-language": "en-US,en;q=0.9",
        "cookie": "Next-Locale=en; token=eyJhbGciOiJIUzI1NiIsInR5cCI6IkpXVCJ9.eyJpZCI6MiwidXNlcm5hbWUiOiJyb2JpbiIsImJpbyI6IvCfkZAgSGVsbG8gaSdtIG5ldyBoZXJlIiwiaWF0IjoxNzUwNDMyOTE3fQ.zwG91iYBCkwi8GHoUBbYMZx6JNhX6nwOPtbO43ElwLQ"
      }
    }
INFO [20-06-2025 15:54:28]: request completed
    reqId: "req-2"
    res: {
      "statusCode": 200
    }
    responseTime: 35.46477499976754
INFO [20-06-2025 15:54:29]: incoming request
    reqId: "req-3"
    req: {
      "method": "GET",
      "url": "/profile/me",
      "ip": "172.26.0.5",
      "headers": {
        "connection": "upgrade",
        "host": "c1r6p9.42lehavre.fr",
        "x-real-ip": "172.26.0.1",
        "x-forwarded-for": "172.26.0.1",
        "x-forwarded-proto": "https",
        "sec-ch-ua": "\"Google Chrome\";v=\"125\", \"Chromium\";v=\"125\", \"Not.A/Brand\";v=\"24\"",
        "accept": "application/json",
        "sec-ch-ua-mobile": "?0",
        "user-agent": "Mozilla/5.0 (X11; Linux x86_64) AppleWebKit/537.36 (KHTML, like Gecko) Chrome/125.0.0.0 Safari/537.36",
        "sec-ch-ua-platform": "\"Linux\"",
        "sec-fetch-site": "same-origin",
        "sec-fetch-mode": "cors",
        "sec-fetch-dest": "empty",
        "referer": "https://c1r6p9.42lehavre.fr:8443/en/dashboard",
        "accept-encoding": "gzip, deflate, br, zstd",
        "accept-language": "en-US,en;q=0.9",
        "cookie": "Next-Locale=en; token=eyJhbGciOiJIUzI1NiIsInR5cCI6IkpXVCJ9.eyJpZCI6MiwidXNlcm5hbWUiOiJyb2JpbnJycnIiLCJiaW8iOiJzYWx1dCIsImlhdCI6MTc1MDQzNDg2OH0.0w6d349EvU7408Xck6i41In51PU06uCLOK9Us516eQg"
      }
    }
INFO [20-06-2025 15:54:29]: incoming request
    reqId: "req-4"
    req: {
      "method": "GET",
      "url": "/friends",
      "ip": "172.26.0.5",
      "headers": {
        "connection": "upgrade",
        "host": "c1r6p9.42lehavre.fr",
        "x-real-ip": "172.26.0.1",
        "x-forwarded-for": "172.26.0.1",
        "x-forwarded-proto": "https",
        "sec-ch-ua": "\"Google Chrome\";v=\"125\", \"Chromium\";v=\"125\", \"Not.A/Brand\";v=\"24\"",
        "sec-ch-ua-mobile": "?0",
        "user-agent": "Mozilla/5.0 (X11; Linux x86_64) AppleWebKit/537.36 (KHTML, like Gecko) Chrome/125.0.0.0 Safari/537.36",
        "sec-ch-ua-platform": "\"Linux\"",
        "accept": "*/*",
        "sec-fetch-site": "same-origin",
        "sec-fetch-mode": "cors",
        "sec-fetch-dest": "empty",
        "referer": "https://c1r6p9.42lehavre.fr:8443/en/dashboard",
        "accept-encoding": "gzip, deflate, br, zstd",
        "accept-language": "en-US,en;q=0.9",
        "cookie": "Next-Locale=en; token=eyJhbGciOiJIUzI1NiIsInR5cCI6IkpXVCJ9.eyJpZCI6MiwidXNlcm5hbWUiOiJyb2JpbnJycnIiLCJiaW8iOiJzYWx1dCIsImlhdCI6MTc1MDQzNDg2OH0.0w6d349EvU7408Xck6i41In51PU06uCLOK9Us516eQg"
      }
    }
INFO [20-06-2025 15:54:29]: incoming request
    reqId: "req-5"
    req: {
      "method": "GET",
      "url": "/chat/receive/private",
      "ip": "172.26.0.5",
      "headers": {
        "connection": "upgrade",
        "host": "c1r6p9.42lehavre.fr",
        "x-real-ip": "172.26.0.1",
        "x-forwarded-for": "172.26.0.1",
        "x-forwarded-proto": "https",
        "sec-ch-ua": "\"Google Chrome\";v=\"125\", \"Chromium\";v=\"125\", \"Not.A/Brand\";v=\"24\"",
        "content-type": "application/json",
        "sec-ch-ua-mobile": "?0",
        "authorization": "Bearer null",
        "user-agent": "Mozilla/5.0 (X11; Linux x86_64) AppleWebKit/537.36 (KHTML, like Gecko) Chrome/125.0.0.0 Safari/537.36",
        "sec-ch-ua-platform": "\"Linux\"",
        "accept": "*/*",
        "sec-fetch-site": "same-origin",
        "sec-fetch-mode": "cors",
        "sec-fetch-dest": "empty",
        "referer": "https://c1r6p9.42lehavre.fr:8443/en/dashboard",
        "accept-encoding": "gzip, deflate, br, zstd",
        "accept-language": "en-US,en;q=0.9",
        "cookie": "Next-Locale=en; token=eyJhbGciOiJIUzI1NiIsInR5cCI6IkpXVCJ9.eyJpZCI6MiwidXNlcm5hbWUiOiJyb2JpbnJycnIiLCJiaW8iOiJzYWx1dCIsImlhdCI6MTc1MDQzNDg2OH0.0w6d349EvU7408Xck6i41In51PU06uCLOK9Us516eQg"
      }
    }
INFO [20-06-2025 15:54:29]: request completed
    reqId: "req-5"
    res: {
      "statusCode": 200
    }
    responseTime: 6.561921000480652
INFO [20-06-2025 15:54:29]: incoming request
    reqId: "req-6"
    req: {
      "method": "GET",
      "url": "/chat/receive/private",
      "ip": "172.26.0.5",
      "headers": {
        "connection": "upgrade",
        "host": "c1r6p9.42lehavre.fr",
        "x-real-ip": "172.26.0.1",
        "x-forwarded-for": "172.26.0.1",
        "x-forwarded-proto": "https",
        "sec-ch-ua": "\"Google Chrome\";v=\"125\", \"Chromium\";v=\"125\", \"Not.A/Brand\";v=\"24\"",
        "content-type": "application/json",
        "sec-ch-ua-mobile": "?0",
        "authorization": "Bearer null",
        "user-agent": "Mozilla/5.0 (X11; Linux x86_64) AppleWebKit/537.36 (KHTML, like Gecko) Chrome/125.0.0.0 Safari/537.36",
        "sec-ch-ua-platform": "\"Linux\"",
        "accept": "*/*",
        "sec-fetch-site": "same-origin",
        "sec-fetch-mode": "cors",
        "sec-fetch-dest": "empty",
        "referer": "https://c1r6p9.42lehavre.fr:8443/en/dashboard",
        "accept-encoding": "gzip, deflate, br, zstd",
        "accept-language": "en-US,en;q=0.9",
        "cookie": "Next-Locale=en; token=eyJhbGciOiJIUzI1NiIsInR5cCI6IkpXVCJ9.eyJpZCI6MiwidXNlcm5hbWUiOiJyb2JpbnJycnIiLCJiaW8iOiJzYWx1dCIsImlhdCI6MTc1MDQzNDg2OH0.0w6d349EvU7408Xck6i41In51PU06uCLOK9Us516eQg"
      }
    }
INFO [20-06-2025 15:54:29]: request completed
    reqId: "req-6"
    res: {
      "statusCode": 200
    }
    responseTime: 3.304627001285553
INFO [20-06-2025 15:54:29]: request completed
    reqId: "req-4"
    res: {
      "statusCode": 200
    }
    responseTime: 22.091445000842214
INFO [20-06-2025 15:54:29]: request completed
    reqId: "req-3"
    res: {
      "statusCode": 200
    }
    responseTime: 29.548846000805497
INFO [20-06-2025 15:54:29]: incoming request
    reqId: "req-7"
    req: {
      "method": "GET",
      "url": "/friends",
      "ip": "172.26.0.5",
      "headers": {
        "connection": "upgrade",
        "host": "c1r6p9.42lehavre.fr",
        "x-real-ip": "172.26.0.1",
        "x-forwarded-for": "172.26.0.1",
        "x-forwarded-proto": "https",
        "sec-ch-ua": "\"Google Chrome\";v=\"125\", \"Chromium\";v=\"125\", \"Not.A/Brand\";v=\"24\"",
        "sec-ch-ua-mobile": "?0",
        "user-agent": "Mozilla/5.0 (X11; Linux x86_64) AppleWebKit/537.36 (KHTML, like Gecko) Chrome/125.0.0.0 Safari/537.36",
        "sec-ch-ua-platform": "\"Linux\"",
        "accept": "*/*",
        "sec-fetch-site": "same-origin",
        "sec-fetch-mode": "cors",
        "sec-fetch-dest": "empty",
        "referer": "https://c1r6p9.42lehavre.fr:8443/en/dashboard",
        "accept-encoding": "gzip, deflate, br, zstd",
        "accept-language": "en-US,en;q=0.9",
        "cookie": "Next-Locale=en; token=eyJhbGciOiJIUzI1NiIsInR5cCI6IkpXVCJ9.eyJpZCI6MiwidXNlcm5hbWUiOiJyb2JpbnJycnIiLCJiaW8iOiJzYWx1dCIsImlhdCI6MTc1MDQzNDg2OH0.0w6d349EvU7408Xck6i41In51PU06uCLOK9Us516eQg"
      }
    }
INFO [20-06-2025 15:54:29]: incoming request
    reqId: "req-8"
    req: {
      "method": "GET",
      "url": "/profile/me",
      "ip": "172.26.0.5",
      "headers": {
        "connection": "upgrade",
        "host": "c1r6p9.42lehavre.fr",
        "x-real-ip": "172.26.0.1",
        "x-forwarded-for": "172.26.0.1",
        "x-forwarded-proto": "https",
        "sec-ch-ua": "\"Google Chrome\";v=\"125\", \"Chromium\";v=\"125\", \"Not.A/Brand\";v=\"24\"",
        "accept": "application/json",
        "sec-ch-ua-mobile": "?0",
        "user-agent": "Mozilla/5.0 (X11; Linux x86_64) AppleWebKit/537.36 (KHTML, like Gecko) Chrome/125.0.0.0 Safari/537.36",
        "sec-ch-ua-platform": "\"Linux\"",
        "sec-fetch-site": "same-origin",
        "sec-fetch-mode": "cors",
        "sec-fetch-dest": "empty",
        "referer": "https://c1r6p9.42lehavre.fr:8443/en/dashboard",
        "accept-encoding": "gzip, deflate, br, zstd",
        "accept-language": "en-US,en;q=0.9",
        "cookie": "Next-Locale=en; token=eyJhbGciOiJIUzI1NiIsInR5cCI6IkpXVCJ9.eyJpZCI6MiwidXNlcm5hbWUiOiJyb2JpbnJycnIiLCJiaW8iOiJzYWx1dCIsImlhdCI6MTc1MDQzNDg2OH0.0w6d349EvU7408Xck6i41In51PU06uCLOK9Us516eQg"
      }
    }
INFO [20-06-2025 15:54:29]: request completed
    reqId: "req-7"
    res: {
      "statusCode": 200
    }
    responseTime: 4.993319999426603
INFO [20-06-2025 15:54:29]: request completed
    reqId: "req-8"
    res: {
      "statusCode": 200
    }
    responseTime: 5.147407999262214
INFO [20-06-2025 15:54:29]: incoming request
    reqId: "req-9"
    req: {
      "method": "GET",
      "url": "/friends",
      "ip": "172.26.0.5",
      "headers": {
        "connection": "upgrade",
        "host": "c1r6p9.42lehavre.fr",
        "x-real-ip": "172.26.0.1",
        "x-forwarded-for": "172.26.0.1",
        "x-forwarded-proto": "https",
        "sec-ch-ua": "\"Google Chrome\";v=\"125\", \"Chromium\";v=\"125\", \"Not.A/Brand\";v=\"24\"",
        "sec-ch-ua-mobile": "?0",
        "user-agent": "Mozilla/5.0 (X11; Linux x86_64) AppleWebKit/537.36 (KHTML, like Gecko) Chrome/125.0.0.0 Safari/537.36",
        "sec-ch-ua-platform": "\"Linux\"",
        "accept": "*/*",
        "sec-fetch-site": "same-origin",
        "sec-fetch-mode": "cors",
        "sec-fetch-dest": "empty",
        "referer": "https://c1r6p9.42lehavre.fr:8443/en/dashboard",
        "accept-encoding": "gzip, deflate, br, zstd",
        "accept-language": "en-US,en;q=0.9",
        "cookie": "Next-Locale=en; token=eyJhbGciOiJIUzI1NiIsInR5cCI6IkpXVCJ9.eyJpZCI6MiwidXNlcm5hbWUiOiJyb2JpbnJycnIiLCJiaW8iOiJzYWx1dCIsImlhdCI6MTc1MDQzNDg2OH0.0w6d349EvU7408Xck6i41In51PU06uCLOK9Us516eQg"
      }
    }
INFO [20-06-2025 15:54:29]: incoming request
    reqId: "req-a"
    req: {
      "method": "GET",
      "url": "/profile/me",
      "ip": "172.26.0.5",
      "headers": {
        "connection": "upgrade",
        "host": "c1r6p9.42lehavre.fr",
        "x-real-ip": "172.26.0.1",
        "x-forwarded-for": "172.26.0.1",
        "x-forwarded-proto": "https",
        "sec-ch-ua": "\"Google Chrome\";v=\"125\", \"Chromium\";v=\"125\", \"Not.A/Brand\";v=\"24\"",
        "accept": "application/json",
        "sec-ch-ua-mobile": "?0",
        "user-agent": "Mozilla/5.0 (X11; Linux x86_64) AppleWebKit/537.36 (KHTML, like Gecko) Chrome/125.0.0.0 Safari/537.36",
        "sec-ch-ua-platform": "\"Linux\"",
        "sec-fetch-site": "same-origin",
        "sec-fetch-mode": "cors",
        "sec-fetch-dest": "empty",
        "referer": "https://c1r6p9.42lehavre.fr:8443/en/dashboard",
        "accept-encoding": "gzip, deflate, br, zstd",
        "accept-language": "en-US,en;q=0.9",
        "cookie": "Next-Locale=en; token=eyJhbGciOiJIUzI1NiIsInR5cCI6IkpXVCJ9.eyJpZCI6MiwidXNlcm5hbWUiOiJyb2JpbnJycnIiLCJiaW8iOiJzYWx1dCIsImlhdCI6MTc1MDQzNDg2OH0.0w6d349EvU7408Xck6i41In51PU06uCLOK9Us516eQg"
      }
    }
INFO [20-06-2025 15:54:29]: incoming request
    reqId: "req-b"
    req: {
      "method": "GET",
      "url": "/chat/receive/private",
      "ip": "172.26.0.5",
      "headers": {
        "connection": "upgrade",
        "host": "c1r6p9.42lehavre.fr",
        "x-real-ip": "172.26.0.1",
        "x-forwarded-for": "172.26.0.1",
        "x-forwarded-proto": "https",
        "sec-ch-ua": "\"Google Chrome\";v=\"125\", \"Chromium\";v=\"125\", \"Not.A/Brand\";v=\"24\"",
        "content-type": "application/json",
        "sec-ch-ua-mobile": "?0",
        "authorization": "Bearer null",
        "user-agent": "Mozilla/5.0 (X11; Linux x86_64) AppleWebKit/537.36 (KHTML, like Gecko) Chrome/125.0.0.0 Safari/537.36",
        "sec-ch-ua-platform": "\"Linux\"",
        "accept": "*/*",
        "sec-fetch-site": "same-origin",
        "sec-fetch-mode": "cors",
        "sec-fetch-dest": "empty",
        "referer": "https://c1r6p9.42lehavre.fr:8443/en/dashboard",
        "accept-encoding": "gzip, deflate, br, zstd",
        "accept-language": "en-US,en;q=0.9",
        "cookie": "Next-Locale=en; token=eyJhbGciOiJIUzI1NiIsInR5cCI6IkpXVCJ9.eyJpZCI6MiwidXNlcm5hbWUiOiJyb2JpbnJycnIiLCJiaW8iOiJzYWx1dCIsImlhdCI6MTc1MDQzNDg2OH0.0w6d349EvU7408Xck6i41In51PU06uCLOK9Us516eQg"
      }
    }
INFO [20-06-2025 15:54:29]: request completed
    reqId: "req-a"
    res: {
      "statusCode": 200
    }
    responseTime: 8.334770001471043
INFO [20-06-2025 15:54:29]: request completed
    reqId: "req-b"
    res: {
      "statusCode": 200
    }
    responseTime: 6.212875999510288
INFO [20-06-2025 15:54:29]: request completed
    reqId: "req-9"
    res: {
      "statusCode": 200
    }
    responseTime: 13.376722998917103
INFO [20-06-2025 15:54:29]: incoming request
    reqId: "req-c"
    req: {
      "method": "GET",
      "url": "/profile/me",
      "ip": "172.26.0.5",
      "headers": {
        "connection": "upgrade",
        "host": "c1r6p9.42lehavre.fr",
        "x-real-ip": "172.26.0.1",
        "x-forwarded-for": "172.26.0.1",
        "x-forwarded-proto": "https",
        "sec-ch-ua": "\"Google Chrome\";v=\"125\", \"Chromium\";v=\"125\", \"Not.A/Brand\";v=\"24\"",
        "accept": "application/json",
        "sec-ch-ua-mobile": "?0",
        "user-agent": "Mozilla/5.0 (X11; Linux x86_64) AppleWebKit/537.36 (KHTML, like Gecko) Chrome/125.0.0.0 Safari/537.36",
        "sec-ch-ua-platform": "\"Linux\"",
        "sec-fetch-site": "same-origin",
        "sec-fetch-mode": "cors",
        "sec-fetch-dest": "empty",
        "referer": "https://c1r6p9.42lehavre.fr:8443/en/dashboard",
        "accept-encoding": "gzip, deflate, br, zstd",
        "accept-language": "en-US,en;q=0.9",
        "cookie": "Next-Locale=en; token=eyJhbGciOiJIUzI1NiIsInR5cCI6IkpXVCJ9.eyJpZCI6MiwidXNlcm5hbWUiOiJyb2JpbnJycnIiLCJiaW8iOiJzYWx1dCIsImlhdCI6MTc1MDQzNDg2OH0.0w6d349EvU7408Xck6i41In51PU06uCLOK9Us516eQg"
      }
    }
INFO [20-06-2025 15:54:29]: incoming request
    reqId: "req-d"
    req: {
      "method": "GET",
      "url": "/chat/receive/private",
      "ip": "172.26.0.5",
      "headers": {
        "connection": "upgrade",
        "host": "c1r6p9.42lehavre.fr",
        "x-real-ip": "172.26.0.1",
        "x-forwarded-for": "172.26.0.1",
        "x-forwarded-proto": "https",
        "sec-ch-ua": "\"Google Chrome\";v=\"125\", \"Chromium\";v=\"125\", \"Not.A/Brand\";v=\"24\"",
        "content-type": "application/json",
        "sec-ch-ua-mobile": "?0",
        "authorization": "Bearer null",
        "user-agent": "Mozilla/5.0 (X11; Linux x86_64) AppleWebKit/537.36 (KHTML, like Gecko) Chrome/125.0.0.0 Safari/537.36",
        "sec-ch-ua-platform": "\"Linux\"",
        "accept": "*/*",
        "sec-fetch-site": "same-origin",
        "sec-fetch-mode": "cors",
        "sec-fetch-dest": "empty",
        "referer": "https://c1r6p9.42lehavre.fr:8443/en/dashboard",
        "accept-encoding": "gzip, deflate, br, zstd",
        "accept-language": "en-US,en;q=0.9",
        "cookie": "Next-Locale=en; token=eyJhbGciOiJIUzI1NiIsInR5cCI6IkpXVCJ9.eyJpZCI6MiwidXNlcm5hbWUiOiJyb2JpbnJycnIiLCJiaW8iOiJzYWx1dCIsImlhdCI6MTc1MDQzNDg2OH0.0w6d349EvU7408Xck6i41In51PU06uCLOK9Us516eQg"
      }
    }
INFO [20-06-2025 15:54:29]: incoming request
    reqId: "req-e"
    req: {
      "method": "GET",
      "url": "/friends",
      "ip": "172.26.0.5",
      "headers": {
        "connection": "upgrade",
        "host": "c1r6p9.42lehavre.fr",
        "x-real-ip": "172.26.0.1",
        "x-forwarded-for": "172.26.0.1",
        "x-forwarded-proto": "https",
        "sec-ch-ua": "\"Google Chrome\";v=\"125\", \"Chromium\";v=\"125\", \"Not.A/Brand\";v=\"24\"",
        "sec-ch-ua-mobile": "?0",
        "user-agent": "Mozilla/5.0 (X11; Linux x86_64) AppleWebKit/537.36 (KHTML, like Gecko) Chrome/125.0.0.0 Safari/537.36",
        "sec-ch-ua-platform": "\"Linux\"",
        "accept": "*/*",
        "sec-fetch-site": "same-origin",
        "sec-fetch-mode": "cors",
        "sec-fetch-dest": "empty",
        "referer": "https://c1r6p9.42lehavre.fr:8443/en/dashboard",
        "accept-encoding": "gzip, deflate, br, zstd",
        "accept-language": "en-US,en;q=0.9",
        "cookie": "Next-Locale=en; token=eyJhbGciOiJIUzI1NiIsInR5cCI6IkpXVCJ9.eyJpZCI6MiwidXNlcm5hbWUiOiJyb2JpbnJycnIiLCJiaW8iOiJzYWx1dCIsImlhdCI6MTc1MDQzNDg2OH0.0w6d349EvU7408Xck6i41In51PU06uCLOK9Us516eQg"
      }
    }
INFO [20-06-2025 15:54:29]: request completed
    reqId: "req-c"
    res: {
      "statusCode": 200
    }
    responseTime: 6.158145001158118
INFO [20-06-2025 15:54:29]: request completed
    reqId: "req-d"
    res: {
      "statusCode": 200
    }
    responseTime: 4.086380999535322
INFO [20-06-2025 15:54:29]: request completed
    reqId: "req-e"
    res: {
      "statusCode": 200
    }
    responseTime: 4.04232900030911
INFO [20-06-2025 15:54:29]: incoming request
    reqId: "req-f"
    req: {
      "method": "GET",
      "url": "/profile/me",
      "ip": "172.26.0.5",
      "headers": {
        "connection": "upgrade",
        "host": "c1r6p9.42lehavre.fr",
        "x-real-ip": "172.26.0.1",
        "x-forwarded-for": "172.26.0.1",
        "x-forwarded-proto": "https",
        "sec-ch-ua": "\"Google Chrome\";v=\"125\", \"Chromium\";v=\"125\", \"Not.A/Brand\";v=\"24\"",
        "accept": "application/json",
        "sec-ch-ua-mobile": "?0",
        "user-agent": "Mozilla/5.0 (X11; Linux x86_64) AppleWebKit/537.36 (KHTML, like Gecko) Chrome/125.0.0.0 Safari/537.36",
        "sec-ch-ua-platform": "\"Linux\"",
        "sec-fetch-site": "same-origin",
        "sec-fetch-mode": "cors",
        "sec-fetch-dest": "empty",
        "referer": "https://c1r6p9.42lehavre.fr:8443/en/dashboard",
        "accept-encoding": "gzip, deflate, br, zstd",
        "accept-language": "en-US,en;q=0.9",
        "cookie": "Next-Locale=en; token=eyJhbGciOiJIUzI1NiIsInR5cCI6IkpXVCJ9.eyJpZCI6MiwidXNlcm5hbWUiOiJyb2JpbnJycnIiLCJiaW8iOiJzYWx1dCIsImlhdCI6MTc1MDQzNDg2OH0.0w6d349EvU7408Xck6i41In51PU06uCLOK9Us516eQg"
      }
    }
INFO [20-06-2025 15:54:29]: request completed
    reqId: "req-f"
    res: {
      "statusCode": 200
    }
    responseTime: 3.649947999045253
INFO [20-06-2025 15:54:29]: incoming request
    reqId: "req-g"
    req: {
      "method": "GET",
      "url": "/profile/me",
      "ip": "172.26.0.5",
      "headers": {
        "connection": "upgrade",
        "host": "c1r6p9.42lehavre.fr",
        "x-real-ip": "172.26.0.1",
        "x-forwarded-for": "172.26.0.1",
        "x-forwarded-proto": "https",
        "sec-ch-ua": "\"Google Chrome\";v=\"125\", \"Chromium\";v=\"125\", \"Not.A/Brand\";v=\"24\"",
        "accept": "application/json",
        "sec-ch-ua-mobile": "?0",
        "user-agent": "Mozilla/5.0 (X11; Linux x86_64) AppleWebKit/537.36 (KHTML, like Gecko) Chrome/125.0.0.0 Safari/537.36",
        "sec-ch-ua-platform": "\"Linux\"",
        "sec-fetch-site": "same-origin",
        "sec-fetch-mode": "cors",
        "sec-fetch-dest": "empty",
        "referer": "https://c1r6p9.42lehavre.fr:8443/en/dashboard",
        "accept-encoding": "gzip, deflate, br, zstd",
        "accept-language": "en-US,en;q=0.9",
        "cookie": "Next-Locale=en; token=eyJhbGciOiJIUzI1NiIsInR5cCI6IkpXVCJ9.eyJpZCI6MiwidXNlcm5hbWUiOiJyb2JpbnJycnIiLCJiaW8iOiJzYWx1dCIsImlhdCI6MTc1MDQzNDg2OH0.0w6d349EvU7408Xck6i41In51PU06uCLOK9Us516eQg"
      }
    }
INFO [20-06-2025 15:54:29]: request completed
    reqId: "req-g"
    res: {
      "statusCode": 200
    }
    responseTime: 3.3787060007452965
INFO [20-06-2025 15:54:29]: incoming request
    reqId: "req-h"
    req: {
      "method": "GET",
      "url": "/friends/pending",
      "ip": "172.26.0.5",
      "headers": {
        "connection": "upgrade",
        "host": "c1r6p9.42lehavre.fr",
        "x-real-ip": "172.26.0.1",
        "x-forwarded-for": "172.26.0.1",
        "x-forwarded-proto": "https",
        "sec-ch-ua": "\"Google Chrome\";v=\"125\", \"Chromium\";v=\"125\", \"Not.A/Brand\";v=\"24\"",
        "sec-ch-ua-mobile": "?0",
        "user-agent": "Mozilla/5.0 (X11; Linux x86_64) AppleWebKit/537.36 (KHTML, like Gecko) Chrome/125.0.0.0 Safari/537.36",
        "sec-ch-ua-platform": "\"Linux\"",
        "accept": "*/*",
        "sec-fetch-site": "same-origin",
        "sec-fetch-mode": "cors",
        "sec-fetch-dest": "empty",
        "referer": "https://c1r6p9.42lehavre.fr:8443/en/dashboard",
        "accept-encoding": "gzip, deflate, br, zstd",
        "accept-language": "en-US,en;q=0.9",
        "cookie": "Next-Locale=en; token=eyJhbGciOiJIUzI1NiIsInR5cCI6IkpXVCJ9.eyJpZCI6MiwidXNlcm5hbWUiOiJyb2JpbnJycnIiLCJiaW8iOiJzYWx1dCIsImlhdCI6MTc1MDQzNDg2OH0.0w6d349EvU7408Xck6i41In51PU06uCLOK9Us516eQg"
      }
    }
INFO [20-06-2025 15:54:29]: incoming request
    reqId: "req-i"
    req: {
      "method": "GET",
      "url": "/profile/me",
      "ip": "172.26.0.5",
      "headers": {
        "connection": "upgrade",
        "host": "c1r6p9.42lehavre.fr",
        "x-real-ip": "172.26.0.1",
        "x-forwarded-for": "172.26.0.1",
        "x-forwarded-proto": "https",
        "sec-ch-ua": "\"Google Chrome\";v=\"125\", \"Chromium\";v=\"125\", \"Not.A/Brand\";v=\"24\"",
        "accept": "application/json",
        "sec-ch-ua-mobile": "?0",
        "user-agent": "Mozilla/5.0 (X11; Linux x86_64) AppleWebKit/537.36 (KHTML, like Gecko) Chrome/125.0.0.0 Safari/537.36",
        "sec-ch-ua-platform": "\"Linux\"",
        "sec-fetch-site": "same-origin",
        "sec-fetch-mode": "cors",
        "sec-fetch-dest": "empty",
        "referer": "https://c1r6p9.42lehavre.fr:8443/en/dashboard",
        "accept-encoding": "gzip, deflate, br, zstd",
        "accept-language": "en-US,en;q=0.9",
        "cookie": "Next-Locale=en; token=eyJhbGciOiJIUzI1NiIsInR5cCI6IkpXVCJ9.eyJpZCI6MiwidXNlcm5hbWUiOiJyb2JpbnJycnIiLCJiaW8iOiJzYWx1dCIsImlhdCI6MTc1MDQzNDg2OH0.0w6d349EvU7408Xck6i41In51PU06uCLOK9Us516eQg"
      }
    }
INFO [20-06-2025 15:54:29]: request completed
    reqId: "req-i"
    res: {
      "statusCode": 200
    }
    responseTime: 3.1334859989583492
INFO [20-06-2025 15:54:29]: request completed
    reqId: "req-h"
    res: {
      "statusCode": 200
    }
    responseTime: 8.285499999299645
INFO [20-06-2025 15:54:29]: incoming request
    reqId: "req-j"
    req: {
      "method": "GET",
      "url": "/profile/me",
      "ip": "172.26.0.5",
      "headers": {
        "connection": "upgrade",
        "host": "c1r6p9.42lehavre.fr",
        "x-real-ip": "172.26.0.1",
        "x-forwarded-for": "172.26.0.1",
        "x-forwarded-proto": "https",
        "sec-ch-ua": "\"Google Chrome\";v=\"125\", \"Chromium\";v=\"125\", \"Not.A/Brand\";v=\"24\"",
        "accept": "application/json",
        "sec-ch-ua-mobile": "?0",
        "user-agent": "Mozilla/5.0 (X11; Linux x86_64) AppleWebKit/537.36 (KHTML, like Gecko) Chrome/125.0.0.0 Safari/537.36",
        "sec-ch-ua-platform": "\"Linux\"",
        "sec-fetch-site": "same-origin",
        "sec-fetch-mode": "cors",
        "sec-fetch-dest": "empty",
        "referer": "https://c1r6p9.42lehavre.fr:8443/en/dashboard",
        "accept-encoding": "gzip, deflate, br, zstd",
        "accept-language": "en-US,en;q=0.9",
        "cookie": "Next-Locale=en; token=eyJhbGciOiJIUzI1NiIsInR5cCI6IkpXVCJ9.eyJpZCI6MiwidXNlcm5hbWUiOiJyb2JpbnJycnIiLCJiaW8iOiJzYWx1dCIsImlhdCI6MTc1MDQzNDg2OH0.0w6d349EvU7408Xck6i41In51PU06uCLOK9Us516eQg"
      }
    }
INFO [20-06-2025 15:54:29]: request completed
    reqId: "req-j"
    res: {
      "statusCode": 200
    }
    responseTime: 3.961583999916911
INFO [20-06-2025 15:54:29]: incoming request
    reqId: "req-k"
    req: {
      "method": "GET",
      "url": "/friends/pending",
      "ip": "172.26.0.5",
      "headers": {
        "connection": "upgrade",
        "host": "c1r6p9.42lehavre.fr",
        "x-real-ip": "172.26.0.1",
        "x-forwarded-for": "172.26.0.1",
        "x-forwarded-proto": "https",
        "sec-ch-ua": "\"Google Chrome\";v=\"125\", \"Chromium\";v=\"125\", \"Not.A/Brand\";v=\"24\"",
        "sec-ch-ua-mobile": "?0",
        "user-agent": "Mozilla/5.0 (X11; Linux x86_64) AppleWebKit/537.36 (KHTML, like Gecko) Chrome/125.0.0.0 Safari/537.36",
        "sec-ch-ua-platform": "\"Linux\"",
        "accept": "*/*",
        "sec-fetch-site": "same-origin",
        "sec-fetch-mode": "cors",
        "sec-fetch-dest": "empty",
        "referer": "https://c1r6p9.42lehavre.fr:8443/en/dashboard",
        "accept-encoding": "gzip, deflate, br, zstd",
        "accept-language": "en-US,en;q=0.9",
        "cookie": "Next-Locale=en; token=eyJhbGciOiJIUzI1NiIsInR5cCI6IkpXVCJ9.eyJpZCI6MiwidXNlcm5hbWUiOiJyb2JpbnJycnIiLCJiaW8iOiJzYWx1dCIsImlhdCI6MTc1MDQzNDg2OH0.0w6d349EvU7408Xck6i41In51PU06uCLOK9Us516eQg"
      }
    }
INFO [20-06-2025 15:54:29]: request completed
    reqId: "req-k"
    res: {
      "statusCode": 200
    }
    responseTime: 5.735518999397755
INFO [20-06-2025 15:54:38]: incoming request
    reqId: "req-l"
    req: {
      "method": "POST",
      "url": "/editprofile",
      "ip": "172.26.0.5",
      "headers": {
        "connection": "upgrade",
        "host": "c1r6p9.42lehavre.fr",
        "x-real-ip": "172.26.0.1",
        "x-forwarded-for": "172.26.0.1",
        "x-forwarded-proto": "https",
        "content-length": "76479",
        "sec-ch-ua": "\"Google Chrome\";v=\"125\", \"Chromium\";v=\"125\", \"Not.A/Brand\";v=\"24\"",
        "content-type": "application/json",
        "sec-ch-ua-mobile": "?0",
        "authorization": "Bearer null",
        "user-agent": "Mozilla/5.0 (X11; Linux x86_64) AppleWebKit/537.36 (KHTML, like Gecko) Chrome/125.0.0.0 Safari/537.36",
        "sec-ch-ua-platform": "\"Linux\"",
        "accept": "*/*",
        "origin": "https://c1r6p9.42lehavre.fr:8443",
        "sec-fetch-site": "same-origin",
        "sec-fetch-mode": "cors",
        "sec-fetch-dest": "empty",
        "referer": "https://c1r6p9.42lehavre.fr:8443/en/dashboard",
        "accept-encoding": "gzip, deflate, br, zstd",
        "accept-language": "en-US,en;q=0.9",
        "cookie": "Next-Locale=en; token=eyJhbGciOiJIUzI1NiIsInR5cCI6IkpXVCJ9.eyJpZCI6MiwidXNlcm5hbWUiOiJyb2JpbnJycnIiLCJiaW8iOiJzYWx1dCIsImlhdCI6MTc1MDQzNDg2OH0.0w6d349EvU7408Xck6i41In51PU06uCLOK9Us516eQg"
      }
    }
INFO [20-06-2025 15:54:38]: request completed
    reqId: "req-l"
    res: {
      "statusCode": 200
    }
    responseTime: 40.29035199992359
INFO [20-06-2025 15:54:47]: incoming request
    reqId: "req-m"
    req: {
      "method": "GET",
      "url": "/profile/me",
      "ip": "172.26.0.5",
      "headers": {
        "connection": "upgrade",
        "host": "c1r6p9.42lehavre.fr",
        "x-real-ip": "172.26.0.1",
        "x-forwarded-for": "172.26.0.1",
        "x-forwarded-proto": "https",
        "sec-ch-ua": "\"Google Chrome\";v=\"125\", \"Chromium\";v=\"125\", \"Not.A/Brand\";v=\"24\"",
        "accept": "application/json",
        "sec-ch-ua-mobile": "?0",
        "user-agent": "Mozilla/5.0 (X11; Linux x86_64) AppleWebKit/537.36 (KHTML, like Gecko) Chrome/125.0.0.0 Safari/537.36",
        "sec-ch-ua-platform": "\"Linux\"",
        "sec-fetch-site": "same-origin",
        "sec-fetch-mode": "cors",
        "sec-fetch-dest": "empty",
        "referer": "https://c1r6p9.42lehavre.fr:8443/en/dashboard",
        "accept-encoding": "gzip, deflate, br, zstd",
        "accept-language": "en-US,en;q=0.9",
        "cookie": "Next-Locale=en; token=eyJhbGciOiJIUzI1NiIsInR5cCI6IkpXVCJ9.eyJpZCI6MiwidXNlcm5hbWUiOiJyb2JpbnJycnIiLCJpYXQiOjE3NTA0MzQ4Nzh9.wtVijEUTqxQw06k_aNsdp3NKe0j_9Y_n6gSXkoTB21U"
      }
    }
INFO [20-06-2025 15:54:47]: incoming request
    reqId: "req-n"
    req: {
      "method": "GET",
      "url": "/friends",
      "ip": "172.26.0.5",
      "headers": {
        "connection": "upgrade",
        "host": "c1r6p9.42lehavre.fr",
        "x-real-ip": "172.26.0.1",
        "x-forwarded-for": "172.26.0.1",
        "x-forwarded-proto": "https",
        "sec-ch-ua": "\"Google Chrome\";v=\"125\", \"Chromium\";v=\"125\", \"Not.A/Brand\";v=\"24\"",
        "sec-ch-ua-mobile": "?0",
        "user-agent": "Mozilla/5.0 (X11; Linux x86_64) AppleWebKit/537.36 (KHTML, like Gecko) Chrome/125.0.0.0 Safari/537.36",
        "sec-ch-ua-platform": "\"Linux\"",
        "accept": "*/*",
        "sec-fetch-site": "same-origin",
        "sec-fetch-mode": "cors",
        "sec-fetch-dest": "empty",
        "referer": "https://c1r6p9.42lehavre.fr:8443/en/dashboard",
        "accept-encoding": "gzip, deflate, br, zstd",
        "accept-language": "en-US,en;q=0.9",
        "cookie": "Next-Locale=en; token=eyJhbGciOiJIUzI1NiIsInR5cCI6IkpXVCJ9.eyJpZCI6MiwidXNlcm5hbWUiOiJyb2JpbnJycnIiLCJpYXQiOjE3NTA0MzQ4Nzh9.wtVijEUTqxQw06k_aNsdp3NKe0j_9Y_n6gSXkoTB21U"
      }
    }
INFO [20-06-2025 15:54:47]: request completed
    reqId: "req-m"
    res: {
      "statusCode": 200
    }
    responseTime: 5.596132999286056
INFO [20-06-2025 15:54:47]: request completed
    reqId: "req-n"
    res: {
      "statusCode": 200
    }
    responseTime: 5.985669000074267
INFO [20-06-2025 15:54:47]: incoming request
    reqId: "req-o"
    req: {
      "method": "GET",
      "url": "/chat/receive/private",
      "ip": "172.26.0.5",
      "headers": {
        "connection": "upgrade",
        "host": "c1r6p9.42lehavre.fr",
        "x-real-ip": "172.26.0.1",
        "x-forwarded-for": "172.26.0.1",
        "x-forwarded-proto": "https",
        "sec-ch-ua": "\"Google Chrome\";v=\"125\", \"Chromium\";v=\"125\", \"Not.A/Brand\";v=\"24\"",
        "content-type": "application/json",
        "sec-ch-ua-mobile": "?0",
        "authorization": "Bearer null",
        "user-agent": "Mozilla/5.0 (X11; Linux x86_64) AppleWebKit/537.36 (KHTML, like Gecko) Chrome/125.0.0.0 Safari/537.36",
        "sec-ch-ua-platform": "\"Linux\"",
        "accept": "*/*",
        "sec-fetch-site": "same-origin",
        "sec-fetch-mode": "cors",
        "sec-fetch-dest": "empty",
        "referer": "https://c1r6p9.42lehavre.fr:8443/en/dashboard",
        "accept-encoding": "gzip, deflate, br, zstd",
        "accept-language": "en-US,en;q=0.9",
        "cookie": "Next-Locale=en; token=eyJhbGciOiJIUzI1NiIsInR5cCI6IkpXVCJ9.eyJpZCI6MiwidXNlcm5hbWUiOiJyb2JpbnJycnIiLCJpYXQiOjE3NTA0MzQ4Nzh9.wtVijEUTqxQw06k_aNsdp3NKe0j_9Y_n6gSXkoTB21U"
      }
    }
INFO [20-06-2025 15:54:47]: incoming request
    reqId: "req-p"
    req: {
      "method": "GET",
      "url": "/profile/me",
      "ip": "172.26.0.5",
      "headers": {
        "connection": "upgrade",
        "host": "c1r6p9.42lehavre.fr",
        "x-real-ip": "172.26.0.1",
        "x-forwarded-for": "172.26.0.1",
        "x-forwarded-proto": "https",
        "sec-ch-ua": "\"Google Chrome\";v=\"125\", \"Chromium\";v=\"125\", \"Not.A/Brand\";v=\"24\"",
        "accept": "application/json",
        "sec-ch-ua-mobile": "?0",
        "user-agent": "Mozilla/5.0 (X11; Linux x86_64) AppleWebKit/537.36 (KHTML, like Gecko) Chrome/125.0.0.0 Safari/537.36",
        "sec-ch-ua-platform": "\"Linux\"",
        "sec-fetch-site": "same-origin",
        "sec-fetch-mode": "cors",
        "sec-fetch-dest": "empty",
        "referer": "https://c1r6p9.42lehavre.fr:8443/en/dashboard",
        "accept-encoding": "gzip, deflate, br, zstd",
        "accept-language": "en-US,en;q=0.9",
        "cookie": "Next-Locale=en; token=eyJhbGciOiJIUzI1NiIsInR5cCI6IkpXVCJ9.eyJpZCI6MiwidXNlcm5hbWUiOiJyb2JpbnJycnIiLCJpYXQiOjE3NTA0MzQ4Nzh9.wtVijEUTqxQw06k_aNsdp3NKe0j_9Y_n6gSXkoTB21U"
      }
    }
INFO [20-06-2025 15:54:47]: incoming request
    reqId: "req-q"
    req: {
      "method": "GET",
      "url": "/friends",
      "ip": "172.26.0.5",
      "headers": {
        "connection": "upgrade",
        "host": "c1r6p9.42lehavre.fr",
        "x-real-ip": "172.26.0.1",
        "x-forwarded-for": "172.26.0.1",
        "x-forwarded-proto": "https",
        "sec-ch-ua": "\"Google Chrome\";v=\"125\", \"Chromium\";v=\"125\", \"Not.A/Brand\";v=\"24\"",
        "sec-ch-ua-mobile": "?0",
        "user-agent": "Mozilla/5.0 (X11; Linux x86_64) AppleWebKit/537.36 (KHTML, like Gecko) Chrome/125.0.0.0 Safari/537.36",
        "sec-ch-ua-platform": "\"Linux\"",
        "accept": "*/*",
        "sec-fetch-site": "same-origin",
        "sec-fetch-mode": "cors",
        "sec-fetch-dest": "empty",
        "referer": "https://c1r6p9.42lehavre.fr:8443/en/dashboard",
        "accept-encoding": "gzip, deflate, br, zstd",
        "accept-language": "en-US,en;q=0.9",
        "cookie": "Next-Locale=en; token=eyJhbGciOiJIUzI1NiIsInR5cCI6IkpXVCJ9.eyJpZCI6MiwidXNlcm5hbWUiOiJyb2JpbnJycnIiLCJpYXQiOjE3NTA0MzQ4Nzh9.wtVijEUTqxQw06k_aNsdp3NKe0j_9Y_n6gSXkoTB21U"
      }
    }
INFO [20-06-2025 15:54:47]: request completed
    reqId: "req-o"
    res: {
      "statusCode": 200
    }
    responseTime: 6.325782999396324
INFO [20-06-2025 15:54:47]: request completed
    reqId: "req-p"
    res: {
      "statusCode": 200
    }
    responseTime: 5.604546999558806
INFO [20-06-2025 15:54:47]: request completed
    reqId: "req-q"
    res: {
      "statusCode": 200
    }
    responseTime: 6.264680000022054
INFO [20-06-2025 15:54:47]: incoming request
    reqId: "req-r"
    req: {
      "method": "GET",
      "url": "/chat/receive/private",
      "ip": "172.26.0.5",
      "headers": {
        "connection": "upgrade",
        "host": "c1r6p9.42lehavre.fr",
        "x-real-ip": "172.26.0.1",
        "x-forwarded-for": "172.26.0.1",
        "x-forwarded-proto": "https",
        "sec-ch-ua": "\"Google Chrome\";v=\"125\", \"Chromium\";v=\"125\", \"Not.A/Brand\";v=\"24\"",
        "content-type": "application/json",
        "sec-ch-ua-mobile": "?0",
        "authorization": "Bearer null",
        "user-agent": "Mozilla/5.0 (X11; Linux x86_64) AppleWebKit/537.36 (KHTML, like Gecko) Chrome/125.0.0.0 Safari/537.36",
        "sec-ch-ua-platform": "\"Linux\"",
        "accept": "*/*",
        "sec-fetch-site": "same-origin",
        "sec-fetch-mode": "cors",
        "sec-fetch-dest": "empty",
        "referer": "https://c1r6p9.42lehavre.fr:8443/en/dashboard",
        "accept-encoding": "gzip, deflate, br, zstd",
        "accept-language": "en-US,en;q=0.9",
        "cookie": "Next-Locale=en; token=eyJhbGciOiJIUzI1NiIsInR5cCI6IkpXVCJ9.eyJpZCI6MiwidXNlcm5hbWUiOiJyb2JpbnJycnIiLCJpYXQiOjE3NTA0MzQ4Nzh9.wtVijEUTqxQw06k_aNsdp3NKe0j_9Y_n6gSXkoTB21U"
      }
    }
INFO [20-06-2025 15:54:47]: incoming request
    reqId: "req-s"
    req: {
      "method": "GET",
      "url": "/profile/me",
      "ip": "172.26.0.5",
      "headers": {
        "connection": "upgrade",
        "host": "c1r6p9.42lehavre.fr",
        "x-real-ip": "172.26.0.1",
        "x-forwarded-for": "172.26.0.1",
        "x-forwarded-proto": "https",
        "sec-ch-ua": "\"Google Chrome\";v=\"125\", \"Chromium\";v=\"125\", \"Not.A/Brand\";v=\"24\"",
        "accept": "application/json",
        "sec-ch-ua-mobile": "?0",
        "user-agent": "Mozilla/5.0 (X11; Linux x86_64) AppleWebKit/537.36 (KHTML, like Gecko) Chrome/125.0.0.0 Safari/537.36",
        "sec-ch-ua-platform": "\"Linux\"",
        "sec-fetch-site": "same-origin",
        "sec-fetch-mode": "cors",
        "sec-fetch-dest": "empty",
        "referer": "https://c1r6p9.42lehavre.fr:8443/en/dashboard",
        "accept-encoding": "gzip, deflate, br, zstd",
        "accept-language": "en-US,en;q=0.9",
        "cookie": "Next-Locale=en; token=eyJhbGciOiJIUzI1NiIsInR5cCI6IkpXVCJ9.eyJpZCI6MiwidXNlcm5hbWUiOiJyb2JpbnJycnIiLCJpYXQiOjE3NTA0MzQ4Nzh9.wtVijEUTqxQw06k_aNsdp3NKe0j_9Y_n6gSXkoTB21U"
      }
    }
INFO [20-06-2025 15:54:47]: request completed
    reqId: "req-r"
    res: {
      "statusCode": 200
    }
    responseTime: 3.8224309999495745
INFO [20-06-2025 15:54:47]: request completed
    reqId: "req-s"
    res: {
      "statusCode": 200
    }
    responseTime: 5.657085999846458
INFO [20-06-2025 15:54:47]: incoming request
    reqId: "req-t"
    req: {
      "method": "GET",
      "url": "/profile/me",
      "ip": "172.26.0.5",
      "headers": {
        "connection": "upgrade",
        "host": "c1r6p9.42lehavre.fr",
        "x-real-ip": "172.26.0.1",
        "x-forwarded-for": "172.26.0.1",
        "x-forwarded-proto": "https",
        "sec-ch-ua": "\"Google Chrome\";v=\"125\", \"Chromium\";v=\"125\", \"Not.A/Brand\";v=\"24\"",
        "accept": "application/json",
        "sec-ch-ua-mobile": "?0",
        "user-agent": "Mozilla/5.0 (X11; Linux x86_64) AppleWebKit/537.36 (KHTML, like Gecko) Chrome/125.0.0.0 Safari/537.36",
        "sec-ch-ua-platform": "\"Linux\"",
        "sec-fetch-site": "same-origin",
        "sec-fetch-mode": "cors",
        "sec-fetch-dest": "empty",
        "referer": "https://c1r6p9.42lehavre.fr:8443/en/dashboard",
        "accept-encoding": "gzip, deflate, br, zstd",
        "accept-language": "en-US,en;q=0.9",
        "cookie": "Next-Locale=en; token=eyJhbGciOiJIUzI1NiIsInR5cCI6IkpXVCJ9.eyJpZCI6MiwidXNlcm5hbWUiOiJyb2JpbnJycnIiLCJpYXQiOjE3NTA0MzQ4Nzh9.wtVijEUTqxQw06k_aNsdp3NKe0j_9Y_n6gSXkoTB21U"
      }
    }
INFO [20-06-2025 15:54:47]: request completed
    reqId: "req-t"
    res: {
      "statusCode": 200
    }
    responseTime: 4.885131999850273
INFO [20-06-2025 15:54:47]: incoming request
    reqId: "req-u"
    req: {
      "method": "GET",
      "url": "/friends/pending",
      "ip": "172.26.0.5",
      "headers": {
        "connection": "upgrade",
        "host": "c1r6p9.42lehavre.fr",
        "x-real-ip": "172.26.0.1",
        "x-forwarded-for": "172.26.0.1",
        "x-forwarded-proto": "https",
        "sec-ch-ua": "\"Google Chrome\";v=\"125\", \"Chromium\";v=\"125\", \"Not.A/Brand\";v=\"24\"",
        "sec-ch-ua-mobile": "?0",
        "user-agent": "Mozilla/5.0 (X11; Linux x86_64) AppleWebKit/537.36 (KHTML, like Gecko) Chrome/125.0.0.0 Safari/537.36",
        "sec-ch-ua-platform": "\"Linux\"",
        "accept": "*/*",
        "sec-fetch-site": "same-origin",
        "sec-fetch-mode": "cors",
        "sec-fetch-dest": "empty",
        "referer": "https://c1r6p9.42lehavre.fr:8443/en/dashboard",
        "accept-encoding": "gzip, deflate, br, zstd",
        "accept-language": "en-US,en;q=0.9",
        "cookie": "Next-Locale=en; token=eyJhbGciOiJIUzI1NiIsInR5cCI6IkpXVCJ9.eyJpZCI6MiwidXNlcm5hbWUiOiJyb2JpbnJycnIiLCJpYXQiOjE3NTA0MzQ4Nzh9.wtVijEUTqxQw06k_aNsdp3NKe0j_9Y_n6gSXkoTB21U"
      }
    }
INFO [20-06-2025 15:54:47]: request completed
    reqId: "req-u"
    res: {
      "statusCode": 200
    }
    responseTime: 4.912146000191569
INFO [20-06-2025 15:54:47]: incoming request
    reqId: "req-v"
    req: {
      "method": "GET",
      "url": "/friends/pending",
      "ip": "172.26.0.5",
      "headers": {
        "connection": "upgrade",
        "host": "c1r6p9.42lehavre.fr",
        "x-real-ip": "172.26.0.1",
        "x-forwarded-for": "172.26.0.1",
        "x-forwarded-proto": "https",
        "sec-ch-ua": "\"Google Chrome\";v=\"125\", \"Chromium\";v=\"125\", \"Not.A/Brand\";v=\"24\"",
        "sec-ch-ua-mobile": "?0",
        "user-agent": "Mozilla/5.0 (X11; Linux x86_64) AppleWebKit/537.36 (KHTML, like Gecko) Chrome/125.0.0.0 Safari/537.36",
        "sec-ch-ua-platform": "\"Linux\"",
        "accept": "*/*",
        "sec-fetch-site": "same-origin",
        "sec-fetch-mode": "cors",
        "sec-fetch-dest": "empty",
        "referer": "https://c1r6p9.42lehavre.fr:8443/en/dashboard",
        "accept-encoding": "gzip, deflate, br, zstd",
        "accept-language": "en-US,en;q=0.9",
        "cookie": "Next-Locale=en; token=eyJhbGciOiJIUzI1NiIsInR5cCI6IkpXVCJ9.eyJpZCI6MiwidXNlcm5hbWUiOiJyb2JpbnJycnIiLCJpYXQiOjE3NTA0MzQ4Nzh9.wtVijEUTqxQw06k_aNsdp3NKe0j_9Y_n6gSXkoTB21U"
      }
    }
INFO [20-06-2025 15:54:47]: request completed
    reqId: "req-v"
    res: {
      "statusCode": 200
    }
    responseTime: 4.814174000173807
INFO [20-06-2025 15:54:50]: incoming request
    reqId: "req-w"
    req: {
      "method": "POST",
      "url": "/editprofile",
      "ip": "172.26.0.5",
      "headers": {
        "connection": "upgrade",
        "host": "c1r6p9.42lehavre.fr",
        "x-real-ip": "172.26.0.1",
        "x-forwarded-for": "172.26.0.1",
        "x-forwarded-proto": "https",
        "content-length": "76479",
        "sec-ch-ua": "\"Google Chrome\";v=\"125\", \"Chromium\";v=\"125\", \"Not.A/Brand\";v=\"24\"",
        "content-type": "application/json",
        "sec-ch-ua-mobile": "?0",
        "authorization": "Bearer null",
        "user-agent": "Mozilla/5.0 (X11; Linux x86_64) AppleWebKit/537.36 (KHTML, like Gecko) Chrome/125.0.0.0 Safari/537.36",
        "sec-ch-ua-platform": "\"Linux\"",
        "accept": "*/*",
        "origin": "https://c1r6p9.42lehavre.fr:8443",
        "sec-fetch-site": "same-origin",
        "sec-fetch-mode": "cors",
        "sec-fetch-dest": "empty",
        "referer": "https://c1r6p9.42lehavre.fr:8443/en/dashboard",
        "accept-encoding": "gzip, deflate, br, zstd",
        "accept-language": "en-US,en;q=0.9",
        "cookie": "Next-Locale=en; token=eyJhbGciOiJIUzI1NiIsInR5cCI6IkpXVCJ9.eyJpZCI6MiwidXNlcm5hbWUiOiJyb2JpbnJycnIiLCJpYXQiOjE3NTA0MzQ4Nzh9.wtVijEUTqxQw06k_aNsdp3NKe0j_9Y_n6gSXkoTB21U"
      }
    }
INFO [20-06-2025 15:54:50]: request completed
    reqId: "req-w"
    res: {
      "statusCode": 200
    }
    responseTime: 19.343986000865698
INFO [20-06-2025 15:55:01]: incoming request
    reqId: "req-x"
    req: {
      "method": "POST",
      "url": "/editprofile",
      "ip": "172.26.0.5",
      "headers": {
        "connection": "upgrade",
        "host": "c1r6p9.42lehavre.fr",
        "x-real-ip": "172.26.0.1",
        "x-forwarded-for": "172.26.0.1",
        "x-forwarded-proto": "https",
        "content-length": "102963",
        "sec-ch-ua": "\"Google Chrome\";v=\"125\", \"Chromium\";v=\"125\", \"Not.A/Brand\";v=\"24\"",
        "content-type": "application/json",
        "sec-ch-ua-mobile": "?0",
        "authorization": "Bearer null",
        "user-agent": "Mozilla/5.0 (X11; Linux x86_64) AppleWebKit/537.36 (KHTML, like Gecko) Chrome/125.0.0.0 Safari/537.36",
        "sec-ch-ua-platform": "\"Linux\"",
        "accept": "*/*",
        "origin": "https://c1r6p9.42lehavre.fr:8443",
        "sec-fetch-site": "same-origin",
        "sec-fetch-mode": "cors",
        "sec-fetch-dest": "empty",
        "referer": "https://c1r6p9.42lehavre.fr:8443/en/dashboard",
        "accept-encoding": "gzip, deflate, br, zstd",
        "accept-language": "en-US,en;q=0.9",
        "cookie": "Next-Locale=en; token=eyJhbGciOiJIUzI1NiIsInR5cCI6IkpXVCJ9.eyJpZCI6MiwidXNlcm5hbWUiOiJyb2JpbnJycnIiLCJpYXQiOjE3NTA0MzQ4OTB9.jpms3B4YyXz7SdKyjd83N_QGrLCalKS74p2aEe7_j3k"
      }
    }
INFO [20-06-2025 15:55:01]: request completed
    reqId: "req-x"
    res: {
      "statusCode": 400
    }
    responseTime: 2.0483729988336563
INFO [20-06-2025 15:55:09]: incoming request
    reqId: "req-y"
    req: {
      "method": "POST",
      "url": "/editprofile",
      "ip": "172.26.0.5",
      "headers": {
        "connection": "upgrade",
        "host": "c1r6p9.42lehavre.fr",
        "x-real-ip": "172.26.0.1",
        "x-forwarded-for": "172.26.0.1",
        "x-forwarded-proto": "https",
        "content-length": "4199",
        "sec-ch-ua": "\"Google Chrome\";v=\"125\", \"Chromium\";v=\"125\", \"Not.A/Brand\";v=\"24\"",
        "content-type": "application/json",
        "sec-ch-ua-mobile": "?0",
        "authorization": "Bearer null",
        "user-agent": "Mozilla/5.0 (X11; Linux x86_64) AppleWebKit/537.36 (KHTML, like Gecko) Chrome/125.0.0.0 Safari/537.36",
        "sec-ch-ua-platform": "\"Linux\"",
        "accept": "*/*",
        "origin": "https://c1r6p9.42lehavre.fr:8443",
        "sec-fetch-site": "same-origin",
        "sec-fetch-mode": "cors",
        "sec-fetch-dest": "empty",
        "referer": "https://c1r6p9.42lehavre.fr:8443/en/dashboard",
        "accept-encoding": "gzip, deflate, br, zstd",
        "accept-language": "en-US,en;q=0.9",
        "cookie": "Next-Locale=en; token=eyJhbGciOiJIUzI1NiIsInR5cCI6IkpXVCJ9.eyJpZCI6MiwidXNlcm5hbWUiOiJyb2JpbnJycnIiLCJpYXQiOjE3NTA0MzQ4OTB9.jpms3B4YyXz7SdKyjd83N_QGrLCalKS74p2aEe7_j3k"
      }
    }
INFO [20-06-2025 15:55:09]: request completed
    reqId: "req-y"
    res: {
      "statusCode": 200
    }
    responseTime: 12.138372000306845
INFO [20-06-2025 15:55:12]: incoming request
    reqId: "req-z"
    req: {
      "method": "GET",
      "url": "/friends",
      "ip": "172.26.0.5",
      "headers": {
        "connection": "upgrade",
        "host": "c1r6p9.42lehavre.fr",
        "x-real-ip": "172.26.0.1",
        "x-forwarded-for": "172.26.0.1",
        "x-forwarded-proto": "https",
        "sec-ch-ua": "\"Google Chrome\";v=\"125\", \"Chromium\";v=\"125\", \"Not.A/Brand\";v=\"24\"",
        "sec-ch-ua-mobile": "?0",
        "user-agent": "Mozilla/5.0 (X11; Linux x86_64) AppleWebKit/537.36 (KHTML, like Gecko) Chrome/125.0.0.0 Safari/537.36",
        "sec-ch-ua-platform": "\"Linux\"",
        "accept": "*/*",
        "sec-fetch-site": "same-origin",
        "sec-fetch-mode": "cors",
        "sec-fetch-dest": "empty",
        "referer": "https://c1r6p9.42lehavre.fr:8443/en/dashboard",
        "accept-encoding": "gzip, deflate, br, zstd",
        "accept-language": "en-US,en;q=0.9",
        "cookie": "Next-Locale=en; token=eyJhbGciOiJIUzI1NiIsInR5cCI6IkpXVCJ9.eyJpZCI6MiwidXNlcm5hbWUiOiJyb2JpbnJycnIiLCJpYXQiOjE3NTA0MzQ5MDl9.T0tvPcQHPBs8lYNALa_i1Vig1ngv1ngtoE2K8TXS_sM"
      }
    }
INFO [20-06-2025 15:55:12]: incoming request
    reqId: "req-10"
    req: {
      "method": "GET",
      "url": "/profile/me",
      "ip": "172.26.0.5",
      "headers": {
        "connection": "upgrade",
        "host": "c1r6p9.42lehavre.fr",
        "x-real-ip": "172.26.0.1",
        "x-forwarded-for": "172.26.0.1",
        "x-forwarded-proto": "https",
        "sec-ch-ua": "\"Google Chrome\";v=\"125\", \"Chromium\";v=\"125\", \"Not.A/Brand\";v=\"24\"",
        "accept": "application/json",
        "sec-ch-ua-mobile": "?0",
        "user-agent": "Mozilla/5.0 (X11; Linux x86_64) AppleWebKit/537.36 (KHTML, like Gecko) Chrome/125.0.0.0 Safari/537.36",
        "sec-ch-ua-platform": "\"Linux\"",
        "sec-fetch-site": "same-origin",
        "sec-fetch-mode": "cors",
        "sec-fetch-dest": "empty",
        "referer": "https://c1r6p9.42lehavre.fr:8443/en/dashboard",
        "accept-encoding": "gzip, deflate, br, zstd",
        "accept-language": "en-US,en;q=0.9",
        "cookie": "Next-Locale=en; token=eyJhbGciOiJIUzI1NiIsInR5cCI6IkpXVCJ9.eyJpZCI6MiwidXNlcm5hbWUiOiJyb2JpbnJycnIiLCJpYXQiOjE3NTA0MzQ5MDl9.T0tvPcQHPBs8lYNALa_i1Vig1ngv1ngtoE2K8TXS_sM"
      }
    }
INFO [20-06-2025 15:55:12]: request completed
    reqId: "req-10"
    res: {
      "statusCode": 200
    }
    responseTime: 2.114342998713255
INFO [20-06-2025 15:55:12]: request completed
    reqId: "req-z"
    res: {
      "statusCode": 200
    }
    responseTime: 3.7668679989874363
INFO [20-06-2025 15:55:12]: incoming request
    reqId: "req-11"
    req: {
      "method": "GET",
      "url": "/chat/receive/private",
      "ip": "172.26.0.5",
      "headers": {
        "connection": "upgrade",
        "host": "c1r6p9.42lehavre.fr",
        "x-real-ip": "172.26.0.1",
        "x-forwarded-for": "172.26.0.1",
        "x-forwarded-proto": "https",
        "sec-ch-ua": "\"Google Chrome\";v=\"125\", \"Chromium\";v=\"125\", \"Not.A/Brand\";v=\"24\"",
        "content-type": "application/json",
        "sec-ch-ua-mobile": "?0",
        "authorization": "Bearer null",
        "user-agent": "Mozilla/5.0 (X11; Linux x86_64) AppleWebKit/537.36 (KHTML, like Gecko) Chrome/125.0.0.0 Safari/537.36",
        "sec-ch-ua-platform": "\"Linux\"",
        "accept": "*/*",
        "sec-fetch-site": "same-origin",
        "sec-fetch-mode": "cors",
        "sec-fetch-dest": "empty",
        "referer": "https://c1r6p9.42lehavre.fr:8443/en/dashboard",
        "accept-encoding": "gzip, deflate, br, zstd",
        "accept-language": "en-US,en;q=0.9",
        "cookie": "Next-Locale=en; token=eyJhbGciOiJIUzI1NiIsInR5cCI6IkpXVCJ9.eyJpZCI6MiwidXNlcm5hbWUiOiJyb2JpbnJycnIiLCJpYXQiOjE3NTA0MzQ5MDl9.T0tvPcQHPBs8lYNALa_i1Vig1ngv1ngtoE2K8TXS_sM"
      }
    }
INFO [20-06-2025 15:55:12]: incoming request
    reqId: "req-12"
    req: {
      "method": "GET",
      "url": "/profile/me",
      "ip": "172.26.0.5",
      "headers": {
        "connection": "upgrade",
        "host": "c1r6p9.42lehavre.fr",
        "x-real-ip": "172.26.0.1",
        "x-forwarded-for": "172.26.0.1",
        "x-forwarded-proto": "https",
        "sec-ch-ua": "\"Google Chrome\";v=\"125\", \"Chromium\";v=\"125\", \"Not.A/Brand\";v=\"24\"",
        "accept": "application/json",
        "sec-ch-ua-mobile": "?0",
        "user-agent": "Mozilla/5.0 (X11; Linux x86_64) AppleWebKit/537.36 (KHTML, like Gecko) Chrome/125.0.0.0 Safari/537.36",
        "sec-ch-ua-platform": "\"Linux\"",
        "sec-fetch-site": "same-origin",
        "sec-fetch-mode": "cors",
        "sec-fetch-dest": "empty",
        "referer": "https://c1r6p9.42lehavre.fr:8443/en/dashboard",
        "accept-encoding": "gzip, deflate, br, zstd",
        "accept-language": "en-US,en;q=0.9",
        "cookie": "Next-Locale=en; token=eyJhbGciOiJIUzI1NiIsInR5cCI6IkpXVCJ9.eyJpZCI6MiwidXNlcm5hbWUiOiJyb2JpbnJycnIiLCJpYXQiOjE3NTA0MzQ5MDl9.T0tvPcQHPBs8lYNALa_i1Vig1ngv1ngtoE2K8TXS_sM"
      }
    }
INFO [20-06-2025 15:55:12]: request completed
    reqId: "req-11"
    res: {
      "statusCode": 200
    }
    responseTime: 2.3864910006523132
INFO [20-06-2025 15:55:12]: request completed
    reqId: "req-12"
    res: {
      "statusCode": 200
    }
    responseTime: 1.4222209993749857
INFO [20-06-2025 15:55:12]: incoming request
    reqId: "req-13"
    req: {
      "method": "GET",
      "url": "/friends",
      "ip": "172.26.0.5",
      "headers": {
        "connection": "upgrade",
        "host": "c1r6p9.42lehavre.fr",
        "x-real-ip": "172.26.0.1",
        "x-forwarded-for": "172.26.0.1",
        "x-forwarded-proto": "https",
        "sec-ch-ua": "\"Google Chrome\";v=\"125\", \"Chromium\";v=\"125\", \"Not.A/Brand\";v=\"24\"",
        "sec-ch-ua-mobile": "?0",
        "user-agent": "Mozilla/5.0 (X11; Linux x86_64) AppleWebKit/537.36 (KHTML, like Gecko) Chrome/125.0.0.0 Safari/537.36",
        "sec-ch-ua-platform": "\"Linux\"",
        "accept": "*/*",
        "sec-fetch-site": "same-origin",
        "sec-fetch-mode": "cors",
        "sec-fetch-dest": "empty",
        "referer": "https://c1r6p9.42lehavre.fr:8443/en/dashboard",
        "accept-encoding": "gzip, deflate, br, zstd",
        "accept-language": "en-US,en;q=0.9",
        "cookie": "Next-Locale=en; token=eyJhbGciOiJIUzI1NiIsInR5cCI6IkpXVCJ9.eyJpZCI6MiwidXNlcm5hbWUiOiJyb2JpbnJycnIiLCJpYXQiOjE3NTA0MzQ5MDl9.T0tvPcQHPBs8lYNALa_i1Vig1ngv1ngtoE2K8TXS_sM"
      }
    }
INFO [20-06-2025 15:55:12]: incoming request
    reqId: "req-14"
    req: {
      "method": "GET",
      "url": "/chat/receive/private",
      "ip": "172.26.0.5",
      "headers": {
        "connection": "upgrade",
        "host": "c1r6p9.42lehavre.fr",
        "x-real-ip": "172.26.0.1",
        "x-forwarded-for": "172.26.0.1",
        "x-forwarded-proto": "https",
        "sec-ch-ua": "\"Google Chrome\";v=\"125\", \"Chromium\";v=\"125\", \"Not.A/Brand\";v=\"24\"",
        "content-type": "application/json",
        "sec-ch-ua-mobile": "?0",
        "authorization": "Bearer null",
        "user-agent": "Mozilla/5.0 (X11; Linux x86_64) AppleWebKit/537.36 (KHTML, like Gecko) Chrome/125.0.0.0 Safari/537.36",
        "sec-ch-ua-platform": "\"Linux\"",
        "accept": "*/*",
        "sec-fetch-site": "same-origin",
        "sec-fetch-mode": "cors",
        "sec-fetch-dest": "empty",
        "referer": "https://c1r6p9.42lehavre.fr:8443/en/dashboard",
        "accept-encoding": "gzip, deflate, br, zstd",
        "accept-language": "en-US,en;q=0.9",
        "cookie": "Next-Locale=en; token=eyJhbGciOiJIUzI1NiIsInR5cCI6IkpXVCJ9.eyJpZCI6MiwidXNlcm5hbWUiOiJyb2JpbnJycnIiLCJpYXQiOjE3NTA0MzQ5MDl9.T0tvPcQHPBs8lYNALa_i1Vig1ngv1ngtoE2K8TXS_sM"
      }
    }
INFO [20-06-2025 15:55:12]: incoming request
    reqId: "req-15"
    req: {
      "method": "GET",
      "url": "/profile/me",
      "ip": "172.26.0.5",
      "headers": {
        "connection": "upgrade",
        "host": "c1r6p9.42lehavre.fr",
        "x-real-ip": "172.26.0.1",
        "x-forwarded-for": "172.26.0.1",
        "x-forwarded-proto": "https",
        "sec-ch-ua": "\"Google Chrome\";v=\"125\", \"Chromium\";v=\"125\", \"Not.A/Brand\";v=\"24\"",
        "accept": "application/json",
        "sec-ch-ua-mobile": "?0",
        "user-agent": "Mozilla/5.0 (X11; Linux x86_64) AppleWebKit/537.36 (KHTML, like Gecko) Chrome/125.0.0.0 Safari/537.36",
        "sec-ch-ua-platform": "\"Linux\"",
        "sec-fetch-site": "same-origin",
        "sec-fetch-mode": "cors",
        "sec-fetch-dest": "empty",
        "referer": "https://c1r6p9.42lehavre.fr:8443/en/dashboard",
        "accept-encoding": "gzip, deflate, br, zstd",
        "accept-language": "en-US,en;q=0.9",
        "cookie": "Next-Locale=en; token=eyJhbGciOiJIUzI1NiIsInR5cCI6IkpXVCJ9.eyJpZCI6MiwidXNlcm5hbWUiOiJyb2JpbnJycnIiLCJpYXQiOjE3NTA0MzQ5MDl9.T0tvPcQHPBs8lYNALa_i1Vig1ngv1ngtoE2K8TXS_sM"
      }
    }
INFO [20-06-2025 15:55:12]: request completed
    reqId: "req-13"
    res: {
      "statusCode": 200
    }
    responseTime: 5.528217999264598
INFO [20-06-2025 15:55:12]: request completed
    reqId: "req-14"
    res: {
      "statusCode": 200
    }
    responseTime: 1.9360659997910261
INFO [20-06-2025 15:55:12]: request completed
    reqId: "req-15"
    res: {
      "statusCode": 200
    }
    responseTime: 1.4628599993884563
INFO [20-06-2025 15:55:12]: incoming request
    reqId: "req-16"
    req: {
      "method": "GET",
      "url": "/profile/me",
      "ip": "172.26.0.5",
      "headers": {
        "connection": "upgrade",
        "host": "c1r6p9.42lehavre.fr",
        "x-real-ip": "172.26.0.1",
        "x-forwarded-for": "172.26.0.1",
        "x-forwarded-proto": "https",
        "sec-ch-ua": "\"Google Chrome\";v=\"125\", \"Chromium\";v=\"125\", \"Not.A/Brand\";v=\"24\"",
        "accept": "application/json",
        "sec-ch-ua-mobile": "?0",
        "user-agent": "Mozilla/5.0 (X11; Linux x86_64) AppleWebKit/537.36 (KHTML, like Gecko) Chrome/125.0.0.0 Safari/537.36",
        "sec-ch-ua-platform": "\"Linux\"",
        "sec-fetch-site": "same-origin",
        "sec-fetch-mode": "cors",
        "sec-fetch-dest": "empty",
        "referer": "https://c1r6p9.42lehavre.fr:8443/en/dashboard",
        "accept-encoding": "gzip, deflate, br, zstd",
        "accept-language": "en-US,en;q=0.9",
        "cookie": "Next-Locale=en; token=eyJhbGciOiJIUzI1NiIsInR5cCI6IkpXVCJ9.eyJpZCI6MiwidXNlcm5hbWUiOiJyb2JpbnJycnIiLCJpYXQiOjE3NTA0MzQ5MDl9.T0tvPcQHPBs8lYNALa_i1Vig1ngv1ngtoE2K8TXS_sM"
      }
    }
INFO [20-06-2025 15:55:12]: request completed
    reqId: "req-16"
    res: {
      "statusCode": 200
    }
    responseTime: 2.9735679998993874
INFO [20-06-2025 15:55:12]: incoming request
    reqId: "req-17"
    req: {
      "method": "GET",
      "url": "/friends/pending",
      "ip": "172.26.0.5",
      "headers": {
        "connection": "upgrade",
        "host": "c1r6p9.42lehavre.fr",
        "x-real-ip": "172.26.0.1",
        "x-forwarded-for": "172.26.0.1",
        "x-forwarded-proto": "https",
        "sec-ch-ua": "\"Google Chrome\";v=\"125\", \"Chromium\";v=\"125\", \"Not.A/Brand\";v=\"24\"",
        "sec-ch-ua-mobile": "?0",
        "user-agent": "Mozilla/5.0 (X11; Linux x86_64) AppleWebKit/537.36 (KHTML, like Gecko) Chrome/125.0.0.0 Safari/537.36",
        "sec-ch-ua-platform": "\"Linux\"",
        "accept": "*/*",
        "sec-fetch-site": "same-origin",
        "sec-fetch-mode": "cors",
        "sec-fetch-dest": "empty",
        "referer": "https://c1r6p9.42lehavre.fr:8443/en/dashboard",
        "accept-encoding": "gzip, deflate, br, zstd",
        "accept-language": "en-US,en;q=0.9",
        "cookie": "Next-Locale=en; token=eyJhbGciOiJIUzI1NiIsInR5cCI6IkpXVCJ9.eyJpZCI6MiwidXNlcm5hbWUiOiJyb2JpbnJycnIiLCJpYXQiOjE3NTA0MzQ5MDl9.T0tvPcQHPBs8lYNALa_i1Vig1ngv1ngtoE2K8TXS_sM"
      }
    }
INFO [20-06-2025 15:55:12]: request completed
    reqId: "req-17"
    res: {
      "statusCode": 200
    }
    responseTime: 3.2128799986094236
INFO [20-06-2025 15:55:12]: incoming request
    reqId: "req-18"
    req: {
      "method": "GET",
      "url": "/friends/pending",
      "ip": "172.26.0.5",
      "headers": {
        "connection": "upgrade",
        "host": "c1r6p9.42lehavre.fr",
        "x-real-ip": "172.26.0.1",
        "x-forwarded-for": "172.26.0.1",
        "x-forwarded-proto": "https",
        "sec-ch-ua": "\"Google Chrome\";v=\"125\", \"Chromium\";v=\"125\", \"Not.A/Brand\";v=\"24\"",
        "sec-ch-ua-mobile": "?0",
        "user-agent": "Mozilla/5.0 (X11; Linux x86_64) AppleWebKit/537.36 (KHTML, like Gecko) Chrome/125.0.0.0 Safari/537.36",
        "sec-ch-ua-platform": "\"Linux\"",
        "accept": "*/*",
        "sec-fetch-site": "same-origin",
        "sec-fetch-mode": "cors",
        "sec-fetch-dest": "empty",
        "referer": "https://c1r6p9.42lehavre.fr:8443/en/dashboard",
        "accept-encoding": "gzip, deflate, br, zstd",
        "accept-language": "en-US,en;q=0.9",
        "cookie": "Next-Locale=en; token=eyJhbGciOiJIUzI1NiIsInR5cCI6IkpXVCJ9.eyJpZCI6MiwidXNlcm5hbWUiOiJyb2JpbnJycnIiLCJpYXQiOjE3NTA0MzQ5MDl9.T0tvPcQHPBs8lYNALa_i1Vig1ngv1ngtoE2K8TXS_sM"
      }
    }
INFO [20-06-2025 15:55:12]: request completed
    reqId: "req-18"
    res: {
      "statusCode": 200
    }
    responseTime: 3.600952999666333
INFO [20-06-2025 15:55:15]: incoming request
    reqId: "req-19"
    req: {
      "method": "POST",
      "url": "/editprofile",
      "ip": "172.26.0.5",
      "headers": {
        "connection": "upgrade",
        "host": "c1r6p9.42lehavre.fr",
        "x-real-ip": "172.26.0.1",
        "x-forwarded-for": "172.26.0.1",
        "x-forwarded-proto": "https",
        "content-length": "4202",
        "sec-ch-ua": "\"Google Chrome\";v=\"125\", \"Chromium\";v=\"125\", \"Not.A/Brand\";v=\"24\"",
        "content-type": "application/json",
        "sec-ch-ua-mobile": "?0",
        "authorization": "Bearer null",
        "user-agent": "Mozilla/5.0 (X11; Linux x86_64) AppleWebKit/537.36 (KHTML, like Gecko) Chrome/125.0.0.0 Safari/537.36",
        "sec-ch-ua-platform": "\"Linux\"",
        "accept": "*/*",
        "origin": "https://c1r6p9.42lehavre.fr:8443",
        "sec-fetch-site": "same-origin",
        "sec-fetch-mode": "cors",
        "sec-fetch-dest": "empty",
        "referer": "https://c1r6p9.42lehavre.fr:8443/en/dashboard",
        "accept-encoding": "gzip, deflate, br, zstd",
        "accept-language": "en-US,en;q=0.9",
        "cookie": "Next-Locale=en; token=eyJhbGciOiJIUzI1NiIsInR5cCI6IkpXVCJ9.eyJpZCI6MiwidXNlcm5hbWUiOiJyb2JpbnJycnIiLCJpYXQiOjE3NTA0MzQ5MDl9.T0tvPcQHPBs8lYNALa_i1Vig1ngv1ngtoE2K8TXS_sM"
      }
    }
INFO [20-06-2025 15:55:15]: request completed
    reqId: "req-19"
    res: {
      "statusCode": 200
    }
    responseTime: 11.813775001093745
INFO [20-06-2025 15:55:17]: incoming request
    reqId: "req-1a"
    req: {
      "method": "GET",
      "url": "/profile/me",
      "ip": "172.26.0.5",
      "headers": {
        "connection": "upgrade",
        "host": "c1r6p9.42lehavre.fr",
        "x-real-ip": "172.26.0.1",
        "x-forwarded-for": "172.26.0.1",
        "x-forwarded-proto": "https",
        "sec-ch-ua": "\"Google Chrome\";v=\"125\", \"Chromium\";v=\"125\", \"Not.A/Brand\";v=\"24\"",
        "accept": "application/json",
        "sec-ch-ua-mobile": "?0",
        "user-agent": "Mozilla/5.0 (X11; Linux x86_64) AppleWebKit/537.36 (KHTML, like Gecko) Chrome/125.0.0.0 Safari/537.36",
        "sec-ch-ua-platform": "\"Linux\"",
        "sec-fetch-site": "same-origin",
        "sec-fetch-mode": "cors",
        "sec-fetch-dest": "empty",
        "referer": "https://c1r6p9.42lehavre.fr:8443/en/dashboard",
        "accept-encoding": "gzip, deflate, br, zstd",
        "accept-language": "en-US,en;q=0.9",
        "cookie": "Next-Locale=en; token=eyJhbGciOiJIUzI1NiIsInR5cCI6IkpXVCJ9.eyJpZCI6MiwidXNlcm5hbWUiOiJyb2JpbnJycnIiLCJpYXQiOjE3NTA0MzQ5MTV9.UNAvMud2bQYf5ogThglFxXKMCyswOaFRhmCK6-reXMg"
      }
    }
INFO [20-06-2025 15:55:17]: incoming request
    reqId: "req-1b"
    req: {
      "method": "GET",
      "url": "/friends",
      "ip": "172.26.0.5",
      "headers": {
        "connection": "upgrade",
        "host": "c1r6p9.42lehavre.fr",
        "x-real-ip": "172.26.0.1",
        "x-forwarded-for": "172.26.0.1",
        "x-forwarded-proto": "https",
        "sec-ch-ua": "\"Google Chrome\";v=\"125\", \"Chromium\";v=\"125\", \"Not.A/Brand\";v=\"24\"",
        "sec-ch-ua-mobile": "?0",
        "user-agent": "Mozilla/5.0 (X11; Linux x86_64) AppleWebKit/537.36 (KHTML, like Gecko) Chrome/125.0.0.0 Safari/537.36",
        "sec-ch-ua-platform": "\"Linux\"",
        "accept": "*/*",
        "sec-fetch-site": "same-origin",
        "sec-fetch-mode": "cors",
        "sec-fetch-dest": "empty",
        "referer": "https://c1r6p9.42lehavre.fr:8443/en/dashboard",
        "accept-encoding": "gzip, deflate, br, zstd",
        "accept-language": "en-US,en;q=0.9",
        "cookie": "Next-Locale=en; token=eyJhbGciOiJIUzI1NiIsInR5cCI6IkpXVCJ9.eyJpZCI6MiwidXNlcm5hbWUiOiJyb2JpbnJycnIiLCJpYXQiOjE3NTA0MzQ5MTV9.UNAvMud2bQYf5ogThglFxXKMCyswOaFRhmCK6-reXMg"
      }
    }
INFO [20-06-2025 15:55:17]: request completed
    reqId: "req-1a"
    res: {
      "statusCode": 200
    }
    responseTime: 2.317877000197768
INFO [20-06-2025 15:55:17]: incoming request
    reqId: "req-1c"
    req: {
      "method": "GET",
      "url": "/chat/receive/private",
      "ip": "172.26.0.5",
      "headers": {
        "connection": "upgrade",
        "host": "c1r6p9.42lehavre.fr",
        "x-real-ip": "172.26.0.1",
        "x-forwarded-for": "172.26.0.1",
        "x-forwarded-proto": "https",
        "sec-ch-ua": "\"Google Chrome\";v=\"125\", \"Chromium\";v=\"125\", \"Not.A/Brand\";v=\"24\"",
        "content-type": "application/json",
        "sec-ch-ua-mobile": "?0",
        "authorization": "Bearer null",
        "user-agent": "Mozilla/5.0 (X11; Linux x86_64) AppleWebKit/537.36 (KHTML, like Gecko) Chrome/125.0.0.0 Safari/537.36",
        "sec-ch-ua-platform": "\"Linux\"",
        "accept": "*/*",
        "sec-fetch-site": "same-origin",
        "sec-fetch-mode": "cors",
        "sec-fetch-dest": "empty",
        "referer": "https://c1r6p9.42lehavre.fr:8443/en/dashboard",
        "accept-encoding": "gzip, deflate, br, zstd",
        "accept-language": "en-US,en;q=0.9",
        "cookie": "Next-Locale=en; token=eyJhbGciOiJIUzI1NiIsInR5cCI6IkpXVCJ9.eyJpZCI6MiwidXNlcm5hbWUiOiJyb2JpbnJycnIiLCJpYXQiOjE3NTA0MzQ5MTV9.UNAvMud2bQYf5ogThglFxXKMCyswOaFRhmCK6-reXMg"
      }
    }
INFO [20-06-2025 15:55:17]: request completed
    reqId: "req-1b"
    res: {
      "statusCode": 200
    }
    responseTime: 6.300673998892307
INFO [20-06-2025 15:55:17]: incoming request
    reqId: "req-1d"
    req: {
      "method": "GET",
      "url": "/profile/me",
      "ip": "172.26.0.5",
      "headers": {
        "connection": "upgrade",
        "host": "c1r6p9.42lehavre.fr",
        "x-real-ip": "172.26.0.1",
        "x-forwarded-for": "172.26.0.1",
        "x-forwarded-proto": "https",
        "sec-ch-ua": "\"Google Chrome\";v=\"125\", \"Chromium\";v=\"125\", \"Not.A/Brand\";v=\"24\"",
        "accept": "application/json",
        "sec-ch-ua-mobile": "?0",
        "user-agent": "Mozilla/5.0 (X11; Linux x86_64) AppleWebKit/537.36 (KHTML, like Gecko) Chrome/125.0.0.0 Safari/537.36",
        "sec-ch-ua-platform": "\"Linux\"",
        "sec-fetch-site": "same-origin",
        "sec-fetch-mode": "cors",
        "sec-fetch-dest": "empty",
        "referer": "https://c1r6p9.42lehavre.fr:8443/en/dashboard",
        "accept-encoding": "gzip, deflate, br, zstd",
        "accept-language": "en-US,en;q=0.9",
        "cookie": "Next-Locale=en; token=eyJhbGciOiJIUzI1NiIsInR5cCI6IkpXVCJ9.eyJpZCI6MiwidXNlcm5hbWUiOiJyb2JpbnJycnIiLCJpYXQiOjE3NTA0MzQ5MTV9.UNAvMud2bQYf5ogThglFxXKMCyswOaFRhmCK6-reXMg"
      }
    }
INFO [20-06-2025 15:55:17]: request completed
    reqId: "req-1c"
    res: {
      "statusCode": 200
    }
    responseTime: 4.185917001217604
INFO [20-06-2025 15:55:17]: request completed
    reqId: "req-1d"
    res: {
      "statusCode": 200
    }
    responseTime: 3.5532140005379915
INFO [20-06-2025 15:55:17]: incoming request
    reqId: "req-1e"
    req: {
      "method": "GET",
      "url": "/friends",
      "ip": "172.26.0.5",
      "headers": {
        "connection": "upgrade",
        "host": "c1r6p9.42lehavre.fr",
        "x-real-ip": "172.26.0.1",
        "x-forwarded-for": "172.26.0.1",
        "x-forwarded-proto": "https",
        "sec-ch-ua": "\"Google Chrome\";v=\"125\", \"Chromium\";v=\"125\", \"Not.A/Brand\";v=\"24\"",
        "sec-ch-ua-mobile": "?0",
        "user-agent": "Mozilla/5.0 (X11; Linux x86_64) AppleWebKit/537.36 (KHTML, like Gecko) Chrome/125.0.0.0 Safari/537.36",
        "sec-ch-ua-platform": "\"Linux\"",
        "accept": "*/*",
        "sec-fetch-site": "same-origin",
        "sec-fetch-mode": "cors",
        "sec-fetch-dest": "empty",
        "referer": "https://c1r6p9.42lehavre.fr:8443/en/dashboard",
        "accept-encoding": "gzip, deflate, br, zstd",
        "accept-language": "en-US,en;q=0.9",
        "cookie": "Next-Locale=en; token=eyJhbGciOiJIUzI1NiIsInR5cCI6IkpXVCJ9.eyJpZCI6MiwidXNlcm5hbWUiOiJyb2JpbnJycnIiLCJpYXQiOjE3NTA0MzQ5MTV9.UNAvMud2bQYf5ogThglFxXKMCyswOaFRhmCK6-reXMg"
      }
    }
INFO [20-06-2025 15:55:17]: incoming request
    reqId: "req-1f"
    req: {
      "method": "GET",
      "url": "/chat/receive/private",
      "ip": "172.26.0.5",
      "headers": {
        "connection": "upgrade",
        "host": "c1r6p9.42lehavre.fr",
        "x-real-ip": "172.26.0.1",
        "x-forwarded-for": "172.26.0.1",
        "x-forwarded-proto": "https",
        "sec-ch-ua": "\"Google Chrome\";v=\"125\", \"Chromium\";v=\"125\", \"Not.A/Brand\";v=\"24\"",
        "content-type": "application/json",
        "sec-ch-ua-mobile": "?0",
        "authorization": "Bearer null",
        "user-agent": "Mozilla/5.0 (X11; Linux x86_64) AppleWebKit/537.36 (KHTML, like Gecko) Chrome/125.0.0.0 Safari/537.36",
        "sec-ch-ua-platform": "\"Linux\"",
        "accept": "*/*",
        "sec-fetch-site": "same-origin",
        "sec-fetch-mode": "cors",
        "sec-fetch-dest": "empty",
        "referer": "https://c1r6p9.42lehavre.fr:8443/en/dashboard",
        "accept-encoding": "gzip, deflate, br, zstd",
        "accept-language": "en-US,en;q=0.9",
        "cookie": "Next-Locale=en; token=eyJhbGciOiJIUzI1NiIsInR5cCI6IkpXVCJ9.eyJpZCI6MiwidXNlcm5hbWUiOiJyb2JpbnJycnIiLCJpYXQiOjE3NTA0MzQ5MTV9.UNAvMud2bQYf5ogThglFxXKMCyswOaFRhmCK6-reXMg"
      }
    }
INFO [20-06-2025 15:55:17]: incoming request
    reqId: "req-1g"
    req: {
      "method": "GET",
      "url": "/profile/me",
      "ip": "172.26.0.5",
      "headers": {
        "connection": "upgrade",
        "host": "c1r6p9.42lehavre.fr",
        "x-real-ip": "172.26.0.1",
        "x-forwarded-for": "172.26.0.1",
        "x-forwarded-proto": "https",
        "sec-ch-ua": "\"Google Chrome\";v=\"125\", \"Chromium\";v=\"125\", \"Not.A/Brand\";v=\"24\"",
        "accept": "application/json",
        "sec-ch-ua-mobile": "?0",
        "user-agent": "Mozilla/5.0 (X11; Linux x86_64) AppleWebKit/537.36 (KHTML, like Gecko) Chrome/125.0.0.0 Safari/537.36",
        "sec-ch-ua-platform": "\"Linux\"",
        "sec-fetch-site": "same-origin",
        "sec-fetch-mode": "cors",
        "sec-fetch-dest": "empty",
        "referer": "https://c1r6p9.42lehavre.fr:8443/en/dashboard",
        "accept-encoding": "gzip, deflate, br, zstd",
        "accept-language": "en-US,en;q=0.9",
        "cookie": "Next-Locale=en; token=eyJhbGciOiJIUzI1NiIsInR5cCI6IkpXVCJ9.eyJpZCI6MiwidXNlcm5hbWUiOiJyb2JpbnJycnIiLCJpYXQiOjE3NTA0MzQ5MTV9.UNAvMud2bQYf5ogThglFxXKMCyswOaFRhmCK6-reXMg"
      }
    }
INFO [20-06-2025 15:55:17]: request completed
    reqId: "req-1g"
    res: {
      "statusCode": 200
    }
    responseTime: 1.0420420002192259
INFO [20-06-2025 15:55:17]: request completed
    reqId: "req-1e"
    res: {
      "statusCode": 200
    }
    responseTime: 5.210098000243306
INFO [20-06-2025 15:55:17]: request completed
    reqId: "req-1f"
    res: {
      "statusCode": 200
    }
    responseTime: 2.8361459989100695
INFO [20-06-2025 15:55:17]: incoming request
    reqId: "req-1h"
    req: {
      "method": "GET",
      "url": "/profile/me",
      "ip": "172.26.0.5",
      "headers": {
        "connection": "upgrade",
        "host": "c1r6p9.42lehavre.fr",
        "x-real-ip": "172.26.0.1",
        "x-forwarded-for": "172.26.0.1",
        "x-forwarded-proto": "https",
        "sec-ch-ua": "\"Google Chrome\";v=\"125\", \"Chromium\";v=\"125\", \"Not.A/Brand\";v=\"24\"",
        "accept": "application/json",
        "sec-ch-ua-mobile": "?0",
        "user-agent": "Mozilla/5.0 (X11; Linux x86_64) AppleWebKit/537.36 (KHTML, like Gecko) Chrome/125.0.0.0 Safari/537.36",
        "sec-ch-ua-platform": "\"Linux\"",
        "sec-fetch-site": "same-origin",
        "sec-fetch-mode": "cors",
        "sec-fetch-dest": "empty",
        "referer": "https://c1r6p9.42lehavre.fr:8443/en/dashboard",
        "accept-encoding": "gzip, deflate, br, zstd",
        "accept-language": "en-US,en;q=0.9",
        "cookie": "Next-Locale=en; token=eyJhbGciOiJIUzI1NiIsInR5cCI6IkpXVCJ9.eyJpZCI6MiwidXNlcm5hbWUiOiJyb2JpbnJycnIiLCJpYXQiOjE3NTA0MzQ5MTV9.UNAvMud2bQYf5ogThglFxXKMCyswOaFRhmCK6-reXMg"
      }
    }
INFO [20-06-2025 15:55:17]: request completed
    reqId: "req-1h"
    res: {
      "statusCode": 200
    }
    responseTime: 2.2202250007539988
INFO [20-06-2025 15:55:17]: incoming request
    reqId: "req-1i"
    req: {
      "method": "GET",
      "url": "/friends/pending",
      "ip": "172.26.0.5",
      "headers": {
        "connection": "upgrade",
        "host": "c1r6p9.42lehavre.fr",
        "x-real-ip": "172.26.0.1",
        "x-forwarded-for": "172.26.0.1",
        "x-forwarded-proto": "https",
        "sec-ch-ua": "\"Google Chrome\";v=\"125\", \"Chromium\";v=\"125\", \"Not.A/Brand\";v=\"24\"",
        "sec-ch-ua-mobile": "?0",
        "user-agent": "Mozilla/5.0 (X11; Linux x86_64) AppleWebKit/537.36 (KHTML, like Gecko) Chrome/125.0.0.0 Safari/537.36",
        "sec-ch-ua-platform": "\"Linux\"",
        "accept": "*/*",
        "sec-fetch-site": "same-origin",
        "sec-fetch-mode": "cors",
        "sec-fetch-dest": "empty",
        "referer": "https://c1r6p9.42lehavre.fr:8443/en/dashboard",
        "accept-encoding": "gzip, deflate, br, zstd",
        "accept-language": "en-US,en;q=0.9",
        "cookie": "Next-Locale=en; token=eyJhbGciOiJIUzI1NiIsInR5cCI6IkpXVCJ9.eyJpZCI6MiwidXNlcm5hbWUiOiJyb2JpbnJycnIiLCJpYXQiOjE3NTA0MzQ5MTV9.UNAvMud2bQYf5ogThglFxXKMCyswOaFRhmCK6-reXMg"
      }
    }
INFO [20-06-2025 15:55:17]: request completed
    reqId: "req-1i"
    res: {
      "statusCode": 200
    }
    responseTime: 4.020148999989033
INFO [20-06-2025 15:55:17]: incoming request
    reqId: "req-1j"
    req: {
      "method": "GET",
      "url": "/friends/pending",
      "ip": "172.26.0.5",
      "headers": {
        "connection": "upgrade",
        "host": "c1r6p9.42lehavre.fr",
        "x-real-ip": "172.26.0.1",
        "x-forwarded-for": "172.26.0.1",
        "x-forwarded-proto": "https",
        "sec-ch-ua": "\"Google Chrome\";v=\"125\", \"Chromium\";v=\"125\", \"Not.A/Brand\";v=\"24\"",
        "sec-ch-ua-mobile": "?0",
        "user-agent": "Mozilla/5.0 (X11; Linux x86_64) AppleWebKit/537.36 (KHTML, like Gecko) Chrome/125.0.0.0 Safari/537.36",
        "sec-ch-ua-platform": "\"Linux\"",
        "accept": "*/*",
        "sec-fetch-site": "same-origin",
        "sec-fetch-mode": "cors",
        "sec-fetch-dest": "empty",
        "referer": "https://c1r6p9.42lehavre.fr:8443/en/dashboard",
        "accept-encoding": "gzip, deflate, br, zstd",
        "accept-language": "en-US,en;q=0.9",
        "cookie": "Next-Locale=en; token=eyJhbGciOiJIUzI1NiIsInR5cCI6IkpXVCJ9.eyJpZCI6MiwidXNlcm5hbWUiOiJyb2JpbnJycnIiLCJpYXQiOjE3NTA0MzQ5MTV9.UNAvMud2bQYf5ogThglFxXKMCyswOaFRhmCK6-reXMg"
      }
    }
INFO [20-06-2025 15:55:17]: request completed
    reqId: "req-1j"
    res: {
      "statusCode": 200
    }
    responseTime: 5.675338000059128
