=============================================
Server Log - 2025-06-20T12:05:19.333Z
Version: 1.0.0
Node: v18.20.3
Platform: linux
=============================================

INFO [20-06-2025 12:05:20]: Server listening at https://127.0.0.1:3001
INFO [20-06-2025 12:05:20]: Server listening at https://172.18.0.3:3001
INFO [20-06-2025 12:06:40]: incoming request
    reqId: "req-1"
    req: {
      "method": "GET",
      "url": "/",
      "ip": "172.18.0.1",
      "headers": {
        "host": "c2r7p6.42lehavre.fr:3001",
        "user-agent": "Mozilla/5.0 (X11; Linux x86_64; rv:139.0) Gecko/20100101 Firefox/139.0",
        "accept": "text/html,application/xhtml+xml,application/xml;q=0.9,*/*;q=0.8",
        "accept-language": "en-US,en;q=0.5",
        "accept-encoding": "gzip, deflate, br, zstd",
        "connection": "keep-alive",
        "cookie": "Next-Locale=en",
        "upgrade-insecure-requests": "1",
        "sec-fetch-dest": "document",
        "sec-fetch-mode": "navigate",
        "sec-fetch-site": "none",
        "sec-fetch-user": "?1",
        "priority": "u=0, i"
      }
    }
INFO [20-06-2025 12:06:40]: Route GET:/ not found
    reqId: "req-1"
INFO [20-06-2025 12:06:40]: request completed
    reqId: "req-1"
    res: {
      "statusCode": 404
    }
    responseTime: 3.1039690002799034
INFO [20-06-2025 12:06:40]: incoming request
    reqId: "req-2"
    req: {
      "method": "GET",
      "url": "/favicon.ico",
      "ip": "172.18.0.1",
      "headers": {
        "host": "c2r7p6.42lehavre.fr:3001",
        "user-agent": "Mozilla/5.0 (X11; Linux x86_64; rv:139.0) Gecko/20100101 Firefox/139.0",
        "accept": "image/avif,image/webp,image/png,image/svg+xml,image/*;q=0.8,*/*;q=0.5",
        "accept-language": "en-US,en;q=0.5",
        "accept-encoding": "gzip, deflate, br, zstd",
        "connection": "keep-alive",
        "referer": "https://c2r7p6.42lehavre.fr:3001/",
        "sec-fetch-dest": "image",
        "sec-fetch-mode": "no-cors",
        "sec-fetch-site": "cross-site",
        "priority": "u=6"
      }
    }
INFO [20-06-2025 12:06:40]: Route GET:/favicon.ico not found
    reqId: "req-2"
INFO [20-06-2025 12:06:40]: request completed
    reqId: "req-2"
    res: {
      "statusCode": 404
    }
    responseTime: 0.2812329977750778
INFO [20-06-2025 12:07:08]: incoming request
    reqId: "req-3"
    req: {
      "method": "POST",
      "url": "/auth/register",
      "ip": "172.18.0.5",
      "headers": {
        "connection": "upgrade",
        "host": "c2r7p6.42lehavre.fr",
        "x-real-ip": "172.18.0.1",
        "x-forwarded-for": "172.18.0.1",
        "x-forwarded-proto": "https",
        "content-length": "78",
        "user-agent": "Mozilla/5.0 (X11; Linux x86_64; rv:139.0) Gecko/20100101 Firefox/139.0",
        "accept": "*/*",
        "accept-language": "en-US,en;q=0.5",
        "accept-encoding": "gzip, deflate, br, zstd",
        "referer": "https://c2r7p6.42lehavre.fr:8443/en/auth",
        "content-type": "application/json",
        "origin": "https://c2r7p6.42lehavre.fr:8443",
        "cookie": "Next-Locale=en",
        "sec-fetch-dest": "empty",
        "sec-fetch-mode": "cors",
        "sec-fetch-site": "same-origin",
        "priority": "u=0"
      }
    }
INFO [20-06-2025 12:07:09]: request completed
    reqId: "req-3"
    res: {
      "statusCode": 201
    }
    responseTime: 965.4373320043087
INFO [20-06-2025 12:07:19]: incoming request
    reqId: "req-4"
    req: {
      "method": "POST",
      "url": "/auth/register/2fa/verify",
      "ip": "172.18.0.5",
      "headers": {
        "connection": "upgrade",
        "host": "c2r7p6.42lehavre.fr",
        "x-real-ip": "172.18.0.1",
        "x-forwarded-for": "172.18.0.1",
        "x-forwarded-proto": "https",
        "content-length": "49",
        "user-agent": "Mozilla/5.0 (X11; Linux x86_64; rv:139.0) Gecko/20100101 Firefox/139.0",
        "accept": "*/*",
        "accept-language": "en-US,en;q=0.5",
        "accept-encoding": "gzip, deflate, br, zstd",
        "referer": "https://c2r7p6.42lehavre.fr:8443/en/auth",
        "content-type": "application/json",
        "origin": "https://c2r7p6.42lehavre.fr:8443",
        "cookie": "Next-Locale=en",
        "sec-fetch-dest": "empty",
        "sec-fetch-mode": "cors",
        "sec-fetch-site": "same-origin",
        "priority": "u=0"
      }
    }
INFO [20-06-2025 12:07:19]: request completed
    reqId: "req-4"
    res: {
      "statusCode": 200
    }
    responseTime: 200.80972199887037
INFO [20-06-2025 12:07:23]: incoming request
    reqId: "req-5"
    req: {
      "method": "GET",
      "url": "/chat/receive/private",
      "ip": "172.18.0.5",
      "headers": {
        "connection": "upgrade",
        "host": "c2r7p6.42lehavre.fr",
        "x-real-ip": "172.18.0.1",
        "x-forwarded-for": "172.18.0.1",
        "x-forwarded-proto": "https",
        "user-agent": "Mozilla/5.0 (X11; Linux x86_64; rv:139.0) Gecko/20100101 Firefox/139.0",
        "accept": "*/*",
        "accept-language": "en-US,en;q=0.5",
        "accept-encoding": "gzip, deflate, br, zstd",
        "referer": "https://c2r7p6.42lehavre.fr:8443/en/dashboard",
        "content-type": "application/json",
        "authorization": "Bearer eyJhbGciOiJIUzI1NiIsInR5cCI6IkpXVCJ9.eyJpZCI6MSwiZW1haWwiOiJyb2JpbmJ0MjAwNEBnbWFpbC5jb20iLCJ1c2VybmFtZSI6InJvYmluIiwiYmlvIjoi8J-RkCBIZWxsbyBpJ20gbmV3IGhlcmUiLCJpYXQiOjE3NTA0MjEyMzl9.NPTuzuZadjc89KM1TaF6sTSWlHEfUJ4Hcby1_e2suL0",
        "cookie": "Next-Locale=en",
        "sec-fetch-dest": "empty",
        "sec-fetch-mode": "cors",
        "sec-fetch-site": "same-origin",
        "priority": "u=4"
      }
    }
INFO [20-06-2025 12:07:23]: incoming request
    reqId: "req-6"
    req: {
      "method": "GET",
      "url": "/chat/receive/private",
      "ip": "172.18.0.5",
      "headers": {
        "connection": "upgrade",
        "host": "c2r7p6.42lehavre.fr",
        "x-real-ip": "172.18.0.1",
        "x-forwarded-for": "172.18.0.1",
        "x-forwarded-proto": "https",
        "user-agent": "Mozilla/5.0 (X11; Linux x86_64; rv:139.0) Gecko/20100101 Firefox/139.0",
        "accept": "*/*",
        "accept-language": "en-US,en;q=0.5",
        "accept-encoding": "gzip, deflate, br, zstd",
        "referer": "https://c2r7p6.42lehavre.fr:8443/en/dashboard",
        "content-type": "application/json",
        "authorization": "Bearer eyJhbGciOiJIUzI1NiIsInR5cCI6IkpXVCJ9.eyJpZCI6MSwiZW1haWwiOiJyb2JpbmJ0MjAwNEBnbWFpbC5jb20iLCJ1c2VybmFtZSI6InJvYmluIiwiYmlvIjoi8J-RkCBIZWxsbyBpJ20gbmV3IGhlcmUiLCJpYXQiOjE3NTA0MjEyMzl9.NPTuzuZadjc89KM1TaF6sTSWlHEfUJ4Hcby1_e2suL0",
        "cookie": "Next-Locale=en",
        "sec-fetch-dest": "empty",
        "sec-fetch-mode": "cors",
        "sec-fetch-site": "same-origin",
        "priority": "u=4"
      }
    }
INFO [20-06-2025 12:07:23]: request completed
    reqId: "req-6"
    res: {
      "statusCode": 200
    }
    responseTime: 23.93460799753666
INFO [20-06-2025 12:07:23]: request completed
    reqId: "req-5"
    res: {
      "statusCode": 200
    }
    responseTime: 31.38951600342989
INFO [20-06-2025 12:07:26]: incoming request
    reqId: "req-7"
    req: {
      "method": "GET",
      "url": "/chat/receive/private",
      "ip": "172.18.0.5",
      "headers": {
        "connection": "upgrade",
        "host": "c2r7p6.42lehavre.fr",
        "x-real-ip": "172.18.0.1",
        "x-forwarded-for": "172.18.0.1",
        "x-forwarded-proto": "https",
        "user-agent": "Mozilla/5.0 (X11; Linux x86_64; rv:139.0) Gecko/20100101 Firefox/139.0",
        "accept": "*/*",
        "accept-language": "en-US,en;q=0.5",
        "accept-encoding": "gzip, deflate, br, zstd",
        "referer": "https://c2r7p6.42lehavre.fr:8443/en/dashboard",
        "content-type": "application/json",
        "authorization": "Bearer eyJhbGciOiJIUzI1NiIsInR5cCI6IkpXVCJ9.eyJpZCI6MSwiZW1haWwiOiJyb2JpbmJ0MjAwNEBnbWFpbC5jb20iLCJ1c2VybmFtZSI6InJvYmluIiwiYmlvIjoi8J-RkCBIZWxsbyBpJ20gbmV3IGhlcmUiLCJpYXQiOjE3NTA0MjEyMzl9.NPTuzuZadjc89KM1TaF6sTSWlHEfUJ4Hcby1_e2suL0",
        "cookie": "Next-Locale=en",
        "sec-fetch-dest": "empty",
        "sec-fetch-mode": "cors",
        "sec-fetch-site": "same-origin",
        "priority": "u=0"
      }
    }
INFO [20-06-2025 12:07:26]: incoming request
    reqId: "req-8"
    req: {
      "method": "GET",
      "url": "/chat/receive/private",
      "ip": "172.18.0.5",
      "headers": {
        "connection": "upgrade",
        "host": "c2r7p6.42lehavre.fr",
        "x-real-ip": "172.18.0.1",
        "x-forwarded-for": "172.18.0.1",
        "x-forwarded-proto": "https",
        "user-agent": "Mozilla/5.0 (X11; Linux x86_64; rv:139.0) Gecko/20100101 Firefox/139.0",
        "accept": "*/*",
        "accept-language": "en-US,en;q=0.5",
        "accept-encoding": "gzip, deflate, br, zstd",
        "referer": "https://c2r7p6.42lehavre.fr:8443/en/dashboard",
        "content-type": "application/json",
        "authorization": "Bearer eyJhbGciOiJIUzI1NiIsInR5cCI6IkpXVCJ9.eyJpZCI6MSwiZW1haWwiOiJyb2JpbmJ0MjAwNEBnbWFpbC5jb20iLCJ1c2VybmFtZSI6InJvYmluIiwiYmlvIjoi8J-RkCBIZWxsbyBpJ20gbmV3IGhlcmUiLCJpYXQiOjE3NTA0MjEyMzl9.NPTuzuZadjc89KM1TaF6sTSWlHEfUJ4Hcby1_e2suL0",
        "cookie": "Next-Locale=en",
        "sec-fetch-dest": "empty",
        "sec-fetch-mode": "cors",
        "sec-fetch-site": "same-origin",
        "priority": "u=0"
      }
    }
INFO [20-06-2025 12:07:26]: request completed
    reqId: "req-7"
    res: {
      "statusCode": 200
    }
    responseTime: 3.2606990039348602
INFO [20-06-2025 12:07:26]: request completed
    reqId: "req-8"
    res: {
      "statusCode": 200
    }
    responseTime: 2.111966997385025
INFO [20-06-2025 12:07:26]: incoming request
    reqId: "req-9"
    req: {
      "method": "GET",
      "url": "/chat/receive/private",
      "ip": "172.18.0.5",
      "headers": {
        "connection": "upgrade",
        "host": "c2r7p6.42lehavre.fr",
        "x-real-ip": "172.18.0.1",
        "x-forwarded-for": "172.18.0.1",
        "x-forwarded-proto": "https",
        "user-agent": "Mozilla/5.0 (X11; Linux x86_64; rv:139.0) Gecko/20100101 Firefox/139.0",
        "accept": "*/*",
        "accept-language": "en-US,en;q=0.5",
        "accept-encoding": "gzip, deflate, br, zstd",
        "referer": "https://c2r7p6.42lehavre.fr:8443/en/dashboard",
        "content-type": "application/json",
        "authorization": "Bearer eyJhbGciOiJIUzI1NiIsInR5cCI6IkpXVCJ9.eyJpZCI6MSwiZW1haWwiOiJyb2JpbmJ0MjAwNEBnbWFpbC5jb20iLCJ1c2VybmFtZSI6InJvYmluIiwiYmlvIjoi8J-RkCBIZWxsbyBpJ20gbmV3IGhlcmUiLCJpYXQiOjE3NTA0MjEyMzl9.NPTuzuZadjc89KM1TaF6sTSWlHEfUJ4Hcby1_e2suL0",
        "cookie": "Next-Locale=en",
        "sec-fetch-dest": "empty",
        "sec-fetch-mode": "cors",
        "sec-fetch-site": "same-origin",
        "priority": "u=0"
      }
    }
INFO [20-06-2025 12:07:26]: incoming request
    reqId: "req-a"
    req: {
      "method": "GET",
      "url": "/chat/receive/private",
      "ip": "172.18.0.5",
      "headers": {
        "connection": "upgrade",
        "host": "c2r7p6.42lehavre.fr",
        "x-real-ip": "172.18.0.1",
        "x-forwarded-for": "172.18.0.1",
        "x-forwarded-proto": "https",
        "user-agent": "Mozilla/5.0 (X11; Linux x86_64; rv:139.0) Gecko/20100101 Firefox/139.0",
        "accept": "*/*",
        "accept-language": "en-US,en;q=0.5",
        "accept-encoding": "gzip, deflate, br, zstd",
        "referer": "https://c2r7p6.42lehavre.fr:8443/en/dashboard",
        "content-type": "application/json",
        "authorization": "Bearer eyJhbGciOiJIUzI1NiIsInR5cCI6IkpXVCJ9.eyJpZCI6MSwiZW1haWwiOiJyb2JpbmJ0MjAwNEBnbWFpbC5jb20iLCJ1c2VybmFtZSI6InJvYmluIiwiYmlvIjoi8J-RkCBIZWxsbyBpJ20gbmV3IGhlcmUiLCJpYXQiOjE3NTA0MjEyMzl9.NPTuzuZadjc89KM1TaF6sTSWlHEfUJ4Hcby1_e2suL0",
        "cookie": "Next-Locale=en",
        "sec-fetch-dest": "empty",
        "sec-fetch-mode": "cors",
        "sec-fetch-site": "same-origin",
        "priority": "u=0"
      }
    }
INFO [20-06-2025 12:07:26]: request completed
    reqId: "req-9"
    res: {
      "statusCode": 200
    }
    responseTime: 4.691262997686863
INFO [20-06-2025 12:07:26]: request completed
    reqId: "req-a"
    res: {
      "statusCode": 200
    }
    responseTime: 3.6438309997320175
INFO [20-06-2025 12:07:27]: incoming request
    reqId: "req-b"
    req: {
      "method": "GET",
      "url": "/chat/receive/private",
      "ip": "172.18.0.5",
      "headers": {
        "connection": "upgrade",
        "host": "c2r7p6.42lehavre.fr",
        "x-real-ip": "172.18.0.1",
        "x-forwarded-for": "172.18.0.1",
        "x-forwarded-proto": "https",
        "user-agent": "Mozilla/5.0 (X11; Linux x86_64; rv:139.0) Gecko/20100101 Firefox/139.0",
        "accept": "*/*",
        "accept-language": "en-US,en;q=0.5",
        "accept-encoding": "gzip, deflate, br, zstd",
        "referer": "https://c2r7p6.42lehavre.fr:8443/en/dashboard",
        "content-type": "application/json",
        "authorization": "Bearer eyJhbGciOiJIUzI1NiIsInR5cCI6IkpXVCJ9.eyJpZCI6MSwiZW1haWwiOiJyb2JpbmJ0MjAwNEBnbWFpbC5jb20iLCJ1c2VybmFtZSI6InJvYmluIiwiYmlvIjoi8J-RkCBIZWxsbyBpJ20gbmV3IGhlcmUiLCJpYXQiOjE3NTA0MjEyMzl9.NPTuzuZadjc89KM1TaF6sTSWlHEfUJ4Hcby1_e2suL0",
        "cookie": "Next-Locale=en",
        "sec-fetch-dest": "empty",
        "sec-fetch-mode": "cors",
        "sec-fetch-site": "same-origin",
        "priority": "u=0"
      }
    }
INFO [20-06-2025 12:07:27]: incoming request
    reqId: "req-c"
    req: {
      "method": "GET",
      "url": "/chat/receive/private",
      "ip": "172.18.0.5",
      "headers": {
        "connection": "upgrade",
        "host": "c2r7p6.42lehavre.fr",
        "x-real-ip": "172.18.0.1",
        "x-forwarded-for": "172.18.0.1",
        "x-forwarded-proto": "https",
        "user-agent": "Mozilla/5.0 (X11; Linux x86_64; rv:139.0) Gecko/20100101 Firefox/139.0",
        "accept": "*/*",
        "accept-language": "en-US,en;q=0.5",
        "accept-encoding": "gzip, deflate, br, zstd",
        "referer": "https://c2r7p6.42lehavre.fr:8443/en/dashboard",
        "content-type": "application/json",
        "authorization": "Bearer eyJhbGciOiJIUzI1NiIsInR5cCI6IkpXVCJ9.eyJpZCI6MSwiZW1haWwiOiJyb2JpbmJ0MjAwNEBnbWFpbC5jb20iLCJ1c2VybmFtZSI6InJvYmluIiwiYmlvIjoi8J-RkCBIZWxsbyBpJ20gbmV3IGhlcmUiLCJpYXQiOjE3NTA0MjEyMzl9.NPTuzuZadjc89KM1TaF6sTSWlHEfUJ4Hcby1_e2suL0",
        "cookie": "Next-Locale=en",
        "sec-fetch-dest": "empty",
        "sec-fetch-mode": "cors",
        "sec-fetch-site": "same-origin",
        "priority": "u=0"
      }
    }
INFO [20-06-2025 12:07:27]: request completed
    reqId: "req-b"
    res: {
      "statusCode": 200
    }
    responseTime: 3.400889001786709
INFO [20-06-2025 12:07:27]: request completed
    reqId: "req-c"
    res: {
      "statusCode": 200
    }
    responseTime: 3.17849700152874
INFO [20-06-2025 12:07:27]: incoming request
    reqId: "req-d"
    req: {
      "method": "GET",
      "url": "/chat/receive/private",
      "ip": "172.18.0.5",
      "headers": {
        "connection": "upgrade",
        "host": "c2r7p6.42lehavre.fr",
        "x-real-ip": "172.18.0.1",
        "x-forwarded-for": "172.18.0.1",
        "x-forwarded-proto": "https",
        "user-agent": "Mozilla/5.0 (X11; Linux x86_64; rv:139.0) Gecko/20100101 Firefox/139.0",
        "accept": "*/*",
        "accept-language": "en-US,en;q=0.5",
        "accept-encoding": "gzip, deflate, br, zstd",
        "referer": "https://c2r7p6.42lehavre.fr:8443/en/dashboard",
        "content-type": "application/json",
        "authorization": "Bearer eyJhbGciOiJIUzI1NiIsInR5cCI6IkpXVCJ9.eyJpZCI6MSwiZW1haWwiOiJyb2JpbmJ0MjAwNEBnbWFpbC5jb20iLCJ1c2VybmFtZSI6InJvYmluIiwiYmlvIjoi8J-RkCBIZWxsbyBpJ20gbmV3IGhlcmUiLCJpYXQiOjE3NTA0MjEyMzl9.NPTuzuZadjc89KM1TaF6sTSWlHEfUJ4Hcby1_e2suL0",
        "cookie": "Next-Locale=en",
        "sec-fetch-dest": "empty",
        "sec-fetch-mode": "cors",
        "sec-fetch-site": "same-origin",
        "priority": "u=0"
      }
    }
INFO [20-06-2025 12:07:27]: incoming request
    reqId: "req-e"
    req: {
      "method": "GET",
      "url": "/chat/receive/private",
      "ip": "172.18.0.5",
      "headers": {
        "connection": "upgrade",
        "host": "c2r7p6.42lehavre.fr",
        "x-real-ip": "172.18.0.1",
        "x-forwarded-for": "172.18.0.1",
        "x-forwarded-proto": "https",
        "user-agent": "Mozilla/5.0 (X11; Linux x86_64; rv:139.0) Gecko/20100101 Firefox/139.0",
        "accept": "*/*",
        "accept-language": "en-US,en;q=0.5",
        "accept-encoding": "gzip, deflate, br, zstd",
        "referer": "https://c2r7p6.42lehavre.fr:8443/en/dashboard",
        "content-type": "application/json",
        "authorization": "Bearer eyJhbGciOiJIUzI1NiIsInR5cCI6IkpXVCJ9.eyJpZCI6MSwiZW1haWwiOiJyb2JpbmJ0MjAwNEBnbWFpbC5jb20iLCJ1c2VybmFtZSI6InJvYmluIiwiYmlvIjoi8J-RkCBIZWxsbyBpJ20gbmV3IGhlcmUiLCJpYXQiOjE3NTA0MjEyMzl9.NPTuzuZadjc89KM1TaF6sTSWlHEfUJ4Hcby1_e2suL0",
        "cookie": "Next-Locale=en",
        "sec-fetch-dest": "empty",
        "sec-fetch-mode": "cors",
        "sec-fetch-site": "same-origin",
        "priority": "u=0"
      }
    }
INFO [20-06-2025 12:07:27]: request completed
    reqId: "req-d"
    res: {
      "statusCode": 200
    }
    responseTime: 4.169449999928474
INFO [20-06-2025 12:07:27]: request completed
    reqId: "req-e"
    res: {
      "statusCode": 200
    }
    responseTime: 2.858064003288746
INFO [20-06-2025 12:07:39]: incoming request
    reqId: "req-f"
    req: {
      "method": "GET",
      "url": "/chat/receive/private",
      "ip": "172.18.0.5",
      "headers": {
        "connection": "upgrade",
        "host": "c2r7p6.42lehavre.fr",
        "x-real-ip": "172.18.0.1",
        "x-forwarded-for": "172.18.0.1",
        "x-forwarded-proto": "https",
        "user-agent": "Mozilla/5.0 (X11; Linux x86_64; rv:139.0) Gecko/20100101 Firefox/139.0",
        "accept": "*/*",
        "accept-language": "en-US,en;q=0.5",
        "accept-encoding": "gzip, deflate, br, zstd",
        "referer": "https://c2r7p6.42lehavre.fr:8443/en/dashboard",
        "content-type": "application/json",
        "authorization": "Bearer eyJhbGciOiJIUzI1NiIsInR5cCI6IkpXVCJ9.eyJpZCI6MSwiZW1haWwiOiJyb2JpbmJ0MjAwNEBnbWFpbC5jb20iLCJ1c2VybmFtZSI6InJvYmluIiwiYmlvIjoi8J-RkCBIZWxsbyBpJ20gbmV3IGhlcmUiLCJpYXQiOjE3NTA0MjEyMzl9.NPTuzuZadjc89KM1TaF6sTSWlHEfUJ4Hcby1_e2suL0",
        "cookie": "Next-Locale=en",
        "sec-fetch-dest": "empty",
        "sec-fetch-mode": "cors",
        "sec-fetch-site": "same-origin",
        "priority": "u=4"
      }
    }
INFO [20-06-2025 12:07:39]: request completed
    reqId: "req-f"
    res: {
      "statusCode": 200
    }
    responseTime: 2.910614997148514
INFO [20-06-2025 12:07:39]: incoming request
    reqId: "req-g"
    req: {
      "method": "GET",
      "url": "/chat/receive/private",
      "ip": "172.18.0.5",
      "headers": {
        "connection": "upgrade",
        "host": "c2r7p6.42lehavre.fr",
        "x-real-ip": "172.18.0.1",
        "x-forwarded-for": "172.18.0.1",
        "x-forwarded-proto": "https",
        "user-agent": "Mozilla/5.0 (X11; Linux x86_64; rv:139.0) Gecko/20100101 Firefox/139.0",
        "accept": "*/*",
        "accept-language": "en-US,en;q=0.5",
        "accept-encoding": "gzip, deflate, br, zstd",
        "referer": "https://c2r7p6.42lehavre.fr:8443/en/dashboard",
        "content-type": "application/json",
        "authorization": "Bearer eyJhbGciOiJIUzI1NiIsInR5cCI6IkpXVCJ9.eyJpZCI6MSwiZW1haWwiOiJyb2JpbmJ0MjAwNEBnbWFpbC5jb20iLCJ1c2VybmFtZSI6InJvYmluIiwiYmlvIjoi8J-RkCBIZWxsbyBpJ20gbmV3IGhlcmUiLCJpYXQiOjE3NTA0MjEyMzl9.NPTuzuZadjc89KM1TaF6sTSWlHEfUJ4Hcby1_e2suL0",
        "cookie": "Next-Locale=en",
        "sec-fetch-dest": "empty",
        "sec-fetch-mode": "cors",
        "sec-fetch-site": "same-origin",
        "priority": "u=4"
      }
    }
INFO [20-06-2025 12:07:39]: request completed
    reqId: "req-g"
    res: {
      "statusCode": 200
    }
    responseTime: 2.218027003109455
INFO [20-06-2025 12:08:01]: incoming request
    reqId: "req-h"
    req: {
      "method": "GET",
      "url": "/chat/receive/private",
      "ip": "172.18.0.5",
      "headers": {
        "connection": "upgrade",
        "host": "c2r7p6.42lehavre.fr",
        "x-real-ip": "172.18.0.1",
        "x-forwarded-for": "172.18.0.1",
        "x-forwarded-proto": "https",
        "sec-ch-ua-platform": "\"Linux\"",
        "authorization": "Bearer eyJhbGciOiJIUzI1NiIsInR5cCI6IkpXVCJ9.eyJpZCI6MSwiZW1haWwiOiJyb2JpbmJ0MjAwNEBnbWFpbC5jb20iLCJ1c2VybmFtZSI6InJvYmluIiwiYmlvIjoi8J-RkCBIZWxsbyBpJ20gbmV3IGhlcmUiLCJpYXQiOjE3NTAzNjA2MDR9.smMkPDP9xOmsimAnUfn-TWU8tNuhqzyOn4DvPOBUalM",
        "user-agent": "Mozilla/5.0 (X11; Linux x86_64) AppleWebKit/537.36 (KHTML, like Gecko) Chrome/137.0.0.0 Safari/537.36",
        "sec-ch-ua": "\"Google Chrome\";v=\"137\", \"Chromium\";v=\"137\", \"Not/A)Brand\";v=\"24\"",
        "content-type": "application/json",
        "sec-ch-ua-mobile": "?0",
        "accept": "*/*",
        "sec-fetch-site": "same-origin",
        "sec-fetch-mode": "cors",
        "sec-fetch-dest": "empty",
        "referer": "https://c2r7p6.42lehavre.fr:8443/en/dashboard",
        "accept-encoding": "gzip, deflate, br, zstd",
        "accept-language": "fr-FR,fr;q=0.9,en-US;q=0.8,en;q=0.7,sq;q=0.6",
        "cookie": "Next-Locale=en"
      }
    }
INFO [20-06-2025 12:08:01]: request completed
    reqId: "req-h"
    res: {
      "statusCode": 200
    }
    responseTime: 4.246208004653454
INFO [20-06-2025 12:08:01]: incoming request
    reqId: "req-i"
    req: {
      "method": "GET",
      "url": "/chat/receive/private",
      "ip": "172.18.0.5",
      "headers": {
        "connection": "upgrade",
        "host": "c2r7p6.42lehavre.fr",
        "x-real-ip": "172.18.0.1",
        "x-forwarded-for": "172.18.0.1",
        "x-forwarded-proto": "https",
        "sec-ch-ua-platform": "\"Linux\"",
        "authorization": "Bearer eyJhbGciOiJIUzI1NiIsInR5cCI6IkpXVCJ9.eyJpZCI6MSwiZW1haWwiOiJyb2JpbmJ0MjAwNEBnbWFpbC5jb20iLCJ1c2VybmFtZSI6InJvYmluIiwiYmlvIjoi8J-RkCBIZWxsbyBpJ20gbmV3IGhlcmUiLCJpYXQiOjE3NTAzNjA2MDR9.smMkPDP9xOmsimAnUfn-TWU8tNuhqzyOn4DvPOBUalM",
        "user-agent": "Mozilla/5.0 (X11; Linux x86_64) AppleWebKit/537.36 (KHTML, like Gecko) Chrome/137.0.0.0 Safari/537.36",
        "sec-ch-ua": "\"Google Chrome\";v=\"137\", \"Chromium\";v=\"137\", \"Not/A)Brand\";v=\"24\"",
        "content-type": "application/json",
        "sec-ch-ua-mobile": "?0",
        "accept": "*/*",
        "sec-fetch-site": "same-origin",
        "sec-fetch-mode": "cors",
        "sec-fetch-dest": "empty",
        "referer": "https://c2r7p6.42lehavre.fr:8443/en/dashboard",
        "accept-encoding": "gzip, deflate, br, zstd",
        "accept-language": "fr-FR,fr;q=0.9,en-US;q=0.8,en;q=0.7,sq;q=0.6",
        "cookie": "Next-Locale=en"
      }
    }
INFO [20-06-2025 12:08:01]: request completed
    reqId: "req-i"
    res: {
      "statusCode": 200
    }
    responseTime: 3.291083998978138
INFO [20-06-2025 12:08:01]: incoming request
    reqId: "req-j"
    req: {
      "method": "GET",
      "url": "/profile/me",
      "ip": "172.18.0.5",
      "headers": {
        "connection": "upgrade",
        "host": "c2r7p6.42lehavre.fr",
        "x-real-ip": "172.18.0.1",
        "x-forwarded-for": "172.18.0.1",
        "x-forwarded-proto": "https",
        "sec-ch-ua-platform": "\"Linux\"",
        "authorization": "Bearer eyJhbGciOiJIUzI1NiIsInR5cCI6IkpXVCJ9.eyJpZCI6MSwiZW1haWwiOiJyb2JpbmJ0MjAwNEBnbWFpbC5jb20iLCJ1c2VybmFtZSI6InJvYmluIiwiYmlvIjoi8J-RkCBIZWxsbyBpJ20gbmV3IGhlcmUiLCJpYXQiOjE3NTAzNjA2MDR9.smMkPDP9xOmsimAnUfn-TWU8tNuhqzyOn4DvPOBUalM",
        "user-agent": "Mozilla/5.0 (X11; Linux x86_64) AppleWebKit/537.36 (KHTML, like Gecko) Chrome/137.0.0.0 Safari/537.36",
        "sec-ch-ua": "\"Google Chrome\";v=\"137\", \"Chromium\";v=\"137\", \"Not/A)Brand\";v=\"24\"",
        "sec-ch-ua-mobile": "?0",
        "accept": "*/*",
        "sec-fetch-site": "same-origin",
        "sec-fetch-mode": "cors",
        "sec-fetch-dest": "empty",
        "referer": "https://c2r7p6.42lehavre.fr:8443/en/dashboard",
        "accept-encoding": "gzip, deflate, br, zstd",
        "accept-language": "fr-FR,fr;q=0.9,en-US;q=0.8,en;q=0.7,sq;q=0.6",
        "cookie": "Next-Locale=en"
      }
    }
INFO [20-06-2025 12:08:01]: incoming request
    reqId: "req-k"
    req: {
      "method": "GET",
      "url": "/friends",
      "ip": "172.18.0.5",
      "headers": {
        "connection": "upgrade",
        "host": "c2r7p6.42lehavre.fr",
        "x-real-ip": "172.18.0.1",
        "x-forwarded-for": "172.18.0.1",
        "x-forwarded-proto": "https",
        "sec-ch-ua-platform": "\"Linux\"",
        "authorization": "Bearer eyJhbGciOiJIUzI1NiIsInR5cCI6IkpXVCJ9.eyJpZCI6MSwiZW1haWwiOiJyb2JpbmJ0MjAwNEBnbWFpbC5jb20iLCJ1c2VybmFtZSI6InJvYmluIiwiYmlvIjoi8J-RkCBIZWxsbyBpJ20gbmV3IGhlcmUiLCJpYXQiOjE3NTAzNjA2MDR9.smMkPDP9xOmsimAnUfn-TWU8tNuhqzyOn4DvPOBUalM",
        "user-agent": "Mozilla/5.0 (X11; Linux x86_64) AppleWebKit/537.36 (KHTML, like Gecko) Chrome/137.0.0.0 Safari/537.36",
        "sec-ch-ua": "\"Google Chrome\";v=\"137\", \"Chromium\";v=\"137\", \"Not/A)Brand\";v=\"24\"",
        "sec-ch-ua-mobile": "?0",
        "accept": "*/*",
        "sec-fetch-site": "same-origin",
        "sec-fetch-mode": "cors",
        "sec-fetch-dest": "empty",
        "referer": "https://c2r7p6.42lehavre.fr:8443/en/dashboard",
        "accept-encoding": "gzip, deflate, br, zstd",
        "accept-language": "fr-FR,fr;q=0.9,en-US;q=0.8,en;q=0.7,sq;q=0.6",
        "cookie": "Next-Locale=en"
      }
    }
INFO [20-06-2025 12:08:02]: request completed
    reqId: "req-j"
    res: {
      "statusCode": 200
    }
    responseTime: 26.016205996274948
INFO [20-06-2025 12:08:02]: request completed
    reqId: "req-k"
    res: {
      "statusCode": 200
    }
    responseTime: 27.1078400015831
INFO [20-06-2025 12:08:02]: incoming request
    reqId: "req-l"
    req: {
      "method": "GET",
      "url": "/friends/pending",
      "ip": "172.18.0.5",
      "headers": {
        "connection": "upgrade",
        "host": "c2r7p6.42lehavre.fr",
        "x-real-ip": "172.18.0.1",
        "x-forwarded-for": "172.18.0.1",
        "x-forwarded-proto": "https",
        "sec-ch-ua-platform": "\"Linux\"",
        "authorization": "Bearer eyJhbGciOiJIUzI1NiIsInR5cCI6IkpXVCJ9.eyJpZCI6MSwiZW1haWwiOiJyb2JpbmJ0MjAwNEBnbWFpbC5jb20iLCJ1c2VybmFtZSI6InJvYmluIiwiYmlvIjoi8J-RkCBIZWxsbyBpJ20gbmV3IGhlcmUiLCJpYXQiOjE3NTAzNjA2MDR9.smMkPDP9xOmsimAnUfn-TWU8tNuhqzyOn4DvPOBUalM",
        "user-agent": "Mozilla/5.0 (X11; Linux x86_64) AppleWebKit/537.36 (KHTML, like Gecko) Chrome/137.0.0.0 Safari/537.36",
        "sec-ch-ua": "\"Google Chrome\";v=\"137\", \"Chromium\";v=\"137\", \"Not/A)Brand\";v=\"24\"",
        "sec-ch-ua-mobile": "?0",
        "accept": "*/*",
        "sec-fetch-site": "same-origin",
        "sec-fetch-mode": "cors",
        "sec-fetch-dest": "empty",
        "referer": "https://c2r7p6.42lehavre.fr:8443/en/dashboard",
        "accept-encoding": "gzip, deflate, br, zstd",
        "accept-language": "fr-FR,fr;q=0.9,en-US;q=0.8,en;q=0.7,sq;q=0.6",
        "cookie": "Next-Locale=en"
      }
    }
INFO [20-06-2025 12:08:02]: request completed
    reqId: "req-l"
    res: {
      "statusCode": 200
    }
    responseTime: 8.761737994849682
INFO [20-06-2025 12:09:08]: incoming request
    reqId: "req-m"
    req: {
      "method": "POST",
      "url": "/chat/create",
      "ip": "172.18.0.5",
      "headers": {
        "connection": "upgrade",
        "host": "c2r7p6.42lehavre.fr",
        "x-real-ip": "172.18.0.1",
        "x-forwarded-for": "172.18.0.1",
        "x-forwarded-proto": "https",
        "content-length": "20",
        "sec-ch-ua-platform": "\"Linux\"",
        "authorization": "Bearer eyJhbGciOiJIUzI1NiIsInR5cCI6IkpXVCJ9.eyJpZCI6MSwiZW1haWwiOiJyb2JpbmJ0MjAwNEBnbWFpbC5jb20iLCJ1c2VybmFtZSI6InJvYmluIiwiYmlvIjoi8J-RkCBIZWxsbyBpJ20gbmV3IGhlcmUiLCJpYXQiOjE3NTAzNjA2MDR9.smMkPDP9xOmsimAnUfn-TWU8tNuhqzyOn4DvPOBUalM",
        "user-agent": "Mozilla/5.0 (X11; Linux x86_64) AppleWebKit/537.36 (KHTML, like Gecko) Chrome/137.0.0.0 Safari/537.36",
        "sec-ch-ua": "\"Google Chrome\";v=\"137\", \"Chromium\";v=\"137\", \"Not/A)Brand\";v=\"24\"",
        "content-type": "application/json",
        "sec-ch-ua-mobile": "?0",
        "accept": "*/*",
        "origin": "https://c2r7p6.42lehavre.fr:8443",
        "sec-fetch-site": "same-origin",
        "sec-fetch-mode": "cors",
        "sec-fetch-dest": "empty",
        "referer": "https://c2r7p6.42lehavre.fr:8443/en/dashboard",
        "accept-encoding": "gzip, deflate, br, zstd",
        "accept-language": "fr-FR,fr;q=0.9,en-US;q=0.8,en;q=0.7,sq;q=0.6",
        "cookie": "Next-Locale=en"
      }
    }
INFO [20-06-2025 12:09:08]: request completed
    reqId: "req-m"
    res: {
      "statusCode": 200
    }
    responseTime: 26.691030994057655
INFO [20-06-2025 12:09:13]: incoming request
    reqId: "req-n"
    req: {
      "method": "POST",
      "url": "/chat/send",
      "ip": "172.18.0.5",
      "headers": {
        "connection": "upgrade",
        "host": "c2r7p6.42lehavre.fr",
        "x-real-ip": "172.18.0.1",
        "x-forwarded-for": "172.18.0.1",
        "x-forwarded-proto": "https",
        "content-length": "57",
        "sec-ch-ua-platform": "\"Linux\"",
        "authorization": "Bearer eyJhbGciOiJIUzI1NiIsInR5cCI6IkpXVCJ9.eyJpZCI6MSwiZW1haWwiOiJyb2JpbmJ0MjAwNEBnbWFpbC5jb20iLCJ1c2VybmFtZSI6InJvYmluIiwiYmlvIjoi8J-RkCBIZWxsbyBpJ20gbmV3IGhlcmUiLCJpYXQiOjE3NTAzNjA2MDR9.smMkPDP9xOmsimAnUfn-TWU8tNuhqzyOn4DvPOBUalM",
        "user-agent": "Mozilla/5.0 (X11; Linux x86_64) AppleWebKit/537.36 (KHTML, like Gecko) Chrome/137.0.0.0 Safari/537.36",
        "sec-ch-ua": "\"Google Chrome\";v=\"137\", \"Chromium\";v=\"137\", \"Not/A)Brand\";v=\"24\"",
        "content-type": "application/json",
        "sec-ch-ua-mobile": "?0",
        "accept": "*/*",
        "origin": "https://c2r7p6.42lehavre.fr:8443",
        "sec-fetch-site": "same-origin",
        "sec-fetch-mode": "cors",
        "sec-fetch-dest": "empty",
        "referer": "https://c2r7p6.42lehavre.fr:8443/en/dashboard",
        "accept-encoding": "gzip, deflate, br, zstd",
        "accept-language": "fr-FR,fr;q=0.9,en-US;q=0.8,en;q=0.7,sq;q=0.6",
        "cookie": "Next-Locale=en"
      }
    }
INFO [20-06-2025 12:09:13]: request completed
    reqId: "req-n"
    res: {
      "statusCode": 500
    }
    responseTime: 43.34266000241041
INFO [20-06-2025 12:09:15]: incoming request
    reqId: "req-o"
    req: {
      "method": "GET",
      "url": "/chat/receive/private",
      "ip": "172.18.0.5",
      "headers": {
        "connection": "upgrade",
        "host": "c2r7p6.42lehavre.fr",
        "x-real-ip": "172.18.0.1",
        "x-forwarded-for": "172.18.0.1",
        "x-forwarded-proto": "https",
        "sec-ch-ua-platform": "\"Linux\"",
        "authorization": "Bearer eyJhbGciOiJIUzI1NiIsInR5cCI6IkpXVCJ9.eyJpZCI6MSwiZW1haWwiOiJyb2JpbmJ0MjAwNEBnbWFpbC5jb20iLCJ1c2VybmFtZSI6InJvYmluIiwiYmlvIjoi8J-RkCBIZWxsbyBpJ20gbmV3IGhlcmUiLCJpYXQiOjE3NTAzNjA2MDR9.smMkPDP9xOmsimAnUfn-TWU8tNuhqzyOn4DvPOBUalM",
        "user-agent": "Mozilla/5.0 (X11; Linux x86_64) AppleWebKit/537.36 (KHTML, like Gecko) Chrome/137.0.0.0 Safari/537.36",
        "sec-ch-ua": "\"Google Chrome\";v=\"137\", \"Chromium\";v=\"137\", \"Not/A)Brand\";v=\"24\"",
        "content-type": "application/json",
        "sec-ch-ua-mobile": "?0",
        "accept": "*/*",
        "sec-fetch-site": "same-origin",
        "sec-fetch-mode": "cors",
        "sec-fetch-dest": "empty",
        "referer": "https://c2r7p6.42lehavre.fr:8443/en/dashboard",
        "accept-encoding": "gzip, deflate, br, zstd",
        "accept-language": "fr-FR,fr;q=0.9,en-US;q=0.8,en;q=0.7,sq;q=0.6",
        "cookie": "Next-Locale=en"
      }
    }
INFO [20-06-2025 12:09:15]: request completed
    reqId: "req-o"
    res: {
      "statusCode": 200
    }
    responseTime: 6.3549909964203835
INFO [20-06-2025 12:09:15]: incoming request
    reqId: "req-p"
    req: {
      "method": "GET",
      "url": "/chat/receive/private",
      "ip": "172.18.0.5",
      "headers": {
        "connection": "upgrade",
        "host": "c2r7p6.42lehavre.fr",
        "x-real-ip": "172.18.0.1",
        "x-forwarded-for": "172.18.0.1",
        "x-forwarded-proto": "https",
        "sec-ch-ua-platform": "\"Linux\"",
        "authorization": "Bearer eyJhbGciOiJIUzI1NiIsInR5cCI6IkpXVCJ9.eyJpZCI6MSwiZW1haWwiOiJyb2JpbmJ0MjAwNEBnbWFpbC5jb20iLCJ1c2VybmFtZSI6InJvYmluIiwiYmlvIjoi8J-RkCBIZWxsbyBpJ20gbmV3IGhlcmUiLCJpYXQiOjE3NTAzNjA2MDR9.smMkPDP9xOmsimAnUfn-TWU8tNuhqzyOn4DvPOBUalM",
        "user-agent": "Mozilla/5.0 (X11; Linux x86_64) AppleWebKit/537.36 (KHTML, like Gecko) Chrome/137.0.0.0 Safari/537.36",
        "sec-ch-ua": "\"Google Chrome\";v=\"137\", \"Chromium\";v=\"137\", \"Not/A)Brand\";v=\"24\"",
        "content-type": "application/json",
        "sec-ch-ua-mobile": "?0",
        "accept": "*/*",
        "sec-fetch-site": "same-origin",
        "sec-fetch-mode": "cors",
        "sec-fetch-dest": "empty",
        "referer": "https://c2r7p6.42lehavre.fr:8443/en/dashboard",
        "accept-encoding": "gzip, deflate, br, zstd",
        "accept-language": "fr-FR,fr;q=0.9,en-US;q=0.8,en;q=0.7,sq;q=0.6",
        "cookie": "Next-Locale=en"
      }
    }
INFO [20-06-2025 12:09:15]: incoming request
    reqId: "req-q"
    req: {
      "method": "GET",
      "url": "/profile/me",
      "ip": "172.18.0.5",
      "headers": {
        "connection": "upgrade",
        "host": "c2r7p6.42lehavre.fr",
        "x-real-ip": "172.18.0.1",
        "x-forwarded-for": "172.18.0.1",
        "x-forwarded-proto": "https",
        "sec-ch-ua-platform": "\"Linux\"",
        "authorization": "Bearer eyJhbGciOiJIUzI1NiIsInR5cCI6IkpXVCJ9.eyJpZCI6MSwiZW1haWwiOiJyb2JpbmJ0MjAwNEBnbWFpbC5jb20iLCJ1c2VybmFtZSI6InJvYmluIiwiYmlvIjoi8J-RkCBIZWxsbyBpJ20gbmV3IGhlcmUiLCJpYXQiOjE3NTAzNjA2MDR9.smMkPDP9xOmsimAnUfn-TWU8tNuhqzyOn4DvPOBUalM",
        "user-agent": "Mozilla/5.0 (X11; Linux x86_64) AppleWebKit/537.36 (KHTML, like Gecko) Chrome/137.0.0.0 Safari/537.36",
        "sec-ch-ua": "\"Google Chrome\";v=\"137\", \"Chromium\";v=\"137\", \"Not/A)Brand\";v=\"24\"",
        "sec-ch-ua-mobile": "?0",
        "accept": "*/*",
        "sec-fetch-site": "same-origin",
        "sec-fetch-mode": "cors",
        "sec-fetch-dest": "empty",
        "referer": "https://c2r7p6.42lehavre.fr:8443/en/dashboard",
        "accept-encoding": "gzip, deflate, br, zstd",
        "accept-language": "fr-FR,fr;q=0.9,en-US;q=0.8,en;q=0.7,sq;q=0.6",
        "cookie": "Next-Locale=en"
      }
    }
INFO [20-06-2025 12:09:15]: incoming request
    reqId: "req-r"
    req: {
      "method": "GET",
      "url": "/friends",
      "ip": "172.18.0.5",
      "headers": {
        "connection": "upgrade",
        "host": "c2r7p6.42lehavre.fr",
        "x-real-ip": "172.18.0.1",
        "x-forwarded-for": "172.18.0.1",
        "x-forwarded-proto": "https",
        "sec-ch-ua-platform": "\"Linux\"",
        "authorization": "Bearer eyJhbGciOiJIUzI1NiIsInR5cCI6IkpXVCJ9.eyJpZCI6MSwiZW1haWwiOiJyb2JpbmJ0MjAwNEBnbWFpbC5jb20iLCJ1c2VybmFtZSI6InJvYmluIiwiYmlvIjoi8J-RkCBIZWxsbyBpJ20gbmV3IGhlcmUiLCJpYXQiOjE3NTAzNjA2MDR9.smMkPDP9xOmsimAnUfn-TWU8tNuhqzyOn4DvPOBUalM",
        "user-agent": "Mozilla/5.0 (X11; Linux x86_64) AppleWebKit/537.36 (KHTML, like Gecko) Chrome/137.0.0.0 Safari/537.36",
        "sec-ch-ua": "\"Google Chrome\";v=\"137\", \"Chromium\";v=\"137\", \"Not/A)Brand\";v=\"24\"",
        "sec-ch-ua-mobile": "?0",
        "accept": "*/*",
        "sec-fetch-site": "same-origin",
        "sec-fetch-mode": "cors",
        "sec-fetch-dest": "empty",
        "referer": "https://c2r7p6.42lehavre.fr:8443/en/dashboard",
        "accept-encoding": "gzip, deflate, br, zstd",
        "accept-language": "fr-FR,fr;q=0.9,en-US;q=0.8,en;q=0.7,sq;q=0.6",
        "cookie": "Next-Locale=en"
      }
    }
INFO [20-06-2025 12:09:15]: request completed
    reqId: "req-p"
    res: {
      "statusCode": 200
    }
    responseTime: 8.090672999620438
INFO [20-06-2025 12:09:15]: request completed
    reqId: "req-q"
    res: {
      "statusCode": 200
    }
    responseTime: 2.5459850057959557
INFO [20-06-2025 12:09:15]: request completed
    reqId: "req-r"
    res: {
      "statusCode": 200
    }
    responseTime: 3.5982460007071495
INFO [20-06-2025 12:09:16]: incoming request
    reqId: "req-s"
    req: {
      "method": "GET",
      "url": "/friends/pending",
      "ip": "172.18.0.5",
      "headers": {
        "connection": "upgrade",
        "host": "c2r7p6.42lehavre.fr",
        "x-real-ip": "172.18.0.1",
        "x-forwarded-for": "172.18.0.1",
        "x-forwarded-proto": "https",
        "sec-ch-ua-platform": "\"Linux\"",
        "authorization": "Bearer eyJhbGciOiJIUzI1NiIsInR5cCI6IkpXVCJ9.eyJpZCI6MSwiZW1haWwiOiJyb2JpbmJ0MjAwNEBnbWFpbC5jb20iLCJ1c2VybmFtZSI6InJvYmluIiwiYmlvIjoi8J-RkCBIZWxsbyBpJ20gbmV3IGhlcmUiLCJpYXQiOjE3NTAzNjA2MDR9.smMkPDP9xOmsimAnUfn-TWU8tNuhqzyOn4DvPOBUalM",
        "user-agent": "Mozilla/5.0 (X11; Linux x86_64) AppleWebKit/537.36 (KHTML, like Gecko) Chrome/137.0.0.0 Safari/537.36",
        "sec-ch-ua": "\"Google Chrome\";v=\"137\", \"Chromium\";v=\"137\", \"Not/A)Brand\";v=\"24\"",
        "sec-ch-ua-mobile": "?0",
        "accept": "*/*",
        "sec-fetch-site": "same-origin",
        "sec-fetch-mode": "cors",
        "sec-fetch-dest": "empty",
        "referer": "https://c2r7p6.42lehavre.fr:8443/en/dashboard",
        "accept-encoding": "gzip, deflate, br, zstd",
        "accept-language": "fr-FR,fr;q=0.9,en-US;q=0.8,en;q=0.7,sq;q=0.6",
        "cookie": "Next-Locale=en"
      }
    }
INFO [20-06-2025 12:09:16]: request completed
    reqId: "req-s"
    res: {
      "statusCode": 200
    }
    responseTime: 4.946526996791363
INFO [20-06-2025 12:13:54]: incoming request
    reqId: "req-t"
    req: {
      "method": "GET",
      "url": "/chat/receive/private",
      "ip": "172.18.0.5",
      "headers": {
        "connection": "upgrade",
        "host": "c2r7p6.42lehavre.fr",
        "x-real-ip": "172.18.0.1",
        "x-forwarded-for": "172.18.0.1",
        "x-forwarded-proto": "https",
        "sec-ch-ua-platform": "\"Linux\"",
        "authorization": "Bearer eyJhbGciOiJIUzI1NiIsInR5cCI6IkpXVCJ9.eyJpZCI6MSwiZW1haWwiOiJyb2JpbmJ0MjAwNEBnbWFpbC5jb20iLCJ1c2VybmFtZSI6InJvYmluIiwiYmlvIjoi8J-RkCBIZWxsbyBpJ20gbmV3IGhlcmUiLCJpYXQiOjE3NTAzNjA2MDR9.smMkPDP9xOmsimAnUfn-TWU8tNuhqzyOn4DvPOBUalM",
        "user-agent": "Mozilla/5.0 (X11; Linux x86_64) AppleWebKit/537.36 (KHTML, like Gecko) Chrome/137.0.0.0 Safari/537.36",
        "sec-ch-ua": "\"Google Chrome\";v=\"137\", \"Chromium\";v=\"137\", \"Not/A)Brand\";v=\"24\"",
        "content-type": "application/json",
        "sec-ch-ua-mobile": "?0",
        "accept": "*/*",
        "sec-fetch-site": "same-origin",
        "sec-fetch-mode": "cors",
        "sec-fetch-dest": "empty",
        "referer": "https://c2r7p6.42lehavre.fr:8443/en/dashboard",
        "accept-encoding": "gzip, deflate, br, zstd",
        "accept-language": "fr-FR,fr;q=0.9,en-US;q=0.8,en;q=0.7,sq;q=0.6",
        "cookie": "Next-Locale=en"
      }
    }
INFO [20-06-2025 12:13:54]: request completed
    reqId: "req-t"
    res: {
      "statusCode": 200
    }
    responseTime: 7.358964994549751
INFO [20-06-2025 12:13:54]: incoming request
    reqId: "req-u"
    req: {
      "method": "GET",
      "url": "/chat/receive/private",
      "ip": "172.18.0.5",
      "headers": {
        "connection": "upgrade",
        "host": "c2r7p6.42lehavre.fr",
        "x-real-ip": "172.18.0.1",
        "x-forwarded-for": "172.18.0.1",
        "x-forwarded-proto": "https",
        "sec-ch-ua-platform": "\"Linux\"",
        "authorization": "Bearer eyJhbGciOiJIUzI1NiIsInR5cCI6IkpXVCJ9.eyJpZCI6MSwiZW1haWwiOiJyb2JpbmJ0MjAwNEBnbWFpbC5jb20iLCJ1c2VybmFtZSI6InJvYmluIiwiYmlvIjoi8J-RkCBIZWxsbyBpJ20gbmV3IGhlcmUiLCJpYXQiOjE3NTAzNjA2MDR9.smMkPDP9xOmsimAnUfn-TWU8tNuhqzyOn4DvPOBUalM",
        "user-agent": "Mozilla/5.0 (X11; Linux x86_64) AppleWebKit/537.36 (KHTML, like Gecko) Chrome/137.0.0.0 Safari/537.36",
        "sec-ch-ua": "\"Google Chrome\";v=\"137\", \"Chromium\";v=\"137\", \"Not/A)Brand\";v=\"24\"",
        "content-type": "application/json",
        "sec-ch-ua-mobile": "?0",
        "accept": "*/*",
        "sec-fetch-site": "same-origin",
        "sec-fetch-mode": "cors",
        "sec-fetch-dest": "empty",
        "referer": "https://c2r7p6.42lehavre.fr:8443/en/dashboard",
        "accept-encoding": "gzip, deflate, br, zstd",
        "accept-language": "fr-FR,fr;q=0.9,en-US;q=0.8,en;q=0.7,sq;q=0.6",
        "cookie": "Next-Locale=en"
      }
    }
INFO [20-06-2025 12:13:54]: incoming request
    reqId: "req-v"
    req: {
      "method": "GET",
      "url": "/profile/me",
      "ip": "172.18.0.5",
      "headers": {
        "connection": "upgrade",
        "host": "c2r7p6.42lehavre.fr",
        "x-real-ip": "172.18.0.1",
        "x-forwarded-for": "172.18.0.1",
        "x-forwarded-proto": "https",
        "sec-ch-ua-platform": "\"Linux\"",
        "authorization": "Bearer eyJhbGciOiJIUzI1NiIsInR5cCI6IkpXVCJ9.eyJpZCI6MSwiZW1haWwiOiJyb2JpbmJ0MjAwNEBnbWFpbC5jb20iLCJ1c2VybmFtZSI6InJvYmluIiwiYmlvIjoi8J-RkCBIZWxsbyBpJ20gbmV3IGhlcmUiLCJpYXQiOjE3NTAzNjA2MDR9.smMkPDP9xOmsimAnUfn-TWU8tNuhqzyOn4DvPOBUalM",
        "user-agent": "Mozilla/5.0 (X11; Linux x86_64) AppleWebKit/537.36 (KHTML, like Gecko) Chrome/137.0.0.0 Safari/537.36",
        "sec-ch-ua": "\"Google Chrome\";v=\"137\", \"Chromium\";v=\"137\", \"Not/A)Brand\";v=\"24\"",
        "sec-ch-ua-mobile": "?0",
        "accept": "*/*",
        "sec-fetch-site": "same-origin",
        "sec-fetch-mode": "cors",
        "sec-fetch-dest": "empty",
        "referer": "https://c2r7p6.42lehavre.fr:8443/en/dashboard",
        "accept-encoding": "gzip, deflate, br, zstd",
        "accept-language": "fr-FR,fr;q=0.9,en-US;q=0.8,en;q=0.7,sq;q=0.6",
        "cookie": "Next-Locale=en"
      }
    }
INFO [20-06-2025 12:13:54]: incoming request
    reqId: "req-w"
    req: {
      "method": "GET",
      "url": "/friends",
      "ip": "172.18.0.5",
      "headers": {
        "connection": "upgrade",
        "host": "c2r7p6.42lehavre.fr",
        "x-real-ip": "172.18.0.1",
        "x-forwarded-for": "172.18.0.1",
        "x-forwarded-proto": "https",
        "sec-ch-ua-platform": "\"Linux\"",
        "authorization": "Bearer eyJhbGciOiJIUzI1NiIsInR5cCI6IkpXVCJ9.eyJpZCI6MSwiZW1haWwiOiJyb2JpbmJ0MjAwNEBnbWFpbC5jb20iLCJ1c2VybmFtZSI6InJvYmluIiwiYmlvIjoi8J-RkCBIZWxsbyBpJ20gbmV3IGhlcmUiLCJpYXQiOjE3NTAzNjA2MDR9.smMkPDP9xOmsimAnUfn-TWU8tNuhqzyOn4DvPOBUalM",
        "user-agent": "Mozilla/5.0 (X11; Linux x86_64) AppleWebKit/537.36 (KHTML, like Gecko) Chrome/137.0.0.0 Safari/537.36",
        "sec-ch-ua": "\"Google Chrome\";v=\"137\", \"Chromium\";v=\"137\", \"Not/A)Brand\";v=\"24\"",
        "sec-ch-ua-mobile": "?0",
        "accept": "*/*",
        "sec-fetch-site": "same-origin",
        "sec-fetch-mode": "cors",
        "sec-fetch-dest": "empty",
        "referer": "https://c2r7p6.42lehavre.fr:8443/en/dashboard",
        "accept-encoding": "gzip, deflate, br, zstd",
        "accept-language": "fr-FR,fr;q=0.9,en-US;q=0.8,en;q=0.7,sq;q=0.6",
        "cookie": "Next-Locale=en"
      }
    }
INFO [20-06-2025 12:13:54]: request completed
    reqId: "req-u"
    res: {
      "statusCode": 200
    }
    responseTime: 5.549813002347946
INFO [20-06-2025 12:13:54]: request completed
    reqId: "req-v"
    res: {
      "statusCode": 200
    }
    responseTime: 2.323674000799656
INFO [20-06-2025 12:13:54]: request completed
    reqId: "req-w"
    res: {
      "statusCode": 200
    }
    responseTime: 5.2642190009355545
INFO [20-06-2025 12:13:54]: incoming request
    reqId: "req-x"
    req: {
      "method": "GET",
      "url": "/friends/pending",
      "ip": "172.18.0.5",
      "headers": {
        "connection": "upgrade",
        "host": "c2r7p6.42lehavre.fr",
        "x-real-ip": "172.18.0.1",
        "x-forwarded-for": "172.18.0.1",
        "x-forwarded-proto": "https",
        "sec-ch-ua-platform": "\"Linux\"",
        "authorization": "Bearer eyJhbGciOiJIUzI1NiIsInR5cCI6IkpXVCJ9.eyJpZCI6MSwiZW1haWwiOiJyb2JpbmJ0MjAwNEBnbWFpbC5jb20iLCJ1c2VybmFtZSI6InJvYmluIiwiYmlvIjoi8J-RkCBIZWxsbyBpJ20gbmV3IGhlcmUiLCJpYXQiOjE3NTAzNjA2MDR9.smMkPDP9xOmsimAnUfn-TWU8tNuhqzyOn4DvPOBUalM",
        "user-agent": "Mozilla/5.0 (X11; Linux x86_64) AppleWebKit/537.36 (KHTML, like Gecko) Chrome/137.0.0.0 Safari/537.36",
        "sec-ch-ua": "\"Google Chrome\";v=\"137\", \"Chromium\";v=\"137\", \"Not/A)Brand\";v=\"24\"",
        "sec-ch-ua-mobile": "?0",
        "accept": "*/*",
        "sec-fetch-site": "same-origin",
        "sec-fetch-mode": "cors",
        "sec-fetch-dest": "empty",
        "referer": "https://c2r7p6.42lehavre.fr:8443/en/dashboard",
        "accept-encoding": "gzip, deflate, br, zstd",
        "accept-language": "fr-FR,fr;q=0.9,en-US;q=0.8,en;q=0.7,sq;q=0.6",
        "cookie": "Next-Locale=en"
      }
    }
INFO [20-06-2025 12:13:54]: request completed
    reqId: "req-x"
    res: {
      "statusCode": 200
    }
    responseTime: 5.750344999134541
INFO [20-06-2025 12:13:57]: incoming request
    reqId: "req-y"
    req: {
      "method": "POST",
      "url": "/chat/send",
      "ip": "172.18.0.5",
      "headers": {
        "connection": "upgrade",
        "host": "c2r7p6.42lehavre.fr",
        "x-real-ip": "172.18.0.1",
        "x-forwarded-for": "172.18.0.1",
        "x-forwarded-proto": "https",
        "content-length": "58",
        "sec-ch-ua-platform": "\"Linux\"",
        "authorization": "Bearer eyJhbGciOiJIUzI1NiIsInR5cCI6IkpXVCJ9.eyJpZCI6MSwiZW1haWwiOiJyb2JpbmJ0MjAwNEBnbWFpbC5jb20iLCJ1c2VybmFtZSI6InJvYmluIiwiYmlvIjoi8J-RkCBIZWxsbyBpJ20gbmV3IGhlcmUiLCJpYXQiOjE3NTAzNjA2MDR9.smMkPDP9xOmsimAnUfn-TWU8tNuhqzyOn4DvPOBUalM",
        "user-agent": "Mozilla/5.0 (X11; Linux x86_64) AppleWebKit/537.36 (KHTML, like Gecko) Chrome/137.0.0.0 Safari/537.36",
        "sec-ch-ua": "\"Google Chrome\";v=\"137\", \"Chromium\";v=\"137\", \"Not/A)Brand\";v=\"24\"",
        "content-type": "application/json",
        "sec-ch-ua-mobile": "?0",
        "accept": "*/*",
        "origin": "https://c2r7p6.42lehavre.fr:8443",
        "sec-fetch-site": "same-origin",
        "sec-fetch-mode": "cors",
        "sec-fetch-dest": "empty",
        "referer": "https://c2r7p6.42lehavre.fr:8443/en/dashboard",
        "accept-encoding": "gzip, deflate, br, zstd",
        "accept-language": "fr-FR,fr;q=0.9,en-US;q=0.8,en;q=0.7,sq;q=0.6",
        "cookie": "Next-Locale=en"
      }
    }
INFO [20-06-2025 12:13:57]: request completed
    reqId: "req-y"
    res: {
      "statusCode": 500
    }
    responseTime: 16.12645300477743
INFO [20-06-2025 12:13:59]: incoming request
    reqId: "req-z"
    req: {
      "method": "GET",
      "url": "/chat/receive/private",
      "ip": "172.18.0.5",
      "headers": {
        "connection": "upgrade",
        "host": "c2r7p6.42lehavre.fr",
        "x-real-ip": "172.18.0.1",
        "x-forwarded-for": "172.18.0.1",
        "x-forwarded-proto": "https",
        "sec-ch-ua-platform": "\"Linux\"",
        "authorization": "Bearer eyJhbGciOiJIUzI1NiIsInR5cCI6IkpXVCJ9.eyJpZCI6MSwiZW1haWwiOiJyb2JpbmJ0MjAwNEBnbWFpbC5jb20iLCJ1c2VybmFtZSI6InJvYmluIiwiYmlvIjoi8J-RkCBIZWxsbyBpJ20gbmV3IGhlcmUiLCJpYXQiOjE3NTAzNjA2MDR9.smMkPDP9xOmsimAnUfn-TWU8tNuhqzyOn4DvPOBUalM",
        "user-agent": "Mozilla/5.0 (X11; Linux x86_64) AppleWebKit/537.36 (KHTML, like Gecko) Chrome/137.0.0.0 Safari/537.36",
        "sec-ch-ua": "\"Google Chrome\";v=\"137\", \"Chromium\";v=\"137\", \"Not/A)Brand\";v=\"24\"",
        "content-type": "application/json",
        "sec-ch-ua-mobile": "?0",
        "accept": "*/*",
        "sec-fetch-site": "same-origin",
        "sec-fetch-mode": "cors",
        "sec-fetch-dest": "empty",
        "referer": "https://c2r7p6.42lehavre.fr:8443/en/dashboard",
        "accept-encoding": "gzip, deflate, br, zstd",
        "accept-language": "fr-FR,fr;q=0.9,en-US;q=0.8,en;q=0.7,sq;q=0.6",
        "cookie": "Next-Locale=en"
      }
    }
INFO [20-06-2025 12:13:59]: request completed
    reqId: "req-z"
    res: {
      "statusCode": 200
    }
    responseTime: 4.830338999629021
INFO [20-06-2025 12:13:59]: incoming request
    reqId: "req-10"
    req: {
      "method": "GET",
      "url": "/chat/receive/private",
      "ip": "172.18.0.5",
      "headers": {
        "connection": "upgrade",
        "host": "c2r7p6.42lehavre.fr",
        "x-real-ip": "172.18.0.1",
        "x-forwarded-for": "172.18.0.1",
        "x-forwarded-proto": "https",
        "sec-ch-ua-platform": "\"Linux\"",
        "authorization": "Bearer eyJhbGciOiJIUzI1NiIsInR5cCI6IkpXVCJ9.eyJpZCI6MSwiZW1haWwiOiJyb2JpbmJ0MjAwNEBnbWFpbC5jb20iLCJ1c2VybmFtZSI6InJvYmluIiwiYmlvIjoi8J-RkCBIZWxsbyBpJ20gbmV3IGhlcmUiLCJpYXQiOjE3NTAzNjA2MDR9.smMkPDP9xOmsimAnUfn-TWU8tNuhqzyOn4DvPOBUalM",
        "user-agent": "Mozilla/5.0 (X11; Linux x86_64) AppleWebKit/537.36 (KHTML, like Gecko) Chrome/137.0.0.0 Safari/537.36",
        "sec-ch-ua": "\"Google Chrome\";v=\"137\", \"Chromium\";v=\"137\", \"Not/A)Brand\";v=\"24\"",
        "content-type": "application/json",
        "sec-ch-ua-mobile": "?0",
        "accept": "*/*",
        "sec-fetch-site": "same-origin",
        "sec-fetch-mode": "cors",
        "sec-fetch-dest": "empty",
        "referer": "https://c2r7p6.42lehavre.fr:8443/en/dashboard",
        "accept-encoding": "gzip, deflate, br, zstd",
        "accept-language": "fr-FR,fr;q=0.9,en-US;q=0.8,en;q=0.7,sq;q=0.6",
        "cookie": "Next-Locale=en"
      }
    }
INFO [20-06-2025 12:13:59]: incoming request
    reqId: "req-11"
    req: {
      "method": "GET",
      "url": "/profile/me",
      "ip": "172.18.0.5",
      "headers": {
        "connection": "upgrade",
        "host": "c2r7p6.42lehavre.fr",
        "x-real-ip": "172.18.0.1",
        "x-forwarded-for": "172.18.0.1",
        "x-forwarded-proto": "https",
        "sec-ch-ua-platform": "\"Linux\"",
        "authorization": "Bearer eyJhbGciOiJIUzI1NiIsInR5cCI6IkpXVCJ9.eyJpZCI6MSwiZW1haWwiOiJyb2JpbmJ0MjAwNEBnbWFpbC5jb20iLCJ1c2VybmFtZSI6InJvYmluIiwiYmlvIjoi8J-RkCBIZWxsbyBpJ20gbmV3IGhlcmUiLCJpYXQiOjE3NTAzNjA2MDR9.smMkPDP9xOmsimAnUfn-TWU8tNuhqzyOn4DvPOBUalM",
        "user-agent": "Mozilla/5.0 (X11; Linux x86_64) AppleWebKit/537.36 (KHTML, like Gecko) Chrome/137.0.0.0 Safari/537.36",
        "sec-ch-ua": "\"Google Chrome\";v=\"137\", \"Chromium\";v=\"137\", \"Not/A)Brand\";v=\"24\"",
        "sec-ch-ua-mobile": "?0",
        "accept": "*/*",
        "sec-fetch-site": "same-origin",
        "sec-fetch-mode": "cors",
        "sec-fetch-dest": "empty",
        "referer": "https://c2r7p6.42lehavre.fr:8443/en/dashboard",
        "accept-encoding": "gzip, deflate, br, zstd",
        "accept-language": "fr-FR,fr;q=0.9,en-US;q=0.8,en;q=0.7,sq;q=0.6",
        "cookie": "Next-Locale=en"
      }
    }
INFO [20-06-2025 12:13:59]: request completed
    reqId: "req-10"
    res: {
      "statusCode": 200
    }
    responseTime: 6.96807000041008
INFO [20-06-2025 12:13:59]: incoming request
    reqId: "req-12"
    req: {
      "method": "GET",
      "url": "/friends",
      "ip": "172.18.0.5",
      "headers": {
        "connection": "upgrade",
        "host": "c2r7p6.42lehavre.fr",
        "x-real-ip": "172.18.0.1",
        "x-forwarded-for": "172.18.0.1",
        "x-forwarded-proto": "https",
        "sec-ch-ua-platform": "\"Linux\"",
        "authorization": "Bearer eyJhbGciOiJIUzI1NiIsInR5cCI6IkpXVCJ9.eyJpZCI6MSwiZW1haWwiOiJyb2JpbmJ0MjAwNEBnbWFpbC5jb20iLCJ1c2VybmFtZSI6InJvYmluIiwiYmlvIjoi8J-RkCBIZWxsbyBpJ20gbmV3IGhlcmUiLCJpYXQiOjE3NTAzNjA2MDR9.smMkPDP9xOmsimAnUfn-TWU8tNuhqzyOn4DvPOBUalM",
        "user-agent": "Mozilla/5.0 (X11; Linux x86_64) AppleWebKit/537.36 (KHTML, like Gecko) Chrome/137.0.0.0 Safari/537.36",
        "sec-ch-ua": "\"Google Chrome\";v=\"137\", \"Chromium\";v=\"137\", \"Not/A)Brand\";v=\"24\"",
        "sec-ch-ua-mobile": "?0",
        "accept": "*/*",
        "sec-fetch-site": "same-origin",
        "sec-fetch-mode": "cors",
        "sec-fetch-dest": "empty",
        "referer": "https://c2r7p6.42lehavre.fr:8443/en/dashboard",
        "accept-encoding": "gzip, deflate, br, zstd",
        "accept-language": "fr-FR,fr;q=0.9,en-US;q=0.8,en;q=0.7,sq;q=0.6",
        "cookie": "Next-Locale=en"
      }
    }
INFO [20-06-2025 12:13:59]: request completed
    reqId: "req-11"
    res: {
      "statusCode": 200
    }
    responseTime: 4.135711997747421
INFO [20-06-2025 12:13:59]: request completed
    reqId: "req-12"
    res: {
      "statusCode": 200
    }
    responseTime: 4.840176999568939
INFO [20-06-2025 12:13:59]: incoming request
    reqId: "req-13"
    req: {
      "method": "GET",
      "url": "/friends/pending",
      "ip": "172.18.0.5",
      "headers": {
        "connection": "upgrade",
        "host": "c2r7p6.42lehavre.fr",
        "x-real-ip": "172.18.0.1",
        "x-forwarded-for": "172.18.0.1",
        "x-forwarded-proto": "https",
        "sec-ch-ua-platform": "\"Linux\"",
        "authorization": "Bearer eyJhbGciOiJIUzI1NiIsInR5cCI6IkpXVCJ9.eyJpZCI6MSwiZW1haWwiOiJyb2JpbmJ0MjAwNEBnbWFpbC5jb20iLCJ1c2VybmFtZSI6InJvYmluIiwiYmlvIjoi8J-RkCBIZWxsbyBpJ20gbmV3IGhlcmUiLCJpYXQiOjE3NTAzNjA2MDR9.smMkPDP9xOmsimAnUfn-TWU8tNuhqzyOn4DvPOBUalM",
        "user-agent": "Mozilla/5.0 (X11; Linux x86_64) AppleWebKit/537.36 (KHTML, like Gecko) Chrome/137.0.0.0 Safari/537.36",
        "sec-ch-ua": "\"Google Chrome\";v=\"137\", \"Chromium\";v=\"137\", \"Not/A)Brand\";v=\"24\"",
        "sec-ch-ua-mobile": "?0",
        "accept": "*/*",
        "sec-fetch-site": "same-origin",
        "sec-fetch-mode": "cors",
        "sec-fetch-dest": "empty",
        "referer": "https://c2r7p6.42lehavre.fr:8443/en/dashboard",
        "accept-encoding": "gzip, deflate, br, zstd",
        "accept-language": "fr-FR,fr;q=0.9,en-US;q=0.8,en;q=0.7,sq;q=0.6",
        "cookie": "Next-Locale=en"
      }
    }
INFO [20-06-2025 12:13:59]: request completed
    reqId: "req-13"
    res: {
      "statusCode": 200
    }
    responseTime: 4.691438004374504
