=============================================
Server Log - 2025-06-20T21:02:19.445Z
Version: 1.0.0
Node: v18.20.3
Platform: linux
=============================================

INFO [20-06-2025 21:02:20]: Server listening at https://127.0.0.1:3001
INFO [20-06-2025 21:02:20]: Server listening at https://172.21.0.2:3001
INFO [20-06-2025 21:02:26]: incoming request
    reqId: "req-1"
    req: {
      "method": "GET",
      "url": "/friends",
      "ip": "172.21.0.4",
      "headers": {
        "connection": "upgrade",
        "host": "c2r8p3.42lehavre.fr",
        "x-real-ip": "172.21.0.1",
        "x-forwarded-for": "172.21.0.1",
        "x-forwarded-proto": "https",
        "sec-ch-ua-platform": "\"Linux\"",
        "user-agent": "Mozilla/5.0 (X11; Linux x86_64) AppleWebKit/537.36 (KHTML, like Gecko) Chrome/137.0.0.0 Safari/537.36",
        "sec-ch-ua": "\"Google Chrome\";v=\"137\", \"Chromium\";v=\"137\", \"Not/A)Brand\";v=\"24\"",
        "sec-ch-ua-mobile": "?0",
        "accept": "*/*",
        "sec-fetch-site": "same-origin",
        "sec-fetch-mode": "cors",
        "sec-fetch-dest": "empty",
        "referer": "https://c2r8p3.42lehavre.fr:8443/en/dashboard",
        "accept-encoding": "gzip, deflate, br, zstd",
        "accept-language": "fr-FR,fr;q=0.9,en-US;q=0.8,en;q=0.7,sq;q=0.6",
        "cookie": "Next-Locale=en; token=eyJhbGciOiJIUzI1NiIsInR5cCI6IkpXVCJ9.eyJpZCI6MSwidXNlcm5hbWUiOiJyb2JpbiIsImJpbyI6IvCfkZAgSGVsbG8gaSdtIG5ldyBoZXJlIiwiaWF0IjoxNzUwNDUzMDg5fQ.2fEMplSBXv1GDIVuXcES_eBiPhCVTvCkGHNPc2_ELPs"
      }
    }
INFO [20-06-2025 21:02:26]: incoming request
    reqId: "req-2"
    req: {
      "method": "GET",
      "url": "/profile/me",
      "ip": "172.21.0.4",
      "headers": {
        "connection": "upgrade",
        "host": "c2r8p3.42lehavre.fr",
        "x-real-ip": "172.21.0.1",
        "x-forwarded-for": "172.21.0.1",
        "x-forwarded-proto": "https",
        "sec-ch-ua-platform": "\"Linux\"",
        "user-agent": "Mozilla/5.0 (X11; Linux x86_64) AppleWebKit/537.36 (KHTML, like Gecko) Chrome/137.0.0.0 Safari/537.36",
        "accept": "application/json",
        "sec-ch-ua": "\"Google Chrome\";v=\"137\", \"Chromium\";v=\"137\", \"Not/A)Brand\";v=\"24\"",
        "sec-ch-ua-mobile": "?0",
        "sec-fetch-site": "same-origin",
        "sec-fetch-mode": "cors",
        "sec-fetch-dest": "empty",
        "referer": "https://c2r8p3.42lehavre.fr:8443/en/dashboard",
        "accept-encoding": "gzip, deflate, br, zstd",
        "accept-language": "fr-FR,fr;q=0.9,en-US;q=0.8,en;q=0.7,sq;q=0.6",
        "cookie": "Next-Locale=en; token=eyJhbGciOiJIUzI1NiIsInR5cCI6IkpXVCJ9.eyJpZCI6MSwidXNlcm5hbWUiOiJyb2JpbiIsImJpbyI6IvCfkZAgSGVsbG8gaSdtIG5ldyBoZXJlIiwiaWF0IjoxNzUwNDUzMDg5fQ.2fEMplSBXv1GDIVuXcES_eBiPhCVTvCkGHNPc2_ELPs"
      }
    }
INFO [20-06-2025 21:02:26]: incoming request
    reqId: "req-3"
    req: {
      "method": "GET",
      "url": "/chat/receive/private",
      "ip": "172.21.0.4",
      "headers": {
        "connection": "upgrade",
        "host": "c2r8p3.42lehavre.fr",
        "x-real-ip": "172.21.0.1",
        "x-forwarded-for": "172.21.0.1",
        "x-forwarded-proto": "https",
        "sec-ch-ua-platform": "\"Linux\"",
        "user-agent": "Mozilla/5.0 (X11; Linux x86_64) AppleWebKit/537.36 (KHTML, like Gecko) Chrome/137.0.0.0 Safari/537.36",
        "sec-ch-ua": "\"Google Chrome\";v=\"137\", \"Chromium\";v=\"137\", \"Not/A)Brand\";v=\"24\"",
        "content-type": "application/json",
        "sec-ch-ua-mobile": "?0",
        "accept": "*/*",
        "sec-fetch-site": "same-origin",
        "sec-fetch-mode": "cors",
        "sec-fetch-dest": "empty",
        "referer": "https://c2r8p3.42lehavre.fr:8443/en/dashboard",
        "accept-encoding": "gzip, deflate, br, zstd",
        "accept-language": "fr-FR,fr;q=0.9,en-US;q=0.8,en;q=0.7,sq;q=0.6",
        "cookie": "Next-Locale=en; token=eyJhbGciOiJIUzI1NiIsInR5cCI6IkpXVCJ9.eyJpZCI6MSwidXNlcm5hbWUiOiJyb2JpbiIsImJpbyI6IvCfkZAgSGVsbG8gaSdtIG5ldyBoZXJlIiwiaWF0IjoxNzUwNDUzMDg5fQ.2fEMplSBXv1GDIVuXcES_eBiPhCVTvCkGHNPc2_ELPs"
      }
    }
INFO [20-06-2025 21:02:26]: request completed
    reqId: "req-2"
    res: {
      "statusCode": 200
    }
    responseTime: 16.338259011507034
INFO [20-06-2025 21:02:26]: incoming request
    reqId: "req-4"
    req: {
      "method": "GET",
      "url": "/profile/me",
      "ip": "172.21.0.4",
      "headers": {
        "connection": "upgrade",
        "host": "c2r8p3.42lehavre.fr",
        "x-real-ip": "172.21.0.1",
        "x-forwarded-for": "172.21.0.1",
        "x-forwarded-proto": "https",
        "sec-ch-ua-platform": "\"Linux\"",
        "user-agent": "Mozilla/5.0 (X11; Linux x86_64) AppleWebKit/537.36 (KHTML, like Gecko) Chrome/137.0.0.0 Safari/537.36",
        "accept": "application/json",
        "sec-ch-ua": "\"Google Chrome\";v=\"137\", \"Chromium\";v=\"137\", \"Not/A)Brand\";v=\"24\"",
        "sec-ch-ua-mobile": "?0",
        "sec-fetch-site": "same-origin",
        "sec-fetch-mode": "cors",
        "sec-fetch-dest": "empty",
        "referer": "https://c2r8p3.42lehavre.fr:8443/en/dashboard",
        "accept-encoding": "gzip, deflate, br, zstd",
        "accept-language": "fr-FR,fr;q=0.9,en-US;q=0.8,en;q=0.7,sq;q=0.6",
        "cookie": "Next-Locale=en; token=eyJhbGciOiJIUzI1NiIsInR5cCI6IkpXVCJ9.eyJpZCI6MSwidXNlcm5hbWUiOiJyb2JpbiIsImJpbyI6IvCfkZAgSGVsbG8gaSdtIG5ldyBoZXJlIiwiaWF0IjoxNzUwNDUzMDg5fQ.2fEMplSBXv1GDIVuXcES_eBiPhCVTvCkGHNPc2_ELPs"
      }
    }
INFO [20-06-2025 21:02:26]: request completed
    reqId: "req-3"
    res: {
      "statusCode": 200
    }
    responseTime: 16.119453996419907
INFO [20-06-2025 21:02:26]: request completed
    reqId: "req-4"
    res: {
      "statusCode": 200
    }
    responseTime: 5.553813993930817
INFO [20-06-2025 21:02:26]: incoming request
    reqId: "req-5"
    req: {
      "method": "GET",
      "url": "/chat/receive/private",
      "ip": "172.21.0.4",
      "headers": {
        "connection": "upgrade",
        "host": "c2r8p3.42lehavre.fr",
        "x-real-ip": "172.21.0.1",
        "x-forwarded-for": "172.21.0.1",
        "x-forwarded-proto": "https",
        "sec-ch-ua-platform": "\"Linux\"",
        "user-agent": "Mozilla/5.0 (X11; Linux x86_64) AppleWebKit/537.36 (KHTML, like Gecko) Chrome/137.0.0.0 Safari/537.36",
        "sec-ch-ua": "\"Google Chrome\";v=\"137\", \"Chromium\";v=\"137\", \"Not/A)Brand\";v=\"24\"",
        "content-type": "application/json",
        "sec-ch-ua-mobile": "?0",
        "accept": "*/*",
        "sec-fetch-site": "same-origin",
        "sec-fetch-mode": "cors",
        "sec-fetch-dest": "empty",
        "referer": "https://c2r8p3.42lehavre.fr:8443/en/dashboard",
        "accept-encoding": "gzip, deflate, br, zstd",
        "accept-language": "fr-FR,fr;q=0.9,en-US;q=0.8,en;q=0.7,sq;q=0.6",
        "cookie": "Next-Locale=en; token=eyJhbGciOiJIUzI1NiIsInR5cCI6IkpXVCJ9.eyJpZCI6MSwidXNlcm5hbWUiOiJyb2JpbiIsImJpbyI6IvCfkZAgSGVsbG8gaSdtIG5ldyBoZXJlIiwiaWF0IjoxNzUwNDUzMDg5fQ.2fEMplSBXv1GDIVuXcES_eBiPhCVTvCkGHNPc2_ELPs"
      }
    }
INFO [20-06-2025 21:02:26]: incoming request
    reqId: "req-6"
    req: {
      "method": "GET",
      "url": "/profile/me",
      "ip": "172.21.0.4",
      "headers": {
        "connection": "upgrade",
        "host": "c2r8p3.42lehavre.fr",
        "x-real-ip": "172.21.0.1",
        "x-forwarded-for": "172.21.0.1",
        "x-forwarded-proto": "https",
        "sec-ch-ua-platform": "\"Linux\"",
        "user-agent": "Mozilla/5.0 (X11; Linux x86_64) AppleWebKit/537.36 (KHTML, like Gecko) Chrome/137.0.0.0 Safari/537.36",
        "accept": "application/json",
        "sec-ch-ua": "\"Google Chrome\";v=\"137\", \"Chromium\";v=\"137\", \"Not/A)Brand\";v=\"24\"",
        "sec-ch-ua-mobile": "?0",
        "sec-fetch-site": "same-origin",
        "sec-fetch-mode": "cors",
        "sec-fetch-dest": "empty",
        "referer": "https://c2r8p3.42lehavre.fr:8443/en/dashboard",
        "accept-encoding": "gzip, deflate, br, zstd",
        "accept-language": "fr-FR,fr;q=0.9,en-US;q=0.8,en;q=0.7,sq;q=0.6",
        "cookie": "Next-Locale=en; token=eyJhbGciOiJIUzI1NiIsInR5cCI6IkpXVCJ9.eyJpZCI6MSwidXNlcm5hbWUiOiJyb2JpbiIsImJpbyI6IvCfkZAgSGVsbG8gaSdtIG5ldyBoZXJlIiwiaWF0IjoxNzUwNDUzMDg5fQ.2fEMplSBXv1GDIVuXcES_eBiPhCVTvCkGHNPc2_ELPs"
      }
    }
INFO [20-06-2025 21:02:26]: request completed
    reqId: "req-1"
    res: {
      "statusCode": 200
    }
    responseTime: 55.16153299808502
INFO [20-06-2025 21:02:26]: request completed
    reqId: "req-5"
    res: {
      "statusCode": 200
    }
    responseTime: 8.4860899746418
INFO [20-06-2025 21:02:26]: request completed
    reqId: "req-6"
    res: {
      "statusCode": 200
    }
    responseTime: 8.400698989629745
INFO [20-06-2025 21:02:26]: incoming request
    reqId: "req-7"
    req: {
      "method": "GET",
      "url": "/friends",
      "ip": "172.21.0.4",
      "headers": {
        "connection": "upgrade",
        "host": "c2r8p3.42lehavre.fr",
        "x-real-ip": "172.21.0.1",
        "x-forwarded-for": "172.21.0.1",
        "x-forwarded-proto": "https",
        "sec-ch-ua-platform": "\"Linux\"",
        "user-agent": "Mozilla/5.0 (X11; Linux x86_64) AppleWebKit/537.36 (KHTML, like Gecko) Chrome/137.0.0.0 Safari/537.36",
        "sec-ch-ua": "\"Google Chrome\";v=\"137\", \"Chromium\";v=\"137\", \"Not/A)Brand\";v=\"24\"",
        "sec-ch-ua-mobile": "?0",
        "accept": "*/*",
        "sec-fetch-site": "same-origin",
        "sec-fetch-mode": "cors",
        "sec-fetch-dest": "empty",
        "referer": "https://c2r8p3.42lehavre.fr:8443/en/dashboard",
        "accept-encoding": "gzip, deflate, br, zstd",
        "accept-language": "fr-FR,fr;q=0.9,en-US;q=0.8,en;q=0.7,sq;q=0.6",
        "cookie": "Next-Locale=en; token=eyJhbGciOiJIUzI1NiIsInR5cCI6IkpXVCJ9.eyJpZCI6MSwidXNlcm5hbWUiOiJyb2JpbiIsImJpbyI6IvCfkZAgSGVsbG8gaSdtIG5ldyBoZXJlIiwiaWF0IjoxNzUwNDUzMDg5fQ.2fEMplSBXv1GDIVuXcES_eBiPhCVTvCkGHNPc2_ELPs"
      }
    }
INFO [20-06-2025 21:02:26]: incoming request
    reqId: "req-8"
    req: {
      "method": "GET",
      "url": "/profile/me",
      "ip": "172.21.0.4",
      "headers": {
        "connection": "upgrade",
        "host": "c2r8p3.42lehavre.fr",
        "x-real-ip": "172.21.0.1",
        "x-forwarded-for": "172.21.0.1",
        "x-forwarded-proto": "https",
        "sec-ch-ua-platform": "\"Linux\"",
        "user-agent": "Mozilla/5.0 (X11; Linux x86_64) AppleWebKit/537.36 (KHTML, like Gecko) Chrome/137.0.0.0 Safari/537.36",
        "accept": "application/json",
        "sec-ch-ua": "\"Google Chrome\";v=\"137\", \"Chromium\";v=\"137\", \"Not/A)Brand\";v=\"24\"",
        "sec-ch-ua-mobile": "?0",
        "sec-fetch-site": "same-origin",
        "sec-fetch-mode": "cors",
        "sec-fetch-dest": "empty",
        "referer": "https://c2r8p3.42lehavre.fr:8443/en/dashboard",
        "accept-encoding": "gzip, deflate, br, zstd",
        "accept-language": "fr-FR,fr;q=0.9,en-US;q=0.8,en;q=0.7,sq;q=0.6",
        "cookie": "Next-Locale=en; token=eyJhbGciOiJIUzI1NiIsInR5cCI6IkpXVCJ9.eyJpZCI6MSwidXNlcm5hbWUiOiJyb2JpbiIsImJpbyI6IvCfkZAgSGVsbG8gaSdtIG5ldyBoZXJlIiwiaWF0IjoxNzUwNDUzMDg5fQ.2fEMplSBXv1GDIVuXcES_eBiPhCVTvCkGHNPc2_ELPs"
      }
    }
INFO [20-06-2025 21:02:26]: request completed
    reqId: "req-7"
    res: {
      "statusCode": 200
    }
    responseTime: 5.505461007356644
INFO [20-06-2025 21:02:26]: request completed
    reqId: "req-8"
    res: {
      "statusCode": 200
    }
    responseTime: 6.563186019659042
INFO [20-06-2025 21:02:26]: incoming request
    reqId: "req-9"
    req: {
      "method": "GET",
      "url": "/friends/pending",
      "ip": "172.21.0.4",
      "headers": {
        "connection": "upgrade",
        "host": "c2r8p3.42lehavre.fr",
        "x-real-ip": "172.21.0.1",
        "x-forwarded-for": "172.21.0.1",
        "x-forwarded-proto": "https",
        "sec-ch-ua-platform": "\"Linux\"",
        "user-agent": "Mozilla/5.0 (X11; Linux x86_64) AppleWebKit/537.36 (KHTML, like Gecko) Chrome/137.0.0.0 Safari/537.36",
        "sec-ch-ua": "\"Google Chrome\";v=\"137\", \"Chromium\";v=\"137\", \"Not/A)Brand\";v=\"24\"",
        "sec-ch-ua-mobile": "?0",
        "accept": "*/*",
        "sec-fetch-site": "same-origin",
        "sec-fetch-mode": "cors",
        "sec-fetch-dest": "empty",
        "referer": "https://c2r8p3.42lehavre.fr:8443/en/dashboard",
        "accept-encoding": "gzip, deflate, br, zstd",
        "accept-language": "fr-FR,fr;q=0.9,en-US;q=0.8,en;q=0.7,sq;q=0.6",
        "cookie": "Next-Locale=en; token=eyJhbGciOiJIUzI1NiIsInR5cCI6IkpXVCJ9.eyJpZCI6MSwidXNlcm5hbWUiOiJyb2JpbiIsImJpbyI6IvCfkZAgSGVsbG8gaSdtIG5ldyBoZXJlIiwiaWF0IjoxNzUwNDUzMDg5fQ.2fEMplSBXv1GDIVuXcES_eBiPhCVTvCkGHNPc2_ELPs"
      }
    }
INFO [20-06-2025 21:02:26]: request completed
    reqId: "req-9"
    res: {
      "statusCode": 200
    }
    responseTime: 10.98583498597145
INFO [20-06-2025 21:02:26]: incoming request
    reqId: "req-a"
    req: {
      "method": "GET",
      "url": "/friends/pending",
      "ip": "172.21.0.4",
      "headers": {
        "connection": "upgrade",
        "host": "c2r8p3.42lehavre.fr",
        "x-real-ip": "172.21.0.1",
        "x-forwarded-for": "172.21.0.1",
        "x-forwarded-proto": "https",
        "sec-ch-ua-platform": "\"Linux\"",
        "user-agent": "Mozilla/5.0 (X11; Linux x86_64) AppleWebKit/537.36 (KHTML, like Gecko) Chrome/137.0.0.0 Safari/537.36",
        "sec-ch-ua": "\"Google Chrome\";v=\"137\", \"Chromium\";v=\"137\", \"Not/A)Brand\";v=\"24\"",
        "sec-ch-ua-mobile": "?0",
        "accept": "*/*",
        "sec-fetch-site": "same-origin",
        "sec-fetch-mode": "cors",
        "sec-fetch-dest": "empty",
        "referer": "https://c2r8p3.42lehavre.fr:8443/en/dashboard",
        "accept-encoding": "gzip, deflate, br, zstd",
        "accept-language": "fr-FR,fr;q=0.9,en-US;q=0.8,en;q=0.7,sq;q=0.6",
        "cookie": "Next-Locale=en; token=eyJhbGciOiJIUzI1NiIsInR5cCI6IkpXVCJ9.eyJpZCI6MSwidXNlcm5hbWUiOiJyb2JpbiIsImJpbyI6IvCfkZAgSGVsbG8gaSdtIG5ldyBoZXJlIiwiaWF0IjoxNzUwNDUzMDg5fQ.2fEMplSBXv1GDIVuXcES_eBiPhCVTvCkGHNPc2_ELPs"
      }
    }
INFO [20-06-2025 21:02:26]: request completed
    reqId: "req-a"
    res: {
      "statusCode": 200
    }
    responseTime: 4.198249012231827
INFO [20-06-2025 21:03:00]: incoming request
    reqId: "req-b"
    req: {
      "method": "GET",
      "url": "/friends",
      "ip": "172.21.0.4",
      "headers": {
        "connection": "upgrade",
        "host": "c2r8p3.42lehavre.fr",
        "x-real-ip": "172.21.0.1",
        "x-forwarded-for": "172.21.0.1",
        "x-forwarded-proto": "https",
        "sec-ch-ua-platform": "\"Linux\"",
        "user-agent": "Mozilla/5.0 (X11; Linux x86_64) AppleWebKit/537.36 (KHTML, like Gecko) Chrome/137.0.0.0 Safari/537.36",
        "sec-ch-ua": "\"Google Chrome\";v=\"137\", \"Chromium\";v=\"137\", \"Not/A)Brand\";v=\"24\"",
        "sec-ch-ua-mobile": "?0",
        "accept": "*/*",
        "sec-fetch-site": "same-origin",
        "sec-fetch-mode": "cors",
        "sec-fetch-dest": "empty",
        "referer": "https://c2r8p3.42lehavre.fr:8443/en/dashboard",
        "accept-encoding": "gzip, deflate, br, zstd",
        "accept-language": "fr-FR,fr;q=0.9,en-US;q=0.8,en;q=0.7,sq;q=0.6",
        "cookie": "Next-Locale=en; token=eyJhbGciOiJIUzI1NiIsInR5cCI6IkpXVCJ9.eyJpZCI6MSwidXNlcm5hbWUiOiJyb2JpbiIsImJpbyI6IvCfkZAgSGVsbG8gaSdtIG5ldyBoZXJlIiwiaWF0IjoxNzUwNDUzMDg5fQ.2fEMplSBXv1GDIVuXcES_eBiPhCVTvCkGHNPc2_ELPs"
      }
    }
INFO [20-06-2025 21:03:00]: incoming request
    reqId: "req-c"
    req: {
      "method": "GET",
      "url": "/profile/me",
      "ip": "172.21.0.4",
      "headers": {
        "connection": "upgrade",
        "host": "c2r8p3.42lehavre.fr",
        "x-real-ip": "172.21.0.1",
        "x-forwarded-for": "172.21.0.1",
        "x-forwarded-proto": "https",
        "sec-ch-ua-platform": "\"Linux\"",
        "user-agent": "Mozilla/5.0 (X11; Linux x86_64) AppleWebKit/537.36 (KHTML, like Gecko) Chrome/137.0.0.0 Safari/537.36",
        "accept": "application/json",
        "sec-ch-ua": "\"Google Chrome\";v=\"137\", \"Chromium\";v=\"137\", \"Not/A)Brand\";v=\"24\"",
        "sec-ch-ua-mobile": "?0",
        "sec-fetch-site": "same-origin",
        "sec-fetch-mode": "cors",
        "sec-fetch-dest": "empty",
        "referer": "https://c2r8p3.42lehavre.fr:8443/en/dashboard",
        "accept-encoding": "gzip, deflate, br, zstd",
        "accept-language": "fr-FR,fr;q=0.9,en-US;q=0.8,en;q=0.7,sq;q=0.6",
        "cookie": "Next-Locale=en; token=eyJhbGciOiJIUzI1NiIsInR5cCI6IkpXVCJ9.eyJpZCI6MSwidXNlcm5hbWUiOiJyb2JpbiIsImJpbyI6IvCfkZAgSGVsbG8gaSdtIG5ldyBoZXJlIiwiaWF0IjoxNzUwNDUzMDg5fQ.2fEMplSBXv1GDIVuXcES_eBiPhCVTvCkGHNPc2_ELPs"
      }
    }
INFO [20-06-2025 21:03:00]: request completed
    reqId: "req-b"
    res: {
      "statusCode": 200
    }
    responseTime: 6.87890100479126
INFO [20-06-2025 21:03:00]: request completed
    reqId: "req-c"
    res: {
      "statusCode": 200
    }
    responseTime: 5.758021980524063
INFO [20-06-2025 21:03:00]: incoming request
    reqId: "req-d"
    req: {
      "method": "GET",
      "url": "/chat/receive/private",
      "ip": "172.21.0.4",
      "headers": {
        "connection": "upgrade",
        "host": "c2r8p3.42lehavre.fr",
        "x-real-ip": "172.21.0.1",
        "x-forwarded-for": "172.21.0.1",
        "x-forwarded-proto": "https",
        "sec-ch-ua-platform": "\"Linux\"",
        "user-agent": "Mozilla/5.0 (X11; Linux x86_64) AppleWebKit/537.36 (KHTML, like Gecko) Chrome/137.0.0.0 Safari/537.36",
        "sec-ch-ua": "\"Google Chrome\";v=\"137\", \"Chromium\";v=\"137\", \"Not/A)Brand\";v=\"24\"",
        "content-type": "application/json",
        "sec-ch-ua-mobile": "?0",
        "accept": "*/*",
        "sec-fetch-site": "same-origin",
        "sec-fetch-mode": "cors",
        "sec-fetch-dest": "empty",
        "referer": "https://c2r8p3.42lehavre.fr:8443/en/dashboard",
        "accept-encoding": "gzip, deflate, br, zstd",
        "accept-language": "fr-FR,fr;q=0.9,en-US;q=0.8,en;q=0.7,sq;q=0.6",
        "cookie": "Next-Locale=en; token=eyJhbGciOiJIUzI1NiIsInR5cCI6IkpXVCJ9.eyJpZCI6MSwidXNlcm5hbWUiOiJyb2JpbiIsImJpbyI6IvCfkZAgSGVsbG8gaSdtIG5ldyBoZXJlIiwiaWF0IjoxNzUwNDUzMDg5fQ.2fEMplSBXv1GDIVuXcES_eBiPhCVTvCkGHNPc2_ELPs"
      }
    }
INFO [20-06-2025 21:03:00]: request completed
    reqId: "req-d"
    res: {
      "statusCode": 200
    }
    responseTime: 6.77020201086998
INFO [20-06-2025 21:03:00]: incoming request
    reqId: "req-e"
    req: {
      "method": "GET",
      "url": "/friends",
      "ip": "172.21.0.4",
      "headers": {
        "connection": "upgrade",
        "host": "c2r8p3.42lehavre.fr",
        "x-real-ip": "172.21.0.1",
        "x-forwarded-for": "172.21.0.1",
        "x-forwarded-proto": "https",
        "sec-ch-ua-platform": "\"Linux\"",
        "user-agent": "Mozilla/5.0 (X11; Linux x86_64) AppleWebKit/537.36 (KHTML, like Gecko) Chrome/137.0.0.0 Safari/537.36",
        "sec-ch-ua": "\"Google Chrome\";v=\"137\", \"Chromium\";v=\"137\", \"Not/A)Brand\";v=\"24\"",
        "sec-ch-ua-mobile": "?0",
        "accept": "*/*",
        "sec-fetch-site": "same-origin",
        "sec-fetch-mode": "cors",
        "sec-fetch-dest": "empty",
        "referer": "https://c2r8p3.42lehavre.fr:8443/en/dashboard",
        "accept-encoding": "gzip, deflate, br, zstd",
        "accept-language": "fr-FR,fr;q=0.9,en-US;q=0.8,en;q=0.7,sq;q=0.6",
        "cookie": "Next-Locale=en; token=eyJhbGciOiJIUzI1NiIsInR5cCI6IkpXVCJ9.eyJpZCI6MSwidXNlcm5hbWUiOiJyb2JpbiIsImJpbyI6IvCfkZAgSGVsbG8gaSdtIG5ldyBoZXJlIiwiaWF0IjoxNzUwNDUzMDg5fQ.2fEMplSBXv1GDIVuXcES_eBiPhCVTvCkGHNPc2_ELPs"
      }
    }
INFO [20-06-2025 21:03:00]: incoming request
    reqId: "req-f"
    req: {
      "method": "GET",
      "url": "/profile/me",
      "ip": "172.21.0.4",
      "headers": {
        "connection": "upgrade",
        "host": "c2r8p3.42lehavre.fr",
        "x-real-ip": "172.21.0.1",
        "x-forwarded-for": "172.21.0.1",
        "x-forwarded-proto": "https",
        "sec-ch-ua-platform": "\"Linux\"",
        "user-agent": "Mozilla/5.0 (X11; Linux x86_64) AppleWebKit/537.36 (KHTML, like Gecko) Chrome/137.0.0.0 Safari/537.36",
        "accept": "application/json",
        "sec-ch-ua": "\"Google Chrome\";v=\"137\", \"Chromium\";v=\"137\", \"Not/A)Brand\";v=\"24\"",
        "sec-ch-ua-mobile": "?0",
        "sec-fetch-site": "same-origin",
        "sec-fetch-mode": "cors",
        "sec-fetch-dest": "empty",
        "referer": "https://c2r8p3.42lehavre.fr:8443/en/dashboard",
        "accept-encoding": "gzip, deflate, br, zstd",
        "accept-language": "fr-FR,fr;q=0.9,en-US;q=0.8,en;q=0.7,sq;q=0.6",
        "cookie": "Next-Locale=en; token=eyJhbGciOiJIUzI1NiIsInR5cCI6IkpXVCJ9.eyJpZCI6MSwidXNlcm5hbWUiOiJyb2JpbiIsImJpbyI6IvCfkZAgSGVsbG8gaSdtIG5ldyBoZXJlIiwiaWF0IjoxNzUwNDUzMDg5fQ.2fEMplSBXv1GDIVuXcES_eBiPhCVTvCkGHNPc2_ELPs"
      }
    }
INFO [20-06-2025 21:03:00]: request completed
    reqId: "req-f"
    res: {
      "statusCode": 200
    }
    responseTime: 4.571020007133484
INFO [20-06-2025 21:03:00]: incoming request
    reqId: "req-g"
    req: {
      "method": "GET",
      "url": "/chat/receive/private",
      "ip": "172.21.0.4",
      "headers": {
        "connection": "upgrade",
        "host": "c2r8p3.42lehavre.fr",
        "x-real-ip": "172.21.0.1",
        "x-forwarded-for": "172.21.0.1",
        "x-forwarded-proto": "https",
        "sec-ch-ua-platform": "\"Linux\"",
        "user-agent": "Mozilla/5.0 (X11; Linux x86_64) AppleWebKit/537.36 (KHTML, like Gecko) Chrome/137.0.0.0 Safari/537.36",
        "sec-ch-ua": "\"Google Chrome\";v=\"137\", \"Chromium\";v=\"137\", \"Not/A)Brand\";v=\"24\"",
        "content-type": "application/json",
        "sec-ch-ua-mobile": "?0",
        "accept": "*/*",
        "sec-fetch-site": "same-origin",
        "sec-fetch-mode": "cors",
        "sec-fetch-dest": "empty",
        "referer": "https://c2r8p3.42lehavre.fr:8443/en/dashboard",
        "accept-encoding": "gzip, deflate, br, zstd",
        "accept-language": "fr-FR,fr;q=0.9,en-US;q=0.8,en;q=0.7,sq;q=0.6",
        "cookie": "Next-Locale=en; token=eyJhbGciOiJIUzI1NiIsInR5cCI6IkpXVCJ9.eyJpZCI6MSwidXNlcm5hbWUiOiJyb2JpbiIsImJpbyI6IvCfkZAgSGVsbG8gaSdtIG5ldyBoZXJlIiwiaWF0IjoxNzUwNDUzMDg5fQ.2fEMplSBXv1GDIVuXcES_eBiPhCVTvCkGHNPc2_ELPs"
      }
    }
INFO [20-06-2025 21:03:00]: request completed
    reqId: "req-e"
    res: {
      "statusCode": 200
    }
    responseTime: 9.828686982393265
INFO [20-06-2025 21:03:00]: request completed
    reqId: "req-g"
    res: {
      "statusCode": 200
    }
    responseTime: 6.2161319851875305
INFO [20-06-2025 21:03:00]: incoming request
    reqId: "req-h"
    req: {
      "method": "GET",
      "url": "/profile/me",
      "ip": "172.21.0.4",
      "headers": {
        "connection": "upgrade",
        "host": "c2r8p3.42lehavre.fr",
        "x-real-ip": "172.21.0.1",
        "x-forwarded-for": "172.21.0.1",
        "x-forwarded-proto": "https",
        "sec-ch-ua-platform": "\"Linux\"",
        "user-agent": "Mozilla/5.0 (X11; Linux x86_64) AppleWebKit/537.36 (KHTML, like Gecko) Chrome/137.0.0.0 Safari/537.36",
        "accept": "application/json",
        "sec-ch-ua": "\"Google Chrome\";v=\"137\", \"Chromium\";v=\"137\", \"Not/A)Brand\";v=\"24\"",
        "sec-ch-ua-mobile": "?0",
        "sec-fetch-site": "same-origin",
        "sec-fetch-mode": "cors",
        "sec-fetch-dest": "empty",
        "referer": "https://c2r8p3.42lehavre.fr:8443/en/dashboard",
        "accept-encoding": "gzip, deflate, br, zstd",
        "accept-language": "fr-FR,fr;q=0.9,en-US;q=0.8,en;q=0.7,sq;q=0.6",
        "cookie": "Next-Locale=en; token=eyJhbGciOiJIUzI1NiIsInR5cCI6IkpXVCJ9.eyJpZCI6MSwidXNlcm5hbWUiOiJyb2JpbiIsImJpbyI6IvCfkZAgSGVsbG8gaSdtIG5ldyBoZXJlIiwiaWF0IjoxNzUwNDUzMDg5fQ.2fEMplSBXv1GDIVuXcES_eBiPhCVTvCkGHNPc2_ELPs"
      }
    }
INFO [20-06-2025 21:03:00]: request completed
    reqId: "req-h"
    res: {
      "statusCode": 200
    }
    responseTime: 6.149009019136429
INFO [20-06-2025 21:03:00]: incoming request
    reqId: "req-i"
    req: {
      "method": "GET",
      "url": "/friends/pending",
      "ip": "172.21.0.4",
      "headers": {
        "connection": "upgrade",
        "host": "c2r8p3.42lehavre.fr",
        "x-real-ip": "172.21.0.1",
        "x-forwarded-for": "172.21.0.1",
        "x-forwarded-proto": "https",
        "sec-ch-ua-platform": "\"Linux\"",
        "user-agent": "Mozilla/5.0 (X11; Linux x86_64) AppleWebKit/537.36 (KHTML, like Gecko) Chrome/137.0.0.0 Safari/537.36",
        "sec-ch-ua": "\"Google Chrome\";v=\"137\", \"Chromium\";v=\"137\", \"Not/A)Brand\";v=\"24\"",
        "sec-ch-ua-mobile": "?0",
        "accept": "*/*",
        "sec-fetch-site": "same-origin",
        "sec-fetch-mode": "cors",
        "sec-fetch-dest": "empty",
        "referer": "https://c2r8p3.42lehavre.fr:8443/en/dashboard",
        "accept-encoding": "gzip, deflate, br, zstd",
        "accept-language": "fr-FR,fr;q=0.9,en-US;q=0.8,en;q=0.7,sq;q=0.6",
        "cookie": "Next-Locale=en; token=eyJhbGciOiJIUzI1NiIsInR5cCI6IkpXVCJ9.eyJpZCI6MSwidXNlcm5hbWUiOiJyb2JpbiIsImJpbyI6IvCfkZAgSGVsbG8gaSdtIG5ldyBoZXJlIiwiaWF0IjoxNzUwNDUzMDg5fQ.2fEMplSBXv1GDIVuXcES_eBiPhCVTvCkGHNPc2_ELPs"
      }
    }
INFO [20-06-2025 21:03:00]: incoming request
    reqId: "req-j"
    req: {
      "method": "GET",
      "url": "/profile/me",
      "ip": "172.21.0.4",
      "headers": {
        "connection": "upgrade",
        "host": "c2r8p3.42lehavre.fr",
        "x-real-ip": "172.21.0.1",
        "x-forwarded-for": "172.21.0.1",
        "x-forwarded-proto": "https",
        "sec-ch-ua-platform": "\"Linux\"",
        "user-agent": "Mozilla/5.0 (X11; Linux x86_64) AppleWebKit/537.36 (KHTML, like Gecko) Chrome/137.0.0.0 Safari/537.36",
        "accept": "application/json",
        "sec-ch-ua": "\"Google Chrome\";v=\"137\", \"Chromium\";v=\"137\", \"Not/A)Brand\";v=\"24\"",
        "sec-ch-ua-mobile": "?0",
        "sec-fetch-site": "same-origin",
        "sec-fetch-mode": "cors",
        "sec-fetch-dest": "empty",
        "referer": "https://c2r8p3.42lehavre.fr:8443/en/dashboard",
        "accept-encoding": "gzip, deflate, br, zstd",
        "accept-language": "fr-FR,fr;q=0.9,en-US;q=0.8,en;q=0.7,sq;q=0.6",
        "cookie": "Next-Locale=en; token=eyJhbGciOiJIUzI1NiIsInR5cCI6IkpXVCJ9.eyJpZCI6MSwidXNlcm5hbWUiOiJyb2JpbiIsImJpbyI6IvCfkZAgSGVsbG8gaSdtIG5ldyBoZXJlIiwiaWF0IjoxNzUwNDUzMDg5fQ.2fEMplSBXv1GDIVuXcES_eBiPhCVTvCkGHNPc2_ELPs"
      }
    }
INFO [20-06-2025 21:03:00]: request completed
    reqId: "req-i"
    res: {
      "statusCode": 200
    }
    responseTime: 6.477443993091583
INFO [20-06-2025 21:03:00]: request completed
    reqId: "req-j"
    res: {
      "statusCode": 200
    }
    responseTime: 6.591396003961563
INFO [20-06-2025 21:03:00]: incoming request
    reqId: "req-k"
    req: {
      "method": "GET",
      "url": "/friends/pending",
      "ip": "172.21.0.4",
      "headers": {
        "connection": "upgrade",
        "host": "c2r8p3.42lehavre.fr",
        "x-real-ip": "172.21.0.1",
        "x-forwarded-for": "172.21.0.1",
        "x-forwarded-proto": "https",
        "sec-ch-ua-platform": "\"Linux\"",
        "user-agent": "Mozilla/5.0 (X11; Linux x86_64) AppleWebKit/537.36 (KHTML, like Gecko) Chrome/137.0.0.0 Safari/537.36",
        "sec-ch-ua": "\"Google Chrome\";v=\"137\", \"Chromium\";v=\"137\", \"Not/A)Brand\";v=\"24\"",
        "sec-ch-ua-mobile": "?0",
        "accept": "*/*",
        "sec-fetch-site": "same-origin",
        "sec-fetch-mode": "cors",
        "sec-fetch-dest": "empty",
        "referer": "https://c2r8p3.42lehavre.fr:8443/en/dashboard",
        "accept-encoding": "gzip, deflate, br, zstd",
        "accept-language": "fr-FR,fr;q=0.9,en-US;q=0.8,en;q=0.7,sq;q=0.6",
        "cookie": "Next-Locale=en; token=eyJhbGciOiJIUzI1NiIsInR5cCI6IkpXVCJ9.eyJpZCI6MSwidXNlcm5hbWUiOiJyb2JpbiIsImJpbyI6IvCfkZAgSGVsbG8gaSdtIG5ldyBoZXJlIiwiaWF0IjoxNzUwNDUzMDg5fQ.2fEMplSBXv1GDIVuXcES_eBiPhCVTvCkGHNPc2_ELPs"
      }
    }
INFO [20-06-2025 21:03:00]: request completed
    reqId: "req-k"
    res: {
      "statusCode": 200
    }
    responseTime: 4.616397976875305
INFO [20-06-2025 21:03:30]: incoming request
    reqId: "req-l"
    req: {
      "method": "GET",
      "url": "/profile/me",
      "ip": "172.21.0.4",
      "headers": {
        "connection": "upgrade",
        "host": "c2r8p3.42lehavre.fr",
        "x-real-ip": "172.21.0.1",
        "x-forwarded-for": "172.21.0.1",
        "x-forwarded-proto": "https",
        "sec-ch-ua-platform": "\"Linux\"",
        "user-agent": "Mozilla/5.0 (X11; Linux x86_64) AppleWebKit/537.36 (KHTML, like Gecko) Chrome/137.0.0.0 Safari/537.36",
        "accept": "application/json",
        "sec-ch-ua": "\"Google Chrome\";v=\"137\", \"Chromium\";v=\"137\", \"Not/A)Brand\";v=\"24\"",
        "sec-ch-ua-mobile": "?0",
        "sec-fetch-site": "same-origin",
        "sec-fetch-mode": "cors",
        "sec-fetch-dest": "empty",
        "referer": "https://c2r8p3.42lehavre.fr:8443/en/game/tournament",
        "accept-encoding": "gzip, deflate, br, zstd",
        "accept-language": "fr-FR,fr;q=0.9,en-US;q=0.8,en;q=0.7,sq;q=0.6",
        "cookie": "Next-Locale=en; token=eyJhbGciOiJIUzI1NiIsInR5cCI6IkpXVCJ9.eyJpZCI6MSwidXNlcm5hbWUiOiJyb2JpbiIsImJpbyI6IvCfkZAgSGVsbG8gaSdtIG5ldyBoZXJlIiwiaWF0IjoxNzUwNDUzMDg5fQ.2fEMplSBXv1GDIVuXcES_eBiPhCVTvCkGHNPc2_ELPs"
      }
    }
INFO [20-06-2025 21:03:30]: incoming request
    reqId: "req-m"
    req: {
      "method": "GET",
      "url": "/chat/receive/private",
      "ip": "172.21.0.4",
      "headers": {
        "connection": "upgrade",
        "host": "c2r8p3.42lehavre.fr",
        "x-real-ip": "172.21.0.1",
        "x-forwarded-for": "172.21.0.1",
        "x-forwarded-proto": "https",
        "sec-ch-ua-platform": "\"Linux\"",
        "user-agent": "Mozilla/5.0 (X11; Linux x86_64) AppleWebKit/537.36 (KHTML, like Gecko) Chrome/137.0.0.0 Safari/537.36",
        "sec-ch-ua": "\"Google Chrome\";v=\"137\", \"Chromium\";v=\"137\", \"Not/A)Brand\";v=\"24\"",
        "content-type": "application/json",
        "sec-ch-ua-mobile": "?0",
        "accept": "*/*",
        "sec-fetch-site": "same-origin",
        "sec-fetch-mode": "cors",
        "sec-fetch-dest": "empty",
        "referer": "https://c2r8p3.42lehavre.fr:8443/en/game/tournament",
        "accept-encoding": "gzip, deflate, br, zstd",
        "accept-language": "fr-FR,fr;q=0.9,en-US;q=0.8,en;q=0.7,sq;q=0.6",
        "cookie": "Next-Locale=en; token=eyJhbGciOiJIUzI1NiIsInR5cCI6IkpXVCJ9.eyJpZCI6MSwidXNlcm5hbWUiOiJyb2JpbiIsImJpbyI6IvCfkZAgSGVsbG8gaSdtIG5ldyBoZXJlIiwiaWF0IjoxNzUwNDUzMDg5fQ.2fEMplSBXv1GDIVuXcES_eBiPhCVTvCkGHNPc2_ELPs"
      }
    }
INFO [20-06-2025 21:03:30]: request completed
    reqId: "req-l"
    res: {
      "statusCode": 200
    }
    responseTime: 7.318584978580475
INFO [20-06-2025 21:03:30]: request completed
    reqId: "req-m"
    res: {
      "statusCode": 200
    }
    responseTime: 5.420832991600037
INFO [20-06-2025 21:03:30]: incoming request
    reqId: "req-n"
    req: {
      "method": "GET",
      "url": "/profile/me",
      "ip": "172.21.0.4",
      "headers": {
        "connection": "upgrade",
        "host": "c2r8p3.42lehavre.fr",
        "x-real-ip": "172.21.0.1",
        "x-forwarded-for": "172.21.0.1",
        "x-forwarded-proto": "https",
        "sec-ch-ua-platform": "\"Linux\"",
        "user-agent": "Mozilla/5.0 (X11; Linux x86_64) AppleWebKit/537.36 (KHTML, like Gecko) Chrome/137.0.0.0 Safari/537.36",
        "accept": "application/json",
        "sec-ch-ua": "\"Google Chrome\";v=\"137\", \"Chromium\";v=\"137\", \"Not/A)Brand\";v=\"24\"",
        "sec-ch-ua-mobile": "?0",
        "sec-fetch-site": "same-origin",
        "sec-fetch-mode": "cors",
        "sec-fetch-dest": "empty",
        "referer": "https://c2r8p3.42lehavre.fr:8443/en/game/tournament",
        "accept-encoding": "gzip, deflate, br, zstd",
        "accept-language": "fr-FR,fr;q=0.9,en-US;q=0.8,en;q=0.7,sq;q=0.6",
        "cookie": "Next-Locale=en; token=eyJhbGciOiJIUzI1NiIsInR5cCI6IkpXVCJ9.eyJpZCI6MSwidXNlcm5hbWUiOiJyb2JpbiIsImJpbyI6IvCfkZAgSGVsbG8gaSdtIG5ldyBoZXJlIiwiaWF0IjoxNzUwNDUzMDg5fQ.2fEMplSBXv1GDIVuXcES_eBiPhCVTvCkGHNPc2_ELPs"
      }
    }
INFO [20-06-2025 21:03:30]: incoming request
    reqId: "req-o"
    req: {
      "method": "GET",
      "url": "/chat/receive/private",
      "ip": "172.21.0.4",
      "headers": {
        "connection": "upgrade",
        "host": "c2r8p3.42lehavre.fr",
        "x-real-ip": "172.21.0.1",
        "x-forwarded-for": "172.21.0.1",
        "x-forwarded-proto": "https",
        "sec-ch-ua-platform": "\"Linux\"",
        "user-agent": "Mozilla/5.0 (X11; Linux x86_64) AppleWebKit/537.36 (KHTML, like Gecko) Chrome/137.0.0.0 Safari/537.36",
        "sec-ch-ua": "\"Google Chrome\";v=\"137\", \"Chromium\";v=\"137\", \"Not/A)Brand\";v=\"24\"",
        "content-type": "application/json",
        "sec-ch-ua-mobile": "?0",
        "accept": "*/*",
        "sec-fetch-site": "same-origin",
        "sec-fetch-mode": "cors",
        "sec-fetch-dest": "empty",
        "referer": "https://c2r8p3.42lehavre.fr:8443/en/game/tournament",
        "accept-encoding": "gzip, deflate, br, zstd",
        "accept-language": "fr-FR,fr;q=0.9,en-US;q=0.8,en;q=0.7,sq;q=0.6",
        "cookie": "Next-Locale=en; token=eyJhbGciOiJIUzI1NiIsInR5cCI6IkpXVCJ9.eyJpZCI6MSwidXNlcm5hbWUiOiJyb2JpbiIsImJpbyI6IvCfkZAgSGVsbG8gaSdtIG5ldyBoZXJlIiwiaWF0IjoxNzUwNDUzMDg5fQ.2fEMplSBXv1GDIVuXcES_eBiPhCVTvCkGHNPc2_ELPs"
      }
    }
INFO [20-06-2025 21:03:30]: request completed
    reqId: "req-n"
    res: {
      "statusCode": 200
    }
    responseTime: 7.234867990016937
INFO [20-06-2025 21:03:30]: request completed
    reqId: "req-o"
    res: {
      "statusCode": 200
    }
    responseTime: 5.740195989608765
INFO [20-06-2025 21:03:52]: incoming request
    reqId: "req-p"
    req: {
      "method": "POST",
      "url": "/tournament/join",
      "ip": "172.21.0.4",
      "headers": {
        "connection": "upgrade",
        "host": "c2r8p3.42lehavre.fr",
        "x-real-ip": "172.21.0.1",
        "x-forwarded-for": "172.21.0.1",
        "x-forwarded-proto": "https",
        "content-length": "20",
        "sec-ch-ua-platform": "\"Linux\"",
        "user-agent": "Mozilla/5.0 (X11; Linux x86_64) AppleWebKit/537.36 (KHTML, like Gecko) Chrome/137.0.0.0 Safari/537.36",
        "sec-ch-ua": "\"Google Chrome\";v=\"137\", \"Chromium\";v=\"137\", \"Not/A)Brand\";v=\"24\"",
        "content-type": "application/json",
        "sec-ch-ua-mobile": "?0",
        "accept": "*/*",
        "origin": "https://c2r8p3.42lehavre.fr:8443",
        "sec-fetch-site": "same-origin",
        "sec-fetch-mode": "cors",
        "sec-fetch-dest": "empty",
        "referer": "https://c2r8p3.42lehavre.fr:8443/en/game/tournament",
        "accept-encoding": "gzip, deflate, br, zstd",
        "accept-language": "fr-FR,fr;q=0.9,en-US;q=0.8,en;q=0.7,sq;q=0.6",
        "cookie": "Next-Locale=en; token=eyJhbGciOiJIUzI1NiIsInR5cCI6IkpXVCJ9.eyJpZCI6MSwidXNlcm5hbWUiOiJyb2JpbiIsImJpbyI6IvCfkZAgSGVsbG8gaSdtIG5ldyBoZXJlIiwiaWF0IjoxNzUwNDUzMDg5fQ.2fEMplSBXv1GDIVuXcES_eBiPhCVTvCkGHNPc2_ELPs"
      }
    }
INFO [20-06-2025 21:03:52]: request completed
    reqId: "req-p"
    res: {
      "statusCode": 200
    }
    responseTime: 26.48291900753975
