=============================================
Server Log - 2025-06-24T00:50:06.751Z
Version: 1.0.0
Node: v18.20.3
Platform: linux
=============================================

INFO [24-06-2025 00:50:07]: Server listening at https://127.0.0.1:3001
INFO [24-06-2025 00:50:07]: Server listening at https://172.18.0.2:3001
INFO [24-06-2025 00:50:08]: incoming request
    reqId: "req-1"
    req: {
      "method": "GET",
      "url": "/wss/chat",
      "ip": "172.18.0.1",
      "headers": {
        "host": "c2r8p6.42lehavre.fr:3001",
        "connection": "Upgrade",
        "pragma": "no-cache",
        "cache-control": "no-cache",
        "user-agent": "Mozilla/5.0 (X11; Linux x86_64) AppleWebKit/537.36 (KHTML, like Gecko) Chrome/137.0.0.0 Safari/537.36",
        "upgrade": "websocket",
        "origin": "https://c2r8p6.42lehavre.fr:8443",
        "sec-websocket-version": "13",
        "accept-encoding": "gzip, deflate, br, zstd",
        "accept-language": "fr-FR,fr;q=0.9,en-US;q=0.8,en;q=0.7,sq;q=0.6",
        "cookie": "Next-Locale=en; token=eyJhbGciOiJIUzI1NiIsInR5cCI6IkpXVCJ9.eyJpZCI6MSwidXNlcm5hbWUiOiJyb2JpbiIsImlhdCI6MTc1MDcxNTc4NX0.o_8NhXzWD3rilUcXPtCCy72-hWFeMavKa8FgQQ9oyFE",
        "sec-websocket-key": "tlikdll1ZqJoHEPIx0Ifcw==",
        "sec-websocket-extensions": "permessage-deflate; client_max_window_bits"
      }
    }
INFO [24-06-2025 00:50:08]: incoming request
    reqId: "req-2"
    req: {
      "method": "GET",
      "url": "/wss/chat",
      "ip": "172.18.0.1",
      "headers": {
        "host": "c2r8p6.42lehavre.fr:3001",
        "connection": "Upgrade",
        "pragma": "no-cache",
        "cache-control": "no-cache",
        "user-agent": "Mozilla/5.0 (X11; Linux x86_64) AppleWebKit/537.36 (KHTML, like Gecko) Chrome/137.0.0.0 Safari/537.36",
        "upgrade": "websocket",
        "origin": "https://c2r8p6.42lehavre.fr:8443",
        "sec-websocket-version": "13",
        "accept-encoding": "gzip, deflate, br, zstd",
        "accept-language": "fr-FR,fr;q=0.9,en-US;q=0.8,en;q=0.7,sq;q=0.6",
        "cookie": "Next-Locale=en; token=eyJhbGciOiJIUzI1NiIsInR5cCI6IkpXVCJ9.eyJpZCI6MSwidXNlcm5hbWUiOiJyb2JpbiIsImlhdCI6MTc1MDcxNTc4NX0.o_8NhXzWD3rilUcXPtCCy72-hWFeMavKa8FgQQ9oyFE",
        "sec-websocket-key": "dSKenVGZRYjo32KstFuOZA==",
        "sec-websocket-extensions": "permessage-deflate; client_max_window_bits"
      }
    }
INFO [24-06-2025 00:50:08]: incoming request
    reqId: "req-3"
    req: {
      "method": "GET",
      "url": "/wss/chat",
      "ip": "172.18.0.1",
      "headers": {
        "host": "c2r8p6.42lehavre.fr:3001",
        "connection": "Upgrade",
        "pragma": "no-cache",
        "cache-control": "no-cache",
        "user-agent": "Mozilla/5.0 (X11; Linux x86_64) AppleWebKit/537.36 (KHTML, like Gecko) Chrome/137.0.0.0 Safari/537.36",
        "upgrade": "websocket",
        "origin": "https://c2r8p6.42lehavre.fr:8443",
        "sec-websocket-version": "13",
        "accept-encoding": "gzip, deflate, br, zstd",
        "accept-language": "fr-FR,fr;q=0.9,en-US;q=0.8,en;q=0.7,sq;q=0.6",
        "cookie": "Next-Locale=en; token=eyJhbGciOiJIUzI1NiIsInR5cCI6IkpXVCJ9.eyJpZCI6MSwidXNlcm5hbWUiOiJyb2JpbiIsImlhdCI6MTc1MDcxNTc4NX0.o_8NhXzWD3rilUcXPtCCy72-hWFeMavKa8FgQQ9oyFE",
        "sec-websocket-key": "Napbbjd8vbtBDo3/X3T8cg==",
        "sec-websocket-extensions": "permessage-deflate; client_max_window_bits"
      }
    }
INFO [24-06-2025 00:50:08]: incoming request
    reqId: "req-4"
    req: {
      "method": "GET",
      "url": "/wss/chat",
      "ip": "172.18.0.1",
      "headers": {
        "host": "c2r8p6.42lehavre.fr:3001",
        "connection": "Upgrade",
        "pragma": "no-cache",
        "cache-control": "no-cache",
        "user-agent": "Mozilla/5.0 (X11; Linux x86_64) AppleWebKit/537.36 (KHTML, like Gecko) Chrome/137.0.0.0 Safari/537.36",
        "upgrade": "websocket",
        "origin": "https://c2r8p6.42lehavre.fr:8443",
        "sec-websocket-version": "13",
        "accept-encoding": "gzip, deflate, br, zstd",
        "accept-language": "fr-FR,fr;q=0.9,en-US;q=0.8,en;q=0.7,sq;q=0.6",
        "cookie": "Next-Locale=en; token=eyJhbGciOiJIUzI1NiIsInR5cCI6IkpXVCJ9.eyJpZCI6MSwidXNlcm5hbWUiOiJyb2JpbiIsImlhdCI6MTc1MDcxNTc4NX0.o_8NhXzWD3rilUcXPtCCy72-hWFeMavKa8FgQQ9oyFE",
        "sec-websocket-key": "OeM94LyjoA6v/YRKyRr00w==",
        "sec-websocket-extensions": "permessage-deflate; client_max_window_bits"
      }
    }
INFO [24-06-2025 00:50:08]: incoming request
    reqId: "req-5"
    req: {
      "method": "GET",
      "url": "/wss/chat",
      "ip": "172.18.0.1",
      "headers": {
        "host": "c2r8p6.42lehavre.fr:3001",
        "connection": "Upgrade",
        "pragma": "no-cache",
        "cache-control": "no-cache",
        "user-agent": "Mozilla/5.0 (X11; Linux x86_64) AppleWebKit/537.36 (KHTML, like Gecko) Chrome/137.0.0.0 Safari/537.36",
        "upgrade": "websocket",
        "origin": "https://c2r8p6.42lehavre.fr:8443",
        "sec-websocket-version": "13",
        "accept-encoding": "gzip, deflate, br, zstd",
        "accept-language": "fr-FR,fr;q=0.9,en-US;q=0.8,en;q=0.7,sq;q=0.6",
        "cookie": "Next-Locale=en; token=eyJhbGciOiJIUzI1NiIsInR5cCI6IkpXVCJ9.eyJpZCI6MSwidXNlcm5hbWUiOiJyb2JpbiIsImlhdCI6MTc1MDcxNTc4NX0.o_8NhXzWD3rilUcXPtCCy72-hWFeMavKa8FgQQ9oyFE",
        "sec-websocket-key": "FpUV4IYPnHv4w4ktEw5GaA==",
        "sec-websocket-extensions": "permessage-deflate; client_max_window_bits"
      }
    }
INFO [24-06-2025 00:50:08]: incoming request
    reqId: "req-6"
    req: {
      "method": "GET",
      "url": "/wss/chat",
      "ip": "172.18.0.1",
      "headers": {
        "host": "c2r8p6.42lehavre.fr:3001",
        "connection": "Upgrade",
        "pragma": "no-cache",
        "cache-control": "no-cache",
        "user-agent": "Mozilla/5.0 (X11; Linux x86_64) AppleWebKit/537.36 (KHTML, like Gecko) Chrome/137.0.0.0 Safari/537.36",
        "upgrade": "websocket",
        "origin": "https://c2r8p6.42lehavre.fr:8443",
        "sec-websocket-version": "13",
        "accept-encoding": "gzip, deflate, br, zstd",
        "accept-language": "fr-FR,fr;q=0.9,en-US;q=0.8,en;q=0.7,sq;q=0.6",
        "cookie": "Next-Locale=en; token=eyJhbGciOiJIUzI1NiIsInR5cCI6IkpXVCJ9.eyJpZCI6MSwidXNlcm5hbWUiOiJyb2JpbiIsImlhdCI6MTc1MDcxNTc4NX0.o_8NhXzWD3rilUcXPtCCy72-hWFeMavKa8FgQQ9oyFE",
        "sec-websocket-key": "SLTeTHfuoF+UBmqbCJaD1A==",
        "sec-websocket-extensions": "permessage-deflate; client_max_window_bits"
      }
    }
INFO [24-06-2025 00:50:08]: incoming request
    reqId: "req-7"
    req: {
      "method": "GET",
      "url": "/wss/chat",
      "ip": "172.18.0.1",
      "headers": {
        "host": "c2r8p6.42lehavre.fr:3001",
        "connection": "Upgrade",
        "pragma": "no-cache",
        "cache-control": "no-cache",
        "user-agent": "Mozilla/5.0 (X11; Linux x86_64) AppleWebKit/537.36 (KHTML, like Gecko) Chrome/137.0.0.0 Safari/537.36",
        "upgrade": "websocket",
        "origin": "https://c2r8p6.42lehavre.fr:8443",
        "sec-websocket-version": "13",
        "accept-encoding": "gzip, deflate, br, zstd",
        "accept-language": "fr-FR,fr;q=0.9,en-US;q=0.8,en;q=0.7,sq;q=0.6",
        "cookie": "Next-Locale=en; token=eyJhbGciOiJIUzI1NiIsInR5cCI6IkpXVCJ9.eyJpZCI6MSwidXNlcm5hbWUiOiJyb2JpbiIsImlhdCI6MTc1MDcxNTc4NX0.o_8NhXzWD3rilUcXPtCCy72-hWFeMavKa8FgQQ9oyFE",
        "sec-websocket-key": "BxiwhtRavS1fFzT/9aVu/w==",
        "sec-websocket-extensions": "permessage-deflate; client_max_window_bits"
      }
    }
INFO [24-06-2025 00:50:08]: incoming request
    reqId: "req-8"
    req: {
      "method": "GET",
      "url": "/wss/chat",
      "ip": "172.18.0.1",
      "headers": {
        "host": "c2r8p6.42lehavre.fr:3001",
        "connection": "Upgrade",
        "pragma": "no-cache",
        "cache-control": "no-cache",
        "user-agent": "Mozilla/5.0 (X11; Linux x86_64) AppleWebKit/537.36 (KHTML, like Gecko) Chrome/137.0.0.0 Safari/537.36",
        "upgrade": "websocket",
        "origin": "https://c2r8p6.42lehavre.fr:8443",
        "sec-websocket-version": "13",
        "accept-encoding": "gzip, deflate, br, zstd",
        "accept-language": "fr-FR,fr;q=0.9,en-US;q=0.8,en;q=0.7,sq;q=0.6",
        "cookie": "Next-Locale=en; token=eyJhbGciOiJIUzI1NiIsInR5cCI6IkpXVCJ9.eyJpZCI6MSwidXNlcm5hbWUiOiJyb2JpbiIsImlhdCI6MTc1MDcxNTc4NX0.o_8NhXzWD3rilUcXPtCCy72-hWFeMavKa8FgQQ9oyFE",
        "sec-websocket-key": "Dv78T54Rtpg80D7uzsD1+w==",
        "sec-websocket-extensions": "permessage-deflate; client_max_window_bits"
      }
    }
INFO [24-06-2025 00:50:08]: incoming request
    reqId: "req-9"
    req: {
      "method": "GET",
      "url": "/wss/chat",
      "ip": "172.18.0.1",
      "headers": {
        "host": "c2r8p6.42lehavre.fr:3001",
        "connection": "Upgrade",
        "pragma": "no-cache",
        "cache-control": "no-cache",
        "user-agent": "Mozilla/5.0 (X11; Linux x86_64) AppleWebKit/537.36 (KHTML, like Gecko) Chrome/137.0.0.0 Safari/537.36",
        "upgrade": "websocket",
        "origin": "https://c2r8p6.42lehavre.fr:8443",
        "sec-websocket-version": "13",
        "accept-encoding": "gzip, deflate, br, zstd",
        "accept-language": "fr-FR,fr;q=0.9,en-US;q=0.8,en;q=0.7,sq;q=0.6",
        "cookie": "Next-Locale=en; token=eyJhbGciOiJIUzI1NiIsInR5cCI6IkpXVCJ9.eyJpZCI6MSwidXNlcm5hbWUiOiJyb2JpbiIsImlhdCI6MTc1MDcxNTc4NX0.o_8NhXzWD3rilUcXPtCCy72-hWFeMavKa8FgQQ9oyFE",
        "sec-websocket-key": "VmWU7m7VoGOie12RdhUhyA==",
        "sec-websocket-extensions": "permessage-deflate; client_max_window_bits"
      }
    }
INFO [24-06-2025 00:50:08]: incoming request
    reqId: "req-a"
    req: {
      "method": "GET",
      "url": "/wss/chat",
      "ip": "172.18.0.1",
      "headers": {
        "host": "c2r8p6.42lehavre.fr:3001",
        "connection": "Upgrade",
        "pragma": "no-cache",
        "cache-control": "no-cache",
        "user-agent": "Mozilla/5.0 (X11; Linux x86_64) AppleWebKit/537.36 (KHTML, like Gecko) Chrome/137.0.0.0 Safari/537.36",
        "upgrade": "websocket",
        "origin": "https://c2r8p6.42lehavre.fr:8443",
        "sec-websocket-version": "13",
        "accept-encoding": "gzip, deflate, br, zstd",
        "accept-language": "fr-FR,fr;q=0.9,en-US;q=0.8,en;q=0.7,sq;q=0.6",
        "cookie": "Next-Locale=en; token=eyJhbGciOiJIUzI1NiIsInR5cCI6IkpXVCJ9.eyJpZCI6MSwidXNlcm5hbWUiOiJyb2JpbiIsImlhdCI6MTc1MDcxNTc4NX0.o_8NhXzWD3rilUcXPtCCy72-hWFeMavKa8FgQQ9oyFE",
        "sec-websocket-key": "VyfhxOWbZnL3Bs2s+lSa+A==",
        "sec-websocket-extensions": "permessage-deflate; client_max_window_bits"
      }
    }
INFO [24-06-2025 00:50:08]: incoming request
    reqId: "req-b"
    req: {
      "method": "GET",
      "url": "/wss/chat",
      "ip": "172.18.0.1",
      "headers": {
        "host": "c2r8p6.42lehavre.fr:3001",
        "connection": "Upgrade",
        "pragma": "no-cache",
        "cache-control": "no-cache",
        "user-agent": "Mozilla/5.0 (X11; Linux x86_64) AppleWebKit/537.36 (KHTML, like Gecko) Chrome/137.0.0.0 Safari/537.36",
        "upgrade": "websocket",
        "origin": "https://c2r8p6.42lehavre.fr:8443",
        "sec-websocket-version": "13",
        "accept-encoding": "gzip, deflate, br, zstd",
        "accept-language": "fr-FR,fr;q=0.9,en-US;q=0.8,en;q=0.7,sq;q=0.6",
        "cookie": "Next-Locale=en; token=eyJhbGciOiJIUzI1NiIsInR5cCI6IkpXVCJ9.eyJpZCI6MSwidXNlcm5hbWUiOiJyb2JpbiIsImlhdCI6MTc1MDcxNTc4NX0.o_8NhXzWD3rilUcXPtCCy72-hWFeMavKa8FgQQ9oyFE",
        "sec-websocket-key": "ejKwVkezhmy6iNiRMrg7hw==",
        "sec-websocket-extensions": "permessage-deflate; client_max_window_bits"
      }
    }
INFO [24-06-2025 00:50:08]: incoming request
    reqId: "req-c"
    req: {
      "method": "GET",
      "url": "/wss/chat",
      "ip": "172.18.0.1",
      "headers": {
        "host": "c2r8p6.42lehavre.fr:3001",
        "connection": "Upgrade",
        "pragma": "no-cache",
        "cache-control": "no-cache",
        "user-agent": "Mozilla/5.0 (X11; Linux x86_64) AppleWebKit/537.36 (KHTML, like Gecko) Chrome/137.0.0.0 Safari/537.36",
        "upgrade": "websocket",
        "origin": "https://c2r8p6.42lehavre.fr:8443",
        "sec-websocket-version": "13",
        "accept-encoding": "gzip, deflate, br, zstd",
        "accept-language": "fr-FR,fr;q=0.9,en-US;q=0.8,en;q=0.7,sq;q=0.6",
        "cookie": "Next-Locale=en; token=eyJhbGciOiJIUzI1NiIsInR5cCI6IkpXVCJ9.eyJpZCI6MSwidXNlcm5hbWUiOiJyb2JpbiIsImlhdCI6MTc1MDcxNTc4NX0.o_8NhXzWD3rilUcXPtCCy72-hWFeMavKa8FgQQ9oyFE",
        "sec-websocket-key": "ryVUNUtDqMKX9TW7Q4R5Ig==",
        "sec-websocket-extensions": "permessage-deflate; client_max_window_bits"
      }
    }
INFO [24-06-2025 00:50:08]: incoming request
    reqId: "req-d"
    req: {
      "method": "GET",
      "url": "/wss/chat",
      "ip": "172.18.0.1",
      "headers": {
        "host": "c2r8p6.42lehavre.fr:3001",
        "connection": "Upgrade",
        "pragma": "no-cache",
        "cache-control": "no-cache",
        "user-agent": "Mozilla/5.0 (X11; Linux x86_64) AppleWebKit/537.36 (KHTML, like Gecko) Chrome/137.0.0.0 Safari/537.36",
        "upgrade": "websocket",
        "origin": "https://c2r8p6.42lehavre.fr:8443",
        "sec-websocket-version": "13",
        "accept-encoding": "gzip, deflate, br, zstd",
        "accept-language": "fr-FR,fr;q=0.9,en-US;q=0.8,en;q=0.7,sq;q=0.6",
        "cookie": "Next-Locale=en; token=eyJhbGciOiJIUzI1NiIsInR5cCI6IkpXVCJ9.eyJpZCI6MSwidXNlcm5hbWUiOiJyb2JpbiIsImlhdCI6MTc1MDcxNTc4NX0.o_8NhXzWD3rilUcXPtCCy72-hWFeMavKa8FgQQ9oyFE",
        "sec-websocket-key": "/UgwGDYcD/oKXdjsou7JWg==",
        "sec-websocket-extensions": "permessage-deflate; client_max_window_bits"
      }
    }
INFO [24-06-2025 00:50:08]: incoming request
    reqId: "req-e"
    req: {
      "method": "GET",
      "url": "/wss/chat",
      "ip": "172.18.0.1",
      "headers": {
        "host": "c2r8p6.42lehavre.fr:3001",
        "connection": "Upgrade",
        "pragma": "no-cache",
        "cache-control": "no-cache",
        "user-agent": "Mozilla/5.0 (X11; Linux x86_64) AppleWebKit/537.36 (KHTML, like Gecko) Chrome/137.0.0.0 Safari/537.36",
        "upgrade": "websocket",
        "origin": "https://c2r8p6.42lehavre.fr:8443",
        "sec-websocket-version": "13",
        "accept-encoding": "gzip, deflate, br, zstd",
        "accept-language": "fr-FR,fr;q=0.9,en-US;q=0.8,en;q=0.7,sq;q=0.6",
        "cookie": "Next-Locale=en; token=eyJhbGciOiJIUzI1NiIsInR5cCI6IkpXVCJ9.eyJpZCI6MSwidXNlcm5hbWUiOiJyb2JpbiIsImlhdCI6MTc1MDcxNTc4NX0.o_8NhXzWD3rilUcXPtCCy72-hWFeMavKa8FgQQ9oyFE",
        "sec-websocket-key": "JtZq7u5bqHGCxxp0BcrzyQ==",
        "sec-websocket-extensions": "permessage-deflate; client_max_window_bits"
      }
    }
INFO [24-06-2025 00:50:08]: incoming request
    reqId: "req-f"
    req: {
      "method": "GET",
      "url": "/wss/chat",
      "ip": "172.18.0.1",
      "headers": {
        "host": "c2r8p6.42lehavre.fr:3001",
        "connection": "Upgrade",
        "pragma": "no-cache",
        "cache-control": "no-cache",
        "user-agent": "Mozilla/5.0 (X11; Linux x86_64) AppleWebKit/537.36 (KHTML, like Gecko) Chrome/137.0.0.0 Safari/537.36",
        "upgrade": "websocket",
        "origin": "https://c2r8p6.42lehavre.fr:8443",
        "sec-websocket-version": "13",
        "accept-encoding": "gzip, deflate, br, zstd",
        "accept-language": "fr-FR,fr;q=0.9,en-US;q=0.8,en;q=0.7,sq;q=0.6",
        "cookie": "Next-Locale=en; token=eyJhbGciOiJIUzI1NiIsInR5cCI6IkpXVCJ9.eyJpZCI6MSwidXNlcm5hbWUiOiJyb2JpbiIsImlhdCI6MTc1MDcxNTc4NX0.o_8NhXzWD3rilUcXPtCCy72-hWFeMavKa8FgQQ9oyFE",
        "sec-websocket-key": "MvI3rF9RKhq4kt5KUrwHzw==",
        "sec-websocket-extensions": "permessage-deflate; client_max_window_bits"
      }
    }
INFO [24-06-2025 00:50:08]: incoming request
    reqId: "req-g"
    req: {
      "method": "GET",
      "url": "/wss/chat",
      "ip": "172.18.0.1",
      "headers": {
        "host": "c2r8p6.42lehavre.fr:3001",
        "user-agent": "Mozilla/5.0 (X11; Linux x86_64; rv:139.0) Gecko/20100101 Firefox/139.0",
        "accept": "*/*",
        "accept-language": "en-US,en;q=0.5",
        "accept-encoding": "gzip, deflate, br, zstd",
        "sec-websocket-version": "13",
        "origin": "https://c2r8p6.42lehavre.fr:8443",
        "sec-websocket-extensions": "permessage-deflate",
        "sec-websocket-key": "nOVu5Q7LQbkXU+8yAr4Q2Q==",
        "connection": "keep-alive, Upgrade",
        "cookie": "token=eyJhbGciOiJIUzI1NiIsInR5cCI6IkpXVCJ9.eyJpZCI6NSwidXNlcm5hbWUiOiJyb2JpbjIiLCJpYXQiOjE3NTA3MjExNzV9.ZaU45UBp6U9-sMjMN9VxdUolrTcPq93Zq-9gAjFb6Ek; Next-Locale=en",
        "sec-fetch-dest": "empty",
        "sec-fetch-mode": "websocket",
        "sec-fetch-site": "same-site",
        "pragma": "no-cache",
        "cache-control": "no-cache",
        "upgrade": "websocket"
      }
    }
INFO [24-06-2025 00:50:08]: incoming request
    reqId: "req-h"
    req: {
      "method": "GET",
      "url": "/wss/chat",
      "ip": "172.18.0.1",
      "headers": {
        "host": "c2r8p6.42lehavre.fr:3001",
        "user-agent": "Mozilla/5.0 (X11; Linux x86_64; rv:139.0) Gecko/20100101 Firefox/139.0",
        "accept": "*/*",
        "accept-language": "en-US,en;q=0.5",
        "accept-encoding": "gzip, deflate, br, zstd",
        "sec-websocket-version": "13",
        "origin": "https://c2r8p6.42lehavre.fr:8443",
        "sec-websocket-extensions": "permessage-deflate",
        "sec-websocket-key": "hf2XEzhUUbJPYXgrghJuOw==",
        "connection": "keep-alive, Upgrade",
        "cookie": "token=eyJhbGciOiJIUzI1NiIsInR5cCI6IkpXVCJ9.eyJpZCI6NSwidXNlcm5hbWUiOiJyb2JpbjIiLCJpYXQiOjE3NTA3MjExNzV9.ZaU45UBp6U9-sMjMN9VxdUolrTcPq93Zq-9gAjFb6Ek; Next-Locale=en",
        "sec-fetch-dest": "empty",
        "sec-fetch-mode": "websocket",
        "sec-fetch-site": "same-site",
        "pragma": "no-cache",
        "cache-control": "no-cache",
        "upgrade": "websocket"
      }
    }
INFO [24-06-2025 00:50:08]: incoming request
    reqId: "req-i"
    req: {
      "method": "GET",
      "url": "/wss/chat",
      "ip": "172.18.0.1",
      "headers": {
        "host": "c2r8p6.42lehavre.fr:3001",
        "user-agent": "Mozilla/5.0 (X11; Linux x86_64; rv:139.0) Gecko/20100101 Firefox/139.0",
        "accept": "*/*",
        "accept-language": "en-US,en;q=0.5",
        "accept-encoding": "gzip, deflate, br, zstd",
        "sec-websocket-version": "13",
        "origin": "https://c2r8p6.42lehavre.fr:8443",
        "sec-websocket-extensions": "permessage-deflate",
        "sec-websocket-key": "GfEW2eW4u0YRSXxPPiqyHA==",
        "connection": "keep-alive, Upgrade",
        "cookie": "token=eyJhbGciOiJIUzI1NiIsInR5cCI6IkpXVCJ9.eyJpZCI6NSwidXNlcm5hbWUiOiJyb2JpbjIiLCJpYXQiOjE3NTA3MjExNzV9.ZaU45UBp6U9-sMjMN9VxdUolrTcPq93Zq-9gAjFb6Ek; Next-Locale=en",
        "sec-fetch-dest": "empty",
        "sec-fetch-mode": "websocket",
        "sec-fetch-site": "same-site",
        "pragma": "no-cache",
        "cache-control": "no-cache",
        "upgrade": "websocket"
      }
    }
INFO [24-06-2025 00:50:08]: incoming request
    reqId: "req-j"
    req: {
      "method": "GET",
      "url": "/wss/chat",
      "ip": "172.18.0.1",
      "headers": {
        "host": "c2r8p6.42lehavre.fr:3001",
        "user-agent": "Mozilla/5.0 (X11; Linux x86_64; rv:139.0) Gecko/20100101 Firefox/139.0",
        "accept": "*/*",
        "accept-language": "en-US,en;q=0.5",
        "accept-encoding": "gzip, deflate, br, zstd",
        "sec-websocket-version": "13",
        "origin": "https://c2r8p6.42lehavre.fr:8443",
        "sec-websocket-extensions": "permessage-deflate",
        "sec-websocket-key": "LvS4f7EHMVZG8QukX5hsxA==",
        "connection": "keep-alive, Upgrade",
        "cookie": "token=eyJhbGciOiJIUzI1NiIsInR5cCI6IkpXVCJ9.eyJpZCI6NSwidXNlcm5hbWUiOiJyb2JpbjIiLCJpYXQiOjE3NTA3MjExNzV9.ZaU45UBp6U9-sMjMN9VxdUolrTcPq93Zq-9gAjFb6Ek; Next-Locale=en",
        "sec-fetch-dest": "empty",
        "sec-fetch-mode": "websocket",
        "sec-fetch-site": "same-site",
        "pragma": "no-cache",
        "cache-control": "no-cache",
        "upgrade": "websocket"
      }
    }
INFO [24-06-2025 00:50:08]: incoming request
    reqId: "req-k"
    req: {
      "method": "GET",
      "url": "/wss/chat",
      "ip": "172.18.0.1",
      "headers": {
        "host": "c2r8p6.42lehavre.fr:3001",
        "user-agent": "Mozilla/5.0 (X11; Linux x86_64; rv:139.0) Gecko/20100101 Firefox/139.0",
        "accept": "*/*",
        "accept-language": "en-US,en;q=0.5",
        "accept-encoding": "gzip, deflate, br, zstd",
        "sec-websocket-version": "13",
        "origin": "https://c2r8p6.42lehavre.fr:8443",
        "sec-websocket-extensions": "permessage-deflate",
        "sec-websocket-key": "SNev1Cl+8pf2dEGoMT7ntQ==",
        "connection": "keep-alive, Upgrade",
        "cookie": "token=eyJhbGciOiJIUzI1NiIsInR5cCI6IkpXVCJ9.eyJpZCI6NSwidXNlcm5hbWUiOiJyb2JpbjIiLCJpYXQiOjE3NTA3MjExNzV9.ZaU45UBp6U9-sMjMN9VxdUolrTcPq93Zq-9gAjFb6Ek; Next-Locale=en",
        "sec-fetch-dest": "empty",
        "sec-fetch-mode": "websocket",
        "sec-fetch-site": "same-site",
        "pragma": "no-cache",
        "cache-control": "no-cache",
        "upgrade": "websocket"
      }
    }
INFO [24-06-2025 00:50:08]: incoming request
    reqId: "req-l"
    req: {
      "method": "GET",
      "url": "/wss/chat",
      "ip": "172.18.0.1",
      "headers": {
        "host": "c2r8p6.42lehavre.fr:3001",
        "user-agent": "Mozilla/5.0 (X11; Linux x86_64; rv:139.0) Gecko/20100101 Firefox/139.0",
        "accept": "*/*",
        "accept-language": "en-US,en;q=0.5",
        "accept-encoding": "gzip, deflate, br, zstd",
        "sec-websocket-version": "13",
        "origin": "https://c2r8p6.42lehavre.fr:8443",
        "sec-websocket-extensions": "permessage-deflate",
        "sec-websocket-key": "gD5u0dMXPSRUew2dTicq7w==",
        "connection": "keep-alive, Upgrade",
        "cookie": "token=eyJhbGciOiJIUzI1NiIsInR5cCI6IkpXVCJ9.eyJpZCI6NSwidXNlcm5hbWUiOiJyb2JpbjIiLCJpYXQiOjE3NTA3MjExNzV9.ZaU45UBp6U9-sMjMN9VxdUolrTcPq93Zq-9gAjFb6Ek; Next-Locale=en",
        "sec-fetch-dest": "empty",
        "sec-fetch-mode": "websocket",
        "sec-fetch-site": "same-site",
        "pragma": "no-cache",
        "cache-control": "no-cache",
        "upgrade": "websocket"
      }
    }
INFO [24-06-2025 00:50:08]: incoming request
    reqId: "req-m"
    req: {
      "method": "GET",
      "url": "/wss/chat",
      "ip": "172.18.0.1",
      "headers": {
        "host": "c2r8p6.42lehavre.fr:3001",
        "user-agent": "Mozilla/5.0 (X11; Linux x86_64; rv:139.0) Gecko/20100101 Firefox/139.0",
        "accept": "*/*",
        "accept-language": "en-US,en;q=0.5",
        "accept-encoding": "gzip, deflate, br, zstd",
        "sec-websocket-version": "13",
        "origin": "https://c2r8p6.42lehavre.fr:8443",
        "sec-websocket-extensions": "permessage-deflate",
        "sec-websocket-key": "Iyu3upkOLv1NnXn39ppXWw==",
        "connection": "keep-alive, Upgrade",
        "cookie": "token=eyJhbGciOiJIUzI1NiIsInR5cCI6IkpXVCJ9.eyJpZCI6NSwidXNlcm5hbWUiOiJyb2JpbjIiLCJpYXQiOjE3NTA3MjExNzV9.ZaU45UBp6U9-sMjMN9VxdUolrTcPq93Zq-9gAjFb6Ek; Next-Locale=en",
        "sec-fetch-dest": "empty",
        "sec-fetch-mode": "websocket",
        "sec-fetch-site": "same-site",
        "pragma": "no-cache",
        "cache-control": "no-cache",
        "upgrade": "websocket"
      }
    }
INFO [24-06-2025 00:50:08]: incoming request
    reqId: "req-n"
    req: {
      "method": "GET",
      "url": "/wss/chat",
      "ip": "172.18.0.1",
      "headers": {
        "host": "c2r8p6.42lehavre.fr:3001",
        "user-agent": "Mozilla/5.0 (X11; Linux x86_64; rv:139.0) Gecko/20100101 Firefox/139.0",
        "accept": "*/*",
        "accept-language": "en-US,en;q=0.5",
        "accept-encoding": "gzip, deflate, br, zstd",
        "sec-websocket-version": "13",
        "origin": "https://c2r8p6.42lehavre.fr:8443",
        "sec-websocket-extensions": "permessage-deflate",
        "sec-websocket-key": "TC6ax6fJBJdiW/8SFCIA/Q==",
        "connection": "keep-alive, Upgrade",
        "cookie": "token=eyJhbGciOiJIUzI1NiIsInR5cCI6IkpXVCJ9.eyJpZCI6NSwidXNlcm5hbWUiOiJyb2JpbjIiLCJpYXQiOjE3NTA3MjExNzV9.ZaU45UBp6U9-sMjMN9VxdUolrTcPq93Zq-9gAjFb6Ek; Next-Locale=en",
        "sec-fetch-dest": "empty",
        "sec-fetch-mode": "websocket",
        "sec-fetch-site": "same-site",
        "pragma": "no-cache",
        "cache-control": "no-cache",
        "upgrade": "websocket"
      }
    }
INFO [24-06-2025 00:50:08]: incoming request
    reqId: "req-o"
    req: {
      "method": "GET",
      "url": "/wss/chat",
      "ip": "172.18.0.1",
      "headers": {
        "host": "c2r8p6.42lehavre.fr:3001",
        "connection": "Upgrade",
        "pragma": "no-cache",
        "cache-control": "no-cache",
        "user-agent": "Mozilla/5.0 (X11; Linux x86_64) AppleWebKit/537.36 (KHTML, like Gecko) Chrome/137.0.0.0 Safari/537.36",
        "upgrade": "websocket",
        "origin": "https://c2r8p6.42lehavre.fr:8443",
        "sec-websocket-version": "13",
        "accept-encoding": "gzip, deflate, br, zstd",
        "accept-language": "fr-FR,fr;q=0.9,en-US;q=0.8,en;q=0.7,sq;q=0.6",
        "cookie": "Next-Locale=en; token=eyJhbGciOiJIUzI1NiIsInR5cCI6IkpXVCJ9.eyJpZCI6MSwidXNlcm5hbWUiOiJyb2JpbiIsImlhdCI6MTc1MDcxNTc4NX0.o_8NhXzWD3rilUcXPtCCy72-hWFeMavKa8FgQQ9oyFE",
        "sec-websocket-key": "xFr1kqApBfV6wrwJ6r/s+g==",
        "sec-websocket-extensions": "permessage-deflate; client_max_window_bits"
      }
    }
INFO [24-06-2025 00:50:08]: incoming request
    reqId: "req-p"
    req: {
      "method": "GET",
      "url": "/wss/chat",
      "ip": "172.18.0.1",
      "headers": {
        "host": "c2r8p6.42lehavre.fr:3001",
        "connection": "Upgrade",
        "pragma": "no-cache",
        "cache-control": "no-cache",
        "user-agent": "Mozilla/5.0 (X11; Linux x86_64) AppleWebKit/537.36 (KHTML, like Gecko) Chrome/137.0.0.0 Safari/537.36",
        "upgrade": "websocket",
        "origin": "https://c2r8p6.42lehavre.fr:8443",
        "sec-websocket-version": "13",
        "accept-encoding": "gzip, deflate, br, zstd",
        "accept-language": "fr-FR,fr;q=0.9,en-US;q=0.8,en;q=0.7,sq;q=0.6",
        "cookie": "Next-Locale=en; token=eyJhbGciOiJIUzI1NiIsInR5cCI6IkpXVCJ9.eyJpZCI6MSwidXNlcm5hbWUiOiJyb2JpbiIsImlhdCI6MTc1MDcxNTc4NX0.o_8NhXzWD3rilUcXPtCCy72-hWFeMavKa8FgQQ9oyFE",
        "sec-websocket-key": "TEbiqVzmgSn3bGYr48JAIQ==",
        "sec-websocket-extensions": "permessage-deflate; client_max_window_bits"
      }
    }
INFO [24-06-2025 00:50:09]: incoming request
    reqId: "req-q"
    req: {
      "method": "GET",
      "url": "/wss/chat",
      "ip": "172.18.0.1",
      "headers": {
        "host": "c2r8p6.42lehavre.fr:3001",
        "connection": "Upgrade",
        "pragma": "no-cache",
        "cache-control": "no-cache",
        "user-agent": "Mozilla/5.0 (X11; Linux x86_64) AppleWebKit/537.36 (KHTML, like Gecko) Chrome/137.0.0.0 Safari/537.36",
        "upgrade": "websocket",
        "origin": "https://c2r8p6.42lehavre.fr:8443",
        "sec-websocket-version": "13",
        "accept-encoding": "gzip, deflate, br, zstd",
        "accept-language": "fr-FR,fr;q=0.9,en-US;q=0.8,en;q=0.7,sq;q=0.6",
        "cookie": "Next-Locale=en; token=eyJhbGciOiJIUzI1NiIsInR5cCI6IkpXVCJ9.eyJpZCI6MSwidXNlcm5hbWUiOiJyb2JpbiIsImlhdCI6MTc1MDcxNTc4NX0.o_8NhXzWD3rilUcXPtCCy72-hWFeMavKa8FgQQ9oyFE",
        "sec-websocket-key": "rPFo0R+P1ZiE4NRpqxDSUw==",
        "sec-websocket-extensions": "permessage-deflate; client_max_window_bits"
      }
    }
INFO [24-06-2025 00:50:09]: incoming request
    reqId: "req-r"
    req: {
      "method": "GET",
      "url": "/wss/chat",
      "ip": "172.18.0.1",
      "headers": {
        "host": "c2r8p6.42lehavre.fr:3001",
        "connection": "Upgrade",
        "pragma": "no-cache",
        "cache-control": "no-cache",
        "user-agent": "Mozilla/5.0 (X11; Linux x86_64) AppleWebKit/537.36 (KHTML, like Gecko) Chrome/137.0.0.0 Safari/537.36",
        "upgrade": "websocket",
        "origin": "https://c2r8p6.42lehavre.fr:8443",
        "sec-websocket-version": "13",
        "accept-encoding": "gzip, deflate, br, zstd",
        "accept-language": "fr-FR,fr;q=0.9,en-US;q=0.8,en;q=0.7,sq;q=0.6",
        "cookie": "Next-Locale=en; token=eyJhbGciOiJIUzI1NiIsInR5cCI6IkpXVCJ9.eyJpZCI6MSwidXNlcm5hbWUiOiJyb2JpbiIsImlhdCI6MTc1MDcxNTc4NX0.o_8NhXzWD3rilUcXPtCCy72-hWFeMavKa8FgQQ9oyFE",
        "sec-websocket-key": "Zbv5fhu7RWFmZYMThBPZ1g==",
        "sec-websocket-extensions": "permessage-deflate; client_max_window_bits"
      }
    }
INFO [24-06-2025 00:50:09]: incoming request
    reqId: "req-s"
    req: {
      "method": "GET",
      "url": "/wss/chat",
      "ip": "172.18.0.1",
      "headers": {
        "host": "c2r8p6.42lehavre.fr:3001",
        "connection": "Upgrade",
        "pragma": "no-cache",
        "cache-control": "no-cache",
        "user-agent": "Mozilla/5.0 (X11; Linux x86_64) AppleWebKit/537.36 (KHTML, like Gecko) Chrome/137.0.0.0 Safari/537.36",
        "upgrade": "websocket",
        "origin": "https://c2r8p6.42lehavre.fr:8443",
        "sec-websocket-version": "13",
        "accept-encoding": "gzip, deflate, br, zstd",
        "accept-language": "fr-FR,fr;q=0.9,en-US;q=0.8,en;q=0.7,sq;q=0.6",
        "cookie": "Next-Locale=en; token=eyJhbGciOiJIUzI1NiIsInR5cCI6IkpXVCJ9.eyJpZCI6MSwidXNlcm5hbWUiOiJyb2JpbiIsImlhdCI6MTc1MDcxNTc4NX0.o_8NhXzWD3rilUcXPtCCy72-hWFeMavKa8FgQQ9oyFE",
        "sec-websocket-key": "j7fKskwQA7fs86vx8i2ItA==",
        "sec-websocket-extensions": "permessage-deflate; client_max_window_bits"
      }
    }
INFO [24-06-2025 00:50:09]: incoming request
    reqId: "req-t"
    req: {
      "method": "GET",
      "url": "/wss/chat",
      "ip": "172.18.0.1",
      "headers": {
        "host": "c2r8p6.42lehavre.fr:3001",
        "connection": "Upgrade",
        "pragma": "no-cache",
        "cache-control": "no-cache",
        "user-agent": "Mozilla/5.0 (X11; Linux x86_64) AppleWebKit/537.36 (KHTML, like Gecko) Chrome/137.0.0.0 Safari/537.36",
        "upgrade": "websocket",
        "origin": "https://c2r8p6.42lehavre.fr:8443",
        "sec-websocket-version": "13",
        "accept-encoding": "gzip, deflate, br, zstd",
        "accept-language": "fr-FR,fr;q=0.9,en-US;q=0.8,en;q=0.7,sq;q=0.6",
        "cookie": "Next-Locale=en; token=eyJhbGciOiJIUzI1NiIsInR5cCI6IkpXVCJ9.eyJpZCI6MSwidXNlcm5hbWUiOiJyb2JpbiIsImlhdCI6MTc1MDcxNTc4NX0.o_8NhXzWD3rilUcXPtCCy72-hWFeMavKa8FgQQ9oyFE",
        "sec-websocket-key": "e4ZpJO7InssLrFRHTbMA5g==",
        "sec-websocket-extensions": "permessage-deflate; client_max_window_bits"
      }
    }
INFO [24-06-2025 00:50:10]: incoming request
    reqId: "req-u"
    req: {
      "method": "GET",
      "url": "/wss/chat",
      "ip": "172.18.0.1",
      "headers": {
        "host": "c2r8p6.42lehavre.fr:3001",
        "connection": "Upgrade",
        "pragma": "no-cache",
        "cache-control": "no-cache",
        "user-agent": "Mozilla/5.0 (X11; Linux x86_64) AppleWebKit/537.36 (KHTML, like Gecko) Chrome/137.0.0.0 Safari/537.36",
        "upgrade": "websocket",
        "origin": "https://c2r8p6.42lehavre.fr:8443",
        "sec-websocket-version": "13",
        "accept-encoding": "gzip, deflate, br, zstd",
        "accept-language": "fr-FR,fr;q=0.9,en-US;q=0.8,en;q=0.7,sq;q=0.6",
        "cookie": "Next-Locale=en; token=eyJhbGciOiJIUzI1NiIsInR5cCI6IkpXVCJ9.eyJpZCI6MSwidXNlcm5hbWUiOiJyb2JpbiIsImlhdCI6MTc1MDcxNTc4NX0.o_8NhXzWD3rilUcXPtCCy72-hWFeMavKa8FgQQ9oyFE",
        "sec-websocket-key": "w5k3lVLf+JLkCh7VV9IlFQ==",
        "sec-websocket-extensions": "permessage-deflate; client_max_window_bits"
      }
    }
