=============================================
Server Log - 2025-06-20T19:12:14.042Z
Version: 1.0.0
Node: v18.20.3
Platform: linux
=============================================

INFO [20-06-2025 19:12:14]: Server listening at https://127.0.0.1:3001
INFO [20-06-2025 19:12:14]: Server listening at https://172.19.0.2:3001
INFO [20-06-2025 19:13:27]: incoming request
    reqId: "req-1"
    req: {
      "method": "GET",
      "url": "/profile/me",
      "ip": "172.19.0.4",
      "headers": {
        "connection": "upgrade",
        "host": "c2r8p1.42lehavre.fr",
        "x-real-ip": "172.19.0.1",
        "x-forwarded-for": "172.19.0.1",
        "x-forwarded-proto": "https",
        "sec-ch-ua-platform": "\"Linux\"",
        "user-agent": "Mozilla/5.0 (X11; Linux x86_64) AppleWebKit/537.36 (KHTML, like Gecko) Chrome/137.0.0.0 Safari/537.36",
        "accept": "application/json",
        "sec-ch-ua": "\"Google Chrome\";v=\"137\", \"Chromium\";v=\"137\", \"Not/A)Brand\";v=\"24\"",
        "sec-ch-ua-mobile": "?0",
        "sec-fetch-site": "same-origin",
        "sec-fetch-mode": "cors",
        "sec-fetch-dest": "empty",
        "referer": "https://c2r8p1.42lehavre.fr:8443/en/dashboard",
        "accept-encoding": "gzip, deflate, br, zstd",
        "accept-language": "fr-FR,fr;q=0.9,en-US;q=0.8,en;q=0.7,sq;q=0.6",
        "cookie": "Next-Locale=en; token=eyJhbGciOiJIUzI1NiIsInR5cCI6IkpXVCJ9.eyJpZCI6MiwidXNlcm5hbWUiOiJyb2JpbiIsImJpbyI6InNhbHV0IiwiaWF0IjoxNzUwNDQ1MTMyfQ.-wTAuxX1RQ8CZt5yeUf0IvX2CCPnLPe6fYTD9K8XIu4"
      }
    }
INFO [20-06-2025 19:13:27]: incoming request
    reqId: "req-2"
    req: {
      "method": "GET",
      "url": "/friends",
      "ip": "172.19.0.4",
      "headers": {
        "connection": "upgrade",
        "host": "c2r8p1.42lehavre.fr",
        "x-real-ip": "172.19.0.1",
        "x-forwarded-for": "172.19.0.1",
        "x-forwarded-proto": "https",
        "sec-ch-ua-platform": "\"Linux\"",
        "user-agent": "Mozilla/5.0 (X11; Linux x86_64) AppleWebKit/537.36 (KHTML, like Gecko) Chrome/137.0.0.0 Safari/537.36",
        "sec-ch-ua": "\"Google Chrome\";v=\"137\", \"Chromium\";v=\"137\", \"Not/A)Brand\";v=\"24\"",
        "sec-ch-ua-mobile": "?0",
        "accept": "*/*",
        "sec-fetch-site": "same-origin",
        "sec-fetch-mode": "cors",
        "sec-fetch-dest": "empty",
        "referer": "https://c2r8p1.42lehavre.fr:8443/en/dashboard",
        "accept-encoding": "gzip, deflate, br, zstd",
        "accept-language": "fr-FR,fr;q=0.9,en-US;q=0.8,en;q=0.7,sq;q=0.6",
        "cookie": "Next-Locale=en; token=eyJhbGciOiJIUzI1NiIsInR5cCI6IkpXVCJ9.eyJpZCI6MiwidXNlcm5hbWUiOiJyb2JpbiIsImJpbyI6InNhbHV0IiwiaWF0IjoxNzUwNDQ1MTMyfQ.-wTAuxX1RQ8CZt5yeUf0IvX2CCPnLPe6fYTD9K8XIu4"
      }
    }
INFO [20-06-2025 19:13:27]: incoming request
    reqId: "req-3"
    req: {
      "method": "GET",
      "url": "/chat/receive/private",
      "ip": "172.19.0.4",
      "headers": {
        "connection": "upgrade",
        "host": "c2r8p1.42lehavre.fr",
        "x-real-ip": "172.19.0.1",
        "x-forwarded-for": "172.19.0.1",
        "x-forwarded-proto": "https",
        "sec-ch-ua-platform": "\"Linux\"",
        "user-agent": "Mozilla/5.0 (X11; Linux x86_64) AppleWebKit/537.36 (KHTML, like Gecko) Chrome/137.0.0.0 Safari/537.36",
        "sec-ch-ua": "\"Google Chrome\";v=\"137\", \"Chromium\";v=\"137\", \"Not/A)Brand\";v=\"24\"",
        "content-type": "application/json",
        "sec-ch-ua-mobile": "?0",
        "accept": "*/*",
        "sec-fetch-site": "same-origin",
        "sec-fetch-mode": "cors",
        "sec-fetch-dest": "empty",
        "referer": "https://c2r8p1.42lehavre.fr:8443/en/dashboard",
        "accept-encoding": "gzip, deflate, br, zstd",
        "accept-language": "fr-FR,fr;q=0.9,en-US;q=0.8,en;q=0.7,sq;q=0.6",
        "cookie": "Next-Locale=en; token=eyJhbGciOiJIUzI1NiIsInR5cCI6IkpXVCJ9.eyJpZCI6MiwidXNlcm5hbWUiOiJyb2JpbiIsImJpbyI6InNhbHV0IiwiaWF0IjoxNzUwNDQ1MTMyfQ.-wTAuxX1RQ8CZt5yeUf0IvX2CCPnLPe6fYTD9K8XIu4"
      }
    }
INFO [20-06-2025 19:13:27]: request completed
    reqId: "req-1"
    res: {
      "statusCode": 200
    }
    responseTime: 41.28697398304939
INFO [20-06-2025 19:13:27]: request completed
    reqId: "req-2"
    res: {
      "statusCode": 200
    }
    responseTime: 34.08818697929382
INFO [20-06-2025 19:13:27]: incoming request
    reqId: "req-4"
    req: {
      "method": "GET",
      "url": "/profile/me",
      "ip": "172.19.0.4",
      "headers": {
        "connection": "upgrade",
        "host": "c2r8p1.42lehavre.fr",
        "x-real-ip": "172.19.0.1",
        "x-forwarded-for": "172.19.0.1",
        "x-forwarded-proto": "https",
        "sec-ch-ua-platform": "\"Linux\"",
        "user-agent": "Mozilla/5.0 (X11; Linux x86_64) AppleWebKit/537.36 (KHTML, like Gecko) Chrome/137.0.0.0 Safari/537.36",
        "accept": "application/json",
        "sec-ch-ua": "\"Google Chrome\";v=\"137\", \"Chromium\";v=\"137\", \"Not/A)Brand\";v=\"24\"",
        "sec-ch-ua-mobile": "?0",
        "sec-fetch-site": "same-origin",
        "sec-fetch-mode": "cors",
        "sec-fetch-dest": "empty",
        "referer": "https://c2r8p1.42lehavre.fr:8443/en/dashboard",
        "accept-encoding": "gzip, deflate, br, zstd",
        "accept-language": "fr-FR,fr;q=0.9,en-US;q=0.8,en;q=0.7,sq;q=0.6",
        "cookie": "Next-Locale=en; token=eyJhbGciOiJIUzI1NiIsInR5cCI6IkpXVCJ9.eyJpZCI6MiwidXNlcm5hbWUiOiJyb2JpbiIsImJpbyI6InNhbHV0IiwiaWF0IjoxNzUwNDQ1MTMyfQ.-wTAuxX1RQ8CZt5yeUf0IvX2CCPnLPe6fYTD9K8XIu4"
      }
    }
INFO [20-06-2025 19:13:27]: request completed
    reqId: "req-4"
    res: {
      "statusCode": 200
    }
    responseTime: 15.802130997180939
INFO [20-06-2025 19:13:27]: incoming request
    reqId: "req-5"
    req: {
      "method": "GET",
      "url": "/friends",
      "ip": "172.19.0.4",
      "headers": {
        "connection": "upgrade",
        "host": "c2r8p1.42lehavre.fr",
        "x-real-ip": "172.19.0.1",
        "x-forwarded-for": "172.19.0.1",
        "x-forwarded-proto": "https",
        "sec-ch-ua-platform": "\"Linux\"",
        "user-agent": "Mozilla/5.0 (X11; Linux x86_64) AppleWebKit/537.36 (KHTML, like Gecko) Chrome/137.0.0.0 Safari/537.36",
        "sec-ch-ua": "\"Google Chrome\";v=\"137\", \"Chromium\";v=\"137\", \"Not/A)Brand\";v=\"24\"",
        "sec-ch-ua-mobile": "?0",
        "accept": "*/*",
        "sec-fetch-site": "same-origin",
        "sec-fetch-mode": "cors",
        "sec-fetch-dest": "empty",
        "referer": "https://c2r8p1.42lehavre.fr:8443/en/dashboard",
        "accept-encoding": "gzip, deflate, br, zstd",
        "accept-language": "fr-FR,fr;q=0.9,en-US;q=0.8,en;q=0.7,sq;q=0.6",
        "cookie": "Next-Locale=en; token=eyJhbGciOiJIUzI1NiIsInR5cCI6IkpXVCJ9.eyJpZCI6MiwidXNlcm5hbWUiOiJyb2JpbiIsImJpbyI6InNhbHV0IiwiaWF0IjoxNzUwNDQ1MTMyfQ.-wTAuxX1RQ8CZt5yeUf0IvX2CCPnLPe6fYTD9K8XIu4"
      }
    }
INFO [20-06-2025 19:13:27]: request completed
    reqId: "req-3"
    res: {
      "statusCode": 200
    }
    responseTime: 51.27701699733734
INFO [20-06-2025 19:13:27]: incoming request
    reqId: "req-6"
    req: {
      "method": "GET",
      "url": "/chat/receive/private",
      "ip": "172.19.0.4",
      "headers": {
        "connection": "upgrade",
        "host": "c2r8p1.42lehavre.fr",
        "x-real-ip": "172.19.0.1",
        "x-forwarded-for": "172.19.0.1",
        "x-forwarded-proto": "https",
        "sec-ch-ua-platform": "\"Linux\"",
        "user-agent": "Mozilla/5.0 (X11; Linux x86_64) AppleWebKit/537.36 (KHTML, like Gecko) Chrome/137.0.0.0 Safari/537.36",
        "sec-ch-ua": "\"Google Chrome\";v=\"137\", \"Chromium\";v=\"137\", \"Not/A)Brand\";v=\"24\"",
        "content-type": "application/json",
        "sec-ch-ua-mobile": "?0",
        "accept": "*/*",
        "sec-fetch-site": "same-origin",
        "sec-fetch-mode": "cors",
        "sec-fetch-dest": "empty",
        "referer": "https://c2r8p1.42lehavre.fr:8443/en/dashboard",
        "accept-encoding": "gzip, deflate, br, zstd",
        "accept-language": "fr-FR,fr;q=0.9,en-US;q=0.8,en;q=0.7,sq;q=0.6",
        "cookie": "Next-Locale=en; token=eyJhbGciOiJIUzI1NiIsInR5cCI6IkpXVCJ9.eyJpZCI6MiwidXNlcm5hbWUiOiJyb2JpbiIsImJpbyI6InNhbHV0IiwiaWF0IjoxNzUwNDQ1MTMyfQ.-wTAuxX1RQ8CZt5yeUf0IvX2CCPnLPe6fYTD9K8XIu4"
      }
    }
INFO [20-06-2025 19:13:27]: incoming request
    reqId: "req-7"
    req: {
      "method": "GET",
      "url": "/profile/me",
      "ip": "172.19.0.4",
      "headers": {
        "connection": "upgrade",
        "host": "c2r8p1.42lehavre.fr",
        "x-real-ip": "172.19.0.1",
        "x-forwarded-for": "172.19.0.1",
        "x-forwarded-proto": "https",
        "sec-ch-ua-platform": "\"Linux\"",
        "user-agent": "Mozilla/5.0 (X11; Linux x86_64) AppleWebKit/537.36 (KHTML, like Gecko) Chrome/137.0.0.0 Safari/537.36",
        "accept": "application/json",
        "sec-ch-ua": "\"Google Chrome\";v=\"137\", \"Chromium\";v=\"137\", \"Not/A)Brand\";v=\"24\"",
        "sec-ch-ua-mobile": "?0",
        "sec-fetch-site": "same-origin",
        "sec-fetch-mode": "cors",
        "sec-fetch-dest": "empty",
        "referer": "https://c2r8p1.42lehavre.fr:8443/en/dashboard",
        "accept-encoding": "gzip, deflate, br, zstd",
        "accept-language": "fr-FR,fr;q=0.9,en-US;q=0.8,en;q=0.7,sq;q=0.6",
        "cookie": "Next-Locale=en; token=eyJhbGciOiJIUzI1NiIsInR5cCI6IkpXVCJ9.eyJpZCI6MiwidXNlcm5hbWUiOiJyb2JpbiIsImJpbyI6InNhbHV0IiwiaWF0IjoxNzUwNDQ1MTMyfQ.-wTAuxX1RQ8CZt5yeUf0IvX2CCPnLPe6fYTD9K8XIu4"
      }
    }
INFO [20-06-2025 19:13:27]: request completed
    reqId: "req-5"
    res: {
      "statusCode": 200
    }
    responseTime: 12.850102007389069
INFO [20-06-2025 19:13:27]: request completed
    reqId: "req-7"
    res: {
      "statusCode": 200
    }
    responseTime: 6.203605026006699
INFO [20-06-2025 19:13:27]: request completed
    reqId: "req-6"
    res: {
      "statusCode": 200
    }
    responseTime: 18.745519995689392
INFO [20-06-2025 19:13:27]: incoming request
    reqId: "req-8"
    req: {
      "method": "GET",
      "url": "/profile/me",
      "ip": "172.19.0.4",
      "headers": {
        "connection": "upgrade",
        "host": "c2r8p1.42lehavre.fr",
        "x-real-ip": "172.19.0.1",
        "x-forwarded-for": "172.19.0.1",
        "x-forwarded-proto": "https",
        "sec-ch-ua-platform": "\"Linux\"",
        "user-agent": "Mozilla/5.0 (X11; Linux x86_64) AppleWebKit/537.36 (KHTML, like Gecko) Chrome/137.0.0.0 Safari/537.36",
        "accept": "application/json",
        "sec-ch-ua": "\"Google Chrome\";v=\"137\", \"Chromium\";v=\"137\", \"Not/A)Brand\";v=\"24\"",
        "sec-ch-ua-mobile": "?0",
        "sec-fetch-site": "same-origin",
        "sec-fetch-mode": "cors",
        "sec-fetch-dest": "empty",
        "referer": "https://c2r8p1.42lehavre.fr:8443/en/dashboard",
        "accept-encoding": "gzip, deflate, br, zstd",
        "accept-language": "fr-FR,fr;q=0.9,en-US;q=0.8,en;q=0.7,sq;q=0.6",
        "cookie": "Next-Locale=en; token=eyJhbGciOiJIUzI1NiIsInR5cCI6IkpXVCJ9.eyJpZCI6MiwidXNlcm5hbWUiOiJyb2JpbiIsImJpbyI6InNhbHV0IiwiaWF0IjoxNzUwNDQ1MTMyfQ.-wTAuxX1RQ8CZt5yeUf0IvX2CCPnLPe6fYTD9K8XIu4"
      }
    }
INFO [20-06-2025 19:13:27]: incoming request
    reqId: "req-9"
    req: {
      "method": "GET",
      "url": "/friends/pending",
      "ip": "172.19.0.4",
      "headers": {
        "connection": "upgrade",
        "host": "c2r8p1.42lehavre.fr",
        "x-real-ip": "172.19.0.1",
        "x-forwarded-for": "172.19.0.1",
        "x-forwarded-proto": "https",
        "sec-ch-ua-platform": "\"Linux\"",
        "user-agent": "Mozilla/5.0 (X11; Linux x86_64) AppleWebKit/537.36 (KHTML, like Gecko) Chrome/137.0.0.0 Safari/537.36",
        "sec-ch-ua": "\"Google Chrome\";v=\"137\", \"Chromium\";v=\"137\", \"Not/A)Brand\";v=\"24\"",
        "sec-ch-ua-mobile": "?0",
        "accept": "*/*",
        "sec-fetch-site": "same-origin",
        "sec-fetch-mode": "cors",
        "sec-fetch-dest": "empty",
        "referer": "https://c2r8p1.42lehavre.fr:8443/en/dashboard",
        "accept-encoding": "gzip, deflate, br, zstd",
        "accept-language": "fr-FR,fr;q=0.9,en-US;q=0.8,en;q=0.7,sq;q=0.6",
        "cookie": "Next-Locale=en; token=eyJhbGciOiJIUzI1NiIsInR5cCI6IkpXVCJ9.eyJpZCI6MiwidXNlcm5hbWUiOiJyb2JpbiIsImJpbyI6InNhbHV0IiwiaWF0IjoxNzUwNDQ1MTMyfQ.-wTAuxX1RQ8CZt5yeUf0IvX2CCPnLPe6fYTD9K8XIu4"
      }
    }
INFO [20-06-2025 19:13:27]: request completed
    reqId: "req-8"
    res: {
      "statusCode": 200
    }
    responseTime: 11.99745100736618
INFO [20-06-2025 19:13:27]: request completed
    reqId: "req-9"
    res: {
      "statusCode": 200
    }
    responseTime: 14.515682995319366
INFO [20-06-2025 19:13:27]: incoming request
    reqId: "req-a"
    req: {
      "method": "GET",
      "url": "/friends/pending",
      "ip": "172.19.0.4",
      "headers": {
        "connection": "upgrade",
        "host": "c2r8p1.42lehavre.fr",
        "x-real-ip": "172.19.0.1",
        "x-forwarded-for": "172.19.0.1",
        "x-forwarded-proto": "https",
        "sec-ch-ua-platform": "\"Linux\"",
        "user-agent": "Mozilla/5.0 (X11; Linux x86_64) AppleWebKit/537.36 (KHTML, like Gecko) Chrome/137.0.0.0 Safari/537.36",
        "sec-ch-ua": "\"Google Chrome\";v=\"137\", \"Chromium\";v=\"137\", \"Not/A)Brand\";v=\"24\"",
        "sec-ch-ua-mobile": "?0",
        "accept": "*/*",
        "sec-fetch-site": "same-origin",
        "sec-fetch-mode": "cors",
        "sec-fetch-dest": "empty",
        "referer": "https://c2r8p1.42lehavre.fr:8443/en/dashboard",
        "accept-encoding": "gzip, deflate, br, zstd",
        "accept-language": "fr-FR,fr;q=0.9,en-US;q=0.8,en;q=0.7,sq;q=0.6",
        "cookie": "Next-Locale=en; token=eyJhbGciOiJIUzI1NiIsInR5cCI6IkpXVCJ9.eyJpZCI6MiwidXNlcm5hbWUiOiJyb2JpbiIsImJpbyI6InNhbHV0IiwiaWF0IjoxNzUwNDQ1MTMyfQ.-wTAuxX1RQ8CZt5yeUf0IvX2CCPnLPe6fYTD9K8XIu4"
      }
    }
INFO [20-06-2025 19:13:27]: request completed
    reqId: "req-a"
    res: {
      "statusCode": 200
    }
    responseTime: 5.973109990358353
INFO [20-06-2025 19:13:42]: incoming request
    reqId: "req-b"
    req: {
      "method": "GET",
      "url": "/friends",
      "ip": "172.19.0.4",
      "headers": {
        "connection": "upgrade",
        "host": "c2r8p1.42lehavre.fr",
        "x-real-ip": "172.19.0.1",
        "x-forwarded-for": "172.19.0.1",
        "x-forwarded-proto": "https",
        "sec-ch-ua-platform": "\"Linux\"",
        "user-agent": "Mozilla/5.0 (X11; Linux x86_64) AppleWebKit/537.36 (KHTML, like Gecko) Chrome/137.0.0.0 Safari/537.36",
        "sec-ch-ua": "\"Google Chrome\";v=\"137\", \"Chromium\";v=\"137\", \"Not/A)Brand\";v=\"24\"",
        "sec-ch-ua-mobile": "?0",
        "accept": "*/*",
        "sec-fetch-site": "same-origin",
        "sec-fetch-mode": "cors",
        "sec-fetch-dest": "empty",
        "referer": "https://c2r8p1.42lehavre.fr:8443/en/dashboard",
        "accept-encoding": "gzip, deflate, br, zstd",
        "accept-language": "fr-FR,fr;q=0.9,en-US;q=0.8,en;q=0.7,sq;q=0.6",
        "cookie": "Next-Locale=en; token=eyJhbGciOiJIUzI1NiIsInR5cCI6IkpXVCJ9.eyJpZCI6MiwidXNlcm5hbWUiOiJyb2JpbiIsImJpbyI6InNhbHV0IiwiaWF0IjoxNzUwNDQ1MTMyfQ.-wTAuxX1RQ8CZt5yeUf0IvX2CCPnLPe6fYTD9K8XIu4"
      }
    }
INFO [20-06-2025 19:13:42]: incoming request
    reqId: "req-c"
    req: {
      "method": "GET",
      "url": "/profile/me",
      "ip": "172.19.0.4",
      "headers": {
        "connection": "upgrade",
        "host": "c2r8p1.42lehavre.fr",
        "x-real-ip": "172.19.0.1",
        "x-forwarded-for": "172.19.0.1",
        "x-forwarded-proto": "https",
        "sec-ch-ua-platform": "\"Linux\"",
        "user-agent": "Mozilla/5.0 (X11; Linux x86_64) AppleWebKit/537.36 (KHTML, like Gecko) Chrome/137.0.0.0 Safari/537.36",
        "accept": "application/json",
        "sec-ch-ua": "\"Google Chrome\";v=\"137\", \"Chromium\";v=\"137\", \"Not/A)Brand\";v=\"24\"",
        "sec-ch-ua-mobile": "?0",
        "sec-fetch-site": "same-origin",
        "sec-fetch-mode": "cors",
        "sec-fetch-dest": "empty",
        "referer": "https://c2r8p1.42lehavre.fr:8443/en/dashboard",
        "accept-encoding": "gzip, deflate, br, zstd",
        "accept-language": "fr-FR,fr;q=0.9,en-US;q=0.8,en;q=0.7,sq;q=0.6",
        "cookie": "Next-Locale=en; token=eyJhbGciOiJIUzI1NiIsInR5cCI6IkpXVCJ9.eyJpZCI6MiwidXNlcm5hbWUiOiJyb2JpbiIsImJpbyI6InNhbHV0IiwiaWF0IjoxNzUwNDQ1MTMyfQ.-wTAuxX1RQ8CZt5yeUf0IvX2CCPnLPe6fYTD9K8XIu4"
      }
    }
INFO [20-06-2025 19:13:42]: request completed
    reqId: "req-c"
    res: {
      "statusCode": 200
    }
    responseTime: 4.3026570081710815
INFO [20-06-2025 19:13:42]: incoming request
    reqId: "req-d"
    req: {
      "method": "GET",
      "url": "/chat/receive/private",
      "ip": "172.19.0.4",
      "headers": {
        "connection": "upgrade",
        "host": "c2r8p1.42lehavre.fr",
        "x-real-ip": "172.19.0.1",
        "x-forwarded-for": "172.19.0.1",
        "x-forwarded-proto": "https",
        "sec-ch-ua-platform": "\"Linux\"",
        "user-agent": "Mozilla/5.0 (X11; Linux x86_64) AppleWebKit/537.36 (KHTML, like Gecko) Chrome/137.0.0.0 Safari/537.36",
        "sec-ch-ua": "\"Google Chrome\";v=\"137\", \"Chromium\";v=\"137\", \"Not/A)Brand\";v=\"24\"",
        "content-type": "application/json",
        "sec-ch-ua-mobile": "?0",
        "accept": "*/*",
        "sec-fetch-site": "same-origin",
        "sec-fetch-mode": "cors",
        "sec-fetch-dest": "empty",
        "referer": "https://c2r8p1.42lehavre.fr:8443/en/dashboard",
        "accept-encoding": "gzip, deflate, br, zstd",
        "accept-language": "fr-FR,fr;q=0.9,en-US;q=0.8,en;q=0.7,sq;q=0.6",
        "cookie": "Next-Locale=en; token=eyJhbGciOiJIUzI1NiIsInR5cCI6IkpXVCJ9.eyJpZCI6MiwidXNlcm5hbWUiOiJyb2JpbiIsImJpbyI6InNhbHV0IiwiaWF0IjoxNzUwNDQ1MTMyfQ.-wTAuxX1RQ8CZt5yeUf0IvX2CCPnLPe6fYTD9K8XIu4"
      }
    }
INFO [20-06-2025 19:13:42]: request completed
    reqId: "req-b"
    res: {
      "statusCode": 200
    }
    responseTime: 10.596442997455597
INFO [20-06-2025 19:13:42]: incoming request
    reqId: "req-e"
    req: {
      "method": "GET",
      "url": "/profile/me",
      "ip": "172.19.0.4",
      "headers": {
        "connection": "upgrade",
        "host": "c2r8p1.42lehavre.fr",
        "x-real-ip": "172.19.0.1",
        "x-forwarded-for": "172.19.0.1",
        "x-forwarded-proto": "https",
        "sec-ch-ua-platform": "\"Linux\"",
        "user-agent": "Mozilla/5.0 (X11; Linux x86_64) AppleWebKit/537.36 (KHTML, like Gecko) Chrome/137.0.0.0 Safari/537.36",
        "accept": "application/json",
        "sec-ch-ua": "\"Google Chrome\";v=\"137\", \"Chromium\";v=\"137\", \"Not/A)Brand\";v=\"24\"",
        "sec-ch-ua-mobile": "?0",
        "sec-fetch-site": "same-origin",
        "sec-fetch-mode": "cors",
        "sec-fetch-dest": "empty",
        "referer": "https://c2r8p1.42lehavre.fr:8443/en/dashboard",
        "accept-encoding": "gzip, deflate, br, zstd",
        "accept-language": "fr-FR,fr;q=0.9,en-US;q=0.8,en;q=0.7,sq;q=0.6",
        "cookie": "Next-Locale=en; token=eyJhbGciOiJIUzI1NiIsInR5cCI6IkpXVCJ9.eyJpZCI6MiwidXNlcm5hbWUiOiJyb2JpbiIsImJpbyI6InNhbHV0IiwiaWF0IjoxNzUwNDQ1MTMyfQ.-wTAuxX1RQ8CZt5yeUf0IvX2CCPnLPe6fYTD9K8XIu4"
      }
    }
INFO [20-06-2025 19:13:42]: incoming request
    reqId: "req-f"
    req: {
      "method": "GET",
      "url": "/friends",
      "ip": "172.19.0.4",
      "headers": {
        "connection": "upgrade",
        "host": "c2r8p1.42lehavre.fr",
        "x-real-ip": "172.19.0.1",
        "x-forwarded-for": "172.19.0.1",
        "x-forwarded-proto": "https",
        "sec-ch-ua-platform": "\"Linux\"",
        "user-agent": "Mozilla/5.0 (X11; Linux x86_64) AppleWebKit/537.36 (KHTML, like Gecko) Chrome/137.0.0.0 Safari/537.36",
        "sec-ch-ua": "\"Google Chrome\";v=\"137\", \"Chromium\";v=\"137\", \"Not/A)Brand\";v=\"24\"",
        "sec-ch-ua-mobile": "?0",
        "accept": "*/*",
        "sec-fetch-site": "same-origin",
        "sec-fetch-mode": "cors",
        "sec-fetch-dest": "empty",
        "referer": "https://c2r8p1.42lehavre.fr:8443/en/dashboard",
        "accept-encoding": "gzip, deflate, br, zstd",
        "accept-language": "fr-FR,fr;q=0.9,en-US;q=0.8,en;q=0.7,sq;q=0.6",
        "cookie": "Next-Locale=en; token=eyJhbGciOiJIUzI1NiIsInR5cCI6IkpXVCJ9.eyJpZCI6MiwidXNlcm5hbWUiOiJyb2JpbiIsImJpbyI6InNhbHV0IiwiaWF0IjoxNzUwNDQ1MTMyfQ.-wTAuxX1RQ8CZt5yeUf0IvX2CCPnLPe6fYTD9K8XIu4"
      }
    }
INFO [20-06-2025 19:13:42]: request completed
    reqId: "req-e"
    res: {
      "statusCode": 200
    }
    responseTime: 12.037510007619858
INFO [20-06-2025 19:13:42]: request completed
    reqId: "req-d"
    res: {
      "statusCode": 200
    }
    responseTime: 21.876307010650635
INFO [20-06-2025 19:13:42]: incoming request
    reqId: "req-g"
    req: {
      "method": "GET",
      "url": "/profile/me",
      "ip": "172.19.0.4",
      "headers": {
        "connection": "upgrade",
        "host": "c2r8p1.42lehavre.fr",
        "x-real-ip": "172.19.0.1",
        "x-forwarded-for": "172.19.0.1",
        "x-forwarded-proto": "https",
        "sec-ch-ua-platform": "\"Linux\"",
        "user-agent": "Mozilla/5.0 (X11; Linux x86_64) AppleWebKit/537.36 (KHTML, like Gecko) Chrome/137.0.0.0 Safari/537.36",
        "accept": "application/json",
        "sec-ch-ua": "\"Google Chrome\";v=\"137\", \"Chromium\";v=\"137\", \"Not/A)Brand\";v=\"24\"",
        "sec-ch-ua-mobile": "?0",
        "sec-fetch-site": "same-origin",
        "sec-fetch-mode": "cors",
        "sec-fetch-dest": "empty",
        "referer": "https://c2r8p1.42lehavre.fr:8443/en/dashboard",
        "accept-encoding": "gzip, deflate, br, zstd",
        "accept-language": "fr-FR,fr;q=0.9,en-US;q=0.8,en;q=0.7,sq;q=0.6",
        "cookie": "Next-Locale=en; token=eyJhbGciOiJIUzI1NiIsInR5cCI6IkpXVCJ9.eyJpZCI6MiwidXNlcm5hbWUiOiJyb2JpbiIsImJpbyI6InNhbHV0IiwiaWF0IjoxNzUwNDQ1MTMyfQ.-wTAuxX1RQ8CZt5yeUf0IvX2CCPnLPe6fYTD9K8XIu4"
      }
    }
INFO [20-06-2025 19:13:42]: incoming request
    reqId: "req-h"
    req: {
      "method": "GET",
      "url": "/chat/receive/private",
      "ip": "172.19.0.4",
      "headers": {
        "connection": "upgrade",
        "host": "c2r8p1.42lehavre.fr",
        "x-real-ip": "172.19.0.1",
        "x-forwarded-for": "172.19.0.1",
        "x-forwarded-proto": "https",
        "sec-ch-ua-platform": "\"Linux\"",
        "user-agent": "Mozilla/5.0 (X11; Linux x86_64) AppleWebKit/537.36 (KHTML, like Gecko) Chrome/137.0.0.0 Safari/537.36",
        "sec-ch-ua": "\"Google Chrome\";v=\"137\", \"Chromium\";v=\"137\", \"Not/A)Brand\";v=\"24\"",
        "content-type": "application/json",
        "sec-ch-ua-mobile": "?0",
        "accept": "*/*",
        "sec-fetch-site": "same-origin",
        "sec-fetch-mode": "cors",
        "sec-fetch-dest": "empty",
        "referer": "https://c2r8p1.42lehavre.fr:8443/en/dashboard",
        "accept-encoding": "gzip, deflate, br, zstd",
        "accept-language": "fr-FR,fr;q=0.9,en-US;q=0.8,en;q=0.7,sq;q=0.6",
        "cookie": "Next-Locale=en; token=eyJhbGciOiJIUzI1NiIsInR5cCI6IkpXVCJ9.eyJpZCI6MiwidXNlcm5hbWUiOiJyb2JpbiIsImJpbyI6InNhbHV0IiwiaWF0IjoxNzUwNDQ1MTMyfQ.-wTAuxX1RQ8CZt5yeUf0IvX2CCPnLPe6fYTD9K8XIu4"
      }
    }
INFO [20-06-2025 19:13:42]: request completed
    reqId: "req-f"
    res: {
      "statusCode": 200
    }
    responseTime: 20.405530005693436
INFO [20-06-2025 19:13:42]: request completed
    reqId: "req-g"
    res: {
      "statusCode": 200
    }
    responseTime: 4.854454010725021
INFO [20-06-2025 19:13:42]: request completed
    reqId: "req-h"
    res: {
      "statusCode": 200
    }
    responseTime: 17.939640015363693
INFO [20-06-2025 19:13:42]: incoming request
    reqId: "req-i"
    req: {
      "method": "GET",
      "url": "/profile/me",
      "ip": "172.19.0.4",
      "headers": {
        "connection": "upgrade",
        "host": "c2r8p1.42lehavre.fr",
        "x-real-ip": "172.19.0.1",
        "x-forwarded-for": "172.19.0.1",
        "x-forwarded-proto": "https",
        "sec-ch-ua-platform": "\"Linux\"",
        "user-agent": "Mozilla/5.0 (X11; Linux x86_64) AppleWebKit/537.36 (KHTML, like Gecko) Chrome/137.0.0.0 Safari/537.36",
        "accept": "application/json",
        "sec-ch-ua": "\"Google Chrome\";v=\"137\", \"Chromium\";v=\"137\", \"Not/A)Brand\";v=\"24\"",
        "sec-ch-ua-mobile": "?0",
        "sec-fetch-site": "same-origin",
        "sec-fetch-mode": "cors",
        "sec-fetch-dest": "empty",
        "referer": "https://c2r8p1.42lehavre.fr:8443/en/dashboard",
        "accept-encoding": "gzip, deflate, br, zstd",
        "accept-language": "fr-FR,fr;q=0.9,en-US;q=0.8,en;q=0.7,sq;q=0.6",
        "cookie": "Next-Locale=en; token=eyJhbGciOiJIUzI1NiIsInR5cCI6IkpXVCJ9.eyJpZCI6MiwidXNlcm5hbWUiOiJyb2JpbiIsImJpbyI6InNhbHV0IiwiaWF0IjoxNzUwNDQ1MTMyfQ.-wTAuxX1RQ8CZt5yeUf0IvX2CCPnLPe6fYTD9K8XIu4"
      }
    }
INFO [20-06-2025 19:13:42]: incoming request
    reqId: "req-j"
    req: {
      "method": "GET",
      "url": "/friends/pending",
      "ip": "172.19.0.4",
      "headers": {
        "connection": "upgrade",
        "host": "c2r8p1.42lehavre.fr",
        "x-real-ip": "172.19.0.1",
        "x-forwarded-for": "172.19.0.1",
        "x-forwarded-proto": "https",
        "sec-ch-ua-platform": "\"Linux\"",
        "user-agent": "Mozilla/5.0 (X11; Linux x86_64) AppleWebKit/537.36 (KHTML, like Gecko) Chrome/137.0.0.0 Safari/537.36",
        "sec-ch-ua": "\"Google Chrome\";v=\"137\", \"Chromium\";v=\"137\", \"Not/A)Brand\";v=\"24\"",
        "sec-ch-ua-mobile": "?0",
        "accept": "*/*",
        "sec-fetch-site": "same-origin",
        "sec-fetch-mode": "cors",
        "sec-fetch-dest": "empty",
        "referer": "https://c2r8p1.42lehavre.fr:8443/en/dashboard",
        "accept-encoding": "gzip, deflate, br, zstd",
        "accept-language": "fr-FR,fr;q=0.9,en-US;q=0.8,en;q=0.7,sq;q=0.6",
        "cookie": "Next-Locale=en; token=eyJhbGciOiJIUzI1NiIsInR5cCI6IkpXVCJ9.eyJpZCI6MiwidXNlcm5hbWUiOiJyb2JpbiIsImJpbyI6InNhbHV0IiwiaWF0IjoxNzUwNDQ1MTMyfQ.-wTAuxX1RQ8CZt5yeUf0IvX2CCPnLPe6fYTD9K8XIu4"
      }
    }
INFO [20-06-2025 19:13:42]: request completed
    reqId: "req-i"
    res: {
      "statusCode": 200
    }
    responseTime: 4.668431997299194
INFO [20-06-2025 19:13:42]: request completed
    reqId: "req-j"
    res: {
      "statusCode": 200
    }
    responseTime: 3.559898018836975
INFO [20-06-2025 19:13:42]: incoming request
    reqId: "req-k"
    req: {
      "method": "GET",
      "url": "/friends/pending",
      "ip": "172.19.0.4",
      "headers": {
        "connection": "upgrade",
        "host": "c2r8p1.42lehavre.fr",
        "x-real-ip": "172.19.0.1",
        "x-forwarded-for": "172.19.0.1",
        "x-forwarded-proto": "https",
        "sec-ch-ua-platform": "\"Linux\"",
        "user-agent": "Mozilla/5.0 (X11; Linux x86_64) AppleWebKit/537.36 (KHTML, like Gecko) Chrome/137.0.0.0 Safari/537.36",
        "sec-ch-ua": "\"Google Chrome\";v=\"137\", \"Chromium\";v=\"137\", \"Not/A)Brand\";v=\"24\"",
        "sec-ch-ua-mobile": "?0",
        "accept": "*/*",
        "sec-fetch-site": "same-origin",
        "sec-fetch-mode": "cors",
        "sec-fetch-dest": "empty",
        "referer": "https://c2r8p1.42lehavre.fr:8443/en/dashboard",
        "accept-encoding": "gzip, deflate, br, zstd",
        "accept-language": "fr-FR,fr;q=0.9,en-US;q=0.8,en;q=0.7,sq;q=0.6",
        "cookie": "Next-Locale=en; token=eyJhbGciOiJIUzI1NiIsInR5cCI6IkpXVCJ9.eyJpZCI6MiwidXNlcm5hbWUiOiJyb2JpbiIsImJpbyI6InNhbHV0IiwiaWF0IjoxNzUwNDQ1MTMyfQ.-wTAuxX1RQ8CZt5yeUf0IvX2CCPnLPe6fYTD9K8XIu4"
      }
    }
INFO [20-06-2025 19:13:42]: request completed
    reqId: "req-k"
    res: {
      "statusCode": 200
    }
    responseTime: 6.372248977422714
INFO [20-06-2025 19:14:42]: incoming request
    reqId: "req-l"
    req: {
      "method": "GET",
      "url": "/profile/me",
      "ip": "172.19.0.4",
      "headers": {
        "connection": "upgrade",
        "host": "c2r8p1.42lehavre.fr",
        "x-real-ip": "172.19.0.1",
        "x-forwarded-for": "172.19.0.1",
        "x-forwarded-proto": "https",
        "sec-ch-ua-platform": "\"Linux\"",
        "user-agent": "Mozilla/5.0 (X11; Linux x86_64) AppleWebKit/537.36 (KHTML, like Gecko) Chrome/137.0.0.0 Safari/537.36",
        "accept": "application/json",
        "sec-ch-ua": "\"Google Chrome\";v=\"137\", \"Chromium\";v=\"137\", \"Not/A)Brand\";v=\"24\"",
        "sec-ch-ua-mobile": "?0",
        "sec-fetch-site": "same-origin",
        "sec-fetch-mode": "cors",
        "sec-fetch-dest": "empty",
        "referer": "https://c2r8p1.42lehavre.fr:8443/en/dashboard",
        "accept-encoding": "gzip, deflate, br, zstd",
        "accept-language": "fr-FR,fr;q=0.9,en-US;q=0.8,en;q=0.7,sq;q=0.6",
        "cookie": "Next-Locale=en; token=eyJhbGciOiJIUzI1NiIsInR5cCI6IkpXVCJ9.eyJpZCI6MiwidXNlcm5hbWUiOiJyb2JpbiIsImJpbyI6InNhbHV0IiwiaWF0IjoxNzUwNDQ1MTMyfQ.-wTAuxX1RQ8CZt5yeUf0IvX2CCPnLPe6fYTD9K8XIu4"
      }
    }
INFO [20-06-2025 19:14:42]: incoming request
    reqId: "req-m"
    req: {
      "method": "GET",
      "url": "/friends",
      "ip": "172.19.0.4",
      "headers": {
        "connection": "upgrade",
        "host": "c2r8p1.42lehavre.fr",
        "x-real-ip": "172.19.0.1",
        "x-forwarded-for": "172.19.0.1",
        "x-forwarded-proto": "https",
        "sec-ch-ua-platform": "\"Linux\"",
        "user-agent": "Mozilla/5.0 (X11; Linux x86_64) AppleWebKit/537.36 (KHTML, like Gecko) Chrome/137.0.0.0 Safari/537.36",
        "sec-ch-ua": "\"Google Chrome\";v=\"137\", \"Chromium\";v=\"137\", \"Not/A)Brand\";v=\"24\"",
        "sec-ch-ua-mobile": "?0",
        "accept": "*/*",
        "sec-fetch-site": "same-origin",
        "sec-fetch-mode": "cors",
        "sec-fetch-dest": "empty",
        "referer": "https://c2r8p1.42lehavre.fr:8443/en/dashboard",
        "accept-encoding": "gzip, deflate, br, zstd",
        "accept-language": "fr-FR,fr;q=0.9,en-US;q=0.8,en;q=0.7,sq;q=0.6",
        "cookie": "Next-Locale=en; token=eyJhbGciOiJIUzI1NiIsInR5cCI6IkpXVCJ9.eyJpZCI6MiwidXNlcm5hbWUiOiJyb2JpbiIsImJpbyI6InNhbHV0IiwiaWF0IjoxNzUwNDQ1MTMyfQ.-wTAuxX1RQ8CZt5yeUf0IvX2CCPnLPe6fYTD9K8XIu4"
      }
    }
INFO [20-06-2025 19:14:42]: request completed
    reqId: "req-l"
    res: {
      "statusCode": 200
    }
    responseTime: 6.395568996667862
INFO [20-06-2025 19:14:42]: incoming request
    reqId: "req-n"
    req: {
      "method": "GET",
      "url": "/chat/receive/private",
      "ip": "172.19.0.4",
      "headers": {
        "connection": "upgrade",
        "host": "c2r8p1.42lehavre.fr",
        "x-real-ip": "172.19.0.1",
        "x-forwarded-for": "172.19.0.1",
        "x-forwarded-proto": "https",
        "sec-ch-ua-platform": "\"Linux\"",
        "user-agent": "Mozilla/5.0 (X11; Linux x86_64) AppleWebKit/537.36 (KHTML, like Gecko) Chrome/137.0.0.0 Safari/537.36",
        "sec-ch-ua": "\"Google Chrome\";v=\"137\", \"Chromium\";v=\"137\", \"Not/A)Brand\";v=\"24\"",
        "content-type": "application/json",
        "sec-ch-ua-mobile": "?0",
        "accept": "*/*",
        "sec-fetch-site": "same-origin",
        "sec-fetch-mode": "cors",
        "sec-fetch-dest": "empty",
        "referer": "https://c2r8p1.42lehavre.fr:8443/en/dashboard",
        "accept-encoding": "gzip, deflate, br, zstd",
        "accept-language": "fr-FR,fr;q=0.9,en-US;q=0.8,en;q=0.7,sq;q=0.6",
        "cookie": "Next-Locale=en; token=eyJhbGciOiJIUzI1NiIsInR5cCI6IkpXVCJ9.eyJpZCI6MiwidXNlcm5hbWUiOiJyb2JpbiIsImJpbyI6InNhbHV0IiwiaWF0IjoxNzUwNDQ1MTMyfQ.-wTAuxX1RQ8CZt5yeUf0IvX2CCPnLPe6fYTD9K8XIu4"
      }
    }
INFO [20-06-2025 19:14:42]: request completed
    reqId: "req-m"
    res: {
      "statusCode": 200
    }
    responseTime: 8.975714981555939
INFO [20-06-2025 19:14:42]: incoming request
    reqId: "req-o"
    req: {
      "method": "GET",
      "url": "/profile/me",
      "ip": "172.19.0.4",
      "headers": {
        "connection": "upgrade",
        "host": "c2r8p1.42lehavre.fr",
        "x-real-ip": "172.19.0.1",
        "x-forwarded-for": "172.19.0.1",
        "x-forwarded-proto": "https",
        "sec-ch-ua-platform": "\"Linux\"",
        "user-agent": "Mozilla/5.0 (X11; Linux x86_64) AppleWebKit/537.36 (KHTML, like Gecko) Chrome/137.0.0.0 Safari/537.36",
        "accept": "application/json",
        "sec-ch-ua": "\"Google Chrome\";v=\"137\", \"Chromium\";v=\"137\", \"Not/A)Brand\";v=\"24\"",
        "sec-ch-ua-mobile": "?0",
        "sec-fetch-site": "same-origin",
        "sec-fetch-mode": "cors",
        "sec-fetch-dest": "empty",
        "referer": "https://c2r8p1.42lehavre.fr:8443/en/dashboard",
        "accept-encoding": "gzip, deflate, br, zstd",
        "accept-language": "fr-FR,fr;q=0.9,en-US;q=0.8,en;q=0.7,sq;q=0.6",
        "cookie": "Next-Locale=en; token=eyJhbGciOiJIUzI1NiIsInR5cCI6IkpXVCJ9.eyJpZCI6MiwidXNlcm5hbWUiOiJyb2JpbiIsImJpbyI6InNhbHV0IiwiaWF0IjoxNzUwNDQ1MTMyfQ.-wTAuxX1RQ8CZt5yeUf0IvX2CCPnLPe6fYTD9K8XIu4"
      }
    }
INFO [20-06-2025 19:14:42]: request completed
    reqId: "req-o"
    res: {
      "statusCode": 200
    }
    responseTime: 15.950870990753174
INFO [20-06-2025 19:14:42]: incoming request
    reqId: "req-p"
    req: {
      "method": "GET",
      "url": "/friends",
      "ip": "172.19.0.4",
      "headers": {
        "connection": "upgrade",
        "host": "c2r8p1.42lehavre.fr",
        "x-real-ip": "172.19.0.1",
        "x-forwarded-for": "172.19.0.1",
        "x-forwarded-proto": "https",
        "sec-ch-ua-platform": "\"Linux\"",
        "user-agent": "Mozilla/5.0 (X11; Linux x86_64) AppleWebKit/537.36 (KHTML, like Gecko) Chrome/137.0.0.0 Safari/537.36",
        "sec-ch-ua": "\"Google Chrome\";v=\"137\", \"Chromium\";v=\"137\", \"Not/A)Brand\";v=\"24\"",
        "sec-ch-ua-mobile": "?0",
        "accept": "*/*",
        "sec-fetch-site": "same-origin",
        "sec-fetch-mode": "cors",
        "sec-fetch-dest": "empty",
        "referer": "https://c2r8p1.42lehavre.fr:8443/en/dashboard",
        "accept-encoding": "gzip, deflate, br, zstd",
        "accept-language": "fr-FR,fr;q=0.9,en-US;q=0.8,en;q=0.7,sq;q=0.6",
        "cookie": "Next-Locale=en; token=eyJhbGciOiJIUzI1NiIsInR5cCI6IkpXVCJ9.eyJpZCI6MiwidXNlcm5hbWUiOiJyb2JpbiIsImJpbyI6InNhbHV0IiwiaWF0IjoxNzUwNDQ1MTMyfQ.-wTAuxX1RQ8CZt5yeUf0IvX2CCPnLPe6fYTD9K8XIu4"
      }
    }
INFO [20-06-2025 19:14:42]: request completed
    reqId: "req-n"
    res: {
      "statusCode": 200
    }
    responseTime: 25.795530021190643
INFO [20-06-2025 19:14:42]: incoming request
    reqId: "req-q"
    req: {
      "method": "GET",
      "url": "/chat/receive/private",
      "ip": "172.19.0.4",
      "headers": {
        "connection": "upgrade",
        "host": "c2r8p1.42lehavre.fr",
        "x-real-ip": "172.19.0.1",
        "x-forwarded-for": "172.19.0.1",
        "x-forwarded-proto": "https",
        "sec-ch-ua-platform": "\"Linux\"",
        "user-agent": "Mozilla/5.0 (X11; Linux x86_64) AppleWebKit/537.36 (KHTML, like Gecko) Chrome/137.0.0.0 Safari/537.36",
        "sec-ch-ua": "\"Google Chrome\";v=\"137\", \"Chromium\";v=\"137\", \"Not/A)Brand\";v=\"24\"",
        "content-type": "application/json",
        "sec-ch-ua-mobile": "?0",
        "accept": "*/*",
        "sec-fetch-site": "same-origin",
        "sec-fetch-mode": "cors",
        "sec-fetch-dest": "empty",
        "referer": "https://c2r8p1.42lehavre.fr:8443/en/dashboard",
        "accept-encoding": "gzip, deflate, br, zstd",
        "accept-language": "fr-FR,fr;q=0.9,en-US;q=0.8,en;q=0.7,sq;q=0.6",
        "cookie": "Next-Locale=en; token=eyJhbGciOiJIUzI1NiIsInR5cCI6IkpXVCJ9.eyJpZCI6MiwidXNlcm5hbWUiOiJyb2JpbiIsImJpbyI6InNhbHV0IiwiaWF0IjoxNzUwNDQ1MTMyfQ.-wTAuxX1RQ8CZt5yeUf0IvX2CCPnLPe6fYTD9K8XIu4"
      }
    }
INFO [20-06-2025 19:14:42]: incoming request
    reqId: "req-r"
    req: {
      "method": "GET",
      "url": "/profile/me",
      "ip": "172.19.0.4",
      "headers": {
        "connection": "upgrade",
        "host": "c2r8p1.42lehavre.fr",
        "x-real-ip": "172.19.0.1",
        "x-forwarded-for": "172.19.0.1",
        "x-forwarded-proto": "https",
        "sec-ch-ua-platform": "\"Linux\"",
        "user-agent": "Mozilla/5.0 (X11; Linux x86_64) AppleWebKit/537.36 (KHTML, like Gecko) Chrome/137.0.0.0 Safari/537.36",
        "accept": "application/json",
        "sec-ch-ua": "\"Google Chrome\";v=\"137\", \"Chromium\";v=\"137\", \"Not/A)Brand\";v=\"24\"",
        "sec-ch-ua-mobile": "?0",
        "sec-fetch-site": "same-origin",
        "sec-fetch-mode": "cors",
        "sec-fetch-dest": "empty",
        "referer": "https://c2r8p1.42lehavre.fr:8443/en/dashboard",
        "accept-encoding": "gzip, deflate, br, zstd",
        "accept-language": "fr-FR,fr;q=0.9,en-US;q=0.8,en;q=0.7,sq;q=0.6",
        "cookie": "Next-Locale=en; token=eyJhbGciOiJIUzI1NiIsInR5cCI6IkpXVCJ9.eyJpZCI6MiwidXNlcm5hbWUiOiJyb2JpbiIsImJpbyI6InNhbHV0IiwiaWF0IjoxNzUwNDQ1MTMyfQ.-wTAuxX1RQ8CZt5yeUf0IvX2CCPnLPe6fYTD9K8XIu4"
      }
    }
INFO [20-06-2025 19:14:42]: request completed
    reqId: "req-p"
    res: {
      "statusCode": 200
    }
    responseTime: 8.176025986671448
INFO [20-06-2025 19:14:42]: request completed
    reqId: "req-r"
    res: {
      "statusCode": 200
    }
    responseTime: 3.4714989960193634
INFO [20-06-2025 19:14:42]: incoming request
    reqId: "req-s"
    req: {
      "method": "GET",
      "url": "/profile/me",
      "ip": "172.19.0.4",
      "headers": {
        "connection": "upgrade",
        "host": "c2r8p1.42lehavre.fr",
        "x-real-ip": "172.19.0.1",
        "x-forwarded-for": "172.19.0.1",
        "x-forwarded-proto": "https",
        "sec-ch-ua-platform": "\"Linux\"",
        "user-agent": "Mozilla/5.0 (X11; Linux x86_64) AppleWebKit/537.36 (KHTML, like Gecko) Chrome/137.0.0.0 Safari/537.36",
        "accept": "application/json",
        "sec-ch-ua": "\"Google Chrome\";v=\"137\", \"Chromium\";v=\"137\", \"Not/A)Brand\";v=\"24\"",
        "sec-ch-ua-mobile": "?0",
        "sec-fetch-site": "same-origin",
        "sec-fetch-mode": "cors",
        "sec-fetch-dest": "empty",
        "referer": "https://c2r8p1.42lehavre.fr:8443/en/dashboard",
        "accept-encoding": "gzip, deflate, br, zstd",
        "accept-language": "fr-FR,fr;q=0.9,en-US;q=0.8,en;q=0.7,sq;q=0.6",
        "cookie": "Next-Locale=en; token=eyJhbGciOiJIUzI1NiIsInR5cCI6IkpXVCJ9.eyJpZCI6MiwidXNlcm5hbWUiOiJyb2JpbiIsImJpbyI6InNhbHV0IiwiaWF0IjoxNzUwNDQ1MTMyfQ.-wTAuxX1RQ8CZt5yeUf0IvX2CCPnLPe6fYTD9K8XIu4"
      }
    }
INFO [20-06-2025 19:14:42]: request completed
    reqId: "req-q"
    res: {
      "statusCode": 200
    }
    responseTime: 18.8605740070343
INFO [20-06-2025 19:14:42]: incoming request
    reqId: "req-t"
    req: {
      "method": "GET",
      "url": "/friends/pending",
      "ip": "172.19.0.4",
      "headers": {
        "connection": "upgrade",
        "host": "c2r8p1.42lehavre.fr",
        "x-real-ip": "172.19.0.1",
        "x-forwarded-for": "172.19.0.1",
        "x-forwarded-proto": "https",
        "sec-ch-ua-platform": "\"Linux\"",
        "user-agent": "Mozilla/5.0 (X11; Linux x86_64) AppleWebKit/537.36 (KHTML, like Gecko) Chrome/137.0.0.0 Safari/537.36",
        "sec-ch-ua": "\"Google Chrome\";v=\"137\", \"Chromium\";v=\"137\", \"Not/A)Brand\";v=\"24\"",
        "sec-ch-ua-mobile": "?0",
        "accept": "*/*",
        "sec-fetch-site": "same-origin",
        "sec-fetch-mode": "cors",
        "sec-fetch-dest": "empty",
        "referer": "https://c2r8p1.42lehavre.fr:8443/en/dashboard",
        "accept-encoding": "gzip, deflate, br, zstd",
        "accept-language": "fr-FR,fr;q=0.9,en-US;q=0.8,en;q=0.7,sq;q=0.6",
        "cookie": "Next-Locale=en; token=eyJhbGciOiJIUzI1NiIsInR5cCI6IkpXVCJ9.eyJpZCI6MiwidXNlcm5hbWUiOiJyb2JpbiIsImJpbyI6InNhbHV0IiwiaWF0IjoxNzUwNDQ1MTMyfQ.-wTAuxX1RQ8CZt5yeUf0IvX2CCPnLPe6fYTD9K8XIu4"
      }
    }
INFO [20-06-2025 19:14:42]: request completed
    reqId: "req-s"
    res: {
      "statusCode": 200
    }
    responseTime: 6.687649995088577
INFO [20-06-2025 19:14:42]: request completed
    reqId: "req-t"
    res: {
      "statusCode": 200
    }
    responseTime: 5.756327003240585
INFO [20-06-2025 19:14:42]: incoming request
    reqId: "req-u"
    req: {
      "method": "GET",
      "url": "/friends/pending",
      "ip": "172.19.0.4",
      "headers": {
        "connection": "upgrade",
        "host": "c2r8p1.42lehavre.fr",
        "x-real-ip": "172.19.0.1",
        "x-forwarded-for": "172.19.0.1",
        "x-forwarded-proto": "https",
        "sec-ch-ua-platform": "\"Linux\"",
        "user-agent": "Mozilla/5.0 (X11; Linux x86_64) AppleWebKit/537.36 (KHTML, like Gecko) Chrome/137.0.0.0 Safari/537.36",
        "sec-ch-ua": "\"Google Chrome\";v=\"137\", \"Chromium\";v=\"137\", \"Not/A)Brand\";v=\"24\"",
        "sec-ch-ua-mobile": "?0",
        "accept": "*/*",
        "sec-fetch-site": "same-origin",
        "sec-fetch-mode": "cors",
        "sec-fetch-dest": "empty",
        "referer": "https://c2r8p1.42lehavre.fr:8443/en/dashboard",
        "accept-encoding": "gzip, deflate, br, zstd",
        "accept-language": "fr-FR,fr;q=0.9,en-US;q=0.8,en;q=0.7,sq;q=0.6",
        "cookie": "Next-Locale=en; token=eyJhbGciOiJIUzI1NiIsInR5cCI6IkpXVCJ9.eyJpZCI6MiwidXNlcm5hbWUiOiJyb2JpbiIsImJpbyI6InNhbHV0IiwiaWF0IjoxNzUwNDQ1MTMyfQ.-wTAuxX1RQ8CZt5yeUf0IvX2CCPnLPe6fYTD9K8XIu4"
      }
    }
INFO [20-06-2025 19:14:42]: request completed
    reqId: "req-u"
    res: {
      "statusCode": 200
    }
    responseTime: 6.07047101855278
INFO [20-06-2025 19:14:53]: incoming request
    reqId: "req-v"
    req: {
      "method": "POST",
      "url": "/editprofile",
      "ip": "172.19.0.4",
      "headers": {
        "connection": "upgrade",
        "host": "c2r8p1.42lehavre.fr",
        "x-real-ip": "172.19.0.1",
        "x-forwarded-for": "172.19.0.1",
        "x-forwarded-proto": "https",
        "content-length": "20543",
        "sec-ch-ua-platform": "\"Linux\"",
        "authorization": "Bearer null",
        "user-agent": "Mozilla/5.0 (X11; Linux x86_64) AppleWebKit/537.36 (KHTML, like Gecko) Chrome/137.0.0.0 Safari/537.36",
        "sec-ch-ua": "\"Google Chrome\";v=\"137\", \"Chromium\";v=\"137\", \"Not/A)Brand\";v=\"24\"",
        "content-type": "application/json",
        "sec-ch-ua-mobile": "?0",
        "accept": "*/*",
        "origin": "https://c2r8p1.42lehavre.fr:8443",
        "sec-fetch-site": "same-origin",
        "sec-fetch-mode": "cors",
        "sec-fetch-dest": "empty",
        "referer": "https://c2r8p1.42lehavre.fr:8443/en/dashboard",
        "accept-encoding": "gzip, deflate, br, zstd",
        "accept-language": "fr-FR,fr;q=0.9,en-US;q=0.8,en;q=0.7,sq;q=0.6",
        "cookie": "Next-Locale=en; token=eyJhbGciOiJIUzI1NiIsInR5cCI6IkpXVCJ9.eyJpZCI6MiwidXNlcm5hbWUiOiJyb2JpbiIsImJpbyI6InNhbHV0IiwiaWF0IjoxNzUwNDQ1MTMyfQ.-wTAuxX1RQ8CZt5yeUf0IvX2CCPnLPe6fYTD9K8XIu4"
      }
    }
INFO [20-06-2025 19:14:53]: request completed
    reqId: "req-v"
    res: {
      "statusCode": 200
    }
    responseTime: 38.7128389775753
INFO [20-06-2025 19:14:53]: incoming request
    reqId: "req-w"
    req: {
      "method": "GET",
      "url": "/profile/me",
      "ip": "172.19.0.4",
      "headers": {
        "connection": "upgrade",
        "host": "c2r8p1.42lehavre.fr",
        "x-real-ip": "172.19.0.1",
        "x-forwarded-for": "172.19.0.1",
        "x-forwarded-proto": "https",
        "sec-ch-ua-platform": "\"Linux\"",
        "user-agent": "Mozilla/5.0 (X11; Linux x86_64) AppleWebKit/537.36 (KHTML, like Gecko) Chrome/137.0.0.0 Safari/537.36",
        "accept": "application/json",
        "sec-ch-ua": "\"Google Chrome\";v=\"137\", \"Chromium\";v=\"137\", \"Not/A)Brand\";v=\"24\"",
        "sec-ch-ua-mobile": "?0",
        "sec-fetch-site": "same-origin",
        "sec-fetch-mode": "cors",
        "sec-fetch-dest": "empty",
        "referer": "https://c2r8p1.42lehavre.fr:8443/en/dashboard",
        "accept-encoding": "gzip, deflate, br, zstd",
        "accept-language": "fr-FR,fr;q=0.9,en-US;q=0.8,en;q=0.7,sq;q=0.6",
        "cookie": "Next-Locale=en; token=eyJhbGciOiJIUzI1NiIsInR5cCI6IkpXVCJ9.eyJpZCI6MiwidXNlcm5hbWUiOiJyb2JpbiIsImlhdCI6MTc1MDQ0Njg5M30.mHp9RVqBPKu5ZSsM1UkZneHLeN06sC8dDPwUpEyvdz0"
      }
    }
INFO [20-06-2025 19:14:53]: incoming request
    reqId: "req-x"
    req: {
      "method": "GET",
      "url": "/friends",
      "ip": "172.19.0.4",
      "headers": {
        "connection": "upgrade",
        "host": "c2r8p1.42lehavre.fr",
        "x-real-ip": "172.19.0.1",
        "x-forwarded-for": "172.19.0.1",
        "x-forwarded-proto": "https",
        "sec-ch-ua-platform": "\"Linux\"",
        "user-agent": "Mozilla/5.0 (X11; Linux x86_64) AppleWebKit/537.36 (KHTML, like Gecko) Chrome/137.0.0.0 Safari/537.36",
        "sec-ch-ua": "\"Google Chrome\";v=\"137\", \"Chromium\";v=\"137\", \"Not/A)Brand\";v=\"24\"",
        "sec-ch-ua-mobile": "?0",
        "accept": "*/*",
        "sec-fetch-site": "same-origin",
        "sec-fetch-mode": "cors",
        "sec-fetch-dest": "empty",
        "referer": "https://c2r8p1.42lehavre.fr:8443/en/dashboard",
        "accept-encoding": "gzip, deflate, br, zstd",
        "accept-language": "fr-FR,fr;q=0.9,en-US;q=0.8,en;q=0.7,sq;q=0.6",
        "cookie": "Next-Locale=en; token=eyJhbGciOiJIUzI1NiIsInR5cCI6IkpXVCJ9.eyJpZCI6MiwidXNlcm5hbWUiOiJyb2JpbiIsImlhdCI6MTc1MDQ0Njg5M30.mHp9RVqBPKu5ZSsM1UkZneHLeN06sC8dDPwUpEyvdz0"
      }
    }
INFO [20-06-2025 19:14:53]: request completed
    reqId: "req-w"
    res: {
      "statusCode": 200
    }
    responseTime: 3.5470570027828217
INFO [20-06-2025 19:14:53]: request completed
    reqId: "req-x"
    res: {
      "statusCode": 200
    }
    responseTime: 5.418687999248505
INFO [20-06-2025 19:14:53]: incoming request
    reqId: "req-y"
    req: {
      "method": "GET",
      "url": "/profile/me",
      "ip": "172.19.0.4",
      "headers": {
        "connection": "upgrade",
        "host": "c2r8p1.42lehavre.fr",
        "x-real-ip": "172.19.0.1",
        "x-forwarded-for": "172.19.0.1",
        "x-forwarded-proto": "https",
        "sec-ch-ua-platform": "\"Linux\"",
        "user-agent": "Mozilla/5.0 (X11; Linux x86_64) AppleWebKit/537.36 (KHTML, like Gecko) Chrome/137.0.0.0 Safari/537.36",
        "accept": "application/json",
        "sec-ch-ua": "\"Google Chrome\";v=\"137\", \"Chromium\";v=\"137\", \"Not/A)Brand\";v=\"24\"",
        "sec-ch-ua-mobile": "?0",
        "sec-fetch-site": "same-origin",
        "sec-fetch-mode": "cors",
        "sec-fetch-dest": "empty",
        "referer": "https://c2r8p1.42lehavre.fr:8443/en/dashboard",
        "accept-encoding": "gzip, deflate, br, zstd",
        "accept-language": "fr-FR,fr;q=0.9,en-US;q=0.8,en;q=0.7,sq;q=0.6",
        "cookie": "Next-Locale=en; token=eyJhbGciOiJIUzI1NiIsInR5cCI6IkpXVCJ9.eyJpZCI6MiwidXNlcm5hbWUiOiJyb2JpbiIsImlhdCI6MTc1MDQ0Njg5M30.mHp9RVqBPKu5ZSsM1UkZneHLeN06sC8dDPwUpEyvdz0"
      }
    }
INFO [20-06-2025 19:14:53]: request completed
    reqId: "req-y"
    res: {
      "statusCode": 200
    }
    responseTime: 5.1396969854831696
INFO [20-06-2025 19:14:53]: incoming request
    reqId: "req-z"
    req: {
      "method": "GET",
      "url": "/chat/receive/private",
      "ip": "172.19.0.4",
      "headers": {
        "connection": "upgrade",
        "host": "c2r8p1.42lehavre.fr",
        "x-real-ip": "172.19.0.1",
        "x-forwarded-for": "172.19.0.1",
        "x-forwarded-proto": "https",
        "sec-ch-ua-platform": "\"Linux\"",
        "user-agent": "Mozilla/5.0 (X11; Linux x86_64) AppleWebKit/537.36 (KHTML, like Gecko) Chrome/137.0.0.0 Safari/537.36",
        "sec-ch-ua": "\"Google Chrome\";v=\"137\", \"Chromium\";v=\"137\", \"Not/A)Brand\";v=\"24\"",
        "content-type": "application/json",
        "sec-ch-ua-mobile": "?0",
        "accept": "*/*",
        "sec-fetch-site": "same-origin",
        "sec-fetch-mode": "cors",
        "sec-fetch-dest": "empty",
        "referer": "https://c2r8p1.42lehavre.fr:8443/en/dashboard",
        "accept-encoding": "gzip, deflate, br, zstd",
        "accept-language": "fr-FR,fr;q=0.9,en-US;q=0.8,en;q=0.7,sq;q=0.6",
        "cookie": "Next-Locale=en; token=eyJhbGciOiJIUzI1NiIsInR5cCI6IkpXVCJ9.eyJpZCI6MiwidXNlcm5hbWUiOiJyb2JpbiIsImlhdCI6MTc1MDQ0Njg5M30.mHp9RVqBPKu5ZSsM1UkZneHLeN06sC8dDPwUpEyvdz0"
      }
    }
INFO [20-06-2025 19:14:53]: incoming request
    reqId: "req-10"
    req: {
      "method": "GET",
      "url": "/friends",
      "ip": "172.19.0.4",
      "headers": {
        "connection": "upgrade",
        "host": "c2r8p1.42lehavre.fr",
        "x-real-ip": "172.19.0.1",
        "x-forwarded-for": "172.19.0.1",
        "x-forwarded-proto": "https",
        "sec-ch-ua-platform": "\"Linux\"",
        "user-agent": "Mozilla/5.0 (X11; Linux x86_64) AppleWebKit/537.36 (KHTML, like Gecko) Chrome/137.0.0.0 Safari/537.36",
        "sec-ch-ua": "\"Google Chrome\";v=\"137\", \"Chromium\";v=\"137\", \"Not/A)Brand\";v=\"24\"",
        "sec-ch-ua-mobile": "?0",
        "accept": "*/*",
        "sec-fetch-site": "same-origin",
        "sec-fetch-mode": "cors",
        "sec-fetch-dest": "empty",
        "referer": "https://c2r8p1.42lehavre.fr:8443/en/dashboard",
        "accept-encoding": "gzip, deflate, br, zstd",
        "accept-language": "fr-FR,fr;q=0.9,en-US;q=0.8,en;q=0.7,sq;q=0.6",
        "cookie": "Next-Locale=en; token=eyJhbGciOiJIUzI1NiIsInR5cCI6IkpXVCJ9.eyJpZCI6MiwidXNlcm5hbWUiOiJyb2JpbiIsImlhdCI6MTc1MDQ0Njg5M30.mHp9RVqBPKu5ZSsM1UkZneHLeN06sC8dDPwUpEyvdz0"
      }
    }
INFO [20-06-2025 19:14:53]: incoming request
    reqId: "req-11"
    req: {
      "method": "GET",
      "url": "/profile/me",
      "ip": "172.19.0.4",
      "headers": {
        "connection": "upgrade",
        "host": "c2r8p1.42lehavre.fr",
        "x-real-ip": "172.19.0.1",
        "x-forwarded-for": "172.19.0.1",
        "x-forwarded-proto": "https",
        "sec-ch-ua-platform": "\"Linux\"",
        "user-agent": "Mozilla/5.0 (X11; Linux x86_64) AppleWebKit/537.36 (KHTML, like Gecko) Chrome/137.0.0.0 Safari/537.36",
        "accept": "application/json",
        "sec-ch-ua": "\"Google Chrome\";v=\"137\", \"Chromium\";v=\"137\", \"Not/A)Brand\";v=\"24\"",
        "sec-ch-ua-mobile": "?0",
        "sec-fetch-site": "same-origin",
        "sec-fetch-mode": "cors",
        "sec-fetch-dest": "empty",
        "referer": "https://c2r8p1.42lehavre.fr:8443/en/dashboard",
        "accept-encoding": "gzip, deflate, br, zstd",
        "accept-language": "fr-FR,fr;q=0.9,en-US;q=0.8,en;q=0.7,sq;q=0.6",
        "cookie": "Next-Locale=en; token=eyJhbGciOiJIUzI1NiIsInR5cCI6IkpXVCJ9.eyJpZCI6MiwidXNlcm5hbWUiOiJyb2JpbiIsImlhdCI6MTc1MDQ0Njg5M30.mHp9RVqBPKu5ZSsM1UkZneHLeN06sC8dDPwUpEyvdz0"
      }
    }
INFO [20-06-2025 19:14:53]: request completed
    reqId: "req-z"
    res: {
      "statusCode": 200
    }
    responseTime: 11.40599998831749
INFO [20-06-2025 19:14:53]: request completed
    reqId: "req-10"
    res: {
      "statusCode": 200
    }
    responseTime: 7.405522972345352
INFO [20-06-2025 19:14:53]: request completed
    reqId: "req-11"
    res: {
      "statusCode": 200
    }
    responseTime: 5.170240014791489
INFO [20-06-2025 19:14:53]: incoming request
    reqId: "req-12"
    req: {
      "method": "GET",
      "url": "/chat/receive/private",
      "ip": "172.19.0.4",
      "headers": {
        "connection": "upgrade",
        "host": "c2r8p1.42lehavre.fr",
        "x-real-ip": "172.19.0.1",
        "x-forwarded-for": "172.19.0.1",
        "x-forwarded-proto": "https",
        "sec-ch-ua-platform": "\"Linux\"",
        "user-agent": "Mozilla/5.0 (X11; Linux x86_64) AppleWebKit/537.36 (KHTML, like Gecko) Chrome/137.0.0.0 Safari/537.36",
        "sec-ch-ua": "\"Google Chrome\";v=\"137\", \"Chromium\";v=\"137\", \"Not/A)Brand\";v=\"24\"",
        "content-type": "application/json",
        "sec-ch-ua-mobile": "?0",
        "accept": "*/*",
        "sec-fetch-site": "same-origin",
        "sec-fetch-mode": "cors",
        "sec-fetch-dest": "empty",
        "referer": "https://c2r8p1.42lehavre.fr:8443/en/dashboard",
        "accept-encoding": "gzip, deflate, br, zstd",
        "accept-language": "fr-FR,fr;q=0.9,en-US;q=0.8,en;q=0.7,sq;q=0.6",
        "cookie": "Next-Locale=en; token=eyJhbGciOiJIUzI1NiIsInR5cCI6IkpXVCJ9.eyJpZCI6MiwidXNlcm5hbWUiOiJyb2JpbiIsImlhdCI6MTc1MDQ0Njg5M30.mHp9RVqBPKu5ZSsM1UkZneHLeN06sC8dDPwUpEyvdz0"
      }
    }
INFO [20-06-2025 19:14:53]: incoming request
    reqId: "req-13"
    req: {
      "method": "GET",
      "url": "/profile/me",
      "ip": "172.19.0.4",
      "headers": {
        "connection": "upgrade",
        "host": "c2r8p1.42lehavre.fr",
        "x-real-ip": "172.19.0.1",
        "x-forwarded-for": "172.19.0.1",
        "x-forwarded-proto": "https",
        "sec-ch-ua-platform": "\"Linux\"",
        "user-agent": "Mozilla/5.0 (X11; Linux x86_64) AppleWebKit/537.36 (KHTML, like Gecko) Chrome/137.0.0.0 Safari/537.36",
        "accept": "application/json",
        "sec-ch-ua": "\"Google Chrome\";v=\"137\", \"Chromium\";v=\"137\", \"Not/A)Brand\";v=\"24\"",
        "sec-ch-ua-mobile": "?0",
        "sec-fetch-site": "same-origin",
        "sec-fetch-mode": "cors",
        "sec-fetch-dest": "empty",
        "referer": "https://c2r8p1.42lehavre.fr:8443/en/dashboard",
        "accept-encoding": "gzip, deflate, br, zstd",
        "accept-language": "fr-FR,fr;q=0.9,en-US;q=0.8,en;q=0.7,sq;q=0.6",
        "cookie": "Next-Locale=en; token=eyJhbGciOiJIUzI1NiIsInR5cCI6IkpXVCJ9.eyJpZCI6MiwidXNlcm5hbWUiOiJyb2JpbiIsImlhdCI6MTc1MDQ0Njg5M30.mHp9RVqBPKu5ZSsM1UkZneHLeN06sC8dDPwUpEyvdz0"
      }
    }
INFO [20-06-2025 19:14:53]: request completed
    reqId: "req-13"
    res: {
      "statusCode": 200
    }
    responseTime: 4.761592000722885
INFO [20-06-2025 19:14:53]: request completed
    reqId: "req-12"
    res: {
      "statusCode": 200
    }
    responseTime: 11.018334984779358
INFO [20-06-2025 19:14:53]: incoming request
    reqId: "req-14"
    req: {
      "method": "GET",
      "url": "/friends/pending",
      "ip": "172.19.0.4",
      "headers": {
        "connection": "upgrade",
        "host": "c2r8p1.42lehavre.fr",
        "x-real-ip": "172.19.0.1",
        "x-forwarded-for": "172.19.0.1",
        "x-forwarded-proto": "https",
        "sec-ch-ua-platform": "\"Linux\"",
        "user-agent": "Mozilla/5.0 (X11; Linux x86_64) AppleWebKit/537.36 (KHTML, like Gecko) Chrome/137.0.0.0 Safari/537.36",
        "sec-ch-ua": "\"Google Chrome\";v=\"137\", \"Chromium\";v=\"137\", \"Not/A)Brand\";v=\"24\"",
        "sec-ch-ua-mobile": "?0",
        "accept": "*/*",
        "sec-fetch-site": "same-origin",
        "sec-fetch-mode": "cors",
        "sec-fetch-dest": "empty",
        "referer": "https://c2r8p1.42lehavre.fr:8443/en/dashboard",
        "accept-encoding": "gzip, deflate, br, zstd",
        "accept-language": "fr-FR,fr;q=0.9,en-US;q=0.8,en;q=0.7,sq;q=0.6",
        "cookie": "Next-Locale=en; token=eyJhbGciOiJIUzI1NiIsInR5cCI6IkpXVCJ9.eyJpZCI6MiwidXNlcm5hbWUiOiJyb2JpbiIsImlhdCI6MTc1MDQ0Njg5M30.mHp9RVqBPKu5ZSsM1UkZneHLeN06sC8dDPwUpEyvdz0"
      }
    }
INFO [20-06-2025 19:14:53]: request completed
    reqId: "req-14"
    res: {
      "statusCode": 200
    }
    responseTime: 9.99600499868393
INFO [20-06-2025 19:14:53]: incoming request
    reqId: "req-15"
    req: {
      "method": "GET",
      "url": "/friends/pending",
      "ip": "172.19.0.4",
      "headers": {
        "connection": "upgrade",
        "host": "c2r8p1.42lehavre.fr",
        "x-real-ip": "172.19.0.1",
        "x-forwarded-for": "172.19.0.1",
        "x-forwarded-proto": "https",
        "sec-ch-ua-platform": "\"Linux\"",
        "user-agent": "Mozilla/5.0 (X11; Linux x86_64) AppleWebKit/537.36 (KHTML, like Gecko) Chrome/137.0.0.0 Safari/537.36",
        "sec-ch-ua": "\"Google Chrome\";v=\"137\", \"Chromium\";v=\"137\", \"Not/A)Brand\";v=\"24\"",
        "sec-ch-ua-mobile": "?0",
        "accept": "*/*",
        "sec-fetch-site": "same-origin",
        "sec-fetch-mode": "cors",
        "sec-fetch-dest": "empty",
        "referer": "https://c2r8p1.42lehavre.fr:8443/en/dashboard",
        "accept-encoding": "gzip, deflate, br, zstd",
        "accept-language": "fr-FR,fr;q=0.9,en-US;q=0.8,en;q=0.7,sq;q=0.6",
        "cookie": "Next-Locale=en; token=eyJhbGciOiJIUzI1NiIsInR5cCI6IkpXVCJ9.eyJpZCI6MiwidXNlcm5hbWUiOiJyb2JpbiIsImlhdCI6MTc1MDQ0Njg5M30.mHp9RVqBPKu5ZSsM1UkZneHLeN06sC8dDPwUpEyvdz0"
      }
    }
INFO [20-06-2025 19:14:53]: request completed
    reqId: "req-15"
    res: {
      "statusCode": 200
    }
    responseTime: 5.326436012983322
INFO [20-06-2025 19:15:05]: incoming request
    reqId: "req-16"
    req: {
      "method": "POST",
      "url": "/editprofile",
      "ip": "172.19.0.4",
      "headers": {
        "connection": "upgrade",
        "host": "c2r8p1.42lehavre.fr",
        "x-real-ip": "172.19.0.1",
        "x-forwarded-for": "172.19.0.1",
        "x-forwarded-proto": "https",
        "content-length": "67603",
        "sec-ch-ua-platform": "\"Linux\"",
        "authorization": "Bearer null",
        "user-agent": "Mozilla/5.0 (X11; Linux x86_64) AppleWebKit/537.36 (KHTML, like Gecko) Chrome/137.0.0.0 Safari/537.36",
        "sec-ch-ua": "\"Google Chrome\";v=\"137\", \"Chromium\";v=\"137\", \"Not/A)Brand\";v=\"24\"",
        "content-type": "application/json",
        "sec-ch-ua-mobile": "?0",
        "accept": "*/*",
        "origin": "https://c2r8p1.42lehavre.fr:8443",
        "sec-fetch-site": "same-origin",
        "sec-fetch-mode": "cors",
        "sec-fetch-dest": "empty",
        "referer": "https://c2r8p1.42lehavre.fr:8443/en/dashboard",
        "accept-encoding": "gzip, deflate, br, zstd",
        "accept-language": "fr-FR,fr;q=0.9,en-US;q=0.8,en;q=0.7,sq;q=0.6",
        "cookie": "Next-Locale=en; token=eyJhbGciOiJIUzI1NiIsInR5cCI6IkpXVCJ9.eyJpZCI6MiwidXNlcm5hbWUiOiJyb2JpbiIsImlhdCI6MTc1MDQ0Njg5M30.mHp9RVqBPKu5ZSsM1UkZneHLeN06sC8dDPwUpEyvdz0"
      }
    }
INFO [20-06-2025 19:15:05]: request completed
    reqId: "req-16"
    res: {
      "statusCode": 200
    }
    responseTime: 16.039963006973267
INFO [20-06-2025 19:15:05]: incoming request
    reqId: "req-17"
    req: {
      "method": "GET",
      "url": "/profile/me",
      "ip": "172.19.0.4",
      "headers": {
        "connection": "upgrade",
        "host": "c2r8p1.42lehavre.fr",
        "x-real-ip": "172.19.0.1",
        "x-forwarded-for": "172.19.0.1",
        "x-forwarded-proto": "https",
        "sec-ch-ua-platform": "\"Linux\"",
        "user-agent": "Mozilla/5.0 (X11; Linux x86_64) AppleWebKit/537.36 (KHTML, like Gecko) Chrome/137.0.0.0 Safari/537.36",
        "accept": "application/json",
        "sec-ch-ua": "\"Google Chrome\";v=\"137\", \"Chromium\";v=\"137\", \"Not/A)Brand\";v=\"24\"",
        "sec-ch-ua-mobile": "?0",
        "sec-fetch-site": "same-origin",
        "sec-fetch-mode": "cors",
        "sec-fetch-dest": "empty",
        "referer": "https://c2r8p1.42lehavre.fr:8443/en/dashboard",
        "accept-encoding": "gzip, deflate, br, zstd",
        "accept-language": "fr-FR,fr;q=0.9,en-US;q=0.8,en;q=0.7,sq;q=0.6",
        "cookie": "Next-Locale=en; token=eyJhbGciOiJIUzI1NiIsInR5cCI6IkpXVCJ9.eyJpZCI6MiwidXNlcm5hbWUiOiJyb2JpbiIsImlhdCI6MTc1MDQ0NjkwNX0.JW57WMvszR-NhV18Q6gVdwt6AWwM4NeAgQhyVtQnfU8"
      }
    }
INFO [20-06-2025 19:15:05]: incoming request
    reqId: "req-18"
    req: {
      "method": "GET",
      "url": "/friends",
      "ip": "172.19.0.4",
      "headers": {
        "connection": "upgrade",
        "host": "c2r8p1.42lehavre.fr",
        "x-real-ip": "172.19.0.1",
        "x-forwarded-for": "172.19.0.1",
        "x-forwarded-proto": "https",
        "sec-ch-ua-platform": "\"Linux\"",
        "user-agent": "Mozilla/5.0 (X11; Linux x86_64) AppleWebKit/537.36 (KHTML, like Gecko) Chrome/137.0.0.0 Safari/537.36",
        "sec-ch-ua": "\"Google Chrome\";v=\"137\", \"Chromium\";v=\"137\", \"Not/A)Brand\";v=\"24\"",
        "sec-ch-ua-mobile": "?0",
        "accept": "*/*",
        "sec-fetch-site": "same-origin",
        "sec-fetch-mode": "cors",
        "sec-fetch-dest": "empty",
        "referer": "https://c2r8p1.42lehavre.fr:8443/en/dashboard",
        "accept-encoding": "gzip, deflate, br, zstd",
        "accept-language": "fr-FR,fr;q=0.9,en-US;q=0.8,en;q=0.7,sq;q=0.6",
        "cookie": "Next-Locale=en; token=eyJhbGciOiJIUzI1NiIsInR5cCI6IkpXVCJ9.eyJpZCI6MiwidXNlcm5hbWUiOiJyb2JpbiIsImlhdCI6MTc1MDQ0NjkwNX0.JW57WMvszR-NhV18Q6gVdwt6AWwM4NeAgQhyVtQnfU8"
      }
    }
INFO [20-06-2025 19:15:05]: request completed
    reqId: "req-17"
    res: {
      "statusCode": 200
    }
    responseTime: 3.6110389828681946
INFO [20-06-2025 19:15:05]: request completed
    reqId: "req-18"
    res: {
      "statusCode": 200
    }
    responseTime: 6.411390990018845
INFO [20-06-2025 19:15:05]: incoming request
    reqId: "req-19"
    req: {
      "method": "GET",
      "url": "/chat/receive/private",
      "ip": "172.19.0.4",
      "headers": {
        "connection": "upgrade",
        "host": "c2r8p1.42lehavre.fr",
        "x-real-ip": "172.19.0.1",
        "x-forwarded-for": "172.19.0.1",
        "x-forwarded-proto": "https",
        "sec-ch-ua-platform": "\"Linux\"",
        "user-agent": "Mozilla/5.0 (X11; Linux x86_64) AppleWebKit/537.36 (KHTML, like Gecko) Chrome/137.0.0.0 Safari/537.36",
        "sec-ch-ua": "\"Google Chrome\";v=\"137\", \"Chromium\";v=\"137\", \"Not/A)Brand\";v=\"24\"",
        "content-type": "application/json",
        "sec-ch-ua-mobile": "?0",
        "accept": "*/*",
        "sec-fetch-site": "same-origin",
        "sec-fetch-mode": "cors",
        "sec-fetch-dest": "empty",
        "referer": "https://c2r8p1.42lehavre.fr:8443/en/dashboard",
        "accept-encoding": "gzip, deflate, br, zstd",
        "accept-language": "fr-FR,fr;q=0.9,en-US;q=0.8,en;q=0.7,sq;q=0.6",
        "cookie": "Next-Locale=en; token=eyJhbGciOiJIUzI1NiIsInR5cCI6IkpXVCJ9.eyJpZCI6MiwidXNlcm5hbWUiOiJyb2JpbiIsImlhdCI6MTc1MDQ0NjkwNX0.JW57WMvszR-NhV18Q6gVdwt6AWwM4NeAgQhyVtQnfU8"
      }
    }
INFO [20-06-2025 19:15:05]: incoming request
    reqId: "req-1a"
    req: {
      "method": "GET",
      "url": "/profile/me",
      "ip": "172.19.0.4",
      "headers": {
        "connection": "upgrade",
        "host": "c2r8p1.42lehavre.fr",
        "x-real-ip": "172.19.0.1",
        "x-forwarded-for": "172.19.0.1",
        "x-forwarded-proto": "https",
        "sec-ch-ua-platform": "\"Linux\"",
        "user-agent": "Mozilla/5.0 (X11; Linux x86_64) AppleWebKit/537.36 (KHTML, like Gecko) Chrome/137.0.0.0 Safari/537.36",
        "accept": "application/json",
        "sec-ch-ua": "\"Google Chrome\";v=\"137\", \"Chromium\";v=\"137\", \"Not/A)Brand\";v=\"24\"",
        "sec-ch-ua-mobile": "?0",
        "sec-fetch-site": "same-origin",
        "sec-fetch-mode": "cors",
        "sec-fetch-dest": "empty",
        "referer": "https://c2r8p1.42lehavre.fr:8443/en/dashboard",
        "accept-encoding": "gzip, deflate, br, zstd",
        "accept-language": "fr-FR,fr;q=0.9,en-US;q=0.8,en;q=0.7,sq;q=0.6",
        "cookie": "Next-Locale=en; token=eyJhbGciOiJIUzI1NiIsInR5cCI6IkpXVCJ9.eyJpZCI6MiwidXNlcm5hbWUiOiJyb2JpbiIsImlhdCI6MTc1MDQ0NjkwNX0.JW57WMvszR-NhV18Q6gVdwt6AWwM4NeAgQhyVtQnfU8"
      }
    }
INFO [20-06-2025 19:15:05]: request completed
    reqId: "req-1a"
    res: {
      "statusCode": 200
    }
    responseTime: 9.319132000207901
INFO [20-06-2025 19:15:05]: incoming request
    reqId: "req-1b"
    req: {
      "method": "GET",
      "url": "/friends",
      "ip": "172.19.0.4",
      "headers": {
        "connection": "upgrade",
        "host": "c2r8p1.42lehavre.fr",
        "x-real-ip": "172.19.0.1",
        "x-forwarded-for": "172.19.0.1",
        "x-forwarded-proto": "https",
        "sec-ch-ua-platform": "\"Linux\"",
        "user-agent": "Mozilla/5.0 (X11; Linux x86_64) AppleWebKit/537.36 (KHTML, like Gecko) Chrome/137.0.0.0 Safari/537.36",
        "sec-ch-ua": "\"Google Chrome\";v=\"137\", \"Chromium\";v=\"137\", \"Not/A)Brand\";v=\"24\"",
        "sec-ch-ua-mobile": "?0",
        "accept": "*/*",
        "sec-fetch-site": "same-origin",
        "sec-fetch-mode": "cors",
        "sec-fetch-dest": "empty",
        "referer": "https://c2r8p1.42lehavre.fr:8443/en/dashboard",
        "accept-encoding": "gzip, deflate, br, zstd",
        "accept-language": "fr-FR,fr;q=0.9,en-US;q=0.8,en;q=0.7,sq;q=0.6",
        "cookie": "Next-Locale=en; token=eyJhbGciOiJIUzI1NiIsInR5cCI6IkpXVCJ9.eyJpZCI6MiwidXNlcm5hbWUiOiJyb2JpbiIsImlhdCI6MTc1MDQ0NjkwNX0.JW57WMvszR-NhV18Q6gVdwt6AWwM4NeAgQhyVtQnfU8"
      }
    }
INFO [20-06-2025 19:15:05]: request completed
    reqId: "req-19"
    res: {
      "statusCode": 200
    }
    responseTime: 17.04319602251053
INFO [20-06-2025 19:15:05]: incoming request
    reqId: "req-1c"
    req: {
      "method": "GET",
      "url": "/chat/receive/private",
      "ip": "172.19.0.4",
      "headers": {
        "connection": "upgrade",
        "host": "c2r8p1.42lehavre.fr",
        "x-real-ip": "172.19.0.1",
        "x-forwarded-for": "172.19.0.1",
        "x-forwarded-proto": "https",
        "sec-ch-ua-platform": "\"Linux\"",
        "user-agent": "Mozilla/5.0 (X11; Linux x86_64) AppleWebKit/537.36 (KHTML, like Gecko) Chrome/137.0.0.0 Safari/537.36",
        "sec-ch-ua": "\"Google Chrome\";v=\"137\", \"Chromium\";v=\"137\", \"Not/A)Brand\";v=\"24\"",
        "content-type": "application/json",
        "sec-ch-ua-mobile": "?0",
        "accept": "*/*",
        "sec-fetch-site": "same-origin",
        "sec-fetch-mode": "cors",
        "sec-fetch-dest": "empty",
        "referer": "https://c2r8p1.42lehavre.fr:8443/en/dashboard",
        "accept-encoding": "gzip, deflate, br, zstd",
        "accept-language": "fr-FR,fr;q=0.9,en-US;q=0.8,en;q=0.7,sq;q=0.6",
        "cookie": "Next-Locale=en; token=eyJhbGciOiJIUzI1NiIsInR5cCI6IkpXVCJ9.eyJpZCI6MiwidXNlcm5hbWUiOiJyb2JpbiIsImlhdCI6MTc1MDQ0NjkwNX0.JW57WMvszR-NhV18Q6gVdwt6AWwM4NeAgQhyVtQnfU8"
      }
    }
INFO [20-06-2025 19:15:05]: incoming request
    reqId: "req-1d"
    req: {
      "method": "GET",
      "url": "/profile/me",
      "ip": "172.19.0.4",
      "headers": {
        "connection": "upgrade",
        "host": "c2r8p1.42lehavre.fr",
        "x-real-ip": "172.19.0.1",
        "x-forwarded-for": "172.19.0.1",
        "x-forwarded-proto": "https",
        "sec-ch-ua-platform": "\"Linux\"",
        "user-agent": "Mozilla/5.0 (X11; Linux x86_64) AppleWebKit/537.36 (KHTML, like Gecko) Chrome/137.0.0.0 Safari/537.36",
        "accept": "application/json",
        "sec-ch-ua": "\"Google Chrome\";v=\"137\", \"Chromium\";v=\"137\", \"Not/A)Brand\";v=\"24\"",
        "sec-ch-ua-mobile": "?0",
        "sec-fetch-site": "same-origin",
        "sec-fetch-mode": "cors",
        "sec-fetch-dest": "empty",
        "referer": "https://c2r8p1.42lehavre.fr:8443/en/dashboard",
        "accept-encoding": "gzip, deflate, br, zstd",
        "accept-language": "fr-FR,fr;q=0.9,en-US;q=0.8,en;q=0.7,sq;q=0.6",
        "cookie": "Next-Locale=en; token=eyJhbGciOiJIUzI1NiIsInR5cCI6IkpXVCJ9.eyJpZCI6MiwidXNlcm5hbWUiOiJyb2JpbiIsImlhdCI6MTc1MDQ0NjkwNX0.JW57WMvszR-NhV18Q6gVdwt6AWwM4NeAgQhyVtQnfU8"
      }
    }
INFO [20-06-2025 19:15:05]: request completed
    reqId: "req-1b"
    res: {
      "statusCode": 200
    }
    responseTime: 7.536080002784729
INFO [20-06-2025 19:15:05]: request completed
    reqId: "req-1d"
    res: {
      "statusCode": 200
    }
    responseTime: 3.512787014245987
INFO [20-06-2025 19:15:05]: request completed
    reqId: "req-1c"
    res: {
      "statusCode": 200
    }
    responseTime: 14.859457015991211
INFO [20-06-2025 19:15:05]: incoming request
    reqId: "req-1e"
    req: {
      "method": "GET",
      "url": "/friends/pending",
      "ip": "172.19.0.4",
      "headers": {
        "connection": "upgrade",
        "host": "c2r8p1.42lehavre.fr",
        "x-real-ip": "172.19.0.1",
        "x-forwarded-for": "172.19.0.1",
        "x-forwarded-proto": "https",
        "sec-ch-ua-platform": "\"Linux\"",
        "user-agent": "Mozilla/5.0 (X11; Linux x86_64) AppleWebKit/537.36 (KHTML, like Gecko) Chrome/137.0.0.0 Safari/537.36",
        "sec-ch-ua": "\"Google Chrome\";v=\"137\", \"Chromium\";v=\"137\", \"Not/A)Brand\";v=\"24\"",
        "sec-ch-ua-mobile": "?0",
        "accept": "*/*",
        "sec-fetch-site": "same-origin",
        "sec-fetch-mode": "cors",
        "sec-fetch-dest": "empty",
        "referer": "https://c2r8p1.42lehavre.fr:8443/en/dashboard",
        "accept-encoding": "gzip, deflate, br, zstd",
        "accept-language": "fr-FR,fr;q=0.9,en-US;q=0.8,en;q=0.7,sq;q=0.6",
        "cookie": "Next-Locale=en; token=eyJhbGciOiJIUzI1NiIsInR5cCI6IkpXVCJ9.eyJpZCI6MiwidXNlcm5hbWUiOiJyb2JpbiIsImlhdCI6MTc1MDQ0NjkwNX0.JW57WMvszR-NhV18Q6gVdwt6AWwM4NeAgQhyVtQnfU8"
      }
    }
INFO [20-06-2025 19:15:05]: incoming request
    reqId: "req-1f"
    req: {
      "method": "GET",
      "url": "/profile/me",
      "ip": "172.19.0.4",
      "headers": {
        "connection": "upgrade",
        "host": "c2r8p1.42lehavre.fr",
        "x-real-ip": "172.19.0.1",
        "x-forwarded-for": "172.19.0.1",
        "x-forwarded-proto": "https",
        "sec-ch-ua-platform": "\"Linux\"",
        "user-agent": "Mozilla/5.0 (X11; Linux x86_64) AppleWebKit/537.36 (KHTML, like Gecko) Chrome/137.0.0.0 Safari/537.36",
        "accept": "application/json",
        "sec-ch-ua": "\"Google Chrome\";v=\"137\", \"Chromium\";v=\"137\", \"Not/A)Brand\";v=\"24\"",
        "sec-ch-ua-mobile": "?0",
        "sec-fetch-site": "same-origin",
        "sec-fetch-mode": "cors",
        "sec-fetch-dest": "empty",
        "referer": "https://c2r8p1.42lehavre.fr:8443/en/dashboard",
        "accept-encoding": "gzip, deflate, br, zstd",
        "accept-language": "fr-FR,fr;q=0.9,en-US;q=0.8,en;q=0.7,sq;q=0.6",
        "cookie": "Next-Locale=en; token=eyJhbGciOiJIUzI1NiIsInR5cCI6IkpXVCJ9.eyJpZCI6MiwidXNlcm5hbWUiOiJyb2JpbiIsImlhdCI6MTc1MDQ0NjkwNX0.JW57WMvszR-NhV18Q6gVdwt6AWwM4NeAgQhyVtQnfU8"
      }
    }
INFO [20-06-2025 19:15:05]: request completed
    reqId: "req-1e"
    res: {
      "statusCode": 200
    }
    responseTime: 3.474922001361847
INFO [20-06-2025 19:15:05]: request completed
    reqId: "req-1f"
    res: {
      "statusCode": 200
    }
    responseTime: 4.515644997358322
INFO [20-06-2025 19:15:05]: incoming request
    reqId: "req-1g"
    req: {
      "method": "GET",
      "url": "/friends/pending",
      "ip": "172.19.0.4",
      "headers": {
        "connection": "upgrade",
        "host": "c2r8p1.42lehavre.fr",
        "x-real-ip": "172.19.0.1",
        "x-forwarded-for": "172.19.0.1",
        "x-forwarded-proto": "https",
        "sec-ch-ua-platform": "\"Linux\"",
        "user-agent": "Mozilla/5.0 (X11; Linux x86_64) AppleWebKit/537.36 (KHTML, like Gecko) Chrome/137.0.0.0 Safari/537.36",
        "sec-ch-ua": "\"Google Chrome\";v=\"137\", \"Chromium\";v=\"137\", \"Not/A)Brand\";v=\"24\"",
        "sec-ch-ua-mobile": "?0",
        "accept": "*/*",
        "sec-fetch-site": "same-origin",
        "sec-fetch-mode": "cors",
        "sec-fetch-dest": "empty",
        "referer": "https://c2r8p1.42lehavre.fr:8443/en/dashboard",
        "accept-encoding": "gzip, deflate, br, zstd",
        "accept-language": "fr-FR,fr;q=0.9,en-US;q=0.8,en;q=0.7,sq;q=0.6",
        "cookie": "Next-Locale=en; token=eyJhbGciOiJIUzI1NiIsInR5cCI6IkpXVCJ9.eyJpZCI6MiwidXNlcm5hbWUiOiJyb2JpbiIsImlhdCI6MTc1MDQ0NjkwNX0.JW57WMvszR-NhV18Q6gVdwt6AWwM4NeAgQhyVtQnfU8"
      }
    }
INFO [20-06-2025 19:15:05]: request completed
    reqId: "req-1g"
    res: {
      "statusCode": 200
    }
    responseTime: 4.627422004938126
INFO [20-06-2025 19:20:44]: incoming request
    reqId: "req-1h"
    req: {
      "method": "GET",
      "url": "/friends",
      "ip": "172.19.0.4",
      "headers": {
        "connection": "upgrade",
        "host": "c2r8p1.42lehavre.fr",
        "x-real-ip": "172.19.0.1",
        "x-forwarded-for": "172.19.0.1",
        "x-forwarded-proto": "https",
        "sec-ch-ua-platform": "\"Linux\"",
        "user-agent": "Mozilla/5.0 (X11; Linux x86_64) AppleWebKit/537.36 (KHTML, like Gecko) Chrome/137.0.0.0 Safari/537.36",
        "sec-ch-ua": "\"Google Chrome\";v=\"137\", \"Chromium\";v=\"137\", \"Not/A)Brand\";v=\"24\"",
        "sec-ch-ua-mobile": "?0",
        "accept": "*/*",
        "sec-fetch-site": "same-origin",
        "sec-fetch-mode": "cors",
        "sec-fetch-dest": "empty",
        "referer": "https://c2r8p1.42lehavre.fr:8443/en/dashboard",
        "accept-encoding": "gzip, deflate, br, zstd",
        "accept-language": "fr-FR,fr;q=0.9,en-US;q=0.8,en;q=0.7,sq;q=0.6",
        "cookie": "Next-Locale=en; token=eyJhbGciOiJIUzI1NiIsInR5cCI6IkpXVCJ9.eyJpZCI6MiwidXNlcm5hbWUiOiJyb2JpbiIsImlhdCI6MTc1MDQ0NjkwNX0.JW57WMvszR-NhV18Q6gVdwt6AWwM4NeAgQhyVtQnfU8"
      }
    }
INFO [20-06-2025 19:20:44]: incoming request
    reqId: "req-1i"
    req: {
      "method": "GET",
      "url": "/profile/me",
      "ip": "172.19.0.4",
      "headers": {
        "connection": "upgrade",
        "host": "c2r8p1.42lehavre.fr",
        "x-real-ip": "172.19.0.1",
        "x-forwarded-for": "172.19.0.1",
        "x-forwarded-proto": "https",
        "sec-ch-ua-platform": "\"Linux\"",
        "user-agent": "Mozilla/5.0 (X11; Linux x86_64) AppleWebKit/537.36 (KHTML, like Gecko) Chrome/137.0.0.0 Safari/537.36",
        "accept": "application/json",
        "sec-ch-ua": "\"Google Chrome\";v=\"137\", \"Chromium\";v=\"137\", \"Not/A)Brand\";v=\"24\"",
        "sec-ch-ua-mobile": "?0",
        "sec-fetch-site": "same-origin",
        "sec-fetch-mode": "cors",
        "sec-fetch-dest": "empty",
        "referer": "https://c2r8p1.42lehavre.fr:8443/en/dashboard",
        "accept-encoding": "gzip, deflate, br, zstd",
        "accept-language": "fr-FR,fr;q=0.9,en-US;q=0.8,en;q=0.7,sq;q=0.6",
        "cookie": "Next-Locale=en; token=eyJhbGciOiJIUzI1NiIsInR5cCI6IkpXVCJ9.eyJpZCI6MiwidXNlcm5hbWUiOiJyb2JpbiIsImlhdCI6MTc1MDQ0NjkwNX0.JW57WMvszR-NhV18Q6gVdwt6AWwM4NeAgQhyVtQnfU8"
      }
    }
INFO [20-06-2025 19:20:44]: request completed
    reqId: "req-1i"
    res: {
      "statusCode": 200
    }
    responseTime: 4.072169005870819
INFO [20-06-2025 19:20:44]: incoming request
    reqId: "req-1j"
    req: {
      "method": "GET",
      "url": "/chat/receive/private",
      "ip": "172.19.0.4",
      "headers": {
        "connection": "upgrade",
        "host": "c2r8p1.42lehavre.fr",
        "x-real-ip": "172.19.0.1",
        "x-forwarded-for": "172.19.0.1",
        "x-forwarded-proto": "https",
        "sec-ch-ua-platform": "\"Linux\"",
        "user-agent": "Mozilla/5.0 (X11; Linux x86_64) AppleWebKit/537.36 (KHTML, like Gecko) Chrome/137.0.0.0 Safari/537.36",
        "sec-ch-ua": "\"Google Chrome\";v=\"137\", \"Chromium\";v=\"137\", \"Not/A)Brand\";v=\"24\"",
        "content-type": "application/json",
        "sec-ch-ua-mobile": "?0",
        "accept": "*/*",
        "sec-fetch-site": "same-origin",
        "sec-fetch-mode": "cors",
        "sec-fetch-dest": "empty",
        "referer": "https://c2r8p1.42lehavre.fr:8443/en/dashboard",
        "accept-encoding": "gzip, deflate, br, zstd",
        "accept-language": "fr-FR,fr;q=0.9,en-US;q=0.8,en;q=0.7,sq;q=0.6",
        "cookie": "Next-Locale=en; token=eyJhbGciOiJIUzI1NiIsInR5cCI6IkpXVCJ9.eyJpZCI6MiwidXNlcm5hbWUiOiJyb2JpbiIsImlhdCI6MTc1MDQ0NjkwNX0.JW57WMvszR-NhV18Q6gVdwt6AWwM4NeAgQhyVtQnfU8"
      }
    }
INFO [20-06-2025 19:20:44]: request completed
    reqId: "req-1h"
    res: {
      "statusCode": 200
    }
    responseTime: 9.969656020402908
INFO [20-06-2025 19:20:44]: incoming request
    reqId: "req-1k"
    req: {
      "method": "GET",
      "url": "/profile/me",
      "ip": "172.19.0.4",
      "headers": {
        "connection": "upgrade",
        "host": "c2r8p1.42lehavre.fr",
        "x-real-ip": "172.19.0.1",
        "x-forwarded-for": "172.19.0.1",
        "x-forwarded-proto": "https",
        "sec-ch-ua-platform": "\"Linux\"",
        "user-agent": "Mozilla/5.0 (X11; Linux x86_64) AppleWebKit/537.36 (KHTML, like Gecko) Chrome/137.0.0.0 Safari/537.36",
        "accept": "application/json",
        "sec-ch-ua": "\"Google Chrome\";v=\"137\", \"Chromium\";v=\"137\", \"Not/A)Brand\";v=\"24\"",
        "sec-ch-ua-mobile": "?0",
        "sec-fetch-site": "same-origin",
        "sec-fetch-mode": "cors",
        "sec-fetch-dest": "empty",
        "referer": "https://c2r8p1.42lehavre.fr:8443/en/dashboard",
        "accept-encoding": "gzip, deflate, br, zstd",
        "accept-language": "fr-FR,fr;q=0.9,en-US;q=0.8,en;q=0.7,sq;q=0.6",
        "cookie": "Next-Locale=en; token=eyJhbGciOiJIUzI1NiIsInR5cCI6IkpXVCJ9.eyJpZCI6MiwidXNlcm5hbWUiOiJyb2JpbiIsImlhdCI6MTc1MDQ0NjkwNX0.JW57WMvszR-NhV18Q6gVdwt6AWwM4NeAgQhyVtQnfU8"
      }
    }
INFO [20-06-2025 19:20:44]: incoming request
    reqId: "req-1l"
    req: {
      "method": "GET",
      "url": "/friends",
      "ip": "172.19.0.4",
      "headers": {
        "connection": "upgrade",
        "host": "c2r8p1.42lehavre.fr",
        "x-real-ip": "172.19.0.1",
        "x-forwarded-for": "172.19.0.1",
        "x-forwarded-proto": "https",
        "sec-ch-ua-platform": "\"Linux\"",
        "user-agent": "Mozilla/5.0 (X11; Linux x86_64) AppleWebKit/537.36 (KHTML, like Gecko) Chrome/137.0.0.0 Safari/537.36",
        "sec-ch-ua": "\"Google Chrome\";v=\"137\", \"Chromium\";v=\"137\", \"Not/A)Brand\";v=\"24\"",
        "sec-ch-ua-mobile": "?0",
        "accept": "*/*",
        "sec-fetch-site": "same-origin",
        "sec-fetch-mode": "cors",
        "sec-fetch-dest": "empty",
        "referer": "https://c2r8p1.42lehavre.fr:8443/en/dashboard",
        "accept-encoding": "gzip, deflate, br, zstd",
        "accept-language": "fr-FR,fr;q=0.9,en-US;q=0.8,en;q=0.7,sq;q=0.6",
        "cookie": "Next-Locale=en; token=eyJhbGciOiJIUzI1NiIsInR5cCI6IkpXVCJ9.eyJpZCI6MiwidXNlcm5hbWUiOiJyb2JpbiIsImlhdCI6MTc1MDQ0NjkwNX0.JW57WMvszR-NhV18Q6gVdwt6AWwM4NeAgQhyVtQnfU8"
      }
    }
INFO [20-06-2025 19:20:44]: request completed
    reqId: "req-1k"
    res: {
      "statusCode": 200
    }
    responseTime: 11.249098002910614
INFO [20-06-2025 19:20:44]: request completed
    reqId: "req-1j"
    res: {
      "statusCode": 200
    }
    responseTime: 20.4532890021801
INFO [20-06-2025 19:20:44]: incoming request
    reqId: "req-1m"
    req: {
      "method": "GET",
      "url": "/chat/receive/private",
      "ip": "172.19.0.4",
      "headers": {
        "connection": "upgrade",
        "host": "c2r8p1.42lehavre.fr",
        "x-real-ip": "172.19.0.1",
        "x-forwarded-for": "172.19.0.1",
        "x-forwarded-proto": "https",
        "sec-ch-ua-platform": "\"Linux\"",
        "user-agent": "Mozilla/5.0 (X11; Linux x86_64) AppleWebKit/537.36 (KHTML, like Gecko) Chrome/137.0.0.0 Safari/537.36",
        "sec-ch-ua": "\"Google Chrome\";v=\"137\", \"Chromium\";v=\"137\", \"Not/A)Brand\";v=\"24\"",
        "content-type": "application/json",
        "sec-ch-ua-mobile": "?0",
        "accept": "*/*",
        "sec-fetch-site": "same-origin",
        "sec-fetch-mode": "cors",
        "sec-fetch-dest": "empty",
        "referer": "https://c2r8p1.42lehavre.fr:8443/en/dashboard",
        "accept-encoding": "gzip, deflate, br, zstd",
        "accept-language": "fr-FR,fr;q=0.9,en-US;q=0.8,en;q=0.7,sq;q=0.6",
        "cookie": "Next-Locale=en; token=eyJhbGciOiJIUzI1NiIsInR5cCI6IkpXVCJ9.eyJpZCI6MiwidXNlcm5hbWUiOiJyb2JpbiIsImlhdCI6MTc1MDQ0NjkwNX0.JW57WMvszR-NhV18Q6gVdwt6AWwM4NeAgQhyVtQnfU8"
      }
    }
INFO [20-06-2025 19:20:44]: request completed
    reqId: "req-1l"
    res: {
      "statusCode": 200
    }
    responseTime: 19.97467601299286
INFO [20-06-2025 19:20:44]: incoming request
    reqId: "req-1n"
    req: {
      "method": "GET",
      "url": "/profile/me",
      "ip": "172.19.0.4",
      "headers": {
        "connection": "upgrade",
        "host": "c2r8p1.42lehavre.fr",
        "x-real-ip": "172.19.0.1",
        "x-forwarded-for": "172.19.0.1",
        "x-forwarded-proto": "https",
        "sec-ch-ua-platform": "\"Linux\"",
        "user-agent": "Mozilla/5.0 (X11; Linux x86_64) AppleWebKit/537.36 (KHTML, like Gecko) Chrome/137.0.0.0 Safari/537.36",
        "accept": "application/json",
        "sec-ch-ua": "\"Google Chrome\";v=\"137\", \"Chromium\";v=\"137\", \"Not/A)Brand\";v=\"24\"",
        "sec-ch-ua-mobile": "?0",
        "sec-fetch-site": "same-origin",
        "sec-fetch-mode": "cors",
        "sec-fetch-dest": "empty",
        "referer": "https://c2r8p1.42lehavre.fr:8443/en/dashboard",
        "accept-encoding": "gzip, deflate, br, zstd",
        "accept-language": "fr-FR,fr;q=0.9,en-US;q=0.8,en;q=0.7,sq;q=0.6",
        "cookie": "Next-Locale=en; token=eyJhbGciOiJIUzI1NiIsInR5cCI6IkpXVCJ9.eyJpZCI6MiwidXNlcm5hbWUiOiJyb2JpbiIsImlhdCI6MTc1MDQ0NjkwNX0.JW57WMvszR-NhV18Q6gVdwt6AWwM4NeAgQhyVtQnfU8"
      }
    }
INFO [20-06-2025 19:20:44]: request completed
    reqId: "req-1n"
    res: {
      "statusCode": 200
    }
    responseTime: 11.242824018001556
INFO [20-06-2025 19:20:44]: request completed
    reqId: "req-1m"
    res: {
      "statusCode": 200
    }
    responseTime: 16.255064010620117
INFO [20-06-2025 19:20:44]: incoming request
    reqId: "req-1o"
    req: {
      "method": "GET",
      "url": "/friends/pending",
      "ip": "172.19.0.4",
      "headers": {
        "connection": "upgrade",
        "host": "c2r8p1.42lehavre.fr",
        "x-real-ip": "172.19.0.1",
        "x-forwarded-for": "172.19.0.1",
        "x-forwarded-proto": "https",
        "sec-ch-ua-platform": "\"Linux\"",
        "user-agent": "Mozilla/5.0 (X11; Linux x86_64) AppleWebKit/537.36 (KHTML, like Gecko) Chrome/137.0.0.0 Safari/537.36",
        "sec-ch-ua": "\"Google Chrome\";v=\"137\", \"Chromium\";v=\"137\", \"Not/A)Brand\";v=\"24\"",
        "sec-ch-ua-mobile": "?0",
        "accept": "*/*",
        "sec-fetch-site": "same-origin",
        "sec-fetch-mode": "cors",
        "sec-fetch-dest": "empty",
        "referer": "https://c2r8p1.42lehavre.fr:8443/en/dashboard",
        "accept-encoding": "gzip, deflate, br, zstd",
        "accept-language": "fr-FR,fr;q=0.9,en-US;q=0.8,en;q=0.7,sq;q=0.6",
        "cookie": "Next-Locale=en; token=eyJhbGciOiJIUzI1NiIsInR5cCI6IkpXVCJ9.eyJpZCI6MiwidXNlcm5hbWUiOiJyb2JpbiIsImlhdCI6MTc1MDQ0NjkwNX0.JW57WMvszR-NhV18Q6gVdwt6AWwM4NeAgQhyVtQnfU8"
      }
    }
INFO [20-06-2025 19:20:44]: incoming request
    reqId: "req-1p"
    req: {
      "method": "GET",
      "url": "/profile/me",
      "ip": "172.19.0.4",
      "headers": {
        "connection": "upgrade",
        "host": "c2r8p1.42lehavre.fr",
        "x-real-ip": "172.19.0.1",
        "x-forwarded-for": "172.19.0.1",
        "x-forwarded-proto": "https",
        "sec-ch-ua-platform": "\"Linux\"",
        "user-agent": "Mozilla/5.0 (X11; Linux x86_64) AppleWebKit/537.36 (KHTML, like Gecko) Chrome/137.0.0.0 Safari/537.36",
        "accept": "application/json",
        "sec-ch-ua": "\"Google Chrome\";v=\"137\", \"Chromium\";v=\"137\", \"Not/A)Brand\";v=\"24\"",
        "sec-ch-ua-mobile": "?0",
        "sec-fetch-site": "same-origin",
        "sec-fetch-mode": "cors",
        "sec-fetch-dest": "empty",
        "referer": "https://c2r8p1.42lehavre.fr:8443/en/dashboard",
        "accept-encoding": "gzip, deflate, br, zstd",
        "accept-language": "fr-FR,fr;q=0.9,en-US;q=0.8,en;q=0.7,sq;q=0.6",
        "cookie": "Next-Locale=en; token=eyJhbGciOiJIUzI1NiIsInR5cCI6IkpXVCJ9.eyJpZCI6MiwidXNlcm5hbWUiOiJyb2JpbiIsImlhdCI6MTc1MDQ0NjkwNX0.JW57WMvszR-NhV18Q6gVdwt6AWwM4NeAgQhyVtQnfU8"
      }
    }
INFO [20-06-2025 19:20:44]: request completed
    reqId: "req-1o"
    res: {
      "statusCode": 200
    }
    responseTime: 2.6325700283050537
INFO [20-06-2025 19:20:44]: request completed
    reqId: "req-1p"
    res: {
      "statusCode": 200
    }
    responseTime: 3.224494993686676
INFO [20-06-2025 19:20:44]: incoming request
    reqId: "req-1q"
    req: {
      "method": "GET",
      "url": "/friends/pending",
      "ip": "172.19.0.4",
      "headers": {
        "connection": "upgrade",
        "host": "c2r8p1.42lehavre.fr",
        "x-real-ip": "172.19.0.1",
        "x-forwarded-for": "172.19.0.1",
        "x-forwarded-proto": "https",
        "sec-ch-ua-platform": "\"Linux\"",
        "user-agent": "Mozilla/5.0 (X11; Linux x86_64) AppleWebKit/537.36 (KHTML, like Gecko) Chrome/137.0.0.0 Safari/537.36",
        "sec-ch-ua": "\"Google Chrome\";v=\"137\", \"Chromium\";v=\"137\", \"Not/A)Brand\";v=\"24\"",
        "sec-ch-ua-mobile": "?0",
        "accept": "*/*",
        "sec-fetch-site": "same-origin",
        "sec-fetch-mode": "cors",
        "sec-fetch-dest": "empty",
        "referer": "https://c2r8p1.42lehavre.fr:8443/en/dashboard",
        "accept-encoding": "gzip, deflate, br, zstd",
        "accept-language": "fr-FR,fr;q=0.9,en-US;q=0.8,en;q=0.7,sq;q=0.6",
        "cookie": "Next-Locale=en; token=eyJhbGciOiJIUzI1NiIsInR5cCI6IkpXVCJ9.eyJpZCI6MiwidXNlcm5hbWUiOiJyb2JpbiIsImlhdCI6MTc1MDQ0NjkwNX0.JW57WMvszR-NhV18Q6gVdwt6AWwM4NeAgQhyVtQnfU8"
      }
    }
INFO [20-06-2025 19:20:44]: request completed
    reqId: "req-1q"
    res: {
      "statusCode": 200
    }
    responseTime: 3.319370001554489
