=============================================
Server Log - 2025-06-20T15:20:29.670Z
Version: 1.0.0
Node: v18.20.3
Platform: linux
=============================================

INFO [20-06-2025 15:20:30]: Server listening at https://127.0.0.1:3001
INFO [20-06-2025 15:20:30]: Server listening at https://172.23.0.3:3001
INFO [20-06-2025 15:21:40]: incoming request
    reqId: "req-1"
    req: {
      "method": "POST",
      "url": "/auth/login",
      "ip": "172.23.0.4",
      "headers": {
        "connection": "upgrade",
        "host": "c1r6p9.42lehavre.fr",
        "x-real-ip": "172.23.0.1",
        "x-forwarded-for": "172.23.0.1",
        "x-forwarded-proto": "https",
        "content-length": "59",
        "sec-ch-ua": "\"Google Chrome\";v=\"125\", \"Chromium\";v=\"125\", \"Not.A/Brand\";v=\"24\"",
        "sec-ch-ua-platform": "\"Linux\"",
        "sec-ch-ua-mobile": "?0",
        "user-agent": "Mozilla/5.0 (X11; Linux x86_64) AppleWebKit/537.36 (KHTML, like Gecko) Chrome/125.0.0.0 Safari/537.36",
        "content-type": "application/json",
        "accept": "*/*",
        "origin": "https://c1r6p9.42lehavre.fr:8443",
        "sec-fetch-site": "same-origin",
        "sec-fetch-mode": "cors",
        "sec-fetch-dest": "empty",
        "referer": "https://c1r6p9.42lehavre.fr:8443/en/auth",
        "accept-encoding": "gzip, deflate, br, zstd",
        "accept-language": "en-US,en;q=0.9",
        "cookie": "Next-Locale=en; token=eyJhbGciOiJIUzI1NiIsInR5cCI6IkpXVCJ9.eyJpZCI6MiwidXNlcm5hbWUiOiJyb2JpbiIsImJpbyI6IvCfkZAgSGVsbG8gaSdtIG5ldyBoZXJlIiwiaWF0IjoxNzUwNDMxOTM0fQ.0RLc7_OUjTSdcnbcaDOjNgdAYij-ByovyFyVcvZOZPg"
      }
    }
INFO [20-06-2025 15:21:41]: request completed
    reqId: "req-1"
    res: {
      "statusCode": 200
    }
    responseTime: 953.8002070002258
INFO [20-06-2025 15:21:57]: incoming request
    reqId: "req-2"
    req: {
      "method": "POST",
      "url": "/auth/login/2fa/verify",
      "ip": "172.23.0.4",
      "headers": {
        "connection": "upgrade",
        "host": "c1r6p9.42lehavre.fr",
        "x-real-ip": "172.23.0.1",
        "x-forwarded-for": "172.23.0.1",
        "x-forwarded-proto": "https",
        "content-length": "49",
        "sec-ch-ua": "\"Google Chrome\";v=\"125\", \"Chromium\";v=\"125\", \"Not.A/Brand\";v=\"24\"",
        "sec-ch-ua-platform": "\"Linux\"",
        "sec-ch-ua-mobile": "?0",
        "user-agent": "Mozilla/5.0 (X11; Linux x86_64) AppleWebKit/537.36 (KHTML, like Gecko) Chrome/125.0.0.0 Safari/537.36",
        "content-type": "application/json",
        "accept": "*/*",
        "origin": "https://c1r6p9.42lehavre.fr:8443",
        "sec-fetch-site": "same-origin",
        "sec-fetch-mode": "cors",
        "sec-fetch-dest": "empty",
        "referer": "https://c1r6p9.42lehavre.fr:8443/en/auth",
        "accept-encoding": "gzip, deflate, br, zstd",
        "accept-language": "en-US,en;q=0.9",
        "cookie": "Next-Locale=en; token=eyJhbGciOiJIUzI1NiIsInR5cCI6IkpXVCJ9.eyJpZCI6MiwidXNlcm5hbWUiOiJyb2JpbiIsImJpbyI6IvCfkZAgSGVsbG8gaSdtIG5ldyBoZXJlIiwiaWF0IjoxNzUwNDMxOTM0fQ.0RLc7_OUjTSdcnbcaDOjNgdAYij-ByovyFyVcvZOZPg"
      }
    }
INFO [20-06-2025 15:21:57]: request completed
    reqId: "req-2"
    res: {
      "statusCode": 200
    }
    responseTime: 51.13086999952793
INFO [20-06-2025 15:22:01]: incoming request
    reqId: "req-3"
    req: {
      "method": "GET",
      "url": "/profile/me",
      "ip": "172.23.0.4",
      "headers": {
        "connection": "upgrade",
        "host": "c1r6p9.42lehavre.fr",
        "x-real-ip": "172.23.0.1",
        "x-forwarded-for": "172.23.0.1",
        "x-forwarded-proto": "https",
        "sec-ch-ua": "\"Google Chrome\";v=\"125\", \"Chromium\";v=\"125\", \"Not.A/Brand\";v=\"24\"",
        "accept": "application/json",
        "sec-ch-ua-mobile": "?0",
        "user-agent": "Mozilla/5.0 (X11; Linux x86_64) AppleWebKit/537.36 (KHTML, like Gecko) Chrome/125.0.0.0 Safari/537.36",
        "sec-ch-ua-platform": "\"Linux\"",
        "sec-fetch-site": "same-origin",
        "sec-fetch-mode": "cors",
        "sec-fetch-dest": "empty",
        "referer": "https://c1r6p9.42lehavre.fr:8443/en/dashboard",
        "accept-encoding": "gzip, deflate, br, zstd",
        "accept-language": "en-US,en;q=0.9",
        "cookie": "Next-Locale=en; token=eyJhbGciOiJIUzI1NiIsInR5cCI6IkpXVCJ9.eyJpZCI6MiwidXNlcm5hbWUiOiJyb2JpbiIsImJpbyI6IvCfkZAgSGVsbG8gaSdtIG5ldyBoZXJlIiwiaWF0IjoxNzUwNDMyOTE3fQ.zwG91iYBCkwi8GHoUBbYMZx6JNhX6nwOPtbO43ElwLQ"
      }
    }
INFO [20-06-2025 15:22:01]: incoming request
    reqId: "req-4"
    req: {
      "method": "GET",
      "url": "/friends",
      "ip": "172.23.0.4",
      "headers": {
        "connection": "upgrade",
        "host": "c1r6p9.42lehavre.fr",
        "x-real-ip": "172.23.0.1",
        "x-forwarded-for": "172.23.0.1",
        "x-forwarded-proto": "https",
        "sec-ch-ua": "\"Google Chrome\";v=\"125\", \"Chromium\";v=\"125\", \"Not.A/Brand\";v=\"24\"",
        "sec-ch-ua-mobile": "?0",
        "user-agent": "Mozilla/5.0 (X11; Linux x86_64) AppleWebKit/537.36 (KHTML, like Gecko) Chrome/125.0.0.0 Safari/537.36",
        "sec-ch-ua-platform": "\"Linux\"",
        "accept": "*/*",
        "sec-fetch-site": "same-origin",
        "sec-fetch-mode": "cors",
        "sec-fetch-dest": "empty",
        "referer": "https://c1r6p9.42lehavre.fr:8443/en/dashboard",
        "accept-encoding": "gzip, deflate, br, zstd",
        "accept-language": "en-US,en;q=0.9",
        "cookie": "Next-Locale=en; token=eyJhbGciOiJIUzI1NiIsInR5cCI6IkpXVCJ9.eyJpZCI6MiwidXNlcm5hbWUiOiJyb2JpbiIsImJpbyI6IvCfkZAgSGVsbG8gaSdtIG5ldyBoZXJlIiwiaWF0IjoxNzUwNDMyOTE3fQ.zwG91iYBCkwi8GHoUBbYMZx6JNhX6nwOPtbO43ElwLQ"
      }
    }
INFO [20-06-2025 15:22:01]: incoming request
    reqId: "req-5"
    req: {
      "method": "GET",
      "url": "/chat/receive/private",
      "ip": "172.23.0.4",
      "headers": {
        "connection": "upgrade",
        "host": "c1r6p9.42lehavre.fr",
        "x-real-ip": "172.23.0.1",
        "x-forwarded-for": "172.23.0.1",
        "x-forwarded-proto": "https",
        "sec-ch-ua": "\"Google Chrome\";v=\"125\", \"Chromium\";v=\"125\", \"Not.A/Brand\";v=\"24\"",
        "content-type": "application/json",
        "sec-ch-ua-mobile": "?0",
        "authorization": "Bearer null",
        "user-agent": "Mozilla/5.0 (X11; Linux x86_64) AppleWebKit/537.36 (KHTML, like Gecko) Chrome/125.0.0.0 Safari/537.36",
        "sec-ch-ua-platform": "\"Linux\"",
        "accept": "*/*",
        "sec-fetch-site": "same-origin",
        "sec-fetch-mode": "cors",
        "sec-fetch-dest": "empty",
        "referer": "https://c1r6p9.42lehavre.fr:8443/en/dashboard",
        "accept-encoding": "gzip, deflate, br, zstd",
        "accept-language": "en-US,en;q=0.9",
        "cookie": "Next-Locale=en; token=eyJhbGciOiJIUzI1NiIsInR5cCI6IkpXVCJ9.eyJpZCI6MiwidXNlcm5hbWUiOiJyb2JpbiIsImJpbyI6IvCfkZAgSGVsbG8gaSdtIG5ldyBoZXJlIiwiaWF0IjoxNzUwNDMyOTE3fQ.zwG91iYBCkwi8GHoUBbYMZx6JNhX6nwOPtbO43ElwLQ"
      }
    }
INFO [20-06-2025 15:22:01]: request completed
    reqId: "req-3"
    res: {
      "statusCode": 200
    }
    responseTime: 28.08415300026536
INFO [20-06-2025 15:22:01]: incoming request
    reqId: "req-6"
    req: {
      "method": "GET",
      "url": "/profile/me",
      "ip": "172.23.0.4",
      "headers": {
        "connection": "upgrade",
        "host": "c1r6p9.42lehavre.fr",
        "x-real-ip": "172.23.0.1",
        "x-forwarded-for": "172.23.0.1",
        "x-forwarded-proto": "https",
        "sec-ch-ua": "\"Google Chrome\";v=\"125\", \"Chromium\";v=\"125\", \"Not.A/Brand\";v=\"24\"",
        "accept": "application/json",
        "sec-ch-ua-mobile": "?0",
        "user-agent": "Mozilla/5.0 (X11; Linux x86_64) AppleWebKit/537.36 (KHTML, like Gecko) Chrome/125.0.0.0 Safari/537.36",
        "sec-ch-ua-platform": "\"Linux\"",
        "sec-fetch-site": "same-origin",
        "sec-fetch-mode": "cors",
        "sec-fetch-dest": "empty",
        "referer": "https://c1r6p9.42lehavre.fr:8443/en/dashboard",
        "accept-encoding": "gzip, deflate, br, zstd",
        "accept-language": "en-US,en;q=0.9",
        "cookie": "Next-Locale=en; token=eyJhbGciOiJIUzI1NiIsInR5cCI6IkpXVCJ9.eyJpZCI6MiwidXNlcm5hbWUiOiJyb2JpbiIsImJpbyI6IvCfkZAgSGVsbG8gaSdtIG5ldyBoZXJlIiwiaWF0IjoxNzUwNDMyOTE3fQ.zwG91iYBCkwi8GHoUBbYMZx6JNhX6nwOPtbO43ElwLQ"
      }
    }
INFO [20-06-2025 15:22:01]: request completed
    reqId: "req-6"
    res: {
      "statusCode": 200
    }
    responseTime: 1.7700469996780157
INFO [20-06-2025 15:22:01]: incoming request
    reqId: "req-7"
    req: {
      "method": "GET",
      "url": "/profile/me",
      "ip": "172.23.0.4",
      "headers": {
        "connection": "upgrade",
        "host": "c1r6p9.42lehavre.fr",
        "x-real-ip": "172.23.0.1",
        "x-forwarded-for": "172.23.0.1",
        "x-forwarded-proto": "https",
        "sec-ch-ua": "\"Google Chrome\";v=\"125\", \"Chromium\";v=\"125\", \"Not.A/Brand\";v=\"24\"",
        "accept": "application/json",
        "sec-ch-ua-mobile": "?0",
        "user-agent": "Mozilla/5.0 (X11; Linux x86_64) AppleWebKit/537.36 (KHTML, like Gecko) Chrome/125.0.0.0 Safari/537.36",
        "sec-ch-ua-platform": "\"Linux\"",
        "sec-fetch-site": "same-origin",
        "sec-fetch-mode": "cors",
        "sec-fetch-dest": "empty",
        "referer": "https://c1r6p9.42lehavre.fr:8443/en/dashboard",
        "accept-encoding": "gzip, deflate, br, zstd",
        "accept-language": "en-US,en;q=0.9",
        "cookie": "Next-Locale=en; token=eyJhbGciOiJIUzI1NiIsInR5cCI6IkpXVCJ9.eyJpZCI6MiwidXNlcm5hbWUiOiJyb2JpbiIsImJpbyI6IvCfkZAgSGVsbG8gaSdtIG5ldyBoZXJlIiwiaWF0IjoxNzUwNDMyOTE3fQ.zwG91iYBCkwi8GHoUBbYMZx6JNhX6nwOPtbO43ElwLQ"
      }
    }
INFO [20-06-2025 15:22:01]: request completed
    reqId: "req-4"
    res: {
      "statusCode": 200
    }
    responseTime: 30.417903000488877
INFO [20-06-2025 15:22:01]: request completed
    reqId: "req-7"
    res: {
      "statusCode": 200
    }
    responseTime: 2.0960980001837015
INFO [20-06-2025 15:22:01]: request completed
    reqId: "req-5"
    res: {
      "statusCode": 200
    }
    responseTime: 30.00304799899459
INFO [20-06-2025 15:22:01]: incoming request
    reqId: "req-8"
    req: {
      "method": "GET",
      "url": "/friends",
      "ip": "172.23.0.4",
      "headers": {
        "connection": "upgrade",
        "host": "c1r6p9.42lehavre.fr",
        "x-real-ip": "172.23.0.1",
        "x-forwarded-for": "172.23.0.1",
        "x-forwarded-proto": "https",
        "sec-ch-ua": "\"Google Chrome\";v=\"125\", \"Chromium\";v=\"125\", \"Not.A/Brand\";v=\"24\"",
        "sec-ch-ua-mobile": "?0",
        "user-agent": "Mozilla/5.0 (X11; Linux x86_64) AppleWebKit/537.36 (KHTML, like Gecko) Chrome/125.0.0.0 Safari/537.36",
        "sec-ch-ua-platform": "\"Linux\"",
        "accept": "*/*",
        "sec-fetch-site": "same-origin",
        "sec-fetch-mode": "cors",
        "sec-fetch-dest": "empty",
        "referer": "https://c1r6p9.42lehavre.fr:8443/en/dashboard",
        "accept-encoding": "gzip, deflate, br, zstd",
        "accept-language": "en-US,en;q=0.9",
        "cookie": "Next-Locale=en; token=eyJhbGciOiJIUzI1NiIsInR5cCI6IkpXVCJ9.eyJpZCI6MiwidXNlcm5hbWUiOiJyb2JpbiIsImJpbyI6IvCfkZAgSGVsbG8gaSdtIG5ldyBoZXJlIiwiaWF0IjoxNzUwNDMyOTE3fQ.zwG91iYBCkwi8GHoUBbYMZx6JNhX6nwOPtbO43ElwLQ"
      }
    }
INFO [20-06-2025 15:22:01]: incoming request
    reqId: "req-9"
    req: {
      "method": "GET",
      "url": "/profile/me",
      "ip": "172.23.0.4",
      "headers": {
        "connection": "upgrade",
        "host": "c1r6p9.42lehavre.fr",
        "x-real-ip": "172.23.0.1",
        "x-forwarded-for": "172.23.0.1",
        "x-forwarded-proto": "https",
        "sec-ch-ua": "\"Google Chrome\";v=\"125\", \"Chromium\";v=\"125\", \"Not.A/Brand\";v=\"24\"",
        "accept": "application/json",
        "sec-ch-ua-mobile": "?0",
        "user-agent": "Mozilla/5.0 (X11; Linux x86_64) AppleWebKit/537.36 (KHTML, like Gecko) Chrome/125.0.0.0 Safari/537.36",
        "sec-ch-ua-platform": "\"Linux\"",
        "sec-fetch-site": "same-origin",
        "sec-fetch-mode": "cors",
        "sec-fetch-dest": "empty",
        "referer": "https://c1r6p9.42lehavre.fr:8443/en/dashboard",
        "accept-encoding": "gzip, deflate, br, zstd",
        "accept-language": "en-US,en;q=0.9",
        "cookie": "Next-Locale=en; token=eyJhbGciOiJIUzI1NiIsInR5cCI6IkpXVCJ9.eyJpZCI6MiwidXNlcm5hbWUiOiJyb2JpbiIsImJpbyI6IvCfkZAgSGVsbG8gaSdtIG5ldyBoZXJlIiwiaWF0IjoxNzUwNDMyOTE3fQ.zwG91iYBCkwi8GHoUBbYMZx6JNhX6nwOPtbO43ElwLQ"
      }
    }
INFO [20-06-2025 15:22:01]: incoming request
    reqId: "req-a"
    req: {
      "method": "GET",
      "url": "/chat/receive/private",
      "ip": "172.23.0.4",
      "headers": {
        "connection": "upgrade",
        "host": "c1r6p9.42lehavre.fr",
        "x-real-ip": "172.23.0.1",
        "x-forwarded-for": "172.23.0.1",
        "x-forwarded-proto": "https",
        "sec-ch-ua": "\"Google Chrome\";v=\"125\", \"Chromium\";v=\"125\", \"Not.A/Brand\";v=\"24\"",
        "content-type": "application/json",
        "sec-ch-ua-mobile": "?0",
        "authorization": "Bearer null",
        "user-agent": "Mozilla/5.0 (X11; Linux x86_64) AppleWebKit/537.36 (KHTML, like Gecko) Chrome/125.0.0.0 Safari/537.36",
        "sec-ch-ua-platform": "\"Linux\"",
        "accept": "*/*",
        "sec-fetch-site": "same-origin",
        "sec-fetch-mode": "cors",
        "sec-fetch-dest": "empty",
        "referer": "https://c1r6p9.42lehavre.fr:8443/en/dashboard",
        "accept-encoding": "gzip, deflate, br, zstd",
        "accept-language": "en-US,en;q=0.9",
        "cookie": "Next-Locale=en; token=eyJhbGciOiJIUzI1NiIsInR5cCI6IkpXVCJ9.eyJpZCI6MiwidXNlcm5hbWUiOiJyb2JpbiIsImJpbyI6IvCfkZAgSGVsbG8gaSdtIG5ldyBoZXJlIiwiaWF0IjoxNzUwNDMyOTE3fQ.zwG91iYBCkwi8GHoUBbYMZx6JNhX6nwOPtbO43ElwLQ"
      }
    }
INFO [20-06-2025 15:22:01]: request completed
    reqId: "req-9"
    res: {
      "statusCode": 200
    }
    responseTime: 3.9506310001015663
INFO [20-06-2025 15:22:01]: request completed
    reqId: "req-8"
    res: {
      "statusCode": 200
    }
    responseTime: 10.916027000173926
INFO [20-06-2025 15:22:01]: request completed
    reqId: "req-a"
    res: {
      "statusCode": 200
    }
    responseTime: 8.48938100039959
INFO [20-06-2025 15:22:01]: incoming request
    reqId: "req-b"
    req: {
      "method": "GET",
      "url": "/friends",
      "ip": "172.23.0.4",
      "headers": {
        "connection": "upgrade",
        "host": "c1r6p9.42lehavre.fr",
        "x-real-ip": "172.23.0.1",
        "x-forwarded-for": "172.23.0.1",
        "x-forwarded-proto": "https",
        "sec-ch-ua": "\"Google Chrome\";v=\"125\", \"Chromium\";v=\"125\", \"Not.A/Brand\";v=\"24\"",
        "sec-ch-ua-mobile": "?0",
        "user-agent": "Mozilla/5.0 (X11; Linux x86_64) AppleWebKit/537.36 (KHTML, like Gecko) Chrome/125.0.0.0 Safari/537.36",
        "sec-ch-ua-platform": "\"Linux\"",
        "accept": "*/*",
        "sec-fetch-site": "same-origin",
        "sec-fetch-mode": "cors",
        "sec-fetch-dest": "empty",
        "referer": "https://c1r6p9.42lehavre.fr:8443/en/dashboard",
        "accept-encoding": "gzip, deflate, br, zstd",
        "accept-language": "en-US,en;q=0.9",
        "cookie": "Next-Locale=en; token=eyJhbGciOiJIUzI1NiIsInR5cCI6IkpXVCJ9.eyJpZCI6MiwidXNlcm5hbWUiOiJyb2JpbiIsImJpbyI6IvCfkZAgSGVsbG8gaSdtIG5ldyBoZXJlIiwiaWF0IjoxNzUwNDMyOTE3fQ.zwG91iYBCkwi8GHoUBbYMZx6JNhX6nwOPtbO43ElwLQ"
      }
    }
INFO [20-06-2025 15:22:01]: incoming request
    reqId: "req-c"
    req: {
      "method": "GET",
      "url": "/chat/receive/private",
      "ip": "172.23.0.4",
      "headers": {
        "connection": "upgrade",
        "host": "c1r6p9.42lehavre.fr",
        "x-real-ip": "172.23.0.1",
        "x-forwarded-for": "172.23.0.1",
        "x-forwarded-proto": "https",
        "sec-ch-ua": "\"Google Chrome\";v=\"125\", \"Chromium\";v=\"125\", \"Not.A/Brand\";v=\"24\"",
        "content-type": "application/json",
        "sec-ch-ua-mobile": "?0",
        "authorization": "Bearer null",
        "user-agent": "Mozilla/5.0 (X11; Linux x86_64) AppleWebKit/537.36 (KHTML, like Gecko) Chrome/125.0.0.0 Safari/537.36",
        "sec-ch-ua-platform": "\"Linux\"",
        "accept": "*/*",
        "sec-fetch-site": "same-origin",
        "sec-fetch-mode": "cors",
        "sec-fetch-dest": "empty",
        "referer": "https://c1r6p9.42lehavre.fr:8443/en/dashboard",
        "accept-encoding": "gzip, deflate, br, zstd",
        "accept-language": "en-US,en;q=0.9",
        "cookie": "Next-Locale=en; token=eyJhbGciOiJIUzI1NiIsInR5cCI6IkpXVCJ9.eyJpZCI6MiwidXNlcm5hbWUiOiJyb2JpbiIsImJpbyI6IvCfkZAgSGVsbG8gaSdtIG5ldyBoZXJlIiwiaWF0IjoxNzUwNDMyOTE3fQ.zwG91iYBCkwi8GHoUBbYMZx6JNhX6nwOPtbO43ElwLQ"
      }
    }
INFO [20-06-2025 15:22:01]: request completed
    reqId: "req-b"
    res: {
      "statusCode": 200
    }
    responseTime: 4.653565000742674
INFO [20-06-2025 15:22:01]: request completed
    reqId: "req-c"
    res: {
      "statusCode": 200
    }
    responseTime: 3.578609999269247
INFO [20-06-2025 15:22:01]: incoming request
    reqId: "req-d"
    req: {
      "method": "GET",
      "url": "/friends",
      "ip": "172.23.0.4",
      "headers": {
        "connection": "upgrade",
        "host": "c1r6p9.42lehavre.fr",
        "x-real-ip": "172.23.0.1",
        "x-forwarded-for": "172.23.0.1",
        "x-forwarded-proto": "https",
        "sec-ch-ua": "\"Google Chrome\";v=\"125\", \"Chromium\";v=\"125\", \"Not.A/Brand\";v=\"24\"",
        "sec-ch-ua-mobile": "?0",
        "user-agent": "Mozilla/5.0 (X11; Linux x86_64) AppleWebKit/537.36 (KHTML, like Gecko) Chrome/125.0.0.0 Safari/537.36",
        "sec-ch-ua-platform": "\"Linux\"",
        "accept": "*/*",
        "sec-fetch-site": "same-origin",
        "sec-fetch-mode": "cors",
        "sec-fetch-dest": "empty",
        "referer": "https://c1r6p9.42lehavre.fr:8443/en/dashboard",
        "accept-encoding": "gzip, deflate, br, zstd",
        "accept-language": "en-US,en;q=0.9",
        "cookie": "Next-Locale=en; token=eyJhbGciOiJIUzI1NiIsInR5cCI6IkpXVCJ9.eyJpZCI6MiwidXNlcm5hbWUiOiJyb2JpbiIsImJpbyI6IvCfkZAgSGVsbG8gaSdtIG5ldyBoZXJlIiwiaWF0IjoxNzUwNDMyOTE3fQ.zwG91iYBCkwi8GHoUBbYMZx6JNhX6nwOPtbO43ElwLQ"
      }
    }
INFO [20-06-2025 15:22:01]: incoming request
    reqId: "req-e"
    req: {
      "method": "GET",
      "url": "/chat/receive/private",
      "ip": "172.23.0.4",
      "headers": {
        "connection": "upgrade",
        "host": "c1r6p9.42lehavre.fr",
        "x-real-ip": "172.23.0.1",
        "x-forwarded-for": "172.23.0.1",
        "x-forwarded-proto": "https",
        "sec-ch-ua": "\"Google Chrome\";v=\"125\", \"Chromium\";v=\"125\", \"Not.A/Brand\";v=\"24\"",
        "content-type": "application/json",
        "sec-ch-ua-mobile": "?0",
        "authorization": "Bearer null",
        "user-agent": "Mozilla/5.0 (X11; Linux x86_64) AppleWebKit/537.36 (KHTML, like Gecko) Chrome/125.0.0.0 Safari/537.36",
        "sec-ch-ua-platform": "\"Linux\"",
        "accept": "*/*",
        "sec-fetch-site": "same-origin",
        "sec-fetch-mode": "cors",
        "sec-fetch-dest": "empty",
        "referer": "https://c1r6p9.42lehavre.fr:8443/en/dashboard",
        "accept-encoding": "gzip, deflate, br, zstd",
        "accept-language": "en-US,en;q=0.9",
        "cookie": "Next-Locale=en; token=eyJhbGciOiJIUzI1NiIsInR5cCI6IkpXVCJ9.eyJpZCI6MiwidXNlcm5hbWUiOiJyb2JpbiIsImJpbyI6IvCfkZAgSGVsbG8gaSdtIG5ldyBoZXJlIiwiaWF0IjoxNzUwNDMyOTE3fQ.zwG91iYBCkwi8GHoUBbYMZx6JNhX6nwOPtbO43ElwLQ"
      }
    }
INFO [20-06-2025 15:22:01]: request completed
    reqId: "req-d"
    res: {
      "statusCode": 200
    }
    responseTime: 4.305784000083804
INFO [20-06-2025 15:22:01]: request completed
    reqId: "req-e"
    res: {
      "statusCode": 200
    }
    responseTime: 3.652190001681447
INFO [20-06-2025 15:22:01]: incoming request
    reqId: "req-f"
    req: {
      "method": "GET",
      "url": "/friends/pending",
      "ip": "172.23.0.4",
      "headers": {
        "connection": "upgrade",
        "host": "c1r6p9.42lehavre.fr",
        "x-real-ip": "172.23.0.1",
        "x-forwarded-for": "172.23.0.1",
        "x-forwarded-proto": "https",
        "sec-ch-ua": "\"Google Chrome\";v=\"125\", \"Chromium\";v=\"125\", \"Not.A/Brand\";v=\"24\"",
        "sec-ch-ua-mobile": "?0",
        "user-agent": "Mozilla/5.0 (X11; Linux x86_64) AppleWebKit/537.36 (KHTML, like Gecko) Chrome/125.0.0.0 Safari/537.36",
        "sec-ch-ua-platform": "\"Linux\"",
        "accept": "*/*",
        "sec-fetch-site": "same-origin",
        "sec-fetch-mode": "cors",
        "sec-fetch-dest": "empty",
        "referer": "https://c1r6p9.42lehavre.fr:8443/en/dashboard",
        "accept-encoding": "gzip, deflate, br, zstd",
        "accept-language": "en-US,en;q=0.9",
        "cookie": "Next-Locale=en; token=eyJhbGciOiJIUzI1NiIsInR5cCI6IkpXVCJ9.eyJpZCI6MiwidXNlcm5hbWUiOiJyb2JpbiIsImJpbyI6IvCfkZAgSGVsbG8gaSdtIG5ldyBoZXJlIiwiaWF0IjoxNzUwNDMyOTE3fQ.zwG91iYBCkwi8GHoUBbYMZx6JNhX6nwOPtbO43ElwLQ"
      }
    }
INFO [20-06-2025 15:22:01]: request completed
    reqId: "req-f"
    res: {
      "statusCode": 200
    }
    responseTime: 27.531520001590252
INFO [20-06-2025 15:22:01]: incoming request
    reqId: "req-g"
    req: {
      "method": "GET",
      "url": "/friends/pending",
      "ip": "172.23.0.4",
      "headers": {
        "connection": "upgrade",
        "host": "c1r6p9.42lehavre.fr",
        "x-real-ip": "172.23.0.1",
        "x-forwarded-for": "172.23.0.1",
        "x-forwarded-proto": "https",
        "sec-ch-ua": "\"Google Chrome\";v=\"125\", \"Chromium\";v=\"125\", \"Not.A/Brand\";v=\"24\"",
        "sec-ch-ua-mobile": "?0",
        "user-agent": "Mozilla/5.0 (X11; Linux x86_64) AppleWebKit/537.36 (KHTML, like Gecko) Chrome/125.0.0.0 Safari/537.36",
        "sec-ch-ua-platform": "\"Linux\"",
        "accept": "*/*",
        "sec-fetch-site": "same-origin",
        "sec-fetch-mode": "cors",
        "sec-fetch-dest": "empty",
        "referer": "https://c1r6p9.42lehavre.fr:8443/en/dashboard",
        "accept-encoding": "gzip, deflate, br, zstd",
        "accept-language": "en-US,en;q=0.9",
        "cookie": "Next-Locale=en; token=eyJhbGciOiJIUzI1NiIsInR5cCI6IkpXVCJ9.eyJpZCI6MiwidXNlcm5hbWUiOiJyb2JpbiIsImJpbyI6IvCfkZAgSGVsbG8gaSdtIG5ldyBoZXJlIiwiaWF0IjoxNzUwNDMyOTE3fQ.zwG91iYBCkwi8GHoUBbYMZx6JNhX6nwOPtbO43ElwLQ"
      }
    }
INFO [20-06-2025 15:22:01]: request completed
    reqId: "req-g"
    res: {
      "statusCode": 200
    }
    responseTime: 4.421978000551462
INFO [20-06-2025 15:22:55]: incoming request
    reqId: "req-h"
    req: {
      "method": "GET",
      "url": "/friends",
      "ip": "172.23.0.4",
      "headers": {
        "connection": "upgrade",
        "host": "c1r6p9.42lehavre.fr",
        "x-real-ip": "172.23.0.1",
        "x-forwarded-for": "172.23.0.1",
        "x-forwarded-proto": "https",
        "sec-ch-ua": "\"Google Chrome\";v=\"125\", \"Chromium\";v=\"125\", \"Not.A/Brand\";v=\"24\"",
        "sec-ch-ua-mobile": "?0",
        "user-agent": "Mozilla/5.0 (X11; Linux x86_64) AppleWebKit/537.36 (KHTML, like Gecko) Chrome/125.0.0.0 Safari/537.36",
        "sec-ch-ua-platform": "\"Linux\"",
        "accept": "*/*",
        "sec-fetch-site": "same-origin",
        "sec-fetch-mode": "cors",
        "sec-fetch-dest": "empty",
        "referer": "https://c1r6p9.42lehavre.fr:8443/en/dashboard",
        "accept-encoding": "gzip, deflate, br, zstd",
        "accept-language": "en-US,en;q=0.9",
        "cookie": "Next-Locale=en; token=eyJhbGciOiJIUzI1NiIsInR5cCI6IkpXVCJ9.eyJpZCI6MiwidXNlcm5hbWUiOiJyb2JpbiIsImJpbyI6IvCfkZAgSGVsbG8gaSdtIG5ldyBoZXJlIiwiaWF0IjoxNzUwNDMyOTE3fQ.zwG91iYBCkwi8GHoUBbYMZx6JNhX6nwOPtbO43ElwLQ"
      }
    }
INFO [20-06-2025 15:22:55]: incoming request
    reqId: "req-i"
    req: {
      "method": "GET",
      "url": "/profile/me",
      "ip": "172.23.0.4",
      "headers": {
        "connection": "upgrade",
        "host": "c1r6p9.42lehavre.fr",
        "x-real-ip": "172.23.0.1",
        "x-forwarded-for": "172.23.0.1",
        "x-forwarded-proto": "https",
        "sec-ch-ua": "\"Google Chrome\";v=\"125\", \"Chromium\";v=\"125\", \"Not.A/Brand\";v=\"24\"",
        "accept": "application/json",
        "sec-ch-ua-mobile": "?0",
        "user-agent": "Mozilla/5.0 (X11; Linux x86_64) AppleWebKit/537.36 (KHTML, like Gecko) Chrome/125.0.0.0 Safari/537.36",
        "sec-ch-ua-platform": "\"Linux\"",
        "sec-fetch-site": "same-origin",
        "sec-fetch-mode": "cors",
        "sec-fetch-dest": "empty",
        "referer": "https://c1r6p9.42lehavre.fr:8443/en/dashboard",
        "accept-encoding": "gzip, deflate, br, zstd",
        "accept-language": "en-US,en;q=0.9",
        "cookie": "Next-Locale=en; token=eyJhbGciOiJIUzI1NiIsInR5cCI6IkpXVCJ9.eyJpZCI6MiwidXNlcm5hbWUiOiJyb2JpbiIsImJpbyI6IvCfkZAgSGVsbG8gaSdtIG5ldyBoZXJlIiwiaWF0IjoxNzUwNDMyOTE3fQ.zwG91iYBCkwi8GHoUBbYMZx6JNhX6nwOPtbO43ElwLQ"
      }
    }
INFO [20-06-2025 15:22:55]: request completed
    reqId: "req-h"
    res: {
      "statusCode": 200
    }
    responseTime: 5.894427999854088
INFO [20-06-2025 15:22:55]: request completed
    reqId: "req-i"
    res: {
      "statusCode": 200
    }
    responseTime: 4.819825999438763
INFO [20-06-2025 15:22:55]: incoming request
    reqId: "req-j"
    req: {
      "method": "GET",
      "url": "/chat/receive/private",
      "ip": "172.23.0.4",
      "headers": {
        "connection": "upgrade",
        "host": "c1r6p9.42lehavre.fr",
        "x-real-ip": "172.23.0.1",
        "x-forwarded-for": "172.23.0.1",
        "x-forwarded-proto": "https",
        "sec-ch-ua": "\"Google Chrome\";v=\"125\", \"Chromium\";v=\"125\", \"Not.A/Brand\";v=\"24\"",
        "content-type": "application/json",
        "sec-ch-ua-mobile": "?0",
        "authorization": "Bearer null",
        "user-agent": "Mozilla/5.0 (X11; Linux x86_64) AppleWebKit/537.36 (KHTML, like Gecko) Chrome/125.0.0.0 Safari/537.36",
        "sec-ch-ua-platform": "\"Linux\"",
        "accept": "*/*",
        "sec-fetch-site": "same-origin",
        "sec-fetch-mode": "cors",
        "sec-fetch-dest": "empty",
        "referer": "https://c1r6p9.42lehavre.fr:8443/en/dashboard",
        "accept-encoding": "gzip, deflate, br, zstd",
        "accept-language": "en-US,en;q=0.9",
        "cookie": "Next-Locale=en; token=eyJhbGciOiJIUzI1NiIsInR5cCI6IkpXVCJ9.eyJpZCI6MiwidXNlcm5hbWUiOiJyb2JpbiIsImJpbyI6IvCfkZAgSGVsbG8gaSdtIG5ldyBoZXJlIiwiaWF0IjoxNzUwNDMyOTE3fQ.zwG91iYBCkwi8GHoUBbYMZx6JNhX6nwOPtbO43ElwLQ"
      }
    }
INFO [20-06-2025 15:22:55]: incoming request
    reqId: "req-k"
    req: {
      "method": "GET",
      "url": "/profile/me",
      "ip": "172.23.0.4",
      "headers": {
        "connection": "upgrade",
        "host": "c1r6p9.42lehavre.fr",
        "x-real-ip": "172.23.0.1",
        "x-forwarded-for": "172.23.0.1",
        "x-forwarded-proto": "https",
        "sec-ch-ua": "\"Google Chrome\";v=\"125\", \"Chromium\";v=\"125\", \"Not.A/Brand\";v=\"24\"",
        "accept": "application/json",
        "sec-ch-ua-mobile": "?0",
        "user-agent": "Mozilla/5.0 (X11; Linux x86_64) AppleWebKit/537.36 (KHTML, like Gecko) Chrome/125.0.0.0 Safari/537.36",
        "sec-ch-ua-platform": "\"Linux\"",
        "sec-fetch-site": "same-origin",
        "sec-fetch-mode": "cors",
        "sec-fetch-dest": "empty",
        "referer": "https://c1r6p9.42lehavre.fr:8443/en/dashboard",
        "accept-encoding": "gzip, deflate, br, zstd",
        "accept-language": "en-US,en;q=0.9",
        "cookie": "Next-Locale=en; token=eyJhbGciOiJIUzI1NiIsInR5cCI6IkpXVCJ9.eyJpZCI6MiwidXNlcm5hbWUiOiJyb2JpbiIsImJpbyI6IvCfkZAgSGVsbG8gaSdtIG5ldyBoZXJlIiwiaWF0IjoxNzUwNDMyOTE3fQ.zwG91iYBCkwi8GHoUBbYMZx6JNhX6nwOPtbO43ElwLQ"
      }
    }
INFO [20-06-2025 15:22:55]: request completed
    reqId: "req-j"
    res: {
      "statusCode": 200
    }
    responseTime: 4.359680999070406
INFO [20-06-2025 15:22:55]: incoming request
    reqId: "req-l"
    req: {
      "method": "GET",
      "url": "/friends",
      "ip": "172.23.0.4",
      "headers": {
        "connection": "upgrade",
        "host": "c1r6p9.42lehavre.fr",
        "x-real-ip": "172.23.0.1",
        "x-forwarded-for": "172.23.0.1",
        "x-forwarded-proto": "https",
        "sec-ch-ua": "\"Google Chrome\";v=\"125\", \"Chromium\";v=\"125\", \"Not.A/Brand\";v=\"24\"",
        "sec-ch-ua-mobile": "?0",
        "user-agent": "Mozilla/5.0 (X11; Linux x86_64) AppleWebKit/537.36 (KHTML, like Gecko) Chrome/125.0.0.0 Safari/537.36",
        "sec-ch-ua-platform": "\"Linux\"",
        "accept": "*/*",
        "sec-fetch-site": "same-origin",
        "sec-fetch-mode": "cors",
        "sec-fetch-dest": "empty",
        "referer": "https://c1r6p9.42lehavre.fr:8443/en/dashboard",
        "accept-encoding": "gzip, deflate, br, zstd",
        "accept-language": "en-US,en;q=0.9",
        "cookie": "Next-Locale=en; token=eyJhbGciOiJIUzI1NiIsInR5cCI6IkpXVCJ9.eyJpZCI6MiwidXNlcm5hbWUiOiJyb2JpbiIsImJpbyI6IvCfkZAgSGVsbG8gaSdtIG5ldyBoZXJlIiwiaWF0IjoxNzUwNDMyOTE3fQ.zwG91iYBCkwi8GHoUBbYMZx6JNhX6nwOPtbO43ElwLQ"
      }
    }
INFO [20-06-2025 15:22:55]: request completed
    reqId: "req-k"
    res: {
      "statusCode": 200
    }
    responseTime: 3.5350840017199516
INFO [20-06-2025 15:22:55]: incoming request
    reqId: "req-m"
    req: {
      "method": "GET",
      "url": "/chat/receive/private",
      "ip": "172.23.0.4",
      "headers": {
        "connection": "upgrade",
        "host": "c1r6p9.42lehavre.fr",
        "x-real-ip": "172.23.0.1",
        "x-forwarded-for": "172.23.0.1",
        "x-forwarded-proto": "https",
        "sec-ch-ua": "\"Google Chrome\";v=\"125\", \"Chromium\";v=\"125\", \"Not.A/Brand\";v=\"24\"",
        "content-type": "application/json",
        "sec-ch-ua-mobile": "?0",
        "authorization": "Bearer null",
        "user-agent": "Mozilla/5.0 (X11; Linux x86_64) AppleWebKit/537.36 (KHTML, like Gecko) Chrome/125.0.0.0 Safari/537.36",
        "sec-ch-ua-platform": "\"Linux\"",
        "accept": "*/*",
        "sec-fetch-site": "same-origin",
        "sec-fetch-mode": "cors",
        "sec-fetch-dest": "empty",
        "referer": "https://c1r6p9.42lehavre.fr:8443/en/dashboard",
        "accept-encoding": "gzip, deflate, br, zstd",
        "accept-language": "en-US,en;q=0.9",
        "cookie": "Next-Locale=en; token=eyJhbGciOiJIUzI1NiIsInR5cCI6IkpXVCJ9.eyJpZCI6MiwidXNlcm5hbWUiOiJyb2JpbiIsImJpbyI6IvCfkZAgSGVsbG8gaSdtIG5ldyBoZXJlIiwiaWF0IjoxNzUwNDMyOTE3fQ.zwG91iYBCkwi8GHoUBbYMZx6JNhX6nwOPtbO43ElwLQ"
      }
    }
INFO [20-06-2025 15:22:55]: request completed
    reqId: "req-l"
    res: {
      "statusCode": 200
    }
    responseTime: 5.353742999956012
INFO [20-06-2025 15:22:55]: request completed
    reqId: "req-m"
    res: {
      "statusCode": 200
    }
    responseTime: 2.90565500035882
INFO [20-06-2025 15:22:55]: incoming request
    reqId: "req-n"
    req: {
      "method": "GET",
      "url": "/friends/pending",
      "ip": "172.23.0.4",
      "headers": {
        "connection": "upgrade",
        "host": "c1r6p9.42lehavre.fr",
        "x-real-ip": "172.23.0.1",
        "x-forwarded-for": "172.23.0.1",
        "x-forwarded-proto": "https",
        "sec-ch-ua": "\"Google Chrome\";v=\"125\", \"Chromium\";v=\"125\", \"Not.A/Brand\";v=\"24\"",
        "sec-ch-ua-mobile": "?0",
        "user-agent": "Mozilla/5.0 (X11; Linux x86_64) AppleWebKit/537.36 (KHTML, like Gecko) Chrome/125.0.0.0 Safari/537.36",
        "sec-ch-ua-platform": "\"Linux\"",
        "accept": "*/*",
        "sec-fetch-site": "same-origin",
        "sec-fetch-mode": "cors",
        "sec-fetch-dest": "empty",
        "referer": "https://c1r6p9.42lehavre.fr:8443/en/dashboard",
        "accept-encoding": "gzip, deflate, br, zstd",
        "accept-language": "en-US,en;q=0.9",
        "cookie": "Next-Locale=en; token=eyJhbGciOiJIUzI1NiIsInR5cCI6IkpXVCJ9.eyJpZCI6MiwidXNlcm5hbWUiOiJyb2JpbiIsImJpbyI6IvCfkZAgSGVsbG8gaSdtIG5ldyBoZXJlIiwiaWF0IjoxNzUwNDMyOTE3fQ.zwG91iYBCkwi8GHoUBbYMZx6JNhX6nwOPtbO43ElwLQ"
      }
    }
INFO [20-06-2025 15:22:55]: request completed
    reqId: "req-n"
    res: {
      "statusCode": 200
    }
    responseTime: 3.318597000092268
INFO [20-06-2025 15:22:55]: incoming request
    reqId: "req-o"
    req: {
      "method": "GET",
      "url": "/friends/pending",
      "ip": "172.23.0.4",
      "headers": {
        "connection": "upgrade",
        "host": "c1r6p9.42lehavre.fr",
        "x-real-ip": "172.23.0.1",
        "x-forwarded-for": "172.23.0.1",
        "x-forwarded-proto": "https",
        "sec-ch-ua": "\"Google Chrome\";v=\"125\", \"Chromium\";v=\"125\", \"Not.A/Brand\";v=\"24\"",
        "sec-ch-ua-mobile": "?0",
        "user-agent": "Mozilla/5.0 (X11; Linux x86_64) AppleWebKit/537.36 (KHTML, like Gecko) Chrome/125.0.0.0 Safari/537.36",
        "sec-ch-ua-platform": "\"Linux\"",
        "accept": "*/*",
        "sec-fetch-site": "same-origin",
        "sec-fetch-mode": "cors",
        "sec-fetch-dest": "empty",
        "referer": "https://c1r6p9.42lehavre.fr:8443/en/dashboard",
        "accept-encoding": "gzip, deflate, br, zstd",
        "accept-language": "en-US,en;q=0.9",
        "cookie": "Next-Locale=en; token=eyJhbGciOiJIUzI1NiIsInR5cCI6IkpXVCJ9.eyJpZCI6MiwidXNlcm5hbWUiOiJyb2JpbiIsImJpbyI6IvCfkZAgSGVsbG8gaSdtIG5ldyBoZXJlIiwiaWF0IjoxNzUwNDMyOTE3fQ.zwG91iYBCkwi8GHoUBbYMZx6JNhX6nwOPtbO43ElwLQ"
      }
    }
INFO [20-06-2025 15:22:55]: request completed
    reqId: "req-o"
    res: {
      "statusCode": 200
    }
    responseTime: 3.7305509988218546
INFO [20-06-2025 15:22:59]: incoming request
    reqId: "req-p"
    req: {
      "method": "GET",
      "url": "/gdpr/twofa",
      "ip": "172.23.0.4",
      "headers": {
        "connection": "upgrade",
        "host": "c1r6p9.42lehavre.fr",
        "x-real-ip": "172.23.0.1",
        "x-forwarded-for": "172.23.0.1",
        "x-forwarded-proto": "https",
        "sec-ch-ua": "\"Google Chrome\";v=\"125\", \"Chromium\";v=\"125\", \"Not.A/Brand\";v=\"24\"",
        "sec-ch-ua-mobile": "?0",
        "authorization": "Bearer",
        "user-agent": "Mozilla/5.0 (X11; Linux x86_64) AppleWebKit/537.36 (KHTML, like Gecko) Chrome/125.0.0.0 Safari/537.36",
        "sec-ch-ua-platform": "\"Linux\"",
        "accept": "*/*",
        "sec-fetch-site": "same-origin",
        "sec-fetch-mode": "cors",
        "sec-fetch-dest": "empty",
        "referer": "https://c1r6p9.42lehavre.fr:8443/en/GDPR",
        "accept-encoding": "gzip, deflate, br, zstd",
        "accept-language": "en-US,en;q=0.9",
        "cookie": "Next-Locale=en; token=eyJhbGciOiJIUzI1NiIsInR5cCI6IkpXVCJ9.eyJpZCI6MiwidXNlcm5hbWUiOiJyb2JpbiIsImJpbyI6IvCfkZAgSGVsbG8gaSdtIG5ldyBoZXJlIiwiaWF0IjoxNzUwNDMyOTE3fQ.zwG91iYBCkwi8GHoUBbYMZx6JNhX6nwOPtbO43ElwLQ"
      }
    }
INFO [20-06-2025 15:22:59]: request completed
    reqId: "req-p"
    res: {
      "statusCode": 200
    }
    responseTime: 26.04831700026989
INFO [20-06-2025 15:22:59]: incoming request
    reqId: "req-q"
    req: {
      "method": "GET",
      "url": "/gdpr/twofa",
      "ip": "172.23.0.4",
      "headers": {
        "connection": "upgrade",
        "host": "c1r6p9.42lehavre.fr",
        "x-real-ip": "172.23.0.1",
        "x-forwarded-for": "172.23.0.1",
        "x-forwarded-proto": "https",
        "sec-ch-ua": "\"Google Chrome\";v=\"125\", \"Chromium\";v=\"125\", \"Not.A/Brand\";v=\"24\"",
        "sec-ch-ua-mobile": "?0",
        "authorization": "Bearer",
        "user-agent": "Mozilla/5.0 (X11; Linux x86_64) AppleWebKit/537.36 (KHTML, like Gecko) Chrome/125.0.0.0 Safari/537.36",
        "sec-ch-ua-platform": "\"Linux\"",
        "accept": "*/*",
        "sec-fetch-site": "same-origin",
        "sec-fetch-mode": "cors",
        "sec-fetch-dest": "empty",
        "referer": "https://c1r6p9.42lehavre.fr:8443/en/GDPR",
        "accept-encoding": "gzip, deflate, br, zstd",
        "accept-language": "en-US,en;q=0.9",
        "cookie": "Next-Locale=en; token=eyJhbGciOiJIUzI1NiIsInR5cCI6IkpXVCJ9.eyJpZCI6MiwidXNlcm5hbWUiOiJyb2JpbiIsImJpbyI6IvCfkZAgSGVsbG8gaSdtIG5ldyBoZXJlIiwiaWF0IjoxNzUwNDMyOTE3fQ.zwG91iYBCkwi8GHoUBbYMZx6JNhX6nwOPtbO43ElwLQ"
      }
    }
INFO [20-06-2025 15:22:59]: request completed
    reqId: "req-q"
    res: {
      "statusCode": 200
    }
    responseTime: 2.4678219985216856
