=============================================
Server Log - 2025-06-20T20:29:15.651Z
Version: 1.0.0
Node: v18.20.3
Platform: linux
=============================================

INFO [20-06-2025 20:29:16]: Server listening at https://127.0.0.1:3001
INFO [20-06-2025 20:29:16]: Server listening at https://172.18.0.3:3001
INFO [20-06-2025 20:29:34]: incoming request
    reqId: "req-1"
    req: {
      "method": "GET",
      "url": "/friends",
      "ip": "172.18.0.5",
      "headers": {
        "connection": "upgrade",
        "host": "c2r8p3.42lehavre.fr",
        "x-real-ip": "172.18.0.1",
        "x-forwarded-for": "172.18.0.1",
        "x-forwarded-proto": "https",
        "sec-ch-ua-platform": "\"Linux\"",
        "user-agent": "Mozilla/5.0 (X11; Linux x86_64) AppleWebKit/537.36 (KHTML, like Gecko) Chrome/137.0.0.0 Safari/537.36",
        "sec-ch-ua": "\"Google Chrome\";v=\"137\", \"Chromium\";v=\"137\", \"Not/A)Brand\";v=\"24\"",
        "sec-ch-ua-mobile": "?0",
        "accept": "*/*",
        "sec-fetch-site": "same-origin",
        "sec-fetch-mode": "cors",
        "sec-fetch-dest": "empty",
        "referer": "https://c2r8p3.42lehavre.fr:8443/en/dashboard",
        "accept-encoding": "gzip, deflate, br, zstd",
        "accept-language": "fr-FR,fr;q=0.9,en-US;q=0.8,en;q=0.7,sq;q=0.6",
        "cookie": "Next-Locale=en"
      }
    }
INFO [20-06-2025 20:29:34]: request completed
    reqId: "req-1"
    res: {
      "statusCode": 401
    }
    responseTime: 8.837002992630005
INFO [20-06-2025 20:29:34]: incoming request
    reqId: "req-2"
    req: {
      "method": "GET",
      "url": "/profile/me",
      "ip": "172.18.0.5",
      "headers": {
        "connection": "upgrade",
        "host": "c2r8p3.42lehavre.fr",
        "x-real-ip": "172.18.0.1",
        "x-forwarded-for": "172.18.0.1",
        "x-forwarded-proto": "https",
        "sec-ch-ua-platform": "\"Linux\"",
        "user-agent": "Mozilla/5.0 (X11; Linux x86_64) AppleWebKit/537.36 (KHTML, like Gecko) Chrome/137.0.0.0 Safari/537.36",
        "accept": "application/json",
        "sec-ch-ua": "\"Google Chrome\";v=\"137\", \"Chromium\";v=\"137\", \"Not/A)Brand\";v=\"24\"",
        "sec-ch-ua-mobile": "?0",
        "sec-fetch-site": "same-origin",
        "sec-fetch-mode": "cors",
        "sec-fetch-dest": "empty",
        "referer": "https://c2r8p3.42lehavre.fr:8443/en/dashboard",
        "accept-encoding": "gzip, deflate, br, zstd",
        "accept-language": "fr-FR,fr;q=0.9,en-US;q=0.8,en;q=0.7,sq;q=0.6",
        "cookie": "Next-Locale=en"
      }
    }
INFO [20-06-2025 20:29:34]: request completed
    reqId: "req-2"
    res: {
      "statusCode": 401
    }
    responseTime: 1.549877017736435
INFO [20-06-2025 20:29:34]: incoming request
    reqId: "req-3"
    req: {
      "method": "GET",
      "url": "/chat/receive/private",
      "ip": "172.18.0.5",
      "headers": {
        "connection": "upgrade",
        "host": "c2r8p3.42lehavre.fr",
        "x-real-ip": "172.18.0.1",
        "x-forwarded-for": "172.18.0.1",
        "x-forwarded-proto": "https",
        "sec-ch-ua-platform": "\"Linux\"",
        "user-agent": "Mozilla/5.0 (X11; Linux x86_64) AppleWebKit/537.36 (KHTML, like Gecko) Chrome/137.0.0.0 Safari/537.36",
        "sec-ch-ua": "\"Google Chrome\";v=\"137\", \"Chromium\";v=\"137\", \"Not/A)Brand\";v=\"24\"",
        "content-type": "application/json",
        "sec-ch-ua-mobile": "?0",
        "accept": "*/*",
        "sec-fetch-site": "same-origin",
        "sec-fetch-mode": "cors",
        "sec-fetch-dest": "empty",
        "referer": "https://c2r8p3.42lehavre.fr:8443/en/dashboard",
        "accept-encoding": "gzip, deflate, br, zstd",
        "accept-language": "fr-FR,fr;q=0.9,en-US;q=0.8,en;q=0.7,sq;q=0.6",
        "cookie": "Next-Locale=en"
      }
    }
INFO [20-06-2025 20:29:34]: request completed
    reqId: "req-3"
    res: {
      "statusCode": 401
    }
    responseTime: 1.2693450152873993
INFO [20-06-2025 20:29:34]: incoming request
    reqId: "req-4"
    req: {
      "method": "GET",
      "url": "/friends",
      "ip": "172.18.0.5",
      "headers": {
        "connection": "upgrade",
        "host": "c2r8p3.42lehavre.fr",
        "x-real-ip": "172.18.0.1",
        "x-forwarded-for": "172.18.0.1",
        "x-forwarded-proto": "https",
        "sec-ch-ua-platform": "\"Linux\"",
        "user-agent": "Mozilla/5.0 (X11; Linux x86_64) AppleWebKit/537.36 (KHTML, like Gecko) Chrome/137.0.0.0 Safari/537.36",
        "sec-ch-ua": "\"Google Chrome\";v=\"137\", \"Chromium\";v=\"137\", \"Not/A)Brand\";v=\"24\"",
        "sec-ch-ua-mobile": "?0",
        "accept": "*/*",
        "sec-fetch-site": "same-origin",
        "sec-fetch-mode": "cors",
        "sec-fetch-dest": "empty",
        "referer": "https://c2r8p3.42lehavre.fr:8443/en/dashboard",
        "accept-encoding": "gzip, deflate, br, zstd",
        "accept-language": "fr-FR,fr;q=0.9,en-US;q=0.8,en;q=0.7,sq;q=0.6",
        "cookie": "Next-Locale=en"
      }
    }
INFO [20-06-2025 20:29:34]: request completed
    reqId: "req-4"
    res: {
      "statusCode": 401
    }
    responseTime: 1.0629670023918152
INFO [20-06-2025 20:29:34]: incoming request
    reqId: "req-5"
    req: {
      "method": "GET",
      "url": "/profile/me",
      "ip": "172.18.0.5",
      "headers": {
        "connection": "upgrade",
        "host": "c2r8p3.42lehavre.fr",
        "x-real-ip": "172.18.0.1",
        "x-forwarded-for": "172.18.0.1",
        "x-forwarded-proto": "https",
        "sec-ch-ua-platform": "\"Linux\"",
        "user-agent": "Mozilla/5.0 (X11; Linux x86_64) AppleWebKit/537.36 (KHTML, like Gecko) Chrome/137.0.0.0 Safari/537.36",
        "accept": "application/json",
        "sec-ch-ua": "\"Google Chrome\";v=\"137\", \"Chromium\";v=\"137\", \"Not/A)Brand\";v=\"24\"",
        "sec-ch-ua-mobile": "?0",
        "sec-fetch-site": "same-origin",
        "sec-fetch-mode": "cors",
        "sec-fetch-dest": "empty",
        "referer": "https://c2r8p3.42lehavre.fr:8443/en/dashboard",
        "accept-encoding": "gzip, deflate, br, zstd",
        "accept-language": "fr-FR,fr;q=0.9,en-US;q=0.8,en;q=0.7,sq;q=0.6",
        "cookie": "Next-Locale=en"
      }
    }
INFO [20-06-2025 20:29:34]: incoming request
    reqId: "req-6"
    req: {
      "method": "GET",
      "url": "/chat/receive/private",
      "ip": "172.18.0.5",
      "headers": {
        "connection": "upgrade",
        "host": "c2r8p3.42lehavre.fr",
        "x-real-ip": "172.18.0.1",
        "x-forwarded-for": "172.18.0.1",
        "x-forwarded-proto": "https",
        "sec-ch-ua-platform": "\"Linux\"",
        "user-agent": "Mozilla/5.0 (X11; Linux x86_64) AppleWebKit/537.36 (KHTML, like Gecko) Chrome/137.0.0.0 Safari/537.36",
        "sec-ch-ua": "\"Google Chrome\";v=\"137\", \"Chromium\";v=\"137\", \"Not/A)Brand\";v=\"24\"",
        "content-type": "application/json",
        "sec-ch-ua-mobile": "?0",
        "accept": "*/*",
        "sec-fetch-site": "same-origin",
        "sec-fetch-mode": "cors",
        "sec-fetch-dest": "empty",
        "referer": "https://c2r8p3.42lehavre.fr:8443/en/dashboard",
        "accept-encoding": "gzip, deflate, br, zstd",
        "accept-language": "fr-FR,fr;q=0.9,en-US;q=0.8,en;q=0.7,sq;q=0.6",
        "cookie": "Next-Locale=en"
      }
    }
INFO [20-06-2025 20:29:34]: request completed
    reqId: "req-5"
    res: {
      "statusCode": 401
    }
    responseTime: 3.1865250170230865
INFO [20-06-2025 20:29:34]: request completed
    reqId: "req-6"
    res: {
      "statusCode": 401
    }
    responseTime: 1.3191330134868622
INFO [20-06-2025 20:29:34]: incoming request
    reqId: "req-7"
    req: {
      "method": "GET",
      "url": "/profile/me",
      "ip": "172.18.0.5",
      "headers": {
        "connection": "upgrade",
        "host": "c2r8p3.42lehavre.fr",
        "x-real-ip": "172.18.0.1",
        "x-forwarded-for": "172.18.0.1",
        "x-forwarded-proto": "https",
        "sec-ch-ua-platform": "\"Linux\"",
        "user-agent": "Mozilla/5.0 (X11; Linux x86_64) AppleWebKit/537.36 (KHTML, like Gecko) Chrome/137.0.0.0 Safari/537.36",
        "accept": "application/json",
        "sec-ch-ua": "\"Google Chrome\";v=\"137\", \"Chromium\";v=\"137\", \"Not/A)Brand\";v=\"24\"",
        "sec-ch-ua-mobile": "?0",
        "sec-fetch-site": "same-origin",
        "sec-fetch-mode": "cors",
        "sec-fetch-dest": "empty",
        "referer": "https://c2r8p3.42lehavre.fr:8443/en/dashboard",
        "accept-encoding": "gzip, deflate, br, zstd",
        "accept-language": "fr-FR,fr;q=0.9,en-US;q=0.8,en;q=0.7,sq;q=0.6",
        "cookie": "Next-Locale=en"
      }
    }
INFO [20-06-2025 20:29:34]: request completed
    reqId: "req-7"
    res: {
      "statusCode": 401
    }
    responseTime: 0.5454410016536713
INFO [20-06-2025 20:29:34]: incoming request
    reqId: "req-8"
    req: {
      "method": "GET",
      "url": "/profile/me",
      "ip": "172.18.0.5",
      "headers": {
        "connection": "upgrade",
        "host": "c2r8p3.42lehavre.fr",
        "x-real-ip": "172.18.0.1",
        "x-forwarded-for": "172.18.0.1",
        "x-forwarded-proto": "https",
        "sec-ch-ua-platform": "\"Linux\"",
        "user-agent": "Mozilla/5.0 (X11; Linux x86_64) AppleWebKit/537.36 (KHTML, like Gecko) Chrome/137.0.0.0 Safari/537.36",
        "accept": "application/json",
        "sec-ch-ua": "\"Google Chrome\";v=\"137\", \"Chromium\";v=\"137\", \"Not/A)Brand\";v=\"24\"",
        "sec-ch-ua-mobile": "?0",
        "sec-fetch-site": "same-origin",
        "sec-fetch-mode": "cors",
        "sec-fetch-dest": "empty",
        "referer": "https://c2r8p3.42lehavre.fr:8443/en/dashboard",
        "accept-encoding": "gzip, deflate, br, zstd",
        "accept-language": "fr-FR,fr;q=0.9,en-US;q=0.8,en;q=0.7,sq;q=0.6",
        "cookie": "Next-Locale=en"
      }
    }
INFO [20-06-2025 20:29:34]: request completed
    reqId: "req-8"
    res: {
      "statusCode": 401
    }
    responseTime: 0.7963539958000183
INFO [20-06-2025 20:29:54]: incoming request
    reqId: "req-9"
    req: {
      "method": "GET",
      "url": "/friends",
      "ip": "172.18.0.5",
      "headers": {
        "connection": "upgrade",
        "host": "c2r8p3.42lehavre.fr",
        "x-real-ip": "172.18.0.1",
        "x-forwarded-for": "172.18.0.1",
        "x-forwarded-proto": "https",
        "sec-ch-ua-platform": "\"Linux\"",
        "user-agent": "Mozilla/5.0 (X11; Linux x86_64) AppleWebKit/537.36 (KHTML, like Gecko) Chrome/137.0.0.0 Safari/537.36",
        "sec-ch-ua": "\"Google Chrome\";v=\"137\", \"Chromium\";v=\"137\", \"Not/A)Brand\";v=\"24\"",
        "sec-ch-ua-mobile": "?0",
        "accept": "*/*",
        "sec-fetch-site": "same-origin",
        "sec-fetch-mode": "cors",
        "sec-fetch-dest": "empty",
        "referer": "https://c2r8p3.42lehavre.fr:8443/en/dashboard",
        "accept-encoding": "gzip, deflate, br, zstd",
        "accept-language": "fr-FR,fr;q=0.9,en-US;q=0.8,en;q=0.7,sq;q=0.6",
        "cookie": "Next-Locale=en"
      }
    }
INFO [20-06-2025 20:29:54]: request completed
    reqId: "req-9"
    res: {
      "statusCode": 401
    }
    responseTime: 0.943244993686676
INFO [20-06-2025 20:29:54]: incoming request
    reqId: "req-a"
    req: {
      "method": "GET",
      "url": "/profile/me",
      "ip": "172.18.0.5",
      "headers": {
        "connection": "upgrade",
        "host": "c2r8p3.42lehavre.fr",
        "x-real-ip": "172.18.0.1",
        "x-forwarded-for": "172.18.0.1",
        "x-forwarded-proto": "https",
        "sec-ch-ua-platform": "\"Linux\"",
        "user-agent": "Mozilla/5.0 (X11; Linux x86_64) AppleWebKit/537.36 (KHTML, like Gecko) Chrome/137.0.0.0 Safari/537.36",
        "accept": "application/json",
        "sec-ch-ua": "\"Google Chrome\";v=\"137\", \"Chromium\";v=\"137\", \"Not/A)Brand\";v=\"24\"",
        "sec-ch-ua-mobile": "?0",
        "sec-fetch-site": "same-origin",
        "sec-fetch-mode": "cors",
        "sec-fetch-dest": "empty",
        "referer": "https://c2r8p3.42lehavre.fr:8443/en/dashboard",
        "accept-encoding": "gzip, deflate, br, zstd",
        "accept-language": "fr-FR,fr;q=0.9,en-US;q=0.8,en;q=0.7,sq;q=0.6",
        "cookie": "Next-Locale=en"
      }
    }
INFO [20-06-2025 20:29:54]: request completed
    reqId: "req-a"
    res: {
      "statusCode": 401
    }
    responseTime: 1.6176010072231293
INFO [20-06-2025 20:29:54]: incoming request
    reqId: "req-b"
    req: {
      "method": "GET",
      "url": "/friends",
      "ip": "172.18.0.5",
      "headers": {
        "connection": "upgrade",
        "host": "c2r8p3.42lehavre.fr",
        "x-real-ip": "172.18.0.1",
        "x-forwarded-for": "172.18.0.1",
        "x-forwarded-proto": "https",
        "sec-ch-ua-platform": "\"Linux\"",
        "user-agent": "Mozilla/5.0 (X11; Linux x86_64) AppleWebKit/537.36 (KHTML, like Gecko) Chrome/137.0.0.0 Safari/537.36",
        "sec-ch-ua": "\"Google Chrome\";v=\"137\", \"Chromium\";v=\"137\", \"Not/A)Brand\";v=\"24\"",
        "sec-ch-ua-mobile": "?0",
        "accept": "*/*",
        "sec-fetch-site": "same-origin",
        "sec-fetch-mode": "cors",
        "sec-fetch-dest": "empty",
        "referer": "https://c2r8p3.42lehavre.fr:8443/en/dashboard",
        "accept-encoding": "gzip, deflate, br, zstd",
        "accept-language": "fr-FR,fr;q=0.9,en-US;q=0.8,en;q=0.7,sq;q=0.6",
        "cookie": "Next-Locale=en"
      }
    }
INFO [20-06-2025 20:29:54]: request completed
    reqId: "req-b"
    res: {
      "statusCode": 401
    }
    responseTime: 0.9300110042095184
INFO [20-06-2025 20:29:54]: incoming request
    reqId: "req-c"
    req: {
      "method": "GET",
      "url": "/chat/receive/private",
      "ip": "172.18.0.5",
      "headers": {
        "connection": "upgrade",
        "host": "c2r8p3.42lehavre.fr",
        "x-real-ip": "172.18.0.1",
        "x-forwarded-for": "172.18.0.1",
        "x-forwarded-proto": "https",
        "sec-ch-ua-platform": "\"Linux\"",
        "user-agent": "Mozilla/5.0 (X11; Linux x86_64) AppleWebKit/537.36 (KHTML, like Gecko) Chrome/137.0.0.0 Safari/537.36",
        "sec-ch-ua": "\"Google Chrome\";v=\"137\", \"Chromium\";v=\"137\", \"Not/A)Brand\";v=\"24\"",
        "content-type": "application/json",
        "sec-ch-ua-mobile": "?0",
        "accept": "*/*",
        "sec-fetch-site": "same-origin",
        "sec-fetch-mode": "cors",
        "sec-fetch-dest": "empty",
        "referer": "https://c2r8p3.42lehavre.fr:8443/en/dashboard",
        "accept-encoding": "gzip, deflate, br, zstd",
        "accept-language": "fr-FR,fr;q=0.9,en-US;q=0.8,en;q=0.7,sq;q=0.6",
        "cookie": "Next-Locale=en"
      }
    }
INFO [20-06-2025 20:29:54]: request completed
    reqId: "req-c"
    res: {
      "statusCode": 401
    }
    responseTime: 2.303057998418808
INFO [20-06-2025 20:29:54]: incoming request
    reqId: "req-d"
    req: {
      "method": "GET",
      "url": "/profile/me",
      "ip": "172.18.0.5",
      "headers": {
        "connection": "upgrade",
        "host": "c2r8p3.42lehavre.fr",
        "x-real-ip": "172.18.0.1",
        "x-forwarded-for": "172.18.0.1",
        "x-forwarded-proto": "https",
        "sec-ch-ua-platform": "\"Linux\"",
        "user-agent": "Mozilla/5.0 (X11; Linux x86_64) AppleWebKit/537.36 (KHTML, like Gecko) Chrome/137.0.0.0 Safari/537.36",
        "accept": "application/json",
        "sec-ch-ua": "\"Google Chrome\";v=\"137\", \"Chromium\";v=\"137\", \"Not/A)Brand\";v=\"24\"",
        "sec-ch-ua-mobile": "?0",
        "sec-fetch-site": "same-origin",
        "sec-fetch-mode": "cors",
        "sec-fetch-dest": "empty",
        "referer": "https://c2r8p3.42lehavre.fr:8443/en/dashboard",
        "accept-encoding": "gzip, deflate, br, zstd",
        "accept-language": "fr-FR,fr;q=0.9,en-US;q=0.8,en;q=0.7,sq;q=0.6",
        "cookie": "Next-Locale=en"
      }
    }
INFO [20-06-2025 20:29:54]: request completed
    reqId: "req-d"
    res: {
      "statusCode": 401
    }
    responseTime: 0.6348220109939575
INFO [20-06-2025 20:29:54]: incoming request
    reqId: "req-e"
    req: {
      "method": "GET",
      "url": "/chat/receive/private",
      "ip": "172.18.0.5",
      "headers": {
        "connection": "upgrade",
        "host": "c2r8p3.42lehavre.fr",
        "x-real-ip": "172.18.0.1",
        "x-forwarded-for": "172.18.0.1",
        "x-forwarded-proto": "https",
        "sec-ch-ua-platform": "\"Linux\"",
        "user-agent": "Mozilla/5.0 (X11; Linux x86_64) AppleWebKit/537.36 (KHTML, like Gecko) Chrome/137.0.0.0 Safari/537.36",
        "sec-ch-ua": "\"Google Chrome\";v=\"137\", \"Chromium\";v=\"137\", \"Not/A)Brand\";v=\"24\"",
        "content-type": "application/json",
        "sec-ch-ua-mobile": "?0",
        "accept": "*/*",
        "sec-fetch-site": "same-origin",
        "sec-fetch-mode": "cors",
        "sec-fetch-dest": "empty",
        "referer": "https://c2r8p3.42lehavre.fr:8443/en/dashboard",
        "accept-encoding": "gzip, deflate, br, zstd",
        "accept-language": "fr-FR,fr;q=0.9,en-US;q=0.8,en;q=0.7,sq;q=0.6",
        "cookie": "Next-Locale=en"
      }
    }
INFO [20-06-2025 20:29:54]: request completed
    reqId: "req-e"
    res: {
      "statusCode": 401
    }
    responseTime: 0.9736950099468231
INFO [20-06-2025 20:29:54]: incoming request
    reqId: "req-f"
    req: {
      "method": "GET",
      "url": "/profile/me",
      "ip": "172.18.0.5",
      "headers": {
        "connection": "upgrade",
        "host": "c2r8p3.42lehavre.fr",
        "x-real-ip": "172.18.0.1",
        "x-forwarded-for": "172.18.0.1",
        "x-forwarded-proto": "https",
        "sec-ch-ua-platform": "\"Linux\"",
        "user-agent": "Mozilla/5.0 (X11; Linux x86_64) AppleWebKit/537.36 (KHTML, like Gecko) Chrome/137.0.0.0 Safari/537.36",
        "accept": "application/json",
        "sec-ch-ua": "\"Google Chrome\";v=\"137\", \"Chromium\";v=\"137\", \"Not/A)Brand\";v=\"24\"",
        "sec-ch-ua-mobile": "?0",
        "sec-fetch-site": "same-origin",
        "sec-fetch-mode": "cors",
        "sec-fetch-dest": "empty",
        "referer": "https://c2r8p3.42lehavre.fr:8443/en/dashboard",
        "accept-encoding": "gzip, deflate, br, zstd",
        "accept-language": "fr-FR,fr;q=0.9,en-US;q=0.8,en;q=0.7,sq;q=0.6",
        "cookie": "Next-Locale=en"
      }
    }
INFO [20-06-2025 20:29:54]: request completed
    reqId: "req-f"
    res: {
      "statusCode": 401
    }
    responseTime: 0.9594860076904297
INFO [20-06-2025 20:29:54]: incoming request
    reqId: "req-g"
    req: {
      "method": "GET",
      "url": "/profile/me",
      "ip": "172.18.0.5",
      "headers": {
        "connection": "upgrade",
        "host": "c2r8p3.42lehavre.fr",
        "x-real-ip": "172.18.0.1",
        "x-forwarded-for": "172.18.0.1",
        "x-forwarded-proto": "https",
        "sec-ch-ua-platform": "\"Linux\"",
        "user-agent": "Mozilla/5.0 (X11; Linux x86_64) AppleWebKit/537.36 (KHTML, like Gecko) Chrome/137.0.0.0 Safari/537.36",
        "accept": "application/json",
        "sec-ch-ua": "\"Google Chrome\";v=\"137\", \"Chromium\";v=\"137\", \"Not/A)Brand\";v=\"24\"",
        "sec-ch-ua-mobile": "?0",
        "sec-fetch-site": "same-origin",
        "sec-fetch-mode": "cors",
        "sec-fetch-dest": "empty",
        "referer": "https://c2r8p3.42lehavre.fr:8443/en/dashboard",
        "accept-encoding": "gzip, deflate, br, zstd",
        "accept-language": "fr-FR,fr;q=0.9,en-US;q=0.8,en;q=0.7,sq;q=0.6",
        "cookie": "Next-Locale=en"
      }
    }
INFO [20-06-2025 20:29:54]: request completed
    reqId: "req-g"
    res: {
      "statusCode": 401
    }
    responseTime: 0.8150479793548584
INFO [20-06-2025 20:30:17]: incoming request
    reqId: "req-h"
    req: {
      "method": "POST",
      "url": "/auth/register",
      "ip": "172.18.0.5",
      "headers": {
        "connection": "upgrade",
        "host": "c2r8p3.42lehavre.fr",
        "x-real-ip": "172.18.0.1",
        "x-forwarded-for": "172.18.0.1",
        "x-forwarded-proto": "https",
        "content-length": "78",
        "sec-ch-ua-platform": "\"Linux\"",
        "user-agent": "Mozilla/5.0 (X11; Linux x86_64) AppleWebKit/537.36 (KHTML, like Gecko) Chrome/137.0.0.0 Safari/537.36",
        "sec-ch-ua": "\"Google Chrome\";v=\"137\", \"Chromium\";v=\"137\", \"Not/A)Brand\";v=\"24\"",
        "content-type": "application/json",
        "sec-ch-ua-mobile": "?0",
        "accept": "*/*",
        "origin": "https://c2r8p3.42lehavre.fr:8443",
        "sec-fetch-site": "same-origin",
        "sec-fetch-mode": "cors",
        "sec-fetch-dest": "empty",
        "referer": "https://c2r8p3.42lehavre.fr:8443/en/auth",
        "accept-encoding": "gzip, deflate, br, zstd",
        "accept-language": "fr-FR,fr;q=0.9,en-US;q=0.8,en;q=0.7,sq;q=0.6",
        "cookie": "Next-Locale=en"
      }
    }
INFO [20-06-2025 20:30:18]: request completed
    reqId: "req-h"
    res: {
      "statusCode": 201
    }
    responseTime: 672.8512159883976
INFO [20-06-2025 20:30:27]: incoming request
    reqId: "req-i"
    req: {
      "method": "POST",
      "url": "/auth/register/2fa/verify",
      "ip": "172.18.0.5",
      "headers": {
        "connection": "upgrade",
        "host": "c2r8p3.42lehavre.fr",
        "x-real-ip": "172.18.0.1",
        "x-forwarded-for": "172.18.0.1",
        "x-forwarded-proto": "https",
        "content-length": "49",
        "sec-ch-ua-platform": "\"Linux\"",
        "user-agent": "Mozilla/5.0 (X11; Linux x86_64) AppleWebKit/537.36 (KHTML, like Gecko) Chrome/137.0.0.0 Safari/537.36",
        "sec-ch-ua": "\"Google Chrome\";v=\"137\", \"Chromium\";v=\"137\", \"Not/A)Brand\";v=\"24\"",
        "content-type": "application/json",
        "sec-ch-ua-mobile": "?0",
        "accept": "*/*",
        "origin": "https://c2r8p3.42lehavre.fr:8443",
        "sec-fetch-site": "same-origin",
        "sec-fetch-mode": "cors",
        "sec-fetch-dest": "empty",
        "referer": "https://c2r8p3.42lehavre.fr:8443/en/auth",
        "accept-encoding": "gzip, deflate, br, zstd",
        "accept-language": "fr-FR,fr;q=0.9,en-US;q=0.8,en;q=0.7,sq;q=0.6",
        "cookie": "Next-Locale=en"
      }
    }
INFO [20-06-2025 20:30:28]: request completed
    reqId: "req-i"
    res: {
      "statusCode": 200
    }
    responseTime: 167.330452978611
INFO [20-06-2025 20:30:28]: incoming request
    reqId: "req-j"
    req: {
      "method": "GET",
      "url": "/profile/me",
      "ip": "172.18.0.5",
      "headers": {
        "connection": "upgrade",
        "host": "c2r8p3.42lehavre.fr",
        "x-real-ip": "172.18.0.1",
        "x-forwarded-for": "172.18.0.1",
        "x-forwarded-proto": "https",
        "sec-ch-ua-platform": "\"Linux\"",
        "user-agent": "Mozilla/5.0 (X11; Linux x86_64) AppleWebKit/537.36 (KHTML, like Gecko) Chrome/137.0.0.0 Safari/537.36",
        "accept": "application/json",
        "sec-ch-ua": "\"Google Chrome\";v=\"137\", \"Chromium\";v=\"137\", \"Not/A)Brand\";v=\"24\"",
        "sec-ch-ua-mobile": "?0",
        "sec-fetch-site": "same-origin",
        "sec-fetch-mode": "cors",
        "sec-fetch-dest": "empty",
        "referer": "https://c2r8p3.42lehavre.fr:8443/en/dashboard",
        "accept-encoding": "gzip, deflate, br, zstd",
        "accept-language": "fr-FR,fr;q=0.9,en-US;q=0.8,en;q=0.7,sq;q=0.6",
        "cookie": "Next-Locale=en; token=eyJhbGciOiJIUzI1NiIsInR5cCI6IkpXVCJ9.eyJpZCI6MSwidXNlcm5hbWUiOiJyb2JpbiIsImlhdCI6MTc1MDQ1MTQyOH0.36tQQvu5rJljEnaBc6k5E_diCBKWGdCzbqaUY6z6WwU"
      }
    }
INFO [20-06-2025 20:30:28]: incoming request
    reqId: "req-k"
    req: {
      "method": "GET",
      "url": "/friends",
      "ip": "172.18.0.5",
      "headers": {
        "connection": "upgrade",
        "host": "c2r8p3.42lehavre.fr",
        "x-real-ip": "172.18.0.1",
        "x-forwarded-for": "172.18.0.1",
        "x-forwarded-proto": "https",
        "sec-ch-ua-platform": "\"Linux\"",
        "user-agent": "Mozilla/5.0 (X11; Linux x86_64) AppleWebKit/537.36 (KHTML, like Gecko) Chrome/137.0.0.0 Safari/537.36",
        "sec-ch-ua": "\"Google Chrome\";v=\"137\", \"Chromium\";v=\"137\", \"Not/A)Brand\";v=\"24\"",
        "sec-ch-ua-mobile": "?0",
        "accept": "*/*",
        "sec-fetch-site": "same-origin",
        "sec-fetch-mode": "cors",
        "sec-fetch-dest": "empty",
        "referer": "https://c2r8p3.42lehavre.fr:8443/en/dashboard",
        "accept-encoding": "gzip, deflate, br, zstd",
        "accept-language": "fr-FR,fr;q=0.9,en-US;q=0.8,en;q=0.7,sq;q=0.6",
        "cookie": "Next-Locale=en; token=eyJhbGciOiJIUzI1NiIsInR5cCI6IkpXVCJ9.eyJpZCI6MSwidXNlcm5hbWUiOiJyb2JpbiIsImlhdCI6MTc1MDQ1MTQyOH0.36tQQvu5rJljEnaBc6k5E_diCBKWGdCzbqaUY6z6WwU"
      }
    }
INFO [20-06-2025 20:30:28]: incoming request
    reqId: "req-l"
    req: {
      "method": "GET",
      "url": "/chat/receive/private",
      "ip": "172.18.0.5",
      "headers": {
        "connection": "upgrade",
        "host": "c2r8p3.42lehavre.fr",
        "x-real-ip": "172.18.0.1",
        "x-forwarded-for": "172.18.0.1",
        "x-forwarded-proto": "https",
        "sec-ch-ua-platform": "\"Linux\"",
        "user-agent": "Mozilla/5.0 (X11; Linux x86_64) AppleWebKit/537.36 (KHTML, like Gecko) Chrome/137.0.0.0 Safari/537.36",
        "sec-ch-ua": "\"Google Chrome\";v=\"137\", \"Chromium\";v=\"137\", \"Not/A)Brand\";v=\"24\"",
        "content-type": "application/json",
        "sec-ch-ua-mobile": "?0",
        "accept": "*/*",
        "sec-fetch-site": "same-origin",
        "sec-fetch-mode": "cors",
        "sec-fetch-dest": "empty",
        "referer": "https://c2r8p3.42lehavre.fr:8443/en/dashboard",
        "accept-encoding": "gzip, deflate, br, zstd",
        "accept-language": "fr-FR,fr;q=0.9,en-US;q=0.8,en;q=0.7,sq;q=0.6",
        "cookie": "Next-Locale=en; token=eyJhbGciOiJIUzI1NiIsInR5cCI6IkpXVCJ9.eyJpZCI6MSwidXNlcm5hbWUiOiJyb2JpbiIsImlhdCI6MTc1MDQ1MTQyOH0.36tQQvu5rJljEnaBc6k5E_diCBKWGdCzbqaUY6z6WwU"
      }
    }
INFO [20-06-2025 20:30:28]: request completed
    reqId: "req-k"
    res: {
      "statusCode": 200
    }
    responseTime: 24.790886998176575
INFO [20-06-2025 20:30:28]: request completed
    reqId: "req-j"
    res: {
      "statusCode": 200
    }
    responseTime: 29.959558993577957
INFO [20-06-2025 20:30:28]: incoming request
    reqId: "req-m"
    req: {
      "method": "GET",
      "url": "/friends",
      "ip": "172.18.0.5",
      "headers": {
        "connection": "upgrade",
        "host": "c2r8p3.42lehavre.fr",
        "x-real-ip": "172.18.0.1",
        "x-forwarded-for": "172.18.0.1",
        "x-forwarded-proto": "https",
        "sec-ch-ua-platform": "\"Linux\"",
        "user-agent": "Mozilla/5.0 (X11; Linux x86_64) AppleWebKit/537.36 (KHTML, like Gecko) Chrome/137.0.0.0 Safari/537.36",
        "sec-ch-ua": "\"Google Chrome\";v=\"137\", \"Chromium\";v=\"137\", \"Not/A)Brand\";v=\"24\"",
        "sec-ch-ua-mobile": "?0",
        "accept": "*/*",
        "sec-fetch-site": "same-origin",
        "sec-fetch-mode": "cors",
        "sec-fetch-dest": "empty",
        "referer": "https://c2r8p3.42lehavre.fr:8443/en/dashboard",
        "accept-encoding": "gzip, deflate, br, zstd",
        "accept-language": "fr-FR,fr;q=0.9,en-US;q=0.8,en;q=0.7,sq;q=0.6",
        "cookie": "Next-Locale=en; token=eyJhbGciOiJIUzI1NiIsInR5cCI6IkpXVCJ9.eyJpZCI6MSwidXNlcm5hbWUiOiJyb2JpbiIsImlhdCI6MTc1MDQ1MTQyOH0.36tQQvu5rJljEnaBc6k5E_diCBKWGdCzbqaUY6z6WwU"
      }
    }
INFO [20-06-2025 20:30:28]: incoming request
    reqId: "req-n"
    req: {
      "method": "GET",
      "url": "/profile/me",
      "ip": "172.18.0.5",
      "headers": {
        "connection": "upgrade",
        "host": "c2r8p3.42lehavre.fr",
        "x-real-ip": "172.18.0.1",
        "x-forwarded-for": "172.18.0.1",
        "x-forwarded-proto": "https",
        "sec-ch-ua-platform": "\"Linux\"",
        "user-agent": "Mozilla/5.0 (X11; Linux x86_64) AppleWebKit/537.36 (KHTML, like Gecko) Chrome/137.0.0.0 Safari/537.36",
        "accept": "application/json",
        "sec-ch-ua": "\"Google Chrome\";v=\"137\", \"Chromium\";v=\"137\", \"Not/A)Brand\";v=\"24\"",
        "sec-ch-ua-mobile": "?0",
        "sec-fetch-site": "same-origin",
        "sec-fetch-mode": "cors",
        "sec-fetch-dest": "empty",
        "referer": "https://c2r8p3.42lehavre.fr:8443/en/dashboard",
        "accept-encoding": "gzip, deflate, br, zstd",
        "accept-language": "fr-FR,fr;q=0.9,en-US;q=0.8,en;q=0.7,sq;q=0.6",
        "cookie": "Next-Locale=en; token=eyJhbGciOiJIUzI1NiIsInR5cCI6IkpXVCJ9.eyJpZCI6MSwidXNlcm5hbWUiOiJyb2JpbiIsImlhdCI6MTc1MDQ1MTQyOH0.36tQQvu5rJljEnaBc6k5E_diCBKWGdCzbqaUY6z6WwU"
      }
    }
INFO [20-06-2025 20:30:28]: request completed
    reqId: "req-l"
    res: {
      "statusCode": 200
    }
    responseTime: 26.634207993745804
INFO [20-06-2025 20:30:28]: request completed
    reqId: "req-m"
    res: {
      "statusCode": 200
    }
    responseTime: 3.530263990163803
INFO [20-06-2025 20:30:28]: request completed
    reqId: "req-n"
    res: {
      "statusCode": 200
    }
    responseTime: 4.1158280074596405
INFO [20-06-2025 20:30:28]: incoming request
    reqId: "req-o"
    req: {
      "method": "GET",
      "url": "/chat/receive/private",
      "ip": "172.18.0.5",
      "headers": {
        "connection": "upgrade",
        "host": "c2r8p3.42lehavre.fr",
        "x-real-ip": "172.18.0.1",
        "x-forwarded-for": "172.18.0.1",
        "x-forwarded-proto": "https",
        "sec-ch-ua-platform": "\"Linux\"",
        "user-agent": "Mozilla/5.0 (X11; Linux x86_64) AppleWebKit/537.36 (KHTML, like Gecko) Chrome/137.0.0.0 Safari/537.36",
        "sec-ch-ua": "\"Google Chrome\";v=\"137\", \"Chromium\";v=\"137\", \"Not/A)Brand\";v=\"24\"",
        "content-type": "application/json",
        "sec-ch-ua-mobile": "?0",
        "accept": "*/*",
        "sec-fetch-site": "same-origin",
        "sec-fetch-mode": "cors",
        "sec-fetch-dest": "empty",
        "referer": "https://c2r8p3.42lehavre.fr:8443/en/dashboard",
        "accept-encoding": "gzip, deflate, br, zstd",
        "accept-language": "fr-FR,fr;q=0.9,en-US;q=0.8,en;q=0.7,sq;q=0.6",
        "cookie": "Next-Locale=en; token=eyJhbGciOiJIUzI1NiIsInR5cCI6IkpXVCJ9.eyJpZCI6MSwidXNlcm5hbWUiOiJyb2JpbiIsImlhdCI6MTc1MDQ1MTQyOH0.36tQQvu5rJljEnaBc6k5E_diCBKWGdCzbqaUY6z6WwU"
      }
    }
INFO [20-06-2025 20:30:28]: incoming request
    reqId: "req-p"
    req: {
      "method": "GET",
      "url": "/profile/me",
      "ip": "172.18.0.5",
      "headers": {
        "connection": "upgrade",
        "host": "c2r8p3.42lehavre.fr",
        "x-real-ip": "172.18.0.1",
        "x-forwarded-for": "172.18.0.1",
        "x-forwarded-proto": "https",
        "sec-ch-ua-platform": "\"Linux\"",
        "user-agent": "Mozilla/5.0 (X11; Linux x86_64) AppleWebKit/537.36 (KHTML, like Gecko) Chrome/137.0.0.0 Safari/537.36",
        "accept": "application/json",
        "sec-ch-ua": "\"Google Chrome\";v=\"137\", \"Chromium\";v=\"137\", \"Not/A)Brand\";v=\"24\"",
        "sec-ch-ua-mobile": "?0",
        "sec-fetch-site": "same-origin",
        "sec-fetch-mode": "cors",
        "sec-fetch-dest": "empty",
        "referer": "https://c2r8p3.42lehavre.fr:8443/en/dashboard",
        "accept-encoding": "gzip, deflate, br, zstd",
        "accept-language": "fr-FR,fr;q=0.9,en-US;q=0.8,en;q=0.7,sq;q=0.6",
        "cookie": "Next-Locale=en; token=eyJhbGciOiJIUzI1NiIsInR5cCI6IkpXVCJ9.eyJpZCI6MSwidXNlcm5hbWUiOiJyb2JpbiIsImlhdCI6MTc1MDQ1MTQyOH0.36tQQvu5rJljEnaBc6k5E_diCBKWGdCzbqaUY6z6WwU"
      }
    }
INFO [20-06-2025 20:30:28]: request completed
    reqId: "req-o"
    res: {
      "statusCode": 200
    }
    responseTime: 2.4717389941215515
INFO [20-06-2025 20:30:28]: request completed
    reqId: "req-p"
    res: {
      "statusCode": 200
    }
    responseTime: 2.314503997564316
INFO [20-06-2025 20:30:28]: incoming request
    reqId: "req-q"
    req: {
      "method": "GET",
      "url": "/profile/me",
      "ip": "172.18.0.5",
      "headers": {
        "connection": "upgrade",
        "host": "c2r8p3.42lehavre.fr",
        "x-real-ip": "172.18.0.1",
        "x-forwarded-for": "172.18.0.1",
        "x-forwarded-proto": "https",
        "sec-ch-ua-platform": "\"Linux\"",
        "user-agent": "Mozilla/5.0 (X11; Linux x86_64) AppleWebKit/537.36 (KHTML, like Gecko) Chrome/137.0.0.0 Safari/537.36",
        "accept": "application/json",
        "sec-ch-ua": "\"Google Chrome\";v=\"137\", \"Chromium\";v=\"137\", \"Not/A)Brand\";v=\"24\"",
        "sec-ch-ua-mobile": "?0",
        "sec-fetch-site": "same-origin",
        "sec-fetch-mode": "cors",
        "sec-fetch-dest": "empty",
        "referer": "https://c2r8p3.42lehavre.fr:8443/en/dashboard",
        "accept-encoding": "gzip, deflate, br, zstd",
        "accept-language": "fr-FR,fr;q=0.9,en-US;q=0.8,en;q=0.7,sq;q=0.6",
        "cookie": "Next-Locale=en; token=eyJhbGciOiJIUzI1NiIsInR5cCI6IkpXVCJ9.eyJpZCI6MSwidXNlcm5hbWUiOiJyb2JpbiIsImlhdCI6MTc1MDQ1MTQyOH0.36tQQvu5rJljEnaBc6k5E_diCBKWGdCzbqaUY6z6WwU"
      }
    }
INFO [20-06-2025 20:30:28]: request completed
    reqId: "req-q"
    res: {
      "statusCode": 200
    }
    responseTime: 3.6926219761371613
INFO [20-06-2025 20:30:28]: incoming request
    reqId: "req-r"
    req: {
      "method": "GET",
      "url": "/friends",
      "ip": "172.18.0.5",
      "headers": {
        "connection": "upgrade",
        "host": "c2r8p3.42lehavre.fr",
        "x-real-ip": "172.18.0.1",
        "x-forwarded-for": "172.18.0.1",
        "x-forwarded-proto": "https",
        "sec-ch-ua-platform": "\"Linux\"",
        "user-agent": "Mozilla/5.0 (X11; Linux x86_64) AppleWebKit/537.36 (KHTML, like Gecko) Chrome/137.0.0.0 Safari/537.36",
        "sec-ch-ua": "\"Google Chrome\";v=\"137\", \"Chromium\";v=\"137\", \"Not/A)Brand\";v=\"24\"",
        "sec-ch-ua-mobile": "?0",
        "accept": "*/*",
        "sec-fetch-site": "same-origin",
        "sec-fetch-mode": "cors",
        "sec-fetch-dest": "empty",
        "referer": "https://c2r8p3.42lehavre.fr:8443/en/dashboard",
        "accept-encoding": "gzip, deflate, br, zstd",
        "accept-language": "fr-FR,fr;q=0.9,en-US;q=0.8,en;q=0.7,sq;q=0.6",
        "cookie": "Next-Locale=en; token=eyJhbGciOiJIUzI1NiIsInR5cCI6IkpXVCJ9.eyJpZCI6MSwidXNlcm5hbWUiOiJyb2JpbiIsImlhdCI6MTc1MDQ1MTQyOH0.36tQQvu5rJljEnaBc6k5E_diCBKWGdCzbqaUY6z6WwU"
      }
    }
INFO [20-06-2025 20:30:28]: incoming request
    reqId: "req-s"
    req: {
      "method": "GET",
      "url": "/profile/me",
      "ip": "172.18.0.5",
      "headers": {
        "connection": "upgrade",
        "host": "c2r8p3.42lehavre.fr",
        "x-real-ip": "172.18.0.1",
        "x-forwarded-for": "172.18.0.1",
        "x-forwarded-proto": "https",
        "sec-ch-ua-platform": "\"Linux\"",
        "user-agent": "Mozilla/5.0 (X11; Linux x86_64) AppleWebKit/537.36 (KHTML, like Gecko) Chrome/137.0.0.0 Safari/537.36",
        "accept": "application/json",
        "sec-ch-ua": "\"Google Chrome\";v=\"137\", \"Chromium\";v=\"137\", \"Not/A)Brand\";v=\"24\"",
        "sec-ch-ua-mobile": "?0",
        "sec-fetch-site": "same-origin",
        "sec-fetch-mode": "cors",
        "sec-fetch-dest": "empty",
        "referer": "https://c2r8p3.42lehavre.fr:8443/en/dashboard",
        "accept-encoding": "gzip, deflate, br, zstd",
        "accept-language": "fr-FR,fr;q=0.9,en-US;q=0.8,en;q=0.7,sq;q=0.6",
        "cookie": "Next-Locale=en; token=eyJhbGciOiJIUzI1NiIsInR5cCI6IkpXVCJ9.eyJpZCI6MSwidXNlcm5hbWUiOiJyb2JpbiIsImlhdCI6MTc1MDQ1MTQyOH0.36tQQvu5rJljEnaBc6k5E_diCBKWGdCzbqaUY6z6WwU"
      }
    }
INFO [20-06-2025 20:30:28]: request completed
    reqId: "req-r"
    res: {
      "statusCode": 200
    }
    responseTime: 6.411962002515793
INFO [20-06-2025 20:30:28]: incoming request
    reqId: "req-t"
    req: {
      "method": "GET",
      "url": "/chat/receive/private",
      "ip": "172.18.0.5",
      "headers": {
        "connection": "upgrade",
        "host": "c2r8p3.42lehavre.fr",
        "x-real-ip": "172.18.0.1",
        "x-forwarded-for": "172.18.0.1",
        "x-forwarded-proto": "https",
        "sec-ch-ua-platform": "\"Linux\"",
        "user-agent": "Mozilla/5.0 (X11; Linux x86_64) AppleWebKit/537.36 (KHTML, like Gecko) Chrome/137.0.0.0 Safari/537.36",
        "sec-ch-ua": "\"Google Chrome\";v=\"137\", \"Chromium\";v=\"137\", \"Not/A)Brand\";v=\"24\"",
        "content-type": "application/json",
        "sec-ch-ua-mobile": "?0",
        "accept": "*/*",
        "sec-fetch-site": "same-origin",
        "sec-fetch-mode": "cors",
        "sec-fetch-dest": "empty",
        "referer": "https://c2r8p3.42lehavre.fr:8443/en/dashboard",
        "accept-encoding": "gzip, deflate, br, zstd",
        "accept-language": "fr-FR,fr;q=0.9,en-US;q=0.8,en;q=0.7,sq;q=0.6",
        "cookie": "Next-Locale=en; token=eyJhbGciOiJIUzI1NiIsInR5cCI6IkpXVCJ9.eyJpZCI6MSwidXNlcm5hbWUiOiJyb2JpbiIsImlhdCI6MTc1MDQ1MTQyOH0.36tQQvu5rJljEnaBc6k5E_diCBKWGdCzbqaUY6z6WwU"
      }
    }
INFO [20-06-2025 20:30:28]: request completed
    reqId: "req-s"
    res: {
      "statusCode": 200
    }
    responseTime: 3.7957890033721924
INFO [20-06-2025 20:30:28]: incoming request
    reqId: "req-u"
    req: {
      "method": "GET",
      "url": "/friends",
      "ip": "172.18.0.5",
      "headers": {
        "connection": "upgrade",
        "host": "c2r8p3.42lehavre.fr",
        "x-real-ip": "172.18.0.1",
        "x-forwarded-for": "172.18.0.1",
        "x-forwarded-proto": "https",
        "sec-ch-ua-platform": "\"Linux\"",
        "user-agent": "Mozilla/5.0 (X11; Linux x86_64) AppleWebKit/537.36 (KHTML, like Gecko) Chrome/137.0.0.0 Safari/537.36",
        "sec-ch-ua": "\"Google Chrome\";v=\"137\", \"Chromium\";v=\"137\", \"Not/A)Brand\";v=\"24\"",
        "sec-ch-ua-mobile": "?0",
        "accept": "*/*",
        "sec-fetch-site": "same-origin",
        "sec-fetch-mode": "cors",
        "sec-fetch-dest": "empty",
        "referer": "https://c2r8p3.42lehavre.fr:8443/en/dashboard",
        "accept-encoding": "gzip, deflate, br, zstd",
        "accept-language": "fr-FR,fr;q=0.9,en-US;q=0.8,en;q=0.7,sq;q=0.6",
        "cookie": "Next-Locale=en; token=eyJhbGciOiJIUzI1NiIsInR5cCI6IkpXVCJ9.eyJpZCI6MSwidXNlcm5hbWUiOiJyb2JpbiIsImlhdCI6MTc1MDQ1MTQyOH0.36tQQvu5rJljEnaBc6k5E_diCBKWGdCzbqaUY6z6WwU"
      }
    }
INFO [20-06-2025 20:30:28]: incoming request
    reqId: "req-v"
    req: {
      "method": "GET",
      "url": "/profile/me",
      "ip": "172.18.0.5",
      "headers": {
        "connection": "upgrade",
        "host": "c2r8p3.42lehavre.fr",
        "x-real-ip": "172.18.0.1",
        "x-forwarded-for": "172.18.0.1",
        "x-forwarded-proto": "https",
        "sec-ch-ua-platform": "\"Linux\"",
        "user-agent": "Mozilla/5.0 (X11; Linux x86_64) AppleWebKit/537.36 (KHTML, like Gecko) Chrome/137.0.0.0 Safari/537.36",
        "accept": "application/json",
        "sec-ch-ua": "\"Google Chrome\";v=\"137\", \"Chromium\";v=\"137\", \"Not/A)Brand\";v=\"24\"",
        "sec-ch-ua-mobile": "?0",
        "sec-fetch-site": "same-origin",
        "sec-fetch-mode": "cors",
        "sec-fetch-dest": "empty",
        "referer": "https://c2r8p3.42lehavre.fr:8443/en/dashboard",
        "accept-encoding": "gzip, deflate, br, zstd",
        "accept-language": "fr-FR,fr;q=0.9,en-US;q=0.8,en;q=0.7,sq;q=0.6",
        "cookie": "Next-Locale=en; token=eyJhbGciOiJIUzI1NiIsInR5cCI6IkpXVCJ9.eyJpZCI6MSwidXNlcm5hbWUiOiJyb2JpbiIsImlhdCI6MTc1MDQ1MTQyOH0.36tQQvu5rJljEnaBc6k5E_diCBKWGdCzbqaUY6z6WwU"
      }
    }
INFO [20-06-2025 20:30:28]: request completed
    reqId: "req-t"
    res: {
      "statusCode": 200
    }
    responseTime: 6.447044998407364
INFO [20-06-2025 20:30:28]: request completed
    reqId: "req-u"
    res: {
      "statusCode": 200
    }
    responseTime: 5.330303996801376
INFO [20-06-2025 20:30:28]: request completed
    reqId: "req-v"
    res: {
      "statusCode": 200
    }
    responseTime: 3.6284859776496887
INFO [20-06-2025 20:30:28]: incoming request
    reqId: "req-w"
    req: {
      "method": "GET",
      "url": "/chat/receive/private",
      "ip": "172.18.0.5",
      "headers": {
        "connection": "upgrade",
        "host": "c2r8p3.42lehavre.fr",
        "x-real-ip": "172.18.0.1",
        "x-forwarded-for": "172.18.0.1",
        "x-forwarded-proto": "https",
        "sec-ch-ua-platform": "\"Linux\"",
        "user-agent": "Mozilla/5.0 (X11; Linux x86_64) AppleWebKit/537.36 (KHTML, like Gecko) Chrome/137.0.0.0 Safari/537.36",
        "sec-ch-ua": "\"Google Chrome\";v=\"137\", \"Chromium\";v=\"137\", \"Not/A)Brand\";v=\"24\"",
        "content-type": "application/json",
        "sec-ch-ua-mobile": "?0",
        "accept": "*/*",
        "sec-fetch-site": "same-origin",
        "sec-fetch-mode": "cors",
        "sec-fetch-dest": "empty",
        "referer": "https://c2r8p3.42lehavre.fr:8443/en/dashboard",
        "accept-encoding": "gzip, deflate, br, zstd",
        "accept-language": "fr-FR,fr;q=0.9,en-US;q=0.8,en;q=0.7,sq;q=0.6",
        "cookie": "Next-Locale=en; token=eyJhbGciOiJIUzI1NiIsInR5cCI6IkpXVCJ9.eyJpZCI6MSwidXNlcm5hbWUiOiJyb2JpbiIsImlhdCI6MTc1MDQ1MTQyOH0.36tQQvu5rJljEnaBc6k5E_diCBKWGdCzbqaUY6z6WwU"
      }
    }
INFO [20-06-2025 20:30:28]: request completed
    reqId: "req-w"
    res: {
      "statusCode": 200
    }
    responseTime: 4.988200008869171
INFO [20-06-2025 20:30:28]: incoming request
    reqId: "req-x"
    req: {
      "method": "GET",
      "url": "/profile/me",
      "ip": "172.18.0.5",
      "headers": {
        "connection": "upgrade",
        "host": "c2r8p3.42lehavre.fr",
        "x-real-ip": "172.18.0.1",
        "x-forwarded-for": "172.18.0.1",
        "x-forwarded-proto": "https",
        "sec-ch-ua-platform": "\"Linux\"",
        "user-agent": "Mozilla/5.0 (X11; Linux x86_64) AppleWebKit/537.36 (KHTML, like Gecko) Chrome/137.0.0.0 Safari/537.36",
        "accept": "application/json",
        "sec-ch-ua": "\"Google Chrome\";v=\"137\", \"Chromium\";v=\"137\", \"Not/A)Brand\";v=\"24\"",
        "sec-ch-ua-mobile": "?0",
        "sec-fetch-site": "same-origin",
        "sec-fetch-mode": "cors",
        "sec-fetch-dest": "empty",
        "referer": "https://c2r8p3.42lehavre.fr:8443/en/dashboard",
        "accept-encoding": "gzip, deflate, br, zstd",
        "accept-language": "fr-FR,fr;q=0.9,en-US;q=0.8,en;q=0.7,sq;q=0.6",
        "cookie": "Next-Locale=en; token=eyJhbGciOiJIUzI1NiIsInR5cCI6IkpXVCJ9.eyJpZCI6MSwidXNlcm5hbWUiOiJyb2JpbiIsImlhdCI6MTc1MDQ1MTQyOH0.36tQQvu5rJljEnaBc6k5E_diCBKWGdCzbqaUY6z6WwU"
      }
    }
INFO [20-06-2025 20:30:28]: request completed
    reqId: "req-x"
    res: {
      "statusCode": 200
    }
    responseTime: 2.993155986070633
INFO [20-06-2025 20:30:28]: incoming request
    reqId: "req-y"
    req: {
      "method": "GET",
      "url": "/profile/me",
      "ip": "172.18.0.5",
      "headers": {
        "connection": "upgrade",
        "host": "c2r8p3.42lehavre.fr",
        "x-real-ip": "172.18.0.1",
        "x-forwarded-for": "172.18.0.1",
        "x-forwarded-proto": "https",
        "sec-ch-ua-platform": "\"Linux\"",
        "user-agent": "Mozilla/5.0 (X11; Linux x86_64) AppleWebKit/537.36 (KHTML, like Gecko) Chrome/137.0.0.0 Safari/537.36",
        "accept": "application/json",
        "sec-ch-ua": "\"Google Chrome\";v=\"137\", \"Chromium\";v=\"137\", \"Not/A)Brand\";v=\"24\"",
        "sec-ch-ua-mobile": "?0",
        "sec-fetch-site": "same-origin",
        "sec-fetch-mode": "cors",
        "sec-fetch-dest": "empty",
        "referer": "https://c2r8p3.42lehavre.fr:8443/en/dashboard",
        "accept-encoding": "gzip, deflate, br, zstd",
        "accept-language": "fr-FR,fr;q=0.9,en-US;q=0.8,en;q=0.7,sq;q=0.6",
        "cookie": "Next-Locale=en; token=eyJhbGciOiJIUzI1NiIsInR5cCI6IkpXVCJ9.eyJpZCI6MSwidXNlcm5hbWUiOiJyb2JpbiIsImlhdCI6MTc1MDQ1MTQyOH0.36tQQvu5rJljEnaBc6k5E_diCBKWGdCzbqaUY6z6WwU"
      }
    }
INFO [20-06-2025 20:30:28]: request completed
    reqId: "req-y"
    res: {
      "statusCode": 200
    }
    responseTime: 4.599932998418808
INFO [20-06-2025 20:30:28]: incoming request
    reqId: "req-z"
    req: {
      "method": "GET",
      "url": "/friends/pending",
      "ip": "172.18.0.5",
      "headers": {
        "connection": "upgrade",
        "host": "c2r8p3.42lehavre.fr",
        "x-real-ip": "172.18.0.1",
        "x-forwarded-for": "172.18.0.1",
        "x-forwarded-proto": "https",
        "sec-ch-ua-platform": "\"Linux\"",
        "user-agent": "Mozilla/5.0 (X11; Linux x86_64) AppleWebKit/537.36 (KHTML, like Gecko) Chrome/137.0.0.0 Safari/537.36",
        "sec-ch-ua": "\"Google Chrome\";v=\"137\", \"Chromium\";v=\"137\", \"Not/A)Brand\";v=\"24\"",
        "sec-ch-ua-mobile": "?0",
        "accept": "*/*",
        "sec-fetch-site": "same-origin",
        "sec-fetch-mode": "cors",
        "sec-fetch-dest": "empty",
        "referer": "https://c2r8p3.42lehavre.fr:8443/en/dashboard",
        "accept-encoding": "gzip, deflate, br, zstd",
        "accept-language": "fr-FR,fr;q=0.9,en-US;q=0.8,en;q=0.7,sq;q=0.6",
        "cookie": "Next-Locale=en; token=eyJhbGciOiJIUzI1NiIsInR5cCI6IkpXVCJ9.eyJpZCI6MSwidXNlcm5hbWUiOiJyb2JpbiIsImlhdCI6MTc1MDQ1MTQyOH0.36tQQvu5rJljEnaBc6k5E_diCBKWGdCzbqaUY6z6WwU"
      }
    }
INFO [20-06-2025 20:30:28]: request completed
    reqId: "req-z"
    res: {
      "statusCode": 200
    }
    responseTime: 7.101227015256882
INFO [20-06-2025 20:30:28]: incoming request
    reqId: "req-10"
    req: {
      "method": "GET",
      "url": "/friends/pending",
      "ip": "172.18.0.5",
      "headers": {
        "connection": "upgrade",
        "host": "c2r8p3.42lehavre.fr",
        "x-real-ip": "172.18.0.1",
        "x-forwarded-for": "172.18.0.1",
        "x-forwarded-proto": "https",
        "sec-ch-ua-platform": "\"Linux\"",
        "user-agent": "Mozilla/5.0 (X11; Linux x86_64) AppleWebKit/537.36 (KHTML, like Gecko) Chrome/137.0.0.0 Safari/537.36",
        "sec-ch-ua": "\"Google Chrome\";v=\"137\", \"Chromium\";v=\"137\", \"Not/A)Brand\";v=\"24\"",
        "sec-ch-ua-mobile": "?0",
        "accept": "*/*",
        "sec-fetch-site": "same-origin",
        "sec-fetch-mode": "cors",
        "sec-fetch-dest": "empty",
        "referer": "https://c2r8p3.42lehavre.fr:8443/en/dashboard",
        "accept-encoding": "gzip, deflate, br, zstd",
        "accept-language": "fr-FR,fr;q=0.9,en-US;q=0.8,en;q=0.7,sq;q=0.6",
        "cookie": "Next-Locale=en; token=eyJhbGciOiJIUzI1NiIsInR5cCI6IkpXVCJ9.eyJpZCI6MSwidXNlcm5hbWUiOiJyb2JpbiIsImlhdCI6MTc1MDQ1MTQyOH0.36tQQvu5rJljEnaBc6k5E_diCBKWGdCzbqaUY6z6WwU"
      }
    }
INFO [20-06-2025 20:30:28]: request completed
    reqId: "req-10"
    res: {
      "statusCode": 200
    }
    responseTime: 4.329385995864868
INFO [20-06-2025 20:30:34]: incoming request
    reqId: "req-11"
    req: {
      "method": "POST",
      "url": "/editprofile",
      "ip": "172.18.0.5",
      "headers": {
        "connection": "upgrade",
        "host": "c2r8p3.42lehavre.fr",
        "x-real-ip": "172.18.0.1",
        "x-forwarded-for": "172.18.0.1",
        "x-forwarded-proto": "https",
        "content-length": "76493",
        "sec-ch-ua-platform": "\"Linux\"",
        "authorization": "Bearer null",
        "user-agent": "Mozilla/5.0 (X11; Linux x86_64) AppleWebKit/537.36 (KHTML, like Gecko) Chrome/137.0.0.0 Safari/537.36",
        "sec-ch-ua": "\"Google Chrome\";v=\"137\", \"Chromium\";v=\"137\", \"Not/A)Brand\";v=\"24\"",
        "content-type": "application/json",
        "sec-ch-ua-mobile": "?0",
        "accept": "*/*",
        "origin": "https://c2r8p3.42lehavre.fr:8443",
        "sec-fetch-site": "same-origin",
        "sec-fetch-mode": "cors",
        "sec-fetch-dest": "empty",
        "referer": "https://c2r8p3.42lehavre.fr:8443/en/dashboard",
        "accept-encoding": "gzip, deflate, br, zstd",
        "accept-language": "fr-FR,fr;q=0.9,en-US;q=0.8,en;q=0.7,sq;q=0.6",
        "cookie": "Next-Locale=en; token=eyJhbGciOiJIUzI1NiIsInR5cCI6IkpXVCJ9.eyJpZCI6MSwidXNlcm5hbWUiOiJyb2JpbiIsImlhdCI6MTc1MDQ1MTQyOH0.36tQQvu5rJljEnaBc6k5E_diCBKWGdCzbqaUY6z6WwU"
      }
    }
INFO [20-06-2025 20:30:34]: request completed
    reqId: "req-11"
    res: {
      "statusCode": 200
    }
    responseTime: 40.50521498918533
INFO [20-06-2025 20:30:35]: incoming request
    reqId: "req-12"
    req: {
      "method": "GET",
      "url": "/friends",
      "ip": "172.18.0.5",
      "headers": {
        "connection": "upgrade",
        "host": "c2r8p3.42lehavre.fr",
        "x-real-ip": "172.18.0.1",
        "x-forwarded-for": "172.18.0.1",
        "x-forwarded-proto": "https",
        "sec-ch-ua-platform": "\"Linux\"",
        "user-agent": "Mozilla/5.0 (X11; Linux x86_64) AppleWebKit/537.36 (KHTML, like Gecko) Chrome/137.0.0.0 Safari/537.36",
        "sec-ch-ua": "\"Google Chrome\";v=\"137\", \"Chromium\";v=\"137\", \"Not/A)Brand\";v=\"24\"",
        "sec-ch-ua-mobile": "?0",
        "accept": "*/*",
        "sec-fetch-site": "same-origin",
        "sec-fetch-mode": "cors",
        "sec-fetch-dest": "empty",
        "referer": "https://c2r8p3.42lehavre.fr:8443/en/dashboard",
        "accept-encoding": "gzip, deflate, br, zstd",
        "accept-language": "fr-FR,fr;q=0.9,en-US;q=0.8,en;q=0.7,sq;q=0.6",
        "cookie": "Next-Locale=en; token=eyJhbGciOiJIUzI1NiIsInR5cCI6IkpXVCJ9.eyJpZCI6MSwidXNlcm5hbWUiOiJyb2JpbiIsImlhdCI6MTc1MDQ1MTQzNH0.NMWr2mYwysLa6oV2XOlbY3Ni64pDEr7VvKaZpG-HheM"
      }
    }
INFO [20-06-2025 20:30:35]: incoming request
    reqId: "req-13"
    req: {
      "method": "GET",
      "url": "/profile/me",
      "ip": "172.18.0.5",
      "headers": {
        "connection": "upgrade",
        "host": "c2r8p3.42lehavre.fr",
        "x-real-ip": "172.18.0.1",
        "x-forwarded-for": "172.18.0.1",
        "x-forwarded-proto": "https",
        "sec-ch-ua-platform": "\"Linux\"",
        "user-agent": "Mozilla/5.0 (X11; Linux x86_64) AppleWebKit/537.36 (KHTML, like Gecko) Chrome/137.0.0.0 Safari/537.36",
        "accept": "application/json",
        "sec-ch-ua": "\"Google Chrome\";v=\"137\", \"Chromium\";v=\"137\", \"Not/A)Brand\";v=\"24\"",
        "sec-ch-ua-mobile": "?0",
        "sec-fetch-site": "same-origin",
        "sec-fetch-mode": "cors",
        "sec-fetch-dest": "empty",
        "referer": "https://c2r8p3.42lehavre.fr:8443/en/dashboard",
        "accept-encoding": "gzip, deflate, br, zstd",
        "accept-language": "fr-FR,fr;q=0.9,en-US;q=0.8,en;q=0.7,sq;q=0.6",
        "cookie": "Next-Locale=en; token=eyJhbGciOiJIUzI1NiIsInR5cCI6IkpXVCJ9.eyJpZCI6MSwidXNlcm5hbWUiOiJyb2JpbiIsImlhdCI6MTc1MDQ1MTQzNH0.NMWr2mYwysLa6oV2XOlbY3Ni64pDEr7VvKaZpG-HheM"
      }
    }
INFO [20-06-2025 20:30:35]: incoming request
    reqId: "req-14"
    req: {
      "method": "GET",
      "url": "/chat/receive/private",
      "ip": "172.18.0.5",
      "headers": {
        "connection": "upgrade",
        "host": "c2r8p3.42lehavre.fr",
        "x-real-ip": "172.18.0.1",
        "x-forwarded-for": "172.18.0.1",
        "x-forwarded-proto": "https",
        "sec-ch-ua-platform": "\"Linux\"",
        "user-agent": "Mozilla/5.0 (X11; Linux x86_64) AppleWebKit/537.36 (KHTML, like Gecko) Chrome/137.0.0.0 Safari/537.36",
        "sec-ch-ua": "\"Google Chrome\";v=\"137\", \"Chromium\";v=\"137\", \"Not/A)Brand\";v=\"24\"",
        "content-type": "application/json",
        "sec-ch-ua-mobile": "?0",
        "accept": "*/*",
        "sec-fetch-site": "same-origin",
        "sec-fetch-mode": "cors",
        "sec-fetch-dest": "empty",
        "referer": "https://c2r8p3.42lehavre.fr:8443/en/dashboard",
        "accept-encoding": "gzip, deflate, br, zstd",
        "accept-language": "fr-FR,fr;q=0.9,en-US;q=0.8,en;q=0.7,sq;q=0.6",
        "cookie": "Next-Locale=en; token=eyJhbGciOiJIUzI1NiIsInR5cCI6IkpXVCJ9.eyJpZCI6MSwidXNlcm5hbWUiOiJyb2JpbiIsImlhdCI6MTc1MDQ1MTQzNH0.NMWr2mYwysLa6oV2XOlbY3Ni64pDEr7VvKaZpG-HheM"
      }
    }
INFO [20-06-2025 20:30:35]: request completed
    reqId: "req-12"
    res: {
      "statusCode": 200
    }
    responseTime: 7.940831005573273
INFO [20-06-2025 20:30:35]: request completed
    reqId: "req-13"
    res: {
      "statusCode": 200
    }
    responseTime: 6.597741007804871
INFO [20-06-2025 20:30:35]: request completed
    reqId: "req-14"
    res: {
      "statusCode": 200
    }
    responseTime: 3.5101760029792786
INFO [20-06-2025 20:30:35]: incoming request
    reqId: "req-15"
    req: {
      "method": "GET",
      "url": "/friends",
      "ip": "172.18.0.5",
      "headers": {
        "connection": "upgrade",
        "host": "c2r8p3.42lehavre.fr",
        "x-real-ip": "172.18.0.1",
        "x-forwarded-for": "172.18.0.1",
        "x-forwarded-proto": "https",
        "sec-ch-ua-platform": "\"Linux\"",
        "user-agent": "Mozilla/5.0 (X11; Linux x86_64) AppleWebKit/537.36 (KHTML, like Gecko) Chrome/137.0.0.0 Safari/537.36",
        "sec-ch-ua": "\"Google Chrome\";v=\"137\", \"Chromium\";v=\"137\", \"Not/A)Brand\";v=\"24\"",
        "sec-ch-ua-mobile": "?0",
        "accept": "*/*",
        "sec-fetch-site": "same-origin",
        "sec-fetch-mode": "cors",
        "sec-fetch-dest": "empty",
        "referer": "https://c2r8p3.42lehavre.fr:8443/en/dashboard",
        "accept-encoding": "gzip, deflate, br, zstd",
        "accept-language": "fr-FR,fr;q=0.9,en-US;q=0.8,en;q=0.7,sq;q=0.6",
        "cookie": "Next-Locale=en; token=eyJhbGciOiJIUzI1NiIsInR5cCI6IkpXVCJ9.eyJpZCI6MSwidXNlcm5hbWUiOiJyb2JpbiIsImlhdCI6MTc1MDQ1MTQzNH0.NMWr2mYwysLa6oV2XOlbY3Ni64pDEr7VvKaZpG-HheM"
      }
    }
INFO [20-06-2025 20:30:35]: incoming request
    reqId: "req-16"
    req: {
      "method": "GET",
      "url": "/profile/me",
      "ip": "172.18.0.5",
      "headers": {
        "connection": "upgrade",
        "host": "c2r8p3.42lehavre.fr",
        "x-real-ip": "172.18.0.1",
        "x-forwarded-for": "172.18.0.1",
        "x-forwarded-proto": "https",
        "sec-ch-ua-platform": "\"Linux\"",
        "user-agent": "Mozilla/5.0 (X11; Linux x86_64) AppleWebKit/537.36 (KHTML, like Gecko) Chrome/137.0.0.0 Safari/537.36",
        "accept": "application/json",
        "sec-ch-ua": "\"Google Chrome\";v=\"137\", \"Chromium\";v=\"137\", \"Not/A)Brand\";v=\"24\"",
        "sec-ch-ua-mobile": "?0",
        "sec-fetch-site": "same-origin",
        "sec-fetch-mode": "cors",
        "sec-fetch-dest": "empty",
        "referer": "https://c2r8p3.42lehavre.fr:8443/en/dashboard",
        "accept-encoding": "gzip, deflate, br, zstd",
        "accept-language": "fr-FR,fr;q=0.9,en-US;q=0.8,en;q=0.7,sq;q=0.6",
        "cookie": "Next-Locale=en; token=eyJhbGciOiJIUzI1NiIsInR5cCI6IkpXVCJ9.eyJpZCI6MSwidXNlcm5hbWUiOiJyb2JpbiIsImlhdCI6MTc1MDQ1MTQzNH0.NMWr2mYwysLa6oV2XOlbY3Ni64pDEr7VvKaZpG-HheM"
      }
    }
INFO [20-06-2025 20:30:35]: incoming request
    reqId: "req-17"
    req: {
      "method": "GET",
      "url": "/chat/receive/private",
      "ip": "172.18.0.5",
      "headers": {
        "connection": "upgrade",
        "host": "c2r8p3.42lehavre.fr",
        "x-real-ip": "172.18.0.1",
        "x-forwarded-for": "172.18.0.1",
        "x-forwarded-proto": "https",
        "sec-ch-ua-platform": "\"Linux\"",
        "user-agent": "Mozilla/5.0 (X11; Linux x86_64) AppleWebKit/537.36 (KHTML, like Gecko) Chrome/137.0.0.0 Safari/537.36",
        "sec-ch-ua": "\"Google Chrome\";v=\"137\", \"Chromium\";v=\"137\", \"Not/A)Brand\";v=\"24\"",
        "content-type": "application/json",
        "sec-ch-ua-mobile": "?0",
        "accept": "*/*",
        "sec-fetch-site": "same-origin",
        "sec-fetch-mode": "cors",
        "sec-fetch-dest": "empty",
        "referer": "https://c2r8p3.42lehavre.fr:8443/en/dashboard",
        "accept-encoding": "gzip, deflate, br, zstd",
        "accept-language": "fr-FR,fr;q=0.9,en-US;q=0.8,en;q=0.7,sq;q=0.6",
        "cookie": "Next-Locale=en; token=eyJhbGciOiJIUzI1NiIsInR5cCI6IkpXVCJ9.eyJpZCI6MSwidXNlcm5hbWUiOiJyb2JpbiIsImlhdCI6MTc1MDQ1MTQzNH0.NMWr2mYwysLa6oV2XOlbY3Ni64pDEr7VvKaZpG-HheM"
      }
    }
INFO [20-06-2025 20:30:35]: request completed
    reqId: "req-15"
    res: {
      "statusCode": 200
    }
    responseTime: 6.745362997055054
INFO [20-06-2025 20:30:35]: request completed
    reqId: "req-16"
    res: {
      "statusCode": 200
    }
    responseTime: 5.66218900680542
INFO [20-06-2025 20:30:35]: request completed
    reqId: "req-17"
    res: {
      "statusCode": 200
    }
    responseTime: 5.983653008937836
INFO [20-06-2025 20:30:35]: incoming request
    reqId: "req-18"
    req: {
      "method": "GET",
      "url": "/profile/me",
      "ip": "172.18.0.5",
      "headers": {
        "connection": "upgrade",
        "host": "c2r8p3.42lehavre.fr",
        "x-real-ip": "172.18.0.1",
        "x-forwarded-for": "172.18.0.1",
        "x-forwarded-proto": "https",
        "sec-ch-ua-platform": "\"Linux\"",
        "user-agent": "Mozilla/5.0 (X11; Linux x86_64) AppleWebKit/537.36 (KHTML, like Gecko) Chrome/137.0.0.0 Safari/537.36",
        "accept": "application/json",
        "sec-ch-ua": "\"Google Chrome\";v=\"137\", \"Chromium\";v=\"137\", \"Not/A)Brand\";v=\"24\"",
        "sec-ch-ua-mobile": "?0",
        "sec-fetch-site": "same-origin",
        "sec-fetch-mode": "cors",
        "sec-fetch-dest": "empty",
        "referer": "https://c2r8p3.42lehavre.fr:8443/en/dashboard",
        "accept-encoding": "gzip, deflate, br, zstd",
        "accept-language": "fr-FR,fr;q=0.9,en-US;q=0.8,en;q=0.7,sq;q=0.6",
        "cookie": "Next-Locale=en; token=eyJhbGciOiJIUzI1NiIsInR5cCI6IkpXVCJ9.eyJpZCI6MSwidXNlcm5hbWUiOiJyb2JpbiIsImlhdCI6MTc1MDQ1MTQzNH0.NMWr2mYwysLa6oV2XOlbY3Ni64pDEr7VvKaZpG-HheM"
      }
    }
INFO [20-06-2025 20:30:35]: request completed
    reqId: "req-18"
    res: {
      "statusCode": 200
    }
    responseTime: 3.702764004468918
INFO [20-06-2025 20:30:35]: incoming request
    reqId: "req-19"
    req: {
      "method": "GET",
      "url": "/profile/me",
      "ip": "172.18.0.5",
      "headers": {
        "connection": "upgrade",
        "host": "c2r8p3.42lehavre.fr",
        "x-real-ip": "172.18.0.1",
        "x-forwarded-for": "172.18.0.1",
        "x-forwarded-proto": "https",
        "sec-ch-ua-platform": "\"Linux\"",
        "user-agent": "Mozilla/5.0 (X11; Linux x86_64) AppleWebKit/537.36 (KHTML, like Gecko) Chrome/137.0.0.0 Safari/537.36",
        "accept": "application/json",
        "sec-ch-ua": "\"Google Chrome\";v=\"137\", \"Chromium\";v=\"137\", \"Not/A)Brand\";v=\"24\"",
        "sec-ch-ua-mobile": "?0",
        "sec-fetch-site": "same-origin",
        "sec-fetch-mode": "cors",
        "sec-fetch-dest": "empty",
        "referer": "https://c2r8p3.42lehavre.fr:8443/en/dashboard",
        "accept-encoding": "gzip, deflate, br, zstd",
        "accept-language": "fr-FR,fr;q=0.9,en-US;q=0.8,en;q=0.7,sq;q=0.6",
        "cookie": "Next-Locale=en; token=eyJhbGciOiJIUzI1NiIsInR5cCI6IkpXVCJ9.eyJpZCI6MSwidXNlcm5hbWUiOiJyb2JpbiIsImlhdCI6MTc1MDQ1MTQzNH0.NMWr2mYwysLa6oV2XOlbY3Ni64pDEr7VvKaZpG-HheM"
      }
    }
INFO [20-06-2025 20:30:35]: request completed
    reqId: "req-19"
    res: {
      "statusCode": 200
    }
    responseTime: 7.05681899189949
INFO [20-06-2025 20:30:35]: incoming request
    reqId: "req-1a"
    req: {
      "method": "GET",
      "url": "/friends/pending",
      "ip": "172.18.0.5",
      "headers": {
        "connection": "upgrade",
        "host": "c2r8p3.42lehavre.fr",
        "x-real-ip": "172.18.0.1",
        "x-forwarded-for": "172.18.0.1",
        "x-forwarded-proto": "https",
        "sec-ch-ua-platform": "\"Linux\"",
        "user-agent": "Mozilla/5.0 (X11; Linux x86_64) AppleWebKit/537.36 (KHTML, like Gecko) Chrome/137.0.0.0 Safari/537.36",
        "sec-ch-ua": "\"Google Chrome\";v=\"137\", \"Chromium\";v=\"137\", \"Not/A)Brand\";v=\"24\"",
        "sec-ch-ua-mobile": "?0",
        "accept": "*/*",
        "sec-fetch-site": "same-origin",
        "sec-fetch-mode": "cors",
        "sec-fetch-dest": "empty",
        "referer": "https://c2r8p3.42lehavre.fr:8443/en/dashboard",
        "accept-encoding": "gzip, deflate, br, zstd",
        "accept-language": "fr-FR,fr;q=0.9,en-US;q=0.8,en;q=0.7,sq;q=0.6",
        "cookie": "Next-Locale=en; token=eyJhbGciOiJIUzI1NiIsInR5cCI6IkpXVCJ9.eyJpZCI6MSwidXNlcm5hbWUiOiJyb2JpbiIsImlhdCI6MTc1MDQ1MTQzNH0.NMWr2mYwysLa6oV2XOlbY3Ni64pDEr7VvKaZpG-HheM"
      }
    }
INFO [20-06-2025 20:30:35]: request completed
    reqId: "req-1a"
    res: {
      "statusCode": 200
    }
    responseTime: 4.660995990037918
INFO [20-06-2025 20:30:35]: incoming request
    reqId: "req-1b"
    req: {
      "method": "GET",
      "url": "/friends/pending",
      "ip": "172.18.0.5",
      "headers": {
        "connection": "upgrade",
        "host": "c2r8p3.42lehavre.fr",
        "x-real-ip": "172.18.0.1",
        "x-forwarded-for": "172.18.0.1",
        "x-forwarded-proto": "https",
        "sec-ch-ua-platform": "\"Linux\"",
        "user-agent": "Mozilla/5.0 (X11; Linux x86_64) AppleWebKit/537.36 (KHTML, like Gecko) Chrome/137.0.0.0 Safari/537.36",
        "sec-ch-ua": "\"Google Chrome\";v=\"137\", \"Chromium\";v=\"137\", \"Not/A)Brand\";v=\"24\"",
        "sec-ch-ua-mobile": "?0",
        "accept": "*/*",
        "sec-fetch-site": "same-origin",
        "sec-fetch-mode": "cors",
        "sec-fetch-dest": "empty",
        "referer": "https://c2r8p3.42lehavre.fr:8443/en/dashboard",
        "accept-encoding": "gzip, deflate, br, zstd",
        "accept-language": "fr-FR,fr;q=0.9,en-US;q=0.8,en;q=0.7,sq;q=0.6",
        "cookie": "Next-Locale=en; token=eyJhbGciOiJIUzI1NiIsInR5cCI6IkpXVCJ9.eyJpZCI6MSwidXNlcm5hbWUiOiJyb2JpbiIsImlhdCI6MTc1MDQ1MTQzNH0.NMWr2mYwysLa6oV2XOlbY3Ni64pDEr7VvKaZpG-HheM"
      }
    }
INFO [20-06-2025 20:30:35]: request completed
    reqId: "req-1b"
    res: {
      "statusCode": 200
    }
    responseTime: 5.86694797873497
INFO [20-06-2025 20:31:02]: incoming request
    reqId: "req-1c"
    req: {
      "method": "GET",
      "url": "/profile/me",
      "ip": "172.18.0.5",
      "headers": {
        "connection": "upgrade",
        "host": "c2r8p3.42lehavre.fr",
        "x-real-ip": "172.18.0.1",
        "x-forwarded-for": "172.18.0.1",
        "x-forwarded-proto": "https",
        "sec-ch-ua-platform": "\"Linux\"",
        "user-agent": "Mozilla/5.0 (X11; Linux x86_64) AppleWebKit/537.36 (KHTML, like Gecko) Chrome/137.0.0.0 Safari/537.36",
        "accept": "application/json",
        "sec-ch-ua": "\"Google Chrome\";v=\"137\", \"Chromium\";v=\"137\", \"Not/A)Brand\";v=\"24\"",
        "sec-ch-ua-mobile": "?0",
        "sec-fetch-site": "same-origin",
        "sec-fetch-mode": "cors",
        "sec-fetch-dest": "empty",
        "referer": "https://c2r8p3.42lehavre.fr:8443/en/game/tournament",
        "accept-encoding": "gzip, deflate, br, zstd",
        "accept-language": "fr-FR,fr;q=0.9,en-US;q=0.8,en;q=0.7,sq;q=0.6",
        "cookie": "Next-Locale=en; token=eyJhbGciOiJIUzI1NiIsInR5cCI6IkpXVCJ9.eyJpZCI6MSwidXNlcm5hbWUiOiJyb2JpbiIsImlhdCI6MTc1MDQ1MTQzNH0.NMWr2mYwysLa6oV2XOlbY3Ni64pDEr7VvKaZpG-HheM"
      }
    }
INFO [20-06-2025 20:31:02]: incoming request
    reqId: "req-1d"
    req: {
      "method": "GET",
      "url": "/chat/receive/private",
      "ip": "172.18.0.5",
      "headers": {
        "connection": "upgrade",
        "host": "c2r8p3.42lehavre.fr",
        "x-real-ip": "172.18.0.1",
        "x-forwarded-for": "172.18.0.1",
        "x-forwarded-proto": "https",
        "sec-ch-ua-platform": "\"Linux\"",
        "user-agent": "Mozilla/5.0 (X11; Linux x86_64) AppleWebKit/537.36 (KHTML, like Gecko) Chrome/137.0.0.0 Safari/537.36",
        "sec-ch-ua": "\"Google Chrome\";v=\"137\", \"Chromium\";v=\"137\", \"Not/A)Brand\";v=\"24\"",
        "content-type": "application/json",
        "sec-ch-ua-mobile": "?0",
        "accept": "*/*",
        "sec-fetch-site": "same-origin",
        "sec-fetch-mode": "cors",
        "sec-fetch-dest": "empty",
        "referer": "https://c2r8p3.42lehavre.fr:8443/en/game/tournament",
        "accept-encoding": "gzip, deflate, br, zstd",
        "accept-language": "fr-FR,fr;q=0.9,en-US;q=0.8,en;q=0.7,sq;q=0.6",
        "cookie": "Next-Locale=en; token=eyJhbGciOiJIUzI1NiIsInR5cCI6IkpXVCJ9.eyJpZCI6MSwidXNlcm5hbWUiOiJyb2JpbiIsImlhdCI6MTc1MDQ1MTQzNH0.NMWr2mYwysLa6oV2XOlbY3Ni64pDEr7VvKaZpG-HheM"
      }
    }
INFO [20-06-2025 20:31:02]: request completed
    reqId: "req-1c"
    res: {
      "statusCode": 200
    }
    responseTime: 6.324869006872177
INFO [20-06-2025 20:31:02]: request completed
    reqId: "req-1d"
    res: {
      "statusCode": 200
    }
    responseTime: 4.569961994886398
INFO [20-06-2025 20:31:02]: incoming request
    reqId: "req-1e"
    req: {
      "method": "GET",
      "url": "/profile/me",
      "ip": "172.18.0.5",
      "headers": {
        "connection": "upgrade",
        "host": "c2r8p3.42lehavre.fr",
        "x-real-ip": "172.18.0.1",
        "x-forwarded-for": "172.18.0.1",
        "x-forwarded-proto": "https",
        "sec-ch-ua-platform": "\"Linux\"",
        "user-agent": "Mozilla/5.0 (X11; Linux x86_64) AppleWebKit/537.36 (KHTML, like Gecko) Chrome/137.0.0.0 Safari/537.36",
        "accept": "application/json",
        "sec-ch-ua": "\"Google Chrome\";v=\"137\", \"Chromium\";v=\"137\", \"Not/A)Brand\";v=\"24\"",
        "sec-ch-ua-mobile": "?0",
        "sec-fetch-site": "same-origin",
        "sec-fetch-mode": "cors",
        "sec-fetch-dest": "empty",
        "referer": "https://c2r8p3.42lehavre.fr:8443/en/game/tournament",
        "accept-encoding": "gzip, deflate, br, zstd",
        "accept-language": "fr-FR,fr;q=0.9,en-US;q=0.8,en;q=0.7,sq;q=0.6",
        "cookie": "Next-Locale=en; token=eyJhbGciOiJIUzI1NiIsInR5cCI6IkpXVCJ9.eyJpZCI6MSwidXNlcm5hbWUiOiJyb2JpbiIsImlhdCI6MTc1MDQ1MTQzNH0.NMWr2mYwysLa6oV2XOlbY3Ni64pDEr7VvKaZpG-HheM"
      }
    }
INFO [20-06-2025 20:31:02]: incoming request
    reqId: "req-1f"
    req: {
      "method": "GET",
      "url": "/chat/receive/private",
      "ip": "172.18.0.5",
      "headers": {
        "connection": "upgrade",
        "host": "c2r8p3.42lehavre.fr",
        "x-real-ip": "172.18.0.1",
        "x-forwarded-for": "172.18.0.1",
        "x-forwarded-proto": "https",
        "sec-ch-ua-platform": "\"Linux\"",
        "user-agent": "Mozilla/5.0 (X11; Linux x86_64) AppleWebKit/537.36 (KHTML, like Gecko) Chrome/137.0.0.0 Safari/537.36",
        "sec-ch-ua": "\"Google Chrome\";v=\"137\", \"Chromium\";v=\"137\", \"Not/A)Brand\";v=\"24\"",
        "content-type": "application/json",
        "sec-ch-ua-mobile": "?0",
        "accept": "*/*",
        "sec-fetch-site": "same-origin",
        "sec-fetch-mode": "cors",
        "sec-fetch-dest": "empty",
        "referer": "https://c2r8p3.42lehavre.fr:8443/en/game/tournament",
        "accept-encoding": "gzip, deflate, br, zstd",
        "accept-language": "fr-FR,fr;q=0.9,en-US;q=0.8,en;q=0.7,sq;q=0.6",
        "cookie": "Next-Locale=en; token=eyJhbGciOiJIUzI1NiIsInR5cCI6IkpXVCJ9.eyJpZCI6MSwidXNlcm5hbWUiOiJyb2JpbiIsImlhdCI6MTc1MDQ1MTQzNH0.NMWr2mYwysLa6oV2XOlbY3Ni64pDEr7VvKaZpG-HheM"
      }
    }
INFO [20-06-2025 20:31:02]: request completed
    reqId: "req-1e"
    res: {
      "statusCode": 200
    }
    responseTime: 5.706281989812851
INFO [20-06-2025 20:31:02]: request completed
    reqId: "req-1f"
    res: {
      "statusCode": 200
    }
    responseTime: 3.376501977443695
