=============================================
Server Log - 2025-06-23T23:50:06.234Z
Version: 1.0.0
Node: v18.20.3
Platform: linux
=============================================

INFO [23-06-2025 23:50:07]: Server listening at https://127.0.0.1:3001
INFO [23-06-2025 23:50:07]: Server listening at https://172.30.0.3:3001
INFO [23-06-2025 23:50:08]: incoming request
    reqId: "req-1"
    req: {
      "method": "GET",
      "url": "/wss/chat",
      "ip": "172.30.0.1",
      "headers": {
        "host": "c2r8p6.42lehavre.fr:3001",
        "connection": "Upgrade",
        "pragma": "no-cache",
        "cache-control": "no-cache",
        "user-agent": "Mozilla/5.0 (X11; Linux x86_64) AppleWebKit/537.36 (KHTML, like Gecko) Chrome/137.0.0.0 Safari/537.36",
        "upgrade": "websocket",
        "origin": "https://c2r8p6.42lehavre.fr:8443",
        "sec-websocket-version": "13",
        "accept-encoding": "gzip, deflate, br, zstd",
        "accept-language": "fr-FR,fr;q=0.9,en-US;q=0.8,en;q=0.7,sq;q=0.6",
        "cookie": "Next-Locale=en; token=eyJhbGciOiJIUzI1NiIsInR5cCI6IkpXVCJ9.eyJpZCI6MSwidXNlcm5hbWUiOiJyb2JpbiIsImlhdCI6MTc1MDcxNTc4NX0.o_8NhXzWD3rilUcXPtCCy72-hWFeMavKa8FgQQ9oyFE",
        "sec-websocket-key": "BdMwuSRf7BqDzgkw5WryuQ==",
        "sec-websocket-extensions": "permessage-deflate; client_max_window_bits"
      }
    }
INFO [23-06-2025 23:50:08]: incoming request
    reqId: "req-2"
    req: {
      "method": "GET",
      "url": "/wss/chat",
      "ip": "172.30.0.1",
      "headers": {
        "host": "c2r8p6.42lehavre.fr:3001",
        "connection": "Upgrade",
        "pragma": "no-cache",
        "cache-control": "no-cache",
        "user-agent": "Mozilla/5.0 (X11; Linux x86_64) AppleWebKit/537.36 (KHTML, like Gecko) Chrome/137.0.0.0 Safari/537.36",
        "upgrade": "websocket",
        "origin": "https://c2r8p6.42lehavre.fr:8443",
        "sec-websocket-version": "13",
        "accept-encoding": "gzip, deflate, br, zstd",
        "accept-language": "fr-FR,fr;q=0.9,en-US;q=0.8,en;q=0.7,sq;q=0.6",
        "cookie": "Next-Locale=en; token=eyJhbGciOiJIUzI1NiIsInR5cCI6IkpXVCJ9.eyJpZCI6MSwidXNlcm5hbWUiOiJyb2JpbiIsImlhdCI6MTc1MDcxNTc4NX0.o_8NhXzWD3rilUcXPtCCy72-hWFeMavKa8FgQQ9oyFE",
        "sec-websocket-key": "KakXGus7CT/RCTl0aarpdA==",
        "sec-websocket-extensions": "permessage-deflate; client_max_window_bits"
      }
    }
INFO [23-06-2025 23:50:08]: incoming request
    reqId: "req-3"
    req: {
      "method": "GET",
      "url": "/wss/chat",
      "ip": "172.30.0.1",
      "headers": {
        "host": "c2r8p6.42lehavre.fr:3001",
        "connection": "Upgrade",
        "pragma": "no-cache",
        "cache-control": "no-cache",
        "user-agent": "Mozilla/5.0 (X11; Linux x86_64) AppleWebKit/537.36 (KHTML, like Gecko) Chrome/137.0.0.0 Safari/537.36",
        "upgrade": "websocket",
        "origin": "https://c2r8p6.42lehavre.fr:8443",
        "sec-websocket-version": "13",
        "accept-encoding": "gzip, deflate, br, zstd",
        "accept-language": "fr-FR,fr;q=0.9,en-US;q=0.8,en;q=0.7,sq;q=0.6",
        "cookie": "Next-Locale=en; token=eyJhbGciOiJIUzI1NiIsInR5cCI6IkpXVCJ9.eyJpZCI6MSwidXNlcm5hbWUiOiJyb2JpbiIsImlhdCI6MTc1MDcxNTc4NX0.o_8NhXzWD3rilUcXPtCCy72-hWFeMavKa8FgQQ9oyFE",
        "sec-websocket-key": "BeCKV2zXyU8RVz5F+SNoYQ==",
        "sec-websocket-extensions": "permessage-deflate; client_max_window_bits"
      }
    }
INFO [23-06-2025 23:50:08]: incoming request
    reqId: "req-4"
    req: {
      "method": "GET",
      "url": "/wss/chat",
      "ip": "172.30.0.1",
      "headers": {
        "host": "c2r8p6.42lehavre.fr:3001",
        "connection": "Upgrade",
        "pragma": "no-cache",
        "cache-control": "no-cache",
        "user-agent": "Mozilla/5.0 (X11; Linux x86_64) AppleWebKit/537.36 (KHTML, like Gecko) Chrome/137.0.0.0 Safari/537.36",
        "upgrade": "websocket",
        "origin": "https://c2r8p6.42lehavre.fr:8443",
        "sec-websocket-version": "13",
        "accept-encoding": "gzip, deflate, br, zstd",
        "accept-language": "fr-FR,fr;q=0.9,en-US;q=0.8,en;q=0.7,sq;q=0.6",
        "cookie": "Next-Locale=en; token=eyJhbGciOiJIUzI1NiIsInR5cCI6IkpXVCJ9.eyJpZCI6MSwidXNlcm5hbWUiOiJyb2JpbiIsImlhdCI6MTc1MDcxNTc4NX0.o_8NhXzWD3rilUcXPtCCy72-hWFeMavKa8FgQQ9oyFE",
        "sec-websocket-key": "KDdkllq/+uXT2vPiTqAWXw==",
        "sec-websocket-extensions": "permessage-deflate; client_max_window_bits"
      }
    }
INFO [23-06-2025 23:50:09]: incoming request
    reqId: "req-5"
    req: {
      "method": "GET",
      "url": "/wss/chat",
      "ip": "172.30.0.1",
      "headers": {
        "host": "c2r8p6.42lehavre.fr:3001",
        "user-agent": "Mozilla/5.0 (X11; Linux x86_64; rv:139.0) Gecko/20100101 Firefox/139.0",
        "accept": "*/*",
        "accept-language": "en-US,en;q=0.5",
        "accept-encoding": "gzip, deflate, br, zstd",
        "sec-websocket-version": "13",
        "origin": "https://c2r8p6.42lehavre.fr:8443",
        "sec-websocket-extensions": "permessage-deflate",
        "sec-websocket-key": "+7UwbCgouVn1scgHJGErGQ==",
        "connection": "keep-alive, Upgrade",
        "cookie": "Next-Locale=en; token=eyJhbGciOiJIUzI1NiIsInR5cCI6IkpXVCJ9.eyJpZCI6NSwidXNlcm5hbWUiOiJyb2JpbjIiLCJpYXQiOjE3NTA3MjExNzV9.ZaU45UBp6U9-sMjMN9VxdUolrTcPq93Zq-9gAjFb6Ek",
        "sec-fetch-dest": "empty",
        "sec-fetch-mode": "websocket",
        "sec-fetch-site": "same-site",
        "pragma": "no-cache",
        "cache-control": "no-cache",
        "upgrade": "websocket"
      }
    }
INFO [23-06-2025 23:50:09]: incoming request
    reqId: "req-6"
    req: {
      "method": "GET",
      "url": "/wss/chat",
      "ip": "172.30.0.1",
      "headers": {
        "host": "c2r8p6.42lehavre.fr:3001",
        "user-agent": "Mozilla/5.0 (X11; Linux x86_64; rv:139.0) Gecko/20100101 Firefox/139.0",
        "accept": "*/*",
        "accept-language": "en-US,en;q=0.5",
        "accept-encoding": "gzip, deflate, br, zstd",
        "sec-websocket-version": "13",
        "origin": "https://c2r8p6.42lehavre.fr:8443",
        "sec-websocket-extensions": "permessage-deflate",
        "sec-websocket-key": "EfNYIm5sAbTISTJDvMLIlA==",
        "connection": "keep-alive, Upgrade",
        "cookie": "Next-Locale=en; token=eyJhbGciOiJIUzI1NiIsInR5cCI6IkpXVCJ9.eyJpZCI6NSwidXNlcm5hbWUiOiJyb2JpbjIiLCJpYXQiOjE3NTA3MjExNzV9.ZaU45UBp6U9-sMjMN9VxdUolrTcPq93Zq-9gAjFb6Ek",
        "sec-fetch-dest": "empty",
        "sec-fetch-mode": "websocket",
        "sec-fetch-site": "same-site",
        "pragma": "no-cache",
        "cache-control": "no-cache",
        "upgrade": "websocket"
      }
    }
INFO [23-06-2025 23:50:16]: incoming request
    reqId: "req-7"
    req: {
      "method": "GET",
      "url": "/friends",
      "ip": "172.30.0.4",
      "headers": {
        "connection": "upgrade",
        "host": "c2r8p6.42lehavre.fr",
        "x-real-ip": "172.30.0.1",
        "x-forwarded-for": "172.30.0.1",
        "x-forwarded-proto": "https",
        "sec-ch-ua-platform": "\"Linux\"",
        "user-agent": "Mozilla/5.0 (X11; Linux x86_64) AppleWebKit/537.36 (KHTML, like Gecko) Chrome/137.0.0.0 Safari/537.36",
        "sec-ch-ua": "\"Google Chrome\";v=\"137\", \"Chromium\";v=\"137\", \"Not/A)Brand\";v=\"24\"",
        "sec-ch-ua-mobile": "?0",
        "accept": "*/*",
        "sec-fetch-site": "same-origin",
        "sec-fetch-mode": "cors",
        "sec-fetch-dest": "empty",
        "referer": "https://c2r8p6.42lehavre.fr:8443/en/dashboard",
        "accept-encoding": "gzip, deflate, br, zstd",
        "accept-language": "fr-FR,fr;q=0.9,en-US;q=0.8,en;q=0.7,sq;q=0.6",
        "cookie": "Next-Locale=en; token=eyJhbGciOiJIUzI1NiIsInR5cCI6IkpXVCJ9.eyJpZCI6MSwidXNlcm5hbWUiOiJyb2JpbiIsImlhdCI6MTc1MDcxNTc4NX0.o_8NhXzWD3rilUcXPtCCy72-hWFeMavKa8FgQQ9oyFE"
      }
    }
INFO [23-06-2025 23:50:16]: incoming request
    reqId: "req-8"
    req: {
      "method": "GET",
      "url": "/profile/me",
      "ip": "172.30.0.4",
      "headers": {
        "connection": "upgrade",
        "host": "c2r8p6.42lehavre.fr",
        "x-real-ip": "172.30.0.1",
        "x-forwarded-for": "172.30.0.1",
        "x-forwarded-proto": "https",
        "sec-ch-ua-platform": "\"Linux\"",
        "user-agent": "Mozilla/5.0 (X11; Linux x86_64) AppleWebKit/537.36 (KHTML, like Gecko) Chrome/137.0.0.0 Safari/537.36",
        "accept": "application/json",
        "sec-ch-ua": "\"Google Chrome\";v=\"137\", \"Chromium\";v=\"137\", \"Not/A)Brand\";v=\"24\"",
        "sec-ch-ua-mobile": "?0",
        "sec-fetch-site": "same-origin",
        "sec-fetch-mode": "cors",
        "sec-fetch-dest": "empty",
        "referer": "https://c2r8p6.42lehavre.fr:8443/en/dashboard",
        "accept-encoding": "gzip, deflate, br, zstd",
        "accept-language": "fr-FR,fr;q=0.9,en-US;q=0.8,en;q=0.7,sq;q=0.6",
        "cookie": "Next-Locale=en; token=eyJhbGciOiJIUzI1NiIsInR5cCI6IkpXVCJ9.eyJpZCI6MSwidXNlcm5hbWUiOiJyb2JpbiIsImlhdCI6MTc1MDcxNTc4NX0.o_8NhXzWD3rilUcXPtCCy72-hWFeMavKa8FgQQ9oyFE"
      }
    }
INFO [23-06-2025 23:50:16]: request completed
    reqId: "req-7"
    res: {
      "statusCode": 200
    }
    responseTime: 11.758037984371185
INFO [23-06-2025 23:50:16]: incoming request
    reqId: "req-9"
    req: {
      "method": "GET",
      "url": "/chat/receive/private",
      "ip": "172.30.0.4",
      "headers": {
        "connection": "upgrade",
        "host": "c2r8p6.42lehavre.fr",
        "x-real-ip": "172.30.0.1",
        "x-forwarded-for": "172.30.0.1",
        "x-forwarded-proto": "https",
        "sec-ch-ua-platform": "\"Linux\"",
        "authorization": "Bearer null",
        "user-agent": "Mozilla/5.0 (X11; Linux x86_64) AppleWebKit/537.36 (KHTML, like Gecko) Chrome/137.0.0.0 Safari/537.36",
        "sec-ch-ua": "\"Google Chrome\";v=\"137\", \"Chromium\";v=\"137\", \"Not/A)Brand\";v=\"24\"",
        "content-type": "application/json",
        "sec-ch-ua-mobile": "?0",
        "accept": "*/*",
        "sec-fetch-site": "same-origin",
        "sec-fetch-mode": "cors",
        "sec-fetch-dest": "empty",
        "referer": "https://c2r8p6.42lehavre.fr:8443/en/dashboard",
        "accept-encoding": "gzip, deflate, br, zstd",
        "accept-language": "fr-FR,fr;q=0.9,en-US;q=0.8,en;q=0.7,sq;q=0.6",
        "cookie": "Next-Locale=en; token=eyJhbGciOiJIUzI1NiIsInR5cCI6IkpXVCJ9.eyJpZCI6MSwidXNlcm5hbWUiOiJyb2JpbiIsImlhdCI6MTc1MDcxNTc4NX0.o_8NhXzWD3rilUcXPtCCy72-hWFeMavKa8FgQQ9oyFE"
      }
    }
INFO [23-06-2025 23:50:16]: incoming request
    reqId: "req-a"
    req: {
      "method": "GET",
      "url": "/friends",
      "ip": "172.30.0.4",
      "headers": {
        "connection": "upgrade",
        "host": "c2r8p6.42lehavre.fr",
        "x-real-ip": "172.30.0.1",
        "x-forwarded-for": "172.30.0.1",
        "x-forwarded-proto": "https",
        "sec-ch-ua-platform": "\"Linux\"",
        "user-agent": "Mozilla/5.0 (X11; Linux x86_64) AppleWebKit/537.36 (KHTML, like Gecko) Chrome/137.0.0.0 Safari/537.36",
        "sec-ch-ua": "\"Google Chrome\";v=\"137\", \"Chromium\";v=\"137\", \"Not/A)Brand\";v=\"24\"",
        "sec-ch-ua-mobile": "?0",
        "accept": "*/*",
        "sec-fetch-site": "same-origin",
        "sec-fetch-mode": "cors",
        "sec-fetch-dest": "empty",
        "referer": "https://c2r8p6.42lehavre.fr:8443/en/dashboard",
        "accept-encoding": "gzip, deflate, br, zstd",
        "accept-language": "fr-FR,fr;q=0.9,en-US;q=0.8,en;q=0.7,sq;q=0.6",
        "cookie": "Next-Locale=en; token=eyJhbGciOiJIUzI1NiIsInR5cCI6IkpXVCJ9.eyJpZCI6MSwidXNlcm5hbWUiOiJyb2JpbiIsImlhdCI6MTc1MDcxNTc4NX0.o_8NhXzWD3rilUcXPtCCy72-hWFeMavKa8FgQQ9oyFE"
      }
    }
INFO [23-06-2025 23:50:16]: request completed
    reqId: "req-a"
    res: {
      "statusCode": 200
    }
    responseTime: 8.052106976509094
INFO [23-06-2025 23:50:16]: request completed
    reqId: "req-8"
    res: {
      "statusCode": 200
    }
    responseTime: 30.542508006095886
INFO [23-06-2025 23:50:16]: incoming request
    reqId: "req-b"
    req: {
      "method": "GET",
      "url": "/wss/chat",
      "ip": "172.30.0.1",
      "headers": {
        "host": "c2r8p6.42lehavre.fr:3001",
        "connection": "Upgrade",
        "pragma": "no-cache",
        "cache-control": "no-cache",
        "user-agent": "Mozilla/5.0 (X11; Linux x86_64) AppleWebKit/537.36 (KHTML, like Gecko) Chrome/137.0.0.0 Safari/537.36",
        "upgrade": "websocket",
        "origin": "https://c2r8p6.42lehavre.fr:8443",
        "sec-websocket-version": "13",
        "accept-encoding": "gzip, deflate, br, zstd",
        "accept-language": "fr-FR,fr;q=0.9,en-US;q=0.8,en;q=0.7,sq;q=0.6",
        "cookie": "Next-Locale=en; token=eyJhbGciOiJIUzI1NiIsInR5cCI6IkpXVCJ9.eyJpZCI6MSwidXNlcm5hbWUiOiJyb2JpbiIsImlhdCI6MTc1MDcxNTc4NX0.o_8NhXzWD3rilUcXPtCCy72-hWFeMavKa8FgQQ9oyFE",
        "sec-websocket-key": "ykKC0eVlFKwooSLvWExrdg==",
        "sec-websocket-extensions": "permessage-deflate; client_max_window_bits"
      }
    }
INFO [23-06-2025 23:50:16]: incoming request
    reqId: "req-c"
    req: {
      "method": "GET",
      "url": "/profile/me",
      "ip": "172.30.0.4",
      "headers": {
        "connection": "upgrade",
        "host": "c2r8p6.42lehavre.fr",
        "x-real-ip": "172.30.0.1",
        "x-forwarded-for": "172.30.0.1",
        "x-forwarded-proto": "https",
        "sec-ch-ua-platform": "\"Linux\"",
        "user-agent": "Mozilla/5.0 (X11; Linux x86_64) AppleWebKit/537.36 (KHTML, like Gecko) Chrome/137.0.0.0 Safari/537.36",
        "accept": "application/json",
        "sec-ch-ua": "\"Google Chrome\";v=\"137\", \"Chromium\";v=\"137\", \"Not/A)Brand\";v=\"24\"",
        "sec-ch-ua-mobile": "?0",
        "sec-fetch-site": "same-origin",
        "sec-fetch-mode": "cors",
        "sec-fetch-dest": "empty",
        "referer": "https://c2r8p6.42lehavre.fr:8443/en/dashboard",
        "accept-encoding": "gzip, deflate, br, zstd",
        "accept-language": "fr-FR,fr;q=0.9,en-US;q=0.8,en;q=0.7,sq;q=0.6",
        "cookie": "Next-Locale=en; token=eyJhbGciOiJIUzI1NiIsInR5cCI6IkpXVCJ9.eyJpZCI6MSwidXNlcm5hbWUiOiJyb2JpbiIsImlhdCI6MTc1MDcxNTc4NX0.o_8NhXzWD3rilUcXPtCCy72-hWFeMavKa8FgQQ9oyFE"
      }
    }
INFO [23-06-2025 23:50:16]: request completed
    reqId: "req-c"
    res: {
      "statusCode": 200
    }
    responseTime: 3.783330976963043
INFO [23-06-2025 23:50:16]: incoming request
    reqId: "req-d"
    req: {
      "method": "GET",
      "url": "/profile/me",
      "ip": "172.30.0.4",
      "headers": {
        "connection": "upgrade",
        "host": "c2r8p6.42lehavre.fr",
        "x-real-ip": "172.30.0.1",
        "x-forwarded-for": "172.30.0.1",
        "x-forwarded-proto": "https",
        "sec-ch-ua-platform": "\"Linux\"",
        "user-agent": "Mozilla/5.0 (X11; Linux x86_64) AppleWebKit/537.36 (KHTML, like Gecko) Chrome/137.0.0.0 Safari/537.36",
        "accept": "application/json",
        "sec-ch-ua": "\"Google Chrome\";v=\"137\", \"Chromium\";v=\"137\", \"Not/A)Brand\";v=\"24\"",
        "sec-ch-ua-mobile": "?0",
        "sec-fetch-site": "same-origin",
        "sec-fetch-mode": "cors",
        "sec-fetch-dest": "empty",
        "referer": "https://c2r8p6.42lehavre.fr:8443/en/dashboard",
        "accept-encoding": "gzip, deflate, br, zstd",
        "accept-language": "fr-FR,fr;q=0.9,en-US;q=0.8,en;q=0.7,sq;q=0.6",
        "cookie": "Next-Locale=en; token=eyJhbGciOiJIUzI1NiIsInR5cCI6IkpXVCJ9.eyJpZCI6MSwidXNlcm5hbWUiOiJyb2JpbiIsImlhdCI6MTc1MDcxNTc4NX0.o_8NhXzWD3rilUcXPtCCy72-hWFeMavKa8FgQQ9oyFE"
      }
    }
INFO [23-06-2025 23:50:16]: request completed
    reqId: "req-d"
    res: {
      "statusCode": 200
    }
    responseTime: 4.090746998786926
INFO [23-06-2025 23:50:16]: incoming request
    reqId: "req-e"
    req: {
      "method": "GET",
      "url": "/profile/me",
      "ip": "172.30.0.4",
      "headers": {
        "connection": "upgrade",
        "host": "c2r8p6.42lehavre.fr",
        "x-real-ip": "172.30.0.1",
        "x-forwarded-for": "172.30.0.1",
        "x-forwarded-proto": "https",
        "sec-ch-ua-platform": "\"Linux\"",
        "user-agent": "Mozilla/5.0 (X11; Linux x86_64) AppleWebKit/537.36 (KHTML, like Gecko) Chrome/137.0.0.0 Safari/537.36",
        "accept": "application/json",
        "sec-ch-ua": "\"Google Chrome\";v=\"137\", \"Chromium\";v=\"137\", \"Not/A)Brand\";v=\"24\"",
        "sec-ch-ua-mobile": "?0",
        "sec-fetch-site": "same-origin",
        "sec-fetch-mode": "cors",
        "sec-fetch-dest": "empty",
        "referer": "https://c2r8p6.42lehavre.fr:8443/en/dashboard",
        "accept-encoding": "gzip, deflate, br, zstd",
        "accept-language": "fr-FR,fr;q=0.9,en-US;q=0.8,en;q=0.7,sq;q=0.6",
        "cookie": "Next-Locale=en; token=eyJhbGciOiJIUzI1NiIsInR5cCI6IkpXVCJ9.eyJpZCI6MSwidXNlcm5hbWUiOiJyb2JpbiIsImlhdCI6MTc1MDcxNTc4NX0.o_8NhXzWD3rilUcXPtCCy72-hWFeMavKa8FgQQ9oyFE"
      }
    }
INFO [23-06-2025 23:50:16]: request completed
    reqId: "req-9"
    res: {
      "statusCode": 200
    }
    responseTime: 39.370030999183655
INFO [23-06-2025 23:50:16]: request completed
    reqId: "req-e"
    res: {
      "statusCode": 200
    }
    responseTime: 5.767107009887695
INFO [23-06-2025 23:50:16]: incoming request
    reqId: "req-f"
    req: {
      "method": "GET",
      "url": "/chat/receive/private",
      "ip": "172.30.0.4",
      "headers": {
        "connection": "upgrade",
        "host": "c2r8p6.42lehavre.fr",
        "x-real-ip": "172.30.0.1",
        "x-forwarded-for": "172.30.0.1",
        "x-forwarded-proto": "https",
        "sec-ch-ua-platform": "\"Linux\"",
        "authorization": "Bearer null",
        "user-agent": "Mozilla/5.0 (X11; Linux x86_64) AppleWebKit/537.36 (KHTML, like Gecko) Chrome/137.0.0.0 Safari/537.36",
        "sec-ch-ua": "\"Google Chrome\";v=\"137\", \"Chromium\";v=\"137\", \"Not/A)Brand\";v=\"24\"",
        "content-type": "application/json",
        "sec-ch-ua-mobile": "?0",
        "accept": "*/*",
        "sec-fetch-site": "same-origin",
        "sec-fetch-mode": "cors",
        "sec-fetch-dest": "empty",
        "referer": "https://c2r8p6.42lehavre.fr:8443/en/dashboard",
        "accept-encoding": "gzip, deflate, br, zstd",
        "accept-language": "fr-FR,fr;q=0.9,en-US;q=0.8,en;q=0.7,sq;q=0.6",
        "cookie": "Next-Locale=en; token=eyJhbGciOiJIUzI1NiIsInR5cCI6IkpXVCJ9.eyJpZCI6MSwidXNlcm5hbWUiOiJyb2JpbiIsImlhdCI6MTc1MDcxNTc4NX0.o_8NhXzWD3rilUcXPtCCy72-hWFeMavKa8FgQQ9oyFE"
      }
    }
INFO [23-06-2025 23:50:16]: incoming request
    reqId: "req-g"
    req: {
      "method": "GET",
      "url": "/friends/pending",
      "ip": "172.30.0.4",
      "headers": {
        "connection": "upgrade",
        "host": "c2r8p6.42lehavre.fr",
        "x-real-ip": "172.30.0.1",
        "x-forwarded-for": "172.30.0.1",
        "x-forwarded-proto": "https",
        "sec-ch-ua-platform": "\"Linux\"",
        "user-agent": "Mozilla/5.0 (X11; Linux x86_64) AppleWebKit/537.36 (KHTML, like Gecko) Chrome/137.0.0.0 Safari/537.36",
        "sec-ch-ua": "\"Google Chrome\";v=\"137\", \"Chromium\";v=\"137\", \"Not/A)Brand\";v=\"24\"",
        "sec-ch-ua-mobile": "?0",
        "accept": "*/*",
        "sec-fetch-site": "same-origin",
        "sec-fetch-mode": "cors",
        "sec-fetch-dest": "empty",
        "referer": "https://c2r8p6.42lehavre.fr:8443/en/dashboard",
        "accept-encoding": "gzip, deflate, br, zstd",
        "accept-language": "fr-FR,fr;q=0.9,en-US;q=0.8,en;q=0.7,sq;q=0.6",
        "cookie": "Next-Locale=en; token=eyJhbGciOiJIUzI1NiIsInR5cCI6IkpXVCJ9.eyJpZCI6MSwidXNlcm5hbWUiOiJyb2JpbiIsImlhdCI6MTc1MDcxNTc4NX0.o_8NhXzWD3rilUcXPtCCy72-hWFeMavKa8FgQQ9oyFE"
      }
    }
INFO [23-06-2025 23:50:16]: request completed
    reqId: "req-f"
    res: {
      "statusCode": 200
    }
    responseTime: 4.841870009899139
INFO [23-06-2025 23:50:16]: request completed
    reqId: "req-g"
    res: {
      "statusCode": 200
    }
    responseTime: 11.635160028934479
INFO [23-06-2025 23:50:16]: incoming request
    reqId: "req-h"
    req: {
      "method": "GET",
      "url": "/wss/friends",
      "ip": "172.30.0.1",
      "headers": {
        "host": "c2r8p6.42lehavre.fr:3001",
        "connection": "Upgrade",
        "pragma": "no-cache",
        "cache-control": "no-cache",
        "user-agent": "Mozilla/5.0 (X11; Linux x86_64) AppleWebKit/537.36 (KHTML, like Gecko) Chrome/137.0.0.0 Safari/537.36",
        "upgrade": "websocket",
        "origin": "https://c2r8p6.42lehavre.fr:8443",
        "sec-websocket-version": "13",
        "accept-encoding": "gzip, deflate, br, zstd",
        "accept-language": "fr-FR,fr;q=0.9,en-US;q=0.8,en;q=0.7,sq;q=0.6",
        "cookie": "Next-Locale=en; token=eyJhbGciOiJIUzI1NiIsInR5cCI6IkpXVCJ9.eyJpZCI6MSwidXNlcm5hbWUiOiJyb2JpbiIsImlhdCI6MTc1MDcxNTc4NX0.o_8NhXzWD3rilUcXPtCCy72-hWFeMavKa8FgQQ9oyFE",
        "sec-websocket-key": "SgnKlzza/LG4U79Cci2ZhA==",
        "sec-websocket-extensions": "permessage-deflate; client_max_window_bits"
      }
    }
INFO [23-06-2025 23:50:16]: incoming request
    reqId: "req-i"
    req: {
      "method": "GET",
      "url": "/friends/pending",
      "ip": "172.30.0.4",
      "headers": {
        "connection": "upgrade",
        "host": "c2r8p6.42lehavre.fr",
        "x-real-ip": "172.30.0.1",
        "x-forwarded-for": "172.30.0.1",
        "x-forwarded-proto": "https",
        "sec-ch-ua-platform": "\"Linux\"",
        "user-agent": "Mozilla/5.0 (X11; Linux x86_64) AppleWebKit/537.36 (KHTML, like Gecko) Chrome/137.0.0.0 Safari/537.36",
        "sec-ch-ua": "\"Google Chrome\";v=\"137\", \"Chromium\";v=\"137\", \"Not/A)Brand\";v=\"24\"",
        "sec-ch-ua-mobile": "?0",
        "accept": "*/*",
        "sec-fetch-site": "same-origin",
        "sec-fetch-mode": "cors",
        "sec-fetch-dest": "empty",
        "referer": "https://c2r8p6.42lehavre.fr:8443/en/dashboard",
        "accept-encoding": "gzip, deflate, br, zstd",
        "accept-language": "fr-FR,fr;q=0.9,en-US;q=0.8,en;q=0.7,sq;q=0.6",
        "cookie": "Next-Locale=en; token=eyJhbGciOiJIUzI1NiIsInR5cCI6IkpXVCJ9.eyJpZCI6MSwidXNlcm5hbWUiOiJyb2JpbiIsImlhdCI6MTc1MDcxNTc4NX0.o_8NhXzWD3rilUcXPtCCy72-hWFeMavKa8FgQQ9oyFE"
      }
    }
INFO [23-06-2025 23:50:16]: request completed
    reqId: "req-i"
    res: {
      "statusCode": 200
    }
    responseTime: 5.7220839858055115
INFO [23-06-2025 23:50:16]: incoming request
    reqId: "req-j"
    req: {
      "method": "GET",
      "url": "/wss/chat",
      "ip": "172.30.0.1",
      "headers": {
        "host": "c2r8p6.42lehavre.fr:3001",
        "connection": "Upgrade",
        "pragma": "no-cache",
        "cache-control": "no-cache",
        "user-agent": "Mozilla/5.0 (X11; Linux x86_64) AppleWebKit/537.36 (KHTML, like Gecko) Chrome/137.0.0.0 Safari/537.36",
        "upgrade": "websocket",
        "origin": "https://c2r8p6.42lehavre.fr:8443",
        "sec-websocket-version": "13",
        "accept-encoding": "gzip, deflate, br, zstd",
        "accept-language": "fr-FR,fr;q=0.9,en-US;q=0.8,en;q=0.7,sq;q=0.6",
        "cookie": "Next-Locale=en; token=eyJhbGciOiJIUzI1NiIsInR5cCI6IkpXVCJ9.eyJpZCI6MSwidXNlcm5hbWUiOiJyb2JpbiIsImlhdCI6MTc1MDcxNTc4NX0.o_8NhXzWD3rilUcXPtCCy72-hWFeMavKa8FgQQ9oyFE",
        "sec-websocket-key": "c/7SfPxZeIj9ijLDS0qtiQ==",
        "sec-websocket-extensions": "permessage-deflate; client_max_window_bits"
      }
    }
INFO [23-06-2025 23:50:16]: incoming request
    reqId: "req-k"
    req: {
      "method": "GET",
      "url": "/wss/friends",
      "ip": "172.30.0.1",
      "headers": {
        "host": "c2r8p6.42lehavre.fr:3001",
        "connection": "Upgrade",
        "pragma": "no-cache",
        "cache-control": "no-cache",
        "user-agent": "Mozilla/5.0 (X11; Linux x86_64) AppleWebKit/537.36 (KHTML, like Gecko) Chrome/137.0.0.0 Safari/537.36",
        "upgrade": "websocket",
        "origin": "https://c2r8p6.42lehavre.fr:8443",
        "sec-websocket-version": "13",
        "accept-encoding": "gzip, deflate, br, zstd",
        "accept-language": "fr-FR,fr;q=0.9,en-US;q=0.8,en;q=0.7,sq;q=0.6",
        "cookie": "Next-Locale=en; token=eyJhbGciOiJIUzI1NiIsInR5cCI6IkpXVCJ9.eyJpZCI6MSwidXNlcm5hbWUiOiJyb2JpbiIsImlhdCI6MTc1MDcxNTc4NX0.o_8NhXzWD3rilUcXPtCCy72-hWFeMavKa8FgQQ9oyFE",
        "sec-websocket-key": "rhiyGzZ3BpOAkhugM9tL8g==",
        "sec-websocket-extensions": "permessage-deflate; client_max_window_bits"
      }
    }
INFO [23-06-2025 23:50:46]: incoming request
    reqId: "req-l"
    req: {
      "method": "GET",
      "url": "/friends",
      "ip": "172.30.0.4",
      "headers": {
        "connection": "upgrade",
        "host": "c2r8p6.42lehavre.fr",
        "x-real-ip": "172.30.0.1",
        "x-forwarded-for": "172.30.0.1",
        "x-forwarded-proto": "https",
        "sec-ch-ua-platform": "\"Linux\"",
        "user-agent": "Mozilla/5.0 (X11; Linux x86_64) AppleWebKit/537.36 (KHTML, like Gecko) Chrome/137.0.0.0 Safari/537.36",
        "sec-ch-ua": "\"Google Chrome\";v=\"137\", \"Chromium\";v=\"137\", \"Not/A)Brand\";v=\"24\"",
        "sec-ch-ua-mobile": "?0",
        "accept": "*/*",
        "sec-fetch-site": "same-origin",
        "sec-fetch-mode": "cors",
        "sec-fetch-dest": "empty",
        "referer": "https://c2r8p6.42lehavre.fr:8443/en/dashboard",
        "accept-encoding": "gzip, deflate, br, zstd",
        "accept-language": "fr-FR,fr;q=0.9,en-US;q=0.8,en;q=0.7,sq;q=0.6",
        "cookie": "Next-Locale=en; token=eyJhbGciOiJIUzI1NiIsInR5cCI6IkpXVCJ9.eyJpZCI6MSwidXNlcm5hbWUiOiJyb2JpbiIsImlhdCI6MTc1MDcxNTc4NX0.o_8NhXzWD3rilUcXPtCCy72-hWFeMavKa8FgQQ9oyFE"
      }
    }
INFO [23-06-2025 23:50:46]: request completed
    reqId: "req-l"
    res: {
      "statusCode": 200
    }
    responseTime: 3.2660849690437317
INFO [23-06-2025 23:50:46]: incoming request
    reqId: "req-m"
    req: {
      "method": "GET",
      "url": "/friends",
      "ip": "172.30.0.4",
      "headers": {
        "connection": "upgrade",
        "host": "c2r8p6.42lehavre.fr",
        "x-real-ip": "172.30.0.1",
        "x-forwarded-for": "172.30.0.1",
        "x-forwarded-proto": "https",
        "sec-ch-ua-platform": "\"Linux\"",
        "user-agent": "Mozilla/5.0 (X11; Linux x86_64) AppleWebKit/537.36 (KHTML, like Gecko) Chrome/137.0.0.0 Safari/537.36",
        "sec-ch-ua": "\"Google Chrome\";v=\"137\", \"Chromium\";v=\"137\", \"Not/A)Brand\";v=\"24\"",
        "sec-ch-ua-mobile": "?0",
        "accept": "*/*",
        "sec-fetch-site": "same-origin",
        "sec-fetch-mode": "cors",
        "sec-fetch-dest": "empty",
        "referer": "https://c2r8p6.42lehavre.fr:8443/en/dashboard",
        "accept-encoding": "gzip, deflate, br, zstd",
        "accept-language": "fr-FR,fr;q=0.9,en-US;q=0.8,en;q=0.7,sq;q=0.6",
        "cookie": "Next-Locale=en; token=eyJhbGciOiJIUzI1NiIsInR5cCI6IkpXVCJ9.eyJpZCI6MSwidXNlcm5hbWUiOiJyb2JpbiIsImlhdCI6MTc1MDcxNTc4NX0.o_8NhXzWD3rilUcXPtCCy72-hWFeMavKa8FgQQ9oyFE"
      }
    }
INFO [23-06-2025 23:50:46]: request completed
    reqId: "req-m"
    res: {
      "statusCode": 200
    }
    responseTime: 3.0121440291404724
INFO [23-06-2025 23:50:46]: incoming request
    reqId: "req-n"
    req: {
      "method": "GET",
      "url": "/profile/me",
      "ip": "172.30.0.4",
      "headers": {
        "connection": "upgrade",
        "host": "c2r8p6.42lehavre.fr",
        "x-real-ip": "172.30.0.1",
        "x-forwarded-for": "172.30.0.1",
        "x-forwarded-proto": "https",
        "user-agent": "Mozilla/5.0 (X11; Linux x86_64; rv:139.0) Gecko/20100101 Firefox/139.0",
        "accept": "application/json",
        "accept-language": "en-US,en;q=0.5",
        "accept-encoding": "gzip, deflate, br, zstd",
        "referer": "https://c2r8p6.42lehavre.fr:8443/en/dashboard",
        "cookie": "Next-Locale=en; token=eyJhbGciOiJIUzI1NiIsInR5cCI6IkpXVCJ9.eyJpZCI6NSwidXNlcm5hbWUiOiJyb2JpbjIiLCJpYXQiOjE3NTA3MjExNzV9.ZaU45UBp6U9-sMjMN9VxdUolrTcPq93Zq-9gAjFb6Ek",
        "sec-fetch-dest": "empty",
        "sec-fetch-mode": "cors",
        "sec-fetch-site": "same-origin",
        "priority": "u=4"
      }
    }
INFO [23-06-2025 23:50:46]: incoming request
    reqId: "req-o"
    req: {
      "method": "GET",
      "url": "/friends",
      "ip": "172.30.0.4",
      "headers": {
        "connection": "upgrade",
        "host": "c2r8p6.42lehavre.fr",
        "x-real-ip": "172.30.0.1",
        "x-forwarded-for": "172.30.0.1",
        "x-forwarded-proto": "https",
        "user-agent": "Mozilla/5.0 (X11; Linux x86_64; rv:139.0) Gecko/20100101 Firefox/139.0",
        "accept": "*/*",
        "accept-language": "en-US,en;q=0.5",
        "accept-encoding": "gzip, deflate, br, zstd",
        "referer": "https://c2r8p6.42lehavre.fr:8443/en/dashboard",
        "cookie": "Next-Locale=en; token=eyJhbGciOiJIUzI1NiIsInR5cCI6IkpXVCJ9.eyJpZCI6NSwidXNlcm5hbWUiOiJyb2JpbjIiLCJpYXQiOjE3NTA3MjExNzV9.ZaU45UBp6U9-sMjMN9VxdUolrTcPq93Zq-9gAjFb6Ek",
        "sec-fetch-dest": "empty",
        "sec-fetch-mode": "cors",
        "sec-fetch-site": "same-origin",
        "priority": "u=4"
      }
    }
INFO [23-06-2025 23:50:46]: request completed
    reqId: "req-n"
    res: {
      "statusCode": 200
    }
    responseTime: 4.500289022922516
INFO [23-06-2025 23:50:46]: request completed
    reqId: "req-o"
    res: {
      "statusCode": 200
    }
    responseTime: 4.8811269998550415
INFO [23-06-2025 23:50:46]: incoming request
    reqId: "req-p"
    req: {
      "method": "GET",
      "url": "/chat/receive/private",
      "ip": "172.30.0.4",
      "headers": {
        "connection": "upgrade",
        "host": "c2r8p6.42lehavre.fr",
        "x-real-ip": "172.30.0.1",
        "x-forwarded-for": "172.30.0.1",
        "x-forwarded-proto": "https",
        "user-agent": "Mozilla/5.0 (X11; Linux x86_64; rv:139.0) Gecko/20100101 Firefox/139.0",
        "accept": "*/*",
        "accept-language": "en-US,en;q=0.5",
        "accept-encoding": "gzip, deflate, br, zstd",
        "referer": "https://c2r8p6.42lehavre.fr:8443/en/dashboard",
        "content-type": "application/json",
        "authorization": "Bearer null",
        "cookie": "Next-Locale=en; token=eyJhbGciOiJIUzI1NiIsInR5cCI6IkpXVCJ9.eyJpZCI6NSwidXNlcm5hbWUiOiJyb2JpbjIiLCJpYXQiOjE3NTA3MjExNzV9.ZaU45UBp6U9-sMjMN9VxdUolrTcPq93Zq-9gAjFb6Ek",
        "sec-fetch-dest": "empty",
        "sec-fetch-mode": "cors",
        "sec-fetch-site": "same-origin",
        "priority": "u=4"
      }
    }
INFO [23-06-2025 23:50:46]: incoming request
    reqId: "req-q"
    req: {
      "method": "GET",
      "url": "/profile/me",
      "ip": "172.30.0.4",
      "headers": {
        "connection": "upgrade",
        "host": "c2r8p6.42lehavre.fr",
        "x-real-ip": "172.30.0.1",
        "x-forwarded-for": "172.30.0.1",
        "x-forwarded-proto": "https",
        "user-agent": "Mozilla/5.0 (X11; Linux x86_64; rv:139.0) Gecko/20100101 Firefox/139.0",
        "accept": "application/json",
        "accept-language": "en-US,en;q=0.5",
        "accept-encoding": "gzip, deflate, br, zstd",
        "referer": "https://c2r8p6.42lehavre.fr:8443/en/dashboard",
        "cookie": "Next-Locale=en; token=eyJhbGciOiJIUzI1NiIsInR5cCI6IkpXVCJ9.eyJpZCI6NSwidXNlcm5hbWUiOiJyb2JpbjIiLCJpYXQiOjE3NTA3MjExNzV9.ZaU45UBp6U9-sMjMN9VxdUolrTcPq93Zq-9gAjFb6Ek",
        "sec-fetch-dest": "empty",
        "sec-fetch-mode": "cors",
        "sec-fetch-site": "same-origin",
        "priority": "u=4"
      }
    }
INFO [23-06-2025 23:50:46]: incoming request
    reqId: "req-r"
    req: {
      "method": "GET",
      "url": "/friends",
      "ip": "172.30.0.4",
      "headers": {
        "connection": "upgrade",
        "host": "c2r8p6.42lehavre.fr",
        "x-real-ip": "172.30.0.1",
        "x-forwarded-for": "172.30.0.1",
        "x-forwarded-proto": "https",
        "user-agent": "Mozilla/5.0 (X11; Linux x86_64; rv:139.0) Gecko/20100101 Firefox/139.0",
        "accept": "*/*",
        "accept-language": "en-US,en;q=0.5",
        "accept-encoding": "gzip, deflate, br, zstd",
        "referer": "https://c2r8p6.42lehavre.fr:8443/en/dashboard",
        "cookie": "Next-Locale=en; token=eyJhbGciOiJIUzI1NiIsInR5cCI6IkpXVCJ9.eyJpZCI6NSwidXNlcm5hbWUiOiJyb2JpbjIiLCJpYXQiOjE3NTA3MjExNzV9.ZaU45UBp6U9-sMjMN9VxdUolrTcPq93Zq-9gAjFb6Ek",
        "sec-fetch-dest": "empty",
        "sec-fetch-mode": "cors",
        "sec-fetch-site": "same-origin",
        "priority": "u=4"
      }
    }
INFO [23-06-2025 23:50:46]: request completed
    reqId: "req-p"
    res: {
      "statusCode": 200
    }
    responseTime: 7.137093007564545
INFO [23-06-2025 23:50:46]: incoming request
    reqId: "req-s"
    req: {
      "method": "GET",
      "url": "/chat/receive/private",
      "ip": "172.30.0.4",
      "headers": {
        "connection": "upgrade",
        "host": "c2r8p6.42lehavre.fr",
        "x-real-ip": "172.30.0.1",
        "x-forwarded-for": "172.30.0.1",
        "x-forwarded-proto": "https",
        "user-agent": "Mozilla/5.0 (X11; Linux x86_64; rv:139.0) Gecko/20100101 Firefox/139.0",
        "accept": "*/*",
        "accept-language": "en-US,en;q=0.5",
        "accept-encoding": "gzip, deflate, br, zstd",
        "referer": "https://c2r8p6.42lehavre.fr:8443/en/dashboard",
        "content-type": "application/json",
        "authorization": "Bearer null",
        "cookie": "Next-Locale=en; token=eyJhbGciOiJIUzI1NiIsInR5cCI6IkpXVCJ9.eyJpZCI6NSwidXNlcm5hbWUiOiJyb2JpbjIiLCJpYXQiOjE3NTA3MjExNzV9.ZaU45UBp6U9-sMjMN9VxdUolrTcPq93Zq-9gAjFb6Ek",
        "sec-fetch-dest": "empty",
        "sec-fetch-mode": "cors",
        "sec-fetch-site": "same-origin",
        "priority": "u=4"
      }
    }
INFO [23-06-2025 23:50:46]: request completed
    reqId: "req-q"
    res: {
      "statusCode": 200
    }
    responseTime: 6.176688969135284
INFO [23-06-2025 23:50:46]: request completed
    reqId: "req-s"
    res: {
      "statusCode": 200
    }
    responseTime: 5.7569420337677
INFO [23-06-2025 23:50:46]: request completed
    reqId: "req-r"
    res: {
      "statusCode": 200
    }
    responseTime: 9.677711009979248
INFO [23-06-2025 23:50:46]: incoming request
    reqId: "req-t"
    req: {
      "method": "GET",
      "url": "/profile/me",
      "ip": "172.30.0.4",
      "headers": {
        "connection": "upgrade",
        "host": "c2r8p6.42lehavre.fr",
        "x-real-ip": "172.30.0.1",
        "x-forwarded-for": "172.30.0.1",
        "x-forwarded-proto": "https",
        "user-agent": "Mozilla/5.0 (X11; Linux x86_64; rv:139.0) Gecko/20100101 Firefox/139.0",
        "accept": "application/json",
        "accept-language": "en-US,en;q=0.5",
        "accept-encoding": "gzip, deflate, br, zstd",
        "referer": "https://c2r8p6.42lehavre.fr:8443/en/dashboard",
        "cookie": "Next-Locale=en; token=eyJhbGciOiJIUzI1NiIsInR5cCI6IkpXVCJ9.eyJpZCI6NSwidXNlcm5hbWUiOiJyb2JpbjIiLCJpYXQiOjE3NTA3MjExNzV9.ZaU45UBp6U9-sMjMN9VxdUolrTcPq93Zq-9gAjFb6Ek",
        "sec-fetch-dest": "empty",
        "sec-fetch-mode": "cors",
        "sec-fetch-site": "same-origin",
        "priority": "u=4"
      }
    }
INFO [23-06-2025 23:50:46]: incoming request
    reqId: "req-u"
    req: {
      "method": "GET",
      "url": "/profile/me",
      "ip": "172.30.0.4",
      "headers": {
        "connection": "upgrade",
        "host": "c2r8p6.42lehavre.fr",
        "x-real-ip": "172.30.0.1",
        "x-forwarded-for": "172.30.0.1",
        "x-forwarded-proto": "https",
        "user-agent": "Mozilla/5.0 (X11; Linux x86_64; rv:139.0) Gecko/20100101 Firefox/139.0",
        "accept": "application/json",
        "accept-language": "en-US,en;q=0.5",
        "accept-encoding": "gzip, deflate, br, zstd",
        "referer": "https://c2r8p6.42lehavre.fr:8443/en/dashboard",
        "cookie": "Next-Locale=en; token=eyJhbGciOiJIUzI1NiIsInR5cCI6IkpXVCJ9.eyJpZCI6NSwidXNlcm5hbWUiOiJyb2JpbjIiLCJpYXQiOjE3NTA3MjExNzV9.ZaU45UBp6U9-sMjMN9VxdUolrTcPq93Zq-9gAjFb6Ek",
        "sec-fetch-dest": "empty",
        "sec-fetch-mode": "cors",
        "sec-fetch-site": "same-origin",
        "priority": "u=4"
      }
    }
INFO [23-06-2025 23:50:46]: request completed
    reqId: "req-t"
    res: {
      "statusCode": 200
    }
    responseTime: 2.733563005924225
INFO [23-06-2025 23:50:46]: request completed
    reqId: "req-u"
    res: {
      "statusCode": 200
    }
    responseTime: 5.294632971286774
INFO [23-06-2025 23:50:46]: incoming request
    reqId: "req-v"
    req: {
      "method": "GET",
      "url": "/friends/pending",
      "ip": "172.30.0.4",
      "headers": {
        "connection": "upgrade",
        "host": "c2r8p6.42lehavre.fr",
        "x-real-ip": "172.30.0.1",
        "x-forwarded-for": "172.30.0.1",
        "x-forwarded-proto": "https",
        "user-agent": "Mozilla/5.0 (X11; Linux x86_64; rv:139.0) Gecko/20100101 Firefox/139.0",
        "accept": "*/*",
        "accept-language": "en-US,en;q=0.5",
        "accept-encoding": "gzip, deflate, br, zstd",
        "referer": "https://c2r8p6.42lehavre.fr:8443/en/dashboard",
        "cookie": "Next-Locale=en; token=eyJhbGciOiJIUzI1NiIsInR5cCI6IkpXVCJ9.eyJpZCI6NSwidXNlcm5hbWUiOiJyb2JpbjIiLCJpYXQiOjE3NTA3MjExNzV9.ZaU45UBp6U9-sMjMN9VxdUolrTcPq93Zq-9gAjFb6Ek",
        "sec-fetch-dest": "empty",
        "sec-fetch-mode": "cors",
        "sec-fetch-site": "same-origin",
        "priority": "u=4"
      }
    }
INFO [23-06-2025 23:50:46]: incoming request
    reqId: "req-w"
    req: {
      "method": "GET",
      "url": "/friends/pending",
      "ip": "172.30.0.4",
      "headers": {
        "connection": "upgrade",
        "host": "c2r8p6.42lehavre.fr",
        "x-real-ip": "172.30.0.1",
        "x-forwarded-for": "172.30.0.1",
        "x-forwarded-proto": "https",
        "user-agent": "Mozilla/5.0 (X11; Linux x86_64; rv:139.0) Gecko/20100101 Firefox/139.0",
        "accept": "*/*",
        "accept-language": "en-US,en;q=0.5",
        "accept-encoding": "gzip, deflate, br, zstd",
        "referer": "https://c2r8p6.42lehavre.fr:8443/en/dashboard",
        "cookie": "Next-Locale=en; token=eyJhbGciOiJIUzI1NiIsInR5cCI6IkpXVCJ9.eyJpZCI6NSwidXNlcm5hbWUiOiJyb2JpbjIiLCJpYXQiOjE3NTA3MjExNzV9.ZaU45UBp6U9-sMjMN9VxdUolrTcPq93Zq-9gAjFb6Ek",
        "sec-fetch-dest": "empty",
        "sec-fetch-mode": "cors",
        "sec-fetch-site": "same-origin",
        "priority": "u=4"
      }
    }
INFO [23-06-2025 23:50:46]: request completed
    reqId: "req-v"
    res: {
      "statusCode": 200
    }
    responseTime: 3.5855250358581543
INFO [23-06-2025 23:50:46]: request completed
    reqId: "req-w"
    res: {
      "statusCode": 200
    }
    responseTime: 7.220490038394928
INFO [23-06-2025 23:50:46]: incoming request
    reqId: "req-x"
    req: {
      "method": "GET",
      "url": "/wss/chat",
      "ip": "172.30.0.1",
      "headers": {
        "host": "c2r8p6.42lehavre.fr:3001",
        "user-agent": "Mozilla/5.0 (X11; Linux x86_64; rv:139.0) Gecko/20100101 Firefox/139.0",
        "accept": "*/*",
        "accept-language": "en-US,en;q=0.5",
        "accept-encoding": "gzip, deflate, br, zstd",
        "sec-websocket-version": "13",
        "origin": "https://c2r8p6.42lehavre.fr:8443",
        "sec-websocket-extensions": "permessage-deflate",
        "sec-websocket-key": "zC0hbjWYKMtpxugGJSjfmQ==",
        "connection": "keep-alive, Upgrade",
        "cookie": "Next-Locale=en; token=eyJhbGciOiJIUzI1NiIsInR5cCI6IkpXVCJ9.eyJpZCI6NSwidXNlcm5hbWUiOiJyb2JpbjIiLCJpYXQiOjE3NTA3MjExNzV9.ZaU45UBp6U9-sMjMN9VxdUolrTcPq93Zq-9gAjFb6Ek",
        "sec-fetch-dest": "empty",
        "sec-fetch-mode": "websocket",
        "sec-fetch-site": "same-site",
        "pragma": "no-cache",
        "cache-control": "no-cache",
        "upgrade": "websocket"
      }
    }
INFO [23-06-2025 23:50:46]: incoming request
    reqId: "req-y"
    req: {
      "method": "GET",
      "url": "/wss/chat",
      "ip": "172.30.0.1",
      "headers": {
        "host": "c2r8p6.42lehavre.fr:3001",
        "user-agent": "Mozilla/5.0 (X11; Linux x86_64; rv:139.0) Gecko/20100101 Firefox/139.0",
        "accept": "*/*",
        "accept-language": "en-US,en;q=0.5",
        "accept-encoding": "gzip, deflate, br, zstd",
        "sec-websocket-version": "13",
        "origin": "https://c2r8p6.42lehavre.fr:8443",
        "sec-websocket-extensions": "permessage-deflate",
        "sec-websocket-key": "VEOituXO1Z1LkTnNfnJwNQ==",
        "connection": "keep-alive, Upgrade",
        "cookie": "Next-Locale=en; token=eyJhbGciOiJIUzI1NiIsInR5cCI6IkpXVCJ9.eyJpZCI6NSwidXNlcm5hbWUiOiJyb2JpbjIiLCJpYXQiOjE3NTA3MjExNzV9.ZaU45UBp6U9-sMjMN9VxdUolrTcPq93Zq-9gAjFb6Ek",
        "sec-fetch-dest": "empty",
        "sec-fetch-mode": "websocket",
        "sec-fetch-site": "same-site",
        "pragma": "no-cache",
        "cache-control": "no-cache",
        "upgrade": "websocket"
      }
    }
INFO [23-06-2025 23:50:46]: incoming request
    reqId: "req-z"
    req: {
      "method": "GET",
      "url": "/friends",
      "ip": "172.30.0.4",
      "headers": {
        "connection": "upgrade",
        "host": "c2r8p6.42lehavre.fr",
        "x-real-ip": "172.30.0.1",
        "x-forwarded-for": "172.30.0.1",
        "x-forwarded-proto": "https",
        "sec-ch-ua-platform": "\"Linux\"",
        "user-agent": "Mozilla/5.0 (X11; Linux x86_64) AppleWebKit/537.36 (KHTML, like Gecko) Chrome/137.0.0.0 Safari/537.36",
        "sec-ch-ua": "\"Google Chrome\";v=\"137\", \"Chromium\";v=\"137\", \"Not/A)Brand\";v=\"24\"",
        "sec-ch-ua-mobile": "?0",
        "accept": "*/*",
        "sec-fetch-site": "same-origin",
        "sec-fetch-mode": "cors",
        "sec-fetch-dest": "empty",
        "referer": "https://c2r8p6.42lehavre.fr:8443/en/dashboard",
        "accept-encoding": "gzip, deflate, br, zstd",
        "accept-language": "fr-FR,fr;q=0.9,en-US;q=0.8,en;q=0.7,sq;q=0.6",
        "cookie": "Next-Locale=en; token=eyJhbGciOiJIUzI1NiIsInR5cCI6IkpXVCJ9.eyJpZCI6MSwidXNlcm5hbWUiOiJyb2JpbiIsImlhdCI6MTc1MDcxNTc4NX0.o_8NhXzWD3rilUcXPtCCy72-hWFeMavKa8FgQQ9oyFE"
      }
    }
INFO [23-06-2025 23:50:46]: request completed
    reqId: "req-z"
    res: {
      "statusCode": 200
    }
    responseTime: 3.6240950226783752
INFO [23-06-2025 23:50:46]: incoming request
    reqId: "req-10"
    req: {
      "method": "GET",
      "url": "/friends",
      "ip": "172.30.0.4",
      "headers": {
        "connection": "upgrade",
        "host": "c2r8p6.42lehavre.fr",
        "x-real-ip": "172.30.0.1",
        "x-forwarded-for": "172.30.0.1",
        "x-forwarded-proto": "https",
        "sec-ch-ua-platform": "\"Linux\"",
        "user-agent": "Mozilla/5.0 (X11; Linux x86_64) AppleWebKit/537.36 (KHTML, like Gecko) Chrome/137.0.0.0 Safari/537.36",
        "sec-ch-ua": "\"Google Chrome\";v=\"137\", \"Chromium\";v=\"137\", \"Not/A)Brand\";v=\"24\"",
        "sec-ch-ua-mobile": "?0",
        "accept": "*/*",
        "sec-fetch-site": "same-origin",
        "sec-fetch-mode": "cors",
        "sec-fetch-dest": "empty",
        "referer": "https://c2r8p6.42lehavre.fr:8443/en/dashboard",
        "accept-encoding": "gzip, deflate, br, zstd",
        "accept-language": "fr-FR,fr;q=0.9,en-US;q=0.8,en;q=0.7,sq;q=0.6",
        "cookie": "Next-Locale=en; token=eyJhbGciOiJIUzI1NiIsInR5cCI6IkpXVCJ9.eyJpZCI6MSwidXNlcm5hbWUiOiJyb2JpbiIsImlhdCI6MTc1MDcxNTc4NX0.o_8NhXzWD3rilUcXPtCCy72-hWFeMavKa8FgQQ9oyFE"
      }
    }
INFO [23-06-2025 23:50:46]: request completed
    reqId: "req-10"
    res: {
      "statusCode": 200
    }
    responseTime: 3.492533028125763
INFO [23-06-2025 23:50:46]: incoming request
    reqId: "req-11"
    req: {
      "method": "GET",
      "url": "/wss/friends",
      "ip": "172.30.0.1",
      "headers": {
        "host": "c2r8p6.42lehavre.fr:3001",
        "user-agent": "Mozilla/5.0 (X11; Linux x86_64; rv:139.0) Gecko/20100101 Firefox/139.0",
        "accept": "*/*",
        "accept-language": "en-US,en;q=0.5",
        "accept-encoding": "gzip, deflate, br, zstd",
        "sec-websocket-version": "13",
        "origin": "https://c2r8p6.42lehavre.fr:8443",
        "sec-websocket-extensions": "permessage-deflate",
        "sec-websocket-key": "GZcShZGw9J6eb4jUHDpv9A==",
        "connection": "keep-alive, Upgrade",
        "cookie": "Next-Locale=en; token=eyJhbGciOiJIUzI1NiIsInR5cCI6IkpXVCJ9.eyJpZCI6NSwidXNlcm5hbWUiOiJyb2JpbjIiLCJpYXQiOjE3NTA3MjExNzV9.ZaU45UBp6U9-sMjMN9VxdUolrTcPq93Zq-9gAjFb6Ek",
        "sec-fetch-dest": "empty",
        "sec-fetch-mode": "websocket",
        "sec-fetch-site": "same-site",
        "pragma": "no-cache",
        "cache-control": "no-cache",
        "upgrade": "websocket"
      }
    }
INFO [23-06-2025 23:50:46]: incoming request
    reqId: "req-12"
    req: {
      "method": "GET",
      "url": "/wss/friends",
      "ip": "172.30.0.1",
      "headers": {
        "host": "c2r8p6.42lehavre.fr:3001",
        "user-agent": "Mozilla/5.0 (X11; Linux x86_64; rv:139.0) Gecko/20100101 Firefox/139.0",
        "accept": "*/*",
        "accept-language": "en-US,en;q=0.5",
        "accept-encoding": "gzip, deflate, br, zstd",
        "sec-websocket-version": "13",
        "origin": "https://c2r8p6.42lehavre.fr:8443",
        "sec-websocket-extensions": "permessage-deflate",
        "sec-websocket-key": "kWV2UuCPX7N2RrU0gFD9lA==",
        "connection": "keep-alive, Upgrade",
        "cookie": "Next-Locale=en; token=eyJhbGciOiJIUzI1NiIsInR5cCI6IkpXVCJ9.eyJpZCI6NSwidXNlcm5hbWUiOiJyb2JpbjIiLCJpYXQiOjE3NTA3MjExNzV9.ZaU45UBp6U9-sMjMN9VxdUolrTcPq93Zq-9gAjFb6Ek",
        "sec-fetch-dest": "empty",
        "sec-fetch-mode": "websocket",
        "sec-fetch-site": "same-site",
        "pragma": "no-cache",
        "cache-control": "no-cache",
        "upgrade": "websocket"
      }
    }
INFO [23-06-2025 23:50:46]: incoming request
    reqId: "req-13"
    req: {
      "method": "GET",
      "url": "/friends",
      "ip": "172.30.0.4",
      "headers": {
        "connection": "upgrade",
        "host": "c2r8p6.42lehavre.fr",
        "x-real-ip": "172.30.0.1",
        "x-forwarded-for": "172.30.0.1",
        "x-forwarded-proto": "https",
        "sec-ch-ua-platform": "\"Linux\"",
        "user-agent": "Mozilla/5.0 (X11; Linux x86_64) AppleWebKit/537.36 (KHTML, like Gecko) Chrome/137.0.0.0 Safari/537.36",
        "sec-ch-ua": "\"Google Chrome\";v=\"137\", \"Chromium\";v=\"137\", \"Not/A)Brand\";v=\"24\"",
        "sec-ch-ua-mobile": "?0",
        "accept": "*/*",
        "sec-fetch-site": "same-origin",
        "sec-fetch-mode": "cors",
        "sec-fetch-dest": "empty",
        "referer": "https://c2r8p6.42lehavre.fr:8443/en/dashboard",
        "accept-encoding": "gzip, deflate, br, zstd",
        "accept-language": "fr-FR,fr;q=0.9,en-US;q=0.8,en;q=0.7,sq;q=0.6",
        "cookie": "Next-Locale=en; token=eyJhbGciOiJIUzI1NiIsInR5cCI6IkpXVCJ9.eyJpZCI6MSwidXNlcm5hbWUiOiJyb2JpbiIsImlhdCI6MTc1MDcxNTc4NX0.o_8NhXzWD3rilUcXPtCCy72-hWFeMavKa8FgQQ9oyFE"
      }
    }
INFO [23-06-2025 23:50:46]: request completed
    reqId: "req-13"
    res: {
      "statusCode": 200
    }
    responseTime: 2.5498690009117126
INFO [23-06-2025 23:50:46]: incoming request
    reqId: "req-14"
    req: {
      "method": "GET",
      "url": "/friends",
      "ip": "172.30.0.4",
      "headers": {
        "connection": "upgrade",
        "host": "c2r8p6.42lehavre.fr",
        "x-real-ip": "172.30.0.1",
        "x-forwarded-for": "172.30.0.1",
        "x-forwarded-proto": "https",
        "sec-ch-ua-platform": "\"Linux\"",
        "user-agent": "Mozilla/5.0 (X11; Linux x86_64) AppleWebKit/537.36 (KHTML, like Gecko) Chrome/137.0.0.0 Safari/537.36",
        "sec-ch-ua": "\"Google Chrome\";v=\"137\", \"Chromium\";v=\"137\", \"Not/A)Brand\";v=\"24\"",
        "sec-ch-ua-mobile": "?0",
        "accept": "*/*",
        "sec-fetch-site": "same-origin",
        "sec-fetch-mode": "cors",
        "sec-fetch-dest": "empty",
        "referer": "https://c2r8p6.42lehavre.fr:8443/en/dashboard",
        "accept-encoding": "gzip, deflate, br, zstd",
        "accept-language": "fr-FR,fr;q=0.9,en-US;q=0.8,en;q=0.7,sq;q=0.6",
        "cookie": "Next-Locale=en; token=eyJhbGciOiJIUzI1NiIsInR5cCI6IkpXVCJ9.eyJpZCI6MSwidXNlcm5hbWUiOiJyb2JpbiIsImlhdCI6MTc1MDcxNTc4NX0.o_8NhXzWD3rilUcXPtCCy72-hWFeMavKa8FgQQ9oyFE"
      }
    }
INFO [23-06-2025 23:50:46]: request completed
    reqId: "req-14"
    res: {
      "statusCode": 200
    }
    responseTime: 2.866037964820862
INFO [23-06-2025 23:51:13]: incoming request
    reqId: "req-15"
    req: {
      "method": "GET",
      "url": "/friends",
      "ip": "172.30.0.4",
      "headers": {
        "connection": "upgrade",
        "host": "c2r8p6.42lehavre.fr",
        "x-real-ip": "172.30.0.1",
        "x-forwarded-for": "172.30.0.1",
        "x-forwarded-proto": "https",
        "user-agent": "Mozilla/5.0 (X11; Linux x86_64; rv:139.0) Gecko/20100101 Firefox/139.0",
        "accept": "*/*",
        "accept-language": "en-US,en;q=0.5",
        "accept-encoding": "gzip, deflate, br, zstd",
        "referer": "https://c2r8p6.42lehavre.fr:8443/en/dashboard",
        "cookie": "Next-Locale=en; token=eyJhbGciOiJIUzI1NiIsInR5cCI6IkpXVCJ9.eyJpZCI6NSwidXNlcm5hbWUiOiJyb2JpbjIiLCJpYXQiOjE3NTA3MjExNzV9.ZaU45UBp6U9-sMjMN9VxdUolrTcPq93Zq-9gAjFb6Ek",
        "sec-fetch-dest": "empty",
        "sec-fetch-mode": "cors",
        "sec-fetch-site": "same-origin",
        "priority": "u=4"
      }
    }
INFO [23-06-2025 23:51:13]: incoming request
    reqId: "req-16"
    req: {
      "method": "GET",
      "url": "/friends",
      "ip": "172.30.0.4",
      "headers": {
        "connection": "upgrade",
        "host": "c2r8p6.42lehavre.fr",
        "x-real-ip": "172.30.0.1",
        "x-forwarded-for": "172.30.0.1",
        "x-forwarded-proto": "https",
        "user-agent": "Mozilla/5.0 (X11; Linux x86_64; rv:139.0) Gecko/20100101 Firefox/139.0",
        "accept": "*/*",
        "accept-language": "en-US,en;q=0.5",
        "accept-encoding": "gzip, deflate, br, zstd",
        "referer": "https://c2r8p6.42lehavre.fr:8443/en/dashboard",
        "cookie": "Next-Locale=en; token=eyJhbGciOiJIUzI1NiIsInR5cCI6IkpXVCJ9.eyJpZCI6NSwidXNlcm5hbWUiOiJyb2JpbjIiLCJpYXQiOjE3NTA3MjExNzV9.ZaU45UBp6U9-sMjMN9VxdUolrTcPq93Zq-9gAjFb6Ek",
        "sec-fetch-dest": "empty",
        "sec-fetch-mode": "cors",
        "sec-fetch-site": "same-origin",
        "priority": "u=4"
      }
    }
INFO [23-06-2025 23:51:13]: incoming request
    reqId: "req-17"
    req: {
      "method": "GET",
      "url": "/profile/me",
      "ip": "172.30.0.4",
      "headers": {
        "connection": "upgrade",
        "host": "c2r8p6.42lehavre.fr",
        "x-real-ip": "172.30.0.1",
        "x-forwarded-for": "172.30.0.1",
        "x-forwarded-proto": "https",
        "sec-ch-ua-platform": "\"Linux\"",
        "user-agent": "Mozilla/5.0 (X11; Linux x86_64) AppleWebKit/537.36 (KHTML, like Gecko) Chrome/137.0.0.0 Safari/537.36",
        "accept": "application/json",
        "sec-ch-ua": "\"Google Chrome\";v=\"137\", \"Chromium\";v=\"137\", \"Not/A)Brand\";v=\"24\"",
        "sec-ch-ua-mobile": "?0",
        "sec-fetch-site": "same-origin",
        "sec-fetch-mode": "cors",
        "sec-fetch-dest": "empty",
        "referer": "https://c2r8p6.42lehavre.fr:8443/en/game/custom",
        "accept-encoding": "gzip, deflate, br, zstd",
        "accept-language": "fr-FR,fr;q=0.9,en-US;q=0.8,en;q=0.7,sq;q=0.6",
        "cookie": "Next-Locale=en; token=eyJhbGciOiJIUzI1NiIsInR5cCI6IkpXVCJ9.eyJpZCI6MSwidXNlcm5hbWUiOiJyb2JpbiIsImlhdCI6MTc1MDcxNTc4NX0.o_8NhXzWD3rilUcXPtCCy72-hWFeMavKa8FgQQ9oyFE"
      }
    }
INFO [23-06-2025 23:51:13]: request completed
    reqId: "req-15"
    res: {
      "statusCode": 200
    }
    responseTime: 13.226861000061035
INFO [23-06-2025 23:51:13]: incoming request
    reqId: "req-18"
    req: {
      "method": "GET",
      "url": "/chat/receive/private",
      "ip": "172.30.0.4",
      "headers": {
        "connection": "upgrade",
        "host": "c2r8p6.42lehavre.fr",
        "x-real-ip": "172.30.0.1",
        "x-forwarded-for": "172.30.0.1",
        "x-forwarded-proto": "https",
        "sec-ch-ua-platform": "\"Linux\"",
        "authorization": "Bearer null",
        "user-agent": "Mozilla/5.0 (X11; Linux x86_64) AppleWebKit/537.36 (KHTML, like Gecko) Chrome/137.0.0.0 Safari/537.36",
        "sec-ch-ua": "\"Google Chrome\";v=\"137\", \"Chromium\";v=\"137\", \"Not/A)Brand\";v=\"24\"",
        "content-type": "application/json",
        "sec-ch-ua-mobile": "?0",
        "accept": "*/*",
        "sec-fetch-site": "same-origin",
        "sec-fetch-mode": "cors",
        "sec-fetch-dest": "empty",
        "referer": "https://c2r8p6.42lehavre.fr:8443/en/game/custom",
        "accept-encoding": "gzip, deflate, br, zstd",
        "accept-language": "fr-FR,fr;q=0.9,en-US;q=0.8,en;q=0.7,sq;q=0.6",
        "cookie": "Next-Locale=en; token=eyJhbGciOiJIUzI1NiIsInR5cCI6IkpXVCJ9.eyJpZCI6MSwidXNlcm5hbWUiOiJyb2JpbiIsImlhdCI6MTc1MDcxNTc4NX0.o_8NhXzWD3rilUcXPtCCy72-hWFeMavKa8FgQQ9oyFE"
      }
    }
INFO [23-06-2025 23:51:13]: request completed
    reqId: "req-17"
    res: {
      "statusCode": 200
    }
    responseTime: 4.374239981174469
INFO [23-06-2025 23:51:13]: request completed
    reqId: "req-16"
    res: {
      "statusCode": 200
    }
    responseTime: 9.107006967067719
INFO [23-06-2025 23:51:13]: request completed
    reqId: "req-18"
    res: {
      "statusCode": 200
    }
    responseTime: 5.5899800062179565
INFO [23-06-2025 23:51:13]: incoming request
    reqId: "req-19"
    req: {
      "method": "GET",
      "url": "/wss/chat",
      "ip": "172.30.0.1",
      "headers": {
        "host": "c2r8p6.42lehavre.fr:3001",
        "connection": "Upgrade",
        "pragma": "no-cache",
        "cache-control": "no-cache",
        "user-agent": "Mozilla/5.0 (X11; Linux x86_64) AppleWebKit/537.36 (KHTML, like Gecko) Chrome/137.0.0.0 Safari/537.36",
        "upgrade": "websocket",
        "origin": "https://c2r8p6.42lehavre.fr:8443",
        "sec-websocket-version": "13",
        "accept-encoding": "gzip, deflate, br, zstd",
        "accept-language": "fr-FR,fr;q=0.9,en-US;q=0.8,en;q=0.7,sq;q=0.6",
        "cookie": "Next-Locale=en; token=eyJhbGciOiJIUzI1NiIsInR5cCI6IkpXVCJ9.eyJpZCI6MSwidXNlcm5hbWUiOiJyb2JpbiIsImlhdCI6MTc1MDcxNTc4NX0.o_8NhXzWD3rilUcXPtCCy72-hWFeMavKa8FgQQ9oyFE",
        "sec-websocket-key": "X78k4yC5fLVtnkReEngx/A==",
        "sec-websocket-extensions": "permessage-deflate; client_max_window_bits"
      }
    }
INFO [23-06-2025 23:51:13]: incoming request
    reqId: "req-1a"
    req: {
      "method": "GET",
      "url": "/profile/me",
      "ip": "172.30.0.4",
      "headers": {
        "connection": "upgrade",
        "host": "c2r8p6.42lehavre.fr",
        "x-real-ip": "172.30.0.1",
        "x-forwarded-for": "172.30.0.1",
        "x-forwarded-proto": "https",
        "sec-ch-ua-platform": "\"Linux\"",
        "user-agent": "Mozilla/5.0 (X11; Linux x86_64) AppleWebKit/537.36 (KHTML, like Gecko) Chrome/137.0.0.0 Safari/537.36",
        "accept": "application/json",
        "sec-ch-ua": "\"Google Chrome\";v=\"137\", \"Chromium\";v=\"137\", \"Not/A)Brand\";v=\"24\"",
        "sec-ch-ua-mobile": "?0",
        "sec-fetch-site": "same-origin",
        "sec-fetch-mode": "cors",
        "sec-fetch-dest": "empty",
        "referer": "https://c2r8p6.42lehavre.fr:8443/en/game/custom",
        "accept-encoding": "gzip, deflate, br, zstd",
        "accept-language": "fr-FR,fr;q=0.9,en-US;q=0.8,en;q=0.7,sq;q=0.6",
        "cookie": "Next-Locale=en; token=eyJhbGciOiJIUzI1NiIsInR5cCI6IkpXVCJ9.eyJpZCI6MSwidXNlcm5hbWUiOiJyb2JpbiIsImlhdCI6MTc1MDcxNTc4NX0.o_8NhXzWD3rilUcXPtCCy72-hWFeMavKa8FgQQ9oyFE"
      }
    }
INFO [23-06-2025 23:51:13]: request completed
    reqId: "req-1a"
    res: {
      "statusCode": 200
    }
    responseTime: 1.921148955821991
INFO [23-06-2025 23:51:13]: incoming request
    reqId: "req-1b"
    req: {
      "method": "GET",
      "url": "/chat/receive/private",
      "ip": "172.30.0.4",
      "headers": {
        "connection": "upgrade",
        "host": "c2r8p6.42lehavre.fr",
        "x-real-ip": "172.30.0.1",
        "x-forwarded-for": "172.30.0.1",
        "x-forwarded-proto": "https",
        "sec-ch-ua-platform": "\"Linux\"",
        "authorization": "Bearer null",
        "user-agent": "Mozilla/5.0 (X11; Linux x86_64) AppleWebKit/537.36 (KHTML, like Gecko) Chrome/137.0.0.0 Safari/537.36",
        "sec-ch-ua": "\"Google Chrome\";v=\"137\", \"Chromium\";v=\"137\", \"Not/A)Brand\";v=\"24\"",
        "content-type": "application/json",
        "sec-ch-ua-mobile": "?0",
        "accept": "*/*",
        "sec-fetch-site": "same-origin",
        "sec-fetch-mode": "cors",
        "sec-fetch-dest": "empty",
        "referer": "https://c2r8p6.42lehavre.fr:8443/en/game/custom",
        "accept-encoding": "gzip, deflate, br, zstd",
        "accept-language": "fr-FR,fr;q=0.9,en-US;q=0.8,en;q=0.7,sq;q=0.6",
        "cookie": "Next-Locale=en; token=eyJhbGciOiJIUzI1NiIsInR5cCI6IkpXVCJ9.eyJpZCI6MSwidXNlcm5hbWUiOiJyb2JpbiIsImlhdCI6MTc1MDcxNTc4NX0.o_8NhXzWD3rilUcXPtCCy72-hWFeMavKa8FgQQ9oyFE"
      }
    }
INFO [23-06-2025 23:51:13]: request completed
    reqId: "req-1b"
    res: {
      "statusCode": 200
    }
    responseTime: 5.914951980113983
INFO [23-06-2025 23:51:13]: incoming request
    reqId: "req-1c"
    req: {
      "method": "GET",
      "url": "/wss/chat",
      "ip": "172.30.0.1",
      "headers": {
        "host": "c2r8p6.42lehavre.fr:3001",
        "connection": "Upgrade",
        "pragma": "no-cache",
        "cache-control": "no-cache",
        "user-agent": "Mozilla/5.0 (X11; Linux x86_64) AppleWebKit/537.36 (KHTML, like Gecko) Chrome/137.0.0.0 Safari/537.36",
        "upgrade": "websocket",
        "origin": "https://c2r8p6.42lehavre.fr:8443",
        "sec-websocket-version": "13",
        "accept-encoding": "gzip, deflate, br, zstd",
        "accept-language": "fr-FR,fr;q=0.9,en-US;q=0.8,en;q=0.7,sq;q=0.6",
        "cookie": "Next-Locale=en; token=eyJhbGciOiJIUzI1NiIsInR5cCI6IkpXVCJ9.eyJpZCI6MSwidXNlcm5hbWUiOiJyb2JpbiIsImlhdCI6MTc1MDcxNTc4NX0.o_8NhXzWD3rilUcXPtCCy72-hWFeMavKa8FgQQ9oyFE",
        "sec-websocket-key": "mVrtqAjtaYK7uo3yNLTZvA==",
        "sec-websocket-extensions": "permessage-deflate; client_max_window_bits"
      }
    }
INFO [23-06-2025 23:51:13]: incoming request
    reqId: "req-1d"
    req: {
      "method": "GET",
      "url": "/friends",
      "ip": "172.30.0.4",
      "headers": {
        "connection": "upgrade",
        "host": "c2r8p6.42lehavre.fr",
        "x-real-ip": "172.30.0.1",
        "x-forwarded-for": "172.30.0.1",
        "x-forwarded-proto": "https",
        "user-agent": "Mozilla/5.0 (X11; Linux x86_64; rv:139.0) Gecko/20100101 Firefox/139.0",
        "accept": "*/*",
        "accept-language": "en-US,en;q=0.5",
        "accept-encoding": "gzip, deflate, br, zstd",
        "referer": "https://c2r8p6.42lehavre.fr:8443/en/dashboard",
        "cookie": "Next-Locale=en; token=eyJhbGciOiJIUzI1NiIsInR5cCI6IkpXVCJ9.eyJpZCI6NSwidXNlcm5hbWUiOiJyb2JpbjIiLCJpYXQiOjE3NTA3MjExNzV9.ZaU45UBp6U9-sMjMN9VxdUolrTcPq93Zq-9gAjFb6Ek",
        "sec-fetch-dest": "empty",
        "sec-fetch-mode": "cors",
        "sec-fetch-site": "same-origin",
        "priority": "u=4"
      }
    }
INFO [23-06-2025 23:51:13]: request completed
    reqId: "req-1d"
    res: {
      "statusCode": 200
    }
    responseTime: 4.206041038036346
INFO [23-06-2025 23:51:13]: incoming request
    reqId: "req-1e"
    req: {
      "method": "GET",
      "url": "/friends",
      "ip": "172.30.0.4",
      "headers": {
        "connection": "upgrade",
        "host": "c2r8p6.42lehavre.fr",
        "x-real-ip": "172.30.0.1",
        "x-forwarded-for": "172.30.0.1",
        "x-forwarded-proto": "https",
        "user-agent": "Mozilla/5.0 (X11; Linux x86_64; rv:139.0) Gecko/20100101 Firefox/139.0",
        "accept": "*/*",
        "accept-language": "en-US,en;q=0.5",
        "accept-encoding": "gzip, deflate, br, zstd",
        "referer": "https://c2r8p6.42lehavre.fr:8443/en/dashboard",
        "cookie": "Next-Locale=en; token=eyJhbGciOiJIUzI1NiIsInR5cCI6IkpXVCJ9.eyJpZCI6NSwidXNlcm5hbWUiOiJyb2JpbjIiLCJpYXQiOjE3NTA3MjExNzV9.ZaU45UBp6U9-sMjMN9VxdUolrTcPq93Zq-9gAjFb6Ek",
        "sec-fetch-dest": "empty",
        "sec-fetch-mode": "cors",
        "sec-fetch-site": "same-origin",
        "priority": "u=4"
      }
    }
INFO [23-06-2025 23:51:13]: request completed
    reqId: "req-1e"
    res: {
      "statusCode": 200
    }
    responseTime: 6.9510170221328735
INFO [23-06-2025 23:51:17]: incoming request
    reqId: "req-1f"
    req: {
      "method": "POST",
      "url": "/game/custom",
      "ip": "172.30.0.4",
      "headers": {
        "connection": "upgrade",
        "host": "c2r8p6.42lehavre.fr",
        "x-real-ip": "172.30.0.1",
        "x-forwarded-for": "172.30.0.1",
        "x-forwarded-proto": "https",
        "content-length": "30",
        "sec-ch-ua-platform": "\"Linux\"",
        "authorization": "Bearer",
        "user-agent": "Mozilla/5.0 (X11; Linux x86_64) AppleWebKit/537.36 (KHTML, like Gecko) Chrome/137.0.0.0 Safari/537.36",
        "sec-ch-ua": "\"Google Chrome\";v=\"137\", \"Chromium\";v=\"137\", \"Not/A)Brand\";v=\"24\"",
        "content-type": "application/json",
        "sec-ch-ua-mobile": "?0",
        "accept": "*/*",
        "origin": "https://c2r8p6.42lehavre.fr:8443",
        "sec-fetch-site": "same-origin",
        "sec-fetch-mode": "cors",
        "sec-fetch-dest": "empty",
        "referer": "https://c2r8p6.42lehavre.fr:8443/en/game/custom",
        "accept-encoding": "gzip, deflate, br, zstd",
        "accept-language": "fr-FR,fr;q=0.9,en-US;q=0.8,en;q=0.7,sq;q=0.6",
        "cookie": "Next-Locale=en; token=eyJhbGciOiJIUzI1NiIsInR5cCI6IkpXVCJ9.eyJpZCI6MSwidXNlcm5hbWUiOiJyb2JpbiIsImlhdCI6MTc1MDcxNTc4NX0.o_8NhXzWD3rilUcXPtCCy72-hWFeMavKa8FgQQ9oyFE"
      }
    }
INFO [23-06-2025 23:51:17]: request completed
    reqId: "req-1f"
    res: {
      "statusCode": 200
    }
    responseTime: 33.96729701757431
INFO [23-06-2025 23:51:21]: incoming request
    reqId: "req-1g"
    req: {
      "method": "GET",
      "url": "/profile/me",
      "ip": "172.30.0.4",
      "headers": {
        "connection": "upgrade",
        "host": "c2r8p6.42lehavre.fr",
        "x-real-ip": "172.30.0.1",
        "x-forwarded-for": "172.30.0.1",
        "x-forwarded-proto": "https",
        "user-agent": "Mozilla/5.0 (X11; Linux x86_64; rv:139.0) Gecko/20100101 Firefox/139.0",
        "accept": "application/json",
        "accept-language": "en-US,en;q=0.5",
        "accept-encoding": "gzip, deflate, br, zstd",
        "referer": "https://c2r8p6.42lehavre.fr:8443/en/dashboard",
        "cookie": "Next-Locale=en; token=eyJhbGciOiJIUzI1NiIsInR5cCI6IkpXVCJ9.eyJpZCI6NSwidXNlcm5hbWUiOiJyb2JpbjIiLCJpYXQiOjE3NTA3MjExNzV9.ZaU45UBp6U9-sMjMN9VxdUolrTcPq93Zq-9gAjFb6Ek",
        "sec-fetch-dest": "empty",
        "sec-fetch-mode": "cors",
        "sec-fetch-site": "same-origin",
        "priority": "u=4"
      }
    }
INFO [23-06-2025 23:51:21]: incoming request
    reqId: "req-1h"
    req: {
      "method": "GET",
      "url": "/friends",
      "ip": "172.30.0.4",
      "headers": {
        "connection": "upgrade",
        "host": "c2r8p6.42lehavre.fr",
        "x-real-ip": "172.30.0.1",
        "x-forwarded-for": "172.30.0.1",
        "x-forwarded-proto": "https",
        "user-agent": "Mozilla/5.0 (X11; Linux x86_64; rv:139.0) Gecko/20100101 Firefox/139.0",
        "accept": "*/*",
        "accept-language": "en-US,en;q=0.5",
        "accept-encoding": "gzip, deflate, br, zstd",
        "referer": "https://c2r8p6.42lehavre.fr:8443/en/dashboard",
        "cookie": "Next-Locale=en; token=eyJhbGciOiJIUzI1NiIsInR5cCI6IkpXVCJ9.eyJpZCI6NSwidXNlcm5hbWUiOiJyb2JpbjIiLCJpYXQiOjE3NTA3MjExNzV9.ZaU45UBp6U9-sMjMN9VxdUolrTcPq93Zq-9gAjFb6Ek",
        "sec-fetch-dest": "empty",
        "sec-fetch-mode": "cors",
        "sec-fetch-site": "same-origin",
        "priority": "u=4"
      }
    }
INFO [23-06-2025 23:51:21]: incoming request
    reqId: "req-1i"
    req: {
      "method": "GET",
      "url": "/profile/me",
      "ip": "172.30.0.4",
      "headers": {
        "connection": "upgrade",
        "host": "c2r8p6.42lehavre.fr",
        "x-real-ip": "172.30.0.1",
        "x-forwarded-for": "172.30.0.1",
        "x-forwarded-proto": "https",
        "user-agent": "Mozilla/5.0 (X11; Linux x86_64; rv:139.0) Gecko/20100101 Firefox/139.0",
        "accept": "application/json",
        "accept-language": "en-US,en;q=0.5",
        "accept-encoding": "gzip, deflate, br, zstd",
        "referer": "https://c2r8p6.42lehavre.fr:8443/en/dashboard",
        "cookie": "Next-Locale=en; token=eyJhbGciOiJIUzI1NiIsInR5cCI6IkpXVCJ9.eyJpZCI6NSwidXNlcm5hbWUiOiJyb2JpbjIiLCJpYXQiOjE3NTA3MjExNzV9.ZaU45UBp6U9-sMjMN9VxdUolrTcPq93Zq-9gAjFb6Ek",
        "sec-fetch-dest": "empty",
        "sec-fetch-mode": "cors",
        "sec-fetch-site": "same-origin",
        "priority": "u=4"
      }
    }
INFO [23-06-2025 23:51:21]: request completed
    reqId: "req-1g"
    res: {
      "statusCode": 200
    }
    responseTime: 3.5730429887771606
INFO [23-06-2025 23:51:21]: request completed
    reqId: "req-1i"
    res: {
      "statusCode": 200
    }
    responseTime: 1.4745339751243591
INFO [23-06-2025 23:51:21]: request completed
    reqId: "req-1h"
    res: {
      "statusCode": 200
    }
    responseTime: 6.619414985179901
INFO [23-06-2025 23:51:21]: incoming request
    reqId: "req-1j"
    req: {
      "method": "GET",
      "url": "/chat/receive/private",
      "ip": "172.30.0.4",
      "headers": {
        "connection": "upgrade",
        "host": "c2r8p6.42lehavre.fr",
        "x-real-ip": "172.30.0.1",
        "x-forwarded-for": "172.30.0.1",
        "x-forwarded-proto": "https",
        "user-agent": "Mozilla/5.0 (X11; Linux x86_64; rv:139.0) Gecko/20100101 Firefox/139.0",
        "accept": "*/*",
        "accept-language": "en-US,en;q=0.5",
        "accept-encoding": "gzip, deflate, br, zstd",
        "referer": "https://c2r8p6.42lehavre.fr:8443/en/dashboard",
        "content-type": "application/json",
        "authorization": "Bearer null",
        "cookie": "Next-Locale=en; token=eyJhbGciOiJIUzI1NiIsInR5cCI6IkpXVCJ9.eyJpZCI6NSwidXNlcm5hbWUiOiJyb2JpbjIiLCJpYXQiOjE3NTA3MjExNzV9.ZaU45UBp6U9-sMjMN9VxdUolrTcPq93Zq-9gAjFb6Ek",
        "sec-fetch-dest": "empty",
        "sec-fetch-mode": "cors",
        "sec-fetch-site": "same-origin",
        "priority": "u=4"
      }
    }
INFO [23-06-2025 23:51:21]: incoming request
    reqId: "req-1k"
    req: {
      "method": "GET",
      "url": "/profile/me",
      "ip": "172.30.0.4",
      "headers": {
        "connection": "upgrade",
        "host": "c2r8p6.42lehavre.fr",
        "x-real-ip": "172.30.0.1",
        "x-forwarded-for": "172.30.0.1",
        "x-forwarded-proto": "https",
        "user-agent": "Mozilla/5.0 (X11; Linux x86_64; rv:139.0) Gecko/20100101 Firefox/139.0",
        "accept": "application/json",
        "accept-language": "en-US,en;q=0.5",
        "accept-encoding": "gzip, deflate, br, zstd",
        "referer": "https://c2r8p6.42lehavre.fr:8443/en/dashboard",
        "cookie": "Next-Locale=en; token=eyJhbGciOiJIUzI1NiIsInR5cCI6IkpXVCJ9.eyJpZCI6NSwidXNlcm5hbWUiOiJyb2JpbjIiLCJpYXQiOjE3NTA3MjExNzV9.ZaU45UBp6U9-sMjMN9VxdUolrTcPq93Zq-9gAjFb6Ek",
        "sec-fetch-dest": "empty",
        "sec-fetch-mode": "cors",
        "sec-fetch-site": "same-origin",
        "priority": "u=4"
      }
    }
INFO [23-06-2025 23:51:21]: incoming request
    reqId: "req-1l"
    req: {
      "method": "GET",
      "url": "/profile/me",
      "ip": "172.30.0.4",
      "headers": {
        "connection": "upgrade",
        "host": "c2r8p6.42lehavre.fr",
        "x-real-ip": "172.30.0.1",
        "x-forwarded-for": "172.30.0.1",
        "x-forwarded-proto": "https",
        "user-agent": "Mozilla/5.0 (X11; Linux x86_64; rv:139.0) Gecko/20100101 Firefox/139.0",
        "accept": "application/json",
        "accept-language": "en-US,en;q=0.5",
        "accept-encoding": "gzip, deflate, br, zstd",
        "referer": "https://c2r8p6.42lehavre.fr:8443/en/dashboard",
        "cookie": "Next-Locale=en; token=eyJhbGciOiJIUzI1NiIsInR5cCI6IkpXVCJ9.eyJpZCI6NSwidXNlcm5hbWUiOiJyb2JpbjIiLCJpYXQiOjE3NTA3MjExNzV9.ZaU45UBp6U9-sMjMN9VxdUolrTcPq93Zq-9gAjFb6Ek",
        "sec-fetch-dest": "empty",
        "sec-fetch-mode": "cors",
        "sec-fetch-site": "same-origin",
        "priority": "u=4"
      }
    }
INFO [23-06-2025 23:51:21]: incoming request
    reqId: "req-1m"
    req: {
      "method": "GET",
      "url": "/friends",
      "ip": "172.30.0.4",
      "headers": {
        "connection": "upgrade",
        "host": "c2r8p6.42lehavre.fr",
        "x-real-ip": "172.30.0.1",
        "x-forwarded-for": "172.30.0.1",
        "x-forwarded-proto": "https",
        "user-agent": "Mozilla/5.0 (X11; Linux x86_64; rv:139.0) Gecko/20100101 Firefox/139.0",
        "accept": "*/*",
        "accept-language": "en-US,en;q=0.5",
        "accept-encoding": "gzip, deflate, br, zstd",
        "referer": "https://c2r8p6.42lehavre.fr:8443/en/dashboard",
        "cookie": "Next-Locale=en; token=eyJhbGciOiJIUzI1NiIsInR5cCI6IkpXVCJ9.eyJpZCI6NSwidXNlcm5hbWUiOiJyb2JpbjIiLCJpYXQiOjE3NTA3MjExNzV9.ZaU45UBp6U9-sMjMN9VxdUolrTcPq93Zq-9gAjFb6Ek",
        "sec-fetch-dest": "empty",
        "sec-fetch-mode": "cors",
        "sec-fetch-site": "same-origin",
        "priority": "u=4"
      }
    }
INFO [23-06-2025 23:51:21]: request completed
    reqId: "req-1j"
    res: {
      "statusCode": 200
    }
    responseTime: 8.522780001163483
INFO [23-06-2025 23:51:21]: incoming request
    reqId: "req-1n"
    req: {
      "method": "GET",
      "url": "/chat/receive/private",
      "ip": "172.30.0.4",
      "headers": {
        "connection": "upgrade",
        "host": "c2r8p6.42lehavre.fr",
        "x-real-ip": "172.30.0.1",
        "x-forwarded-for": "172.30.0.1",
        "x-forwarded-proto": "https",
        "user-agent": "Mozilla/5.0 (X11; Linux x86_64; rv:139.0) Gecko/20100101 Firefox/139.0",
        "accept": "*/*",
        "accept-language": "en-US,en;q=0.5",
        "accept-encoding": "gzip, deflate, br, zstd",
        "referer": "https://c2r8p6.42lehavre.fr:8443/en/dashboard",
        "content-type": "application/json",
        "authorization": "Bearer null",
        "cookie": "Next-Locale=en; token=eyJhbGciOiJIUzI1NiIsInR5cCI6IkpXVCJ9.eyJpZCI6NSwidXNlcm5hbWUiOiJyb2JpbjIiLCJpYXQiOjE3NTA3MjExNzV9.ZaU45UBp6U9-sMjMN9VxdUolrTcPq93Zq-9gAjFb6Ek",
        "sec-fetch-dest": "empty",
        "sec-fetch-mode": "cors",
        "sec-fetch-site": "same-origin",
        "priority": "u=4"
      }
    }
INFO [23-06-2025 23:51:21]: request completed
    reqId: "req-1k"
    res: {
      "statusCode": 200
    }
    responseTime: 5.581357955932617
INFO [23-06-2025 23:51:21]: request completed
    reqId: "req-1l"
    res: {
      "statusCode": 200
    }
    responseTime: 5.444411993026733
INFO [23-06-2025 23:51:21]: request completed
    reqId: "req-1m"
    res: {
      "statusCode": 200
    }
    responseTime: 4.31911301612854
INFO [23-06-2025 23:51:21]: request completed
    reqId: "req-1n"
    res: {
      "statusCode": 200
    }
    responseTime: 3.4101970195770264
INFO [23-06-2025 23:51:21]: incoming request
    reqId: "req-1o"
    req: {
      "method": "GET",
      "url": "/friends/pending",
      "ip": "172.30.0.4",
      "headers": {
        "connection": "upgrade",
        "host": "c2r8p6.42lehavre.fr",
        "x-real-ip": "172.30.0.1",
        "x-forwarded-for": "172.30.0.1",
        "x-forwarded-proto": "https",
        "user-agent": "Mozilla/5.0 (X11; Linux x86_64; rv:139.0) Gecko/20100101 Firefox/139.0",
        "accept": "*/*",
        "accept-language": "en-US,en;q=0.5",
        "accept-encoding": "gzip, deflate, br, zstd",
        "referer": "https://c2r8p6.42lehavre.fr:8443/en/dashboard",
        "cookie": "Next-Locale=en; token=eyJhbGciOiJIUzI1NiIsInR5cCI6IkpXVCJ9.eyJpZCI6NSwidXNlcm5hbWUiOiJyb2JpbjIiLCJpYXQiOjE3NTA3MjExNzV9.ZaU45UBp6U9-sMjMN9VxdUolrTcPq93Zq-9gAjFb6Ek",
        "sec-fetch-dest": "empty",
        "sec-fetch-mode": "cors",
        "sec-fetch-site": "same-origin",
        "priority": "u=4"
      }
    }
INFO [23-06-2025 23:51:21]: incoming request
    reqId: "req-1p"
    req: {
      "method": "GET",
      "url": "/friends/pending",
      "ip": "172.30.0.4",
      "headers": {
        "connection": "upgrade",
        "host": "c2r8p6.42lehavre.fr",
        "x-real-ip": "172.30.0.1",
        "x-forwarded-for": "172.30.0.1",
        "x-forwarded-proto": "https",
        "user-agent": "Mozilla/5.0 (X11; Linux x86_64; rv:139.0) Gecko/20100101 Firefox/139.0",
        "accept": "*/*",
        "accept-language": "en-US,en;q=0.5",
        "accept-encoding": "gzip, deflate, br, zstd",
        "referer": "https://c2r8p6.42lehavre.fr:8443/en/dashboard",
        "cookie": "Next-Locale=en; token=eyJhbGciOiJIUzI1NiIsInR5cCI6IkpXVCJ9.eyJpZCI6NSwidXNlcm5hbWUiOiJyb2JpbjIiLCJpYXQiOjE3NTA3MjExNzV9.ZaU45UBp6U9-sMjMN9VxdUolrTcPq93Zq-9gAjFb6Ek",
        "sec-fetch-dest": "empty",
        "sec-fetch-mode": "cors",
        "sec-fetch-site": "same-origin",
        "priority": "u=4"
      }
    }
INFO [23-06-2025 23:51:21]: request completed
    reqId: "req-1o"
    res: {
      "statusCode": 200
    }
    responseTime: 3.551968991756439
INFO [23-06-2025 23:51:21]: request completed
    reqId: "req-1p"
    res: {
      "statusCode": 200
    }
    responseTime: 3.402675986289978
INFO [23-06-2025 23:51:21]: incoming request
    reqId: "req-1q"
    req: {
      "method": "GET",
      "url": "/wss/chat",
      "ip": "172.30.0.1",
      "headers": {
        "host": "c2r8p6.42lehavre.fr:3001",
        "user-agent": "Mozilla/5.0 (X11; Linux x86_64; rv:139.0) Gecko/20100101 Firefox/139.0",
        "accept": "*/*",
        "accept-language": "en-US,en;q=0.5",
        "accept-encoding": "gzip, deflate, br, zstd",
        "sec-websocket-version": "13",
        "origin": "https://c2r8p6.42lehavre.fr:8443",
        "sec-websocket-extensions": "permessage-deflate",
        "sec-websocket-key": "EkIUpa25DtXC8xaP1gjWsw==",
        "connection": "keep-alive, Upgrade",
        "cookie": "Next-Locale=en; token=eyJhbGciOiJIUzI1NiIsInR5cCI6IkpXVCJ9.eyJpZCI6NSwidXNlcm5hbWUiOiJyb2JpbjIiLCJpYXQiOjE3NTA3MjExNzV9.ZaU45UBp6U9-sMjMN9VxdUolrTcPq93Zq-9gAjFb6Ek",
        "sec-fetch-dest": "empty",
        "sec-fetch-mode": "websocket",
        "sec-fetch-site": "same-site",
        "pragma": "no-cache",
        "cache-control": "no-cache",
        "upgrade": "websocket"
      }
    }
INFO [23-06-2025 23:51:21]: incoming request
    reqId: "req-1r"
    req: {
      "method": "GET",
      "url": "/wss/chat",
      "ip": "172.30.0.1",
      "headers": {
        "host": "c2r8p6.42lehavre.fr:3001",
        "user-agent": "Mozilla/5.0 (X11; Linux x86_64; rv:139.0) Gecko/20100101 Firefox/139.0",
        "accept": "*/*",
        "accept-language": "en-US,en;q=0.5",
        "accept-encoding": "gzip, deflate, br, zstd",
        "sec-websocket-version": "13",
        "origin": "https://c2r8p6.42lehavre.fr:8443",
        "sec-websocket-extensions": "permessage-deflate",
        "sec-websocket-key": "yNoVyMqoVOe4QIqruYPUpQ==",
        "connection": "keep-alive, Upgrade",
        "cookie": "Next-Locale=en; token=eyJhbGciOiJIUzI1NiIsInR5cCI6IkpXVCJ9.eyJpZCI6NSwidXNlcm5hbWUiOiJyb2JpbjIiLCJpYXQiOjE3NTA3MjExNzV9.ZaU45UBp6U9-sMjMN9VxdUolrTcPq93Zq-9gAjFb6Ek",
        "sec-fetch-dest": "empty",
        "sec-fetch-mode": "websocket",
        "sec-fetch-site": "same-site",
        "pragma": "no-cache",
        "cache-control": "no-cache",
        "upgrade": "websocket"
      }
    }
INFO [23-06-2025 23:51:21]: incoming request
    reqId: "req-1s"
    req: {
      "method": "GET",
      "url": "/wss/friends",
      "ip": "172.30.0.1",
      "headers": {
        "host": "c2r8p6.42lehavre.fr:3001",
        "user-agent": "Mozilla/5.0 (X11; Linux x86_64; rv:139.0) Gecko/20100101 Firefox/139.0",
        "accept": "*/*",
        "accept-language": "en-US,en;q=0.5",
        "accept-encoding": "gzip, deflate, br, zstd",
        "sec-websocket-version": "13",
        "origin": "https://c2r8p6.42lehavre.fr:8443",
        "sec-websocket-extensions": "permessage-deflate",
        "sec-websocket-key": "TPQSjR7ZF4McEET1YUhsbg==",
        "connection": "keep-alive, Upgrade",
        "cookie": "Next-Locale=en; token=eyJhbGciOiJIUzI1NiIsInR5cCI6IkpXVCJ9.eyJpZCI6NSwidXNlcm5hbWUiOiJyb2JpbjIiLCJpYXQiOjE3NTA3MjExNzV9.ZaU45UBp6U9-sMjMN9VxdUolrTcPq93Zq-9gAjFb6Ek",
        "sec-fetch-dest": "empty",
        "sec-fetch-mode": "websocket",
        "sec-fetch-site": "same-site",
        "pragma": "no-cache",
        "cache-control": "no-cache",
        "upgrade": "websocket"
      }
    }
INFO [23-06-2025 23:51:21]: incoming request
    reqId: "req-1t"
    req: {
      "method": "GET",
      "url": "/wss/friends",
      "ip": "172.30.0.1",
      "headers": {
        "host": "c2r8p6.42lehavre.fr:3001",
        "user-agent": "Mozilla/5.0 (X11; Linux x86_64; rv:139.0) Gecko/20100101 Firefox/139.0",
        "accept": "*/*",
        "accept-language": "en-US,en;q=0.5",
        "accept-encoding": "gzip, deflate, br, zstd",
        "sec-websocket-version": "13",
        "origin": "https://c2r8p6.42lehavre.fr:8443",
        "sec-websocket-extensions": "permessage-deflate",
        "sec-websocket-key": "cXqEifwnpej4A0Rwjm7Nyg==",
        "connection": "keep-alive, Upgrade",
        "cookie": "Next-Locale=en; token=eyJhbGciOiJIUzI1NiIsInR5cCI6IkpXVCJ9.eyJpZCI6NSwidXNlcm5hbWUiOiJyb2JpbjIiLCJpYXQiOjE3NTA3MjExNzV9.ZaU45UBp6U9-sMjMN9VxdUolrTcPq93Zq-9gAjFb6Ek",
        "sec-fetch-dest": "empty",
        "sec-fetch-mode": "websocket",
        "sec-fetch-site": "same-site",
        "pragma": "no-cache",
        "cache-control": "no-cache",
        "upgrade": "websocket"
      }
    }
INFO [23-06-2025 23:51:25]: incoming request
    reqId: "req-1u"
    req: {
      "method": "GET",
      "url": "/",
      "ip": "172.30.0.1",
      "headers": {
        "host": "c2r8p6.42lehavre.fr:3001",
        "user-agent": "Mozilla/5.0 (X11; Linux x86_64; rv:139.0) Gecko/20100101 Firefox/139.0",
        "accept": "text/html,application/xhtml+xml,application/xml;q=0.9,*/*;q=0.8",
        "accept-language": "en-US,en;q=0.5",
        "accept-encoding": "gzip, deflate, br, zstd",
        "connection": "keep-alive",
        "cookie": "Next-Locale=en; token=eyJhbGciOiJIUzI1NiIsInR5cCI6IkpXVCJ9.eyJpZCI6NSwidXNlcm5hbWUiOiJyb2JpbjIiLCJpYXQiOjE3NTA3MjExNzV9.ZaU45UBp6U9-sMjMN9VxdUolrTcPq93Zq-9gAjFb6Ek",
        "upgrade-insecure-requests": "1",
        "sec-fetch-dest": "document",
        "sec-fetch-mode": "navigate",
        "sec-fetch-site": "none",
        "sec-fetch-user": "?1",
        "priority": "u=0, i"
      }
    }
INFO [23-06-2025 23:51:25]: Route GET:/ not found
    reqId: "req-1u"
INFO [23-06-2025 23:51:25]: request completed
    reqId: "req-1u"
    res: {
      "statusCode": 404
    }
    responseTime: 0.7874529957771301
INFO [23-06-2025 23:51:25]: incoming request
    reqId: "req-1v"
    req: {
      "method": "GET",
      "url": "/favicon.ico",
      "ip": "172.30.0.1",
      "headers": {
        "host": "c2r8p6.42lehavre.fr:3001",
        "user-agent": "Mozilla/5.0 (X11; Linux x86_64; rv:139.0) Gecko/20100101 Firefox/139.0",
        "accept": "image/avif,image/webp,image/png,image/svg+xml,image/*;q=0.8,*/*;q=0.5",
        "accept-language": "en-US,en;q=0.5",
        "accept-encoding": "gzip, deflate, br, zstd",
        "connection": "keep-alive",
        "referer": "https://c2r8p6.42lehavre.fr:3001/",
        "sec-fetch-dest": "image",
        "sec-fetch-mode": "no-cors",
        "sec-fetch-site": "cross-site",
        "priority": "u=6"
      }
    }
INFO [23-06-2025 23:51:25]: Route GET:/favicon.ico not found
    reqId: "req-1v"
INFO [23-06-2025 23:51:25]: request completed
    reqId: "req-1v"
    res: {
      "statusCode": 404
    }
    responseTime: 0.2951909899711609
INFO [23-06-2025 23:51:37]: incoming request
    reqId: "req-1w"
    req: {
      "method": "POST",
      "url": "/chat/create",
      "ip": "172.30.0.4",
      "headers": {
        "connection": "upgrade",
        "host": "c2r8p6.42lehavre.fr",
        "x-real-ip": "172.30.0.1",
        "x-forwarded-for": "172.30.0.1",
        "x-forwarded-proto": "https",
        "content-length": "21",
        "sec-ch-ua-platform": "\"Linux\"",
        "authorization": "Bearer null",
        "user-agent": "Mozilla/5.0 (X11; Linux x86_64) AppleWebKit/537.36 (KHTML, like Gecko) Chrome/137.0.0.0 Safari/537.36",
        "sec-ch-ua": "\"Google Chrome\";v=\"137\", \"Chromium\";v=\"137\", \"Not/A)Brand\";v=\"24\"",
        "content-type": "application/json",
        "sec-ch-ua-mobile": "?0",
        "accept": "*/*",
        "origin": "https://c2r8p6.42lehavre.fr:8443",
        "sec-fetch-site": "same-origin",
        "sec-fetch-mode": "cors",
        "sec-fetch-dest": "empty",
        "referer": "https://c2r8p6.42lehavre.fr:8443/en/game/custom",
        "accept-encoding": "gzip, deflate, br, zstd",
        "accept-language": "fr-FR,fr;q=0.9,en-US;q=0.8,en;q=0.7,sq;q=0.6",
        "cookie": "Next-Locale=en; token=eyJhbGciOiJIUzI1NiIsInR5cCI6IkpXVCJ9.eyJpZCI6MSwidXNlcm5hbWUiOiJyb2JpbiIsImlhdCI6MTc1MDcxNTc4NX0.o_8NhXzWD3rilUcXPtCCy72-hWFeMavKa8FgQQ9oyFE"
      }
    }
INFO [23-06-2025 23:51:37]: request completed
    reqId: "req-1w"
    res: {
      "statusCode": 200
    }
    responseTime: 29.569958984851837
INFO [23-06-2025 23:51:40]: incoming request
    reqId: "req-1x"
    req: {
      "method": "POST",
      "url": "/chat/send",
      "ip": "172.30.0.4",
      "headers": {
        "connection": "upgrade",
        "host": "c2r8p6.42lehavre.fr",
        "x-real-ip": "172.30.0.1",
        "x-forwarded-for": "172.30.0.1",
        "x-forwarded-proto": "https",
        "content-length": "63",
        "sec-ch-ua-platform": "\"Linux\"",
        "authorization": "",
        "user-agent": "Mozilla/5.0 (X11; Linux x86_64) AppleWebKit/537.36 (KHTML, like Gecko) Chrome/137.0.0.0 Safari/537.36",
        "sec-ch-ua": "\"Google Chrome\";v=\"137\", \"Chromium\";v=\"137\", \"Not/A)Brand\";v=\"24\"",
        "content-type": "application/json",
        "sec-ch-ua-mobile": "?0",
        "accept": "*/*",
        "origin": "https://c2r8p6.42lehavre.fr:8443",
        "sec-fetch-site": "same-origin",
        "sec-fetch-mode": "cors",
        "sec-fetch-dest": "empty",
        "referer": "https://c2r8p6.42lehavre.fr:8443/en/game/custom",
        "accept-encoding": "gzip, deflate, br, zstd",
        "accept-language": "fr-FR,fr;q=0.9,en-US;q=0.8,en;q=0.7,sq;q=0.6",
        "cookie": "Next-Locale=en; token=eyJhbGciOiJIUzI1NiIsInR5cCI6IkpXVCJ9.eyJpZCI6MSwidXNlcm5hbWUiOiJyb2JpbiIsImlhdCI6MTc1MDcxNTc4NX0.o_8NhXzWD3rilUcXPtCCy72-hWFeMavKa8FgQQ9oyFE"
      }
    }
INFO [23-06-2025 23:51:40]: request completed
    reqId: "req-1x"
    res: {
      "statusCode": 200
    }
    responseTime: 35.240180015563965
INFO [23-06-2025 23:51:44]: incoming request
    reqId: "req-1y"
    req: {
      "method": "POST",
      "url": "/game/travel",
      "ip": "172.30.0.4",
      "headers": {
        "connection": "upgrade",
        "host": "c2r8p6.42lehavre.fr",
        "x-real-ip": "172.30.0.1",
        "x-forwarded-for": "172.30.0.1",
        "x-forwarded-proto": "https",
        "content-length": "19",
        "user-agent": "Mozilla/5.0 (X11; Linux x86_64; rv:139.0) Gecko/20100101 Firefox/139.0",
        "accept": "*/*",
        "accept-language": "en-US,en;q=0.5",
        "accept-encoding": "gzip, deflate, br, zstd",
        "referer": "https://c2r8p6.42lehavre.fr:8443/en/game/invite/Xo5kZJNk",
        "content-type": "application/json",
        "origin": "https://c2r8p6.42lehavre.fr:8443",
        "cookie": "Next-Locale=en; token=eyJhbGciOiJIUzI1NiIsInR5cCI6IkpXVCJ9.eyJpZCI6NSwidXNlcm5hbWUiOiJyb2JpbjIiLCJpYXQiOjE3NTA3MjExNzV9.ZaU45UBp6U9-sMjMN9VxdUolrTcPq93Zq-9gAjFb6Ek",
        "sec-fetch-dest": "empty",
        "sec-fetch-mode": "cors",
        "sec-fetch-site": "same-origin",
        "priority": "u=4"
      }
    }
INFO [23-06-2025 23:51:44]: incoming request
    reqId: "req-1z"
    req: {
      "method": "POST",
      "url": "/game/travel",
      "ip": "172.30.0.4",
      "headers": {
        "connection": "upgrade",
        "host": "c2r8p6.42lehavre.fr",
        "x-real-ip": "172.30.0.1",
        "x-forwarded-for": "172.30.0.1",
        "x-forwarded-proto": "https",
        "content-length": "19",
        "user-agent": "Mozilla/5.0 (X11; Linux x86_64; rv:139.0) Gecko/20100101 Firefox/139.0",
        "accept": "*/*",
        "accept-language": "en-US,en;q=0.5",
        "accept-encoding": "gzip, deflate, br, zstd",
        "referer": "https://c2r8p6.42lehavre.fr:8443/en/game/invite/Xo5kZJNk",
        "content-type": "application/json",
        "origin": "https://c2r8p6.42lehavre.fr:8443",
        "cookie": "Next-Locale=en; token=eyJhbGciOiJIUzI1NiIsInR5cCI6IkpXVCJ9.eyJpZCI6NSwidXNlcm5hbWUiOiJyb2JpbjIiLCJpYXQiOjE3NTA3MjExNzV9.ZaU45UBp6U9-sMjMN9VxdUolrTcPq93Zq-9gAjFb6Ek",
        "sec-fetch-dest": "empty",
        "sec-fetch-mode": "cors",
        "sec-fetch-site": "same-origin",
        "priority": "u=4"
      }
    }
INFO [23-06-2025 23:51:44]: request completed
    reqId: "req-1y"
    res: {
      "statusCode": 404
    }
    responseTime: 31.568985998630524
INFO [23-06-2025 23:51:44]: request completed
    reqId: "req-1z"
    res: {
      "statusCode": 404
    }
    responseTime: 29.63797003030777
